<?xml version="1.0" encoding="UTF-8"?>
<testsuite xmlns:xsi="http://www.w3.org/2001/XMLSchema-instance" xsi:noNamespaceSchemaLocation="https://maven.apache.org/surefire/maven-surefire-plugin/xsd/surefire-test-report.xsd" version="3.0.2" name="com.operations.Matrix.RegressionTest3" time="0.118" tests="500" errors="0" skipped="0" failures="0">
  <properties>
    <property name="java.specification.version" value="21"/>
    <property name="sun.cpu.isalist" value="amd64"/>
    <property name="sun.jnu.encoding" value="Cp1252"/>
    <property name="java.class.path" value="C:\Users\babal\OneDrive\Desktop\Jasweer_Files\new\Matrix\Matrix\target\test-classes;C:\Users\babal\OneDrive\Desktop\Jasweer_Files\new\Matrix\Matrix\target\classes;C:\Users\babal\.m2\repository\org\springframework\boot\spring-boot-starter\3.4.0\spring-boot-starter-3.4.0.jar;C:\Users\babal\.m2\repository\org\springframework\boot\spring-boot\3.4.0\spring-boot-3.4.0.jar;C:\Users\babal\.m2\repository\org\springframework\spring-context\6.2.0\spring-context-6.2.0.jar;C:\Users\babal\.m2\repository\org\springframework\spring-aop\6.2.0\spring-aop-6.2.0.jar;C:\Users\babal\.m2\repository\org\springframework\spring-beans\6.2.0\spring-beans-6.2.0.jar;C:\Users\babal\.m2\repository\org\springframework\spring-expression\6.2.0\spring-expression-6.2.0.jar;C:\Users\babal\.m2\repository\io\micrometer\micrometer-observation\1.14.1\micrometer-observation-1.14.1.jar;C:\Users\babal\.m2\repository\io\micrometer\micrometer-commons\1.14.1\micrometer-commons-1.14.1.jar;C:\Users\babal\.m2\repository\org\springframework\boot\spring-boot-autoconfigure\3.4.0\spring-boot-autoconfigure-3.4.0.jar;C:\Users\babal\.m2\repository\org\springframework\boot\spring-boot-starter-logging\3.4.0\spring-boot-starter-logging-3.4.0.jar;C:\Users\babal\.m2\repository\ch\qos\logback\logback-classic\1.5.12\logback-classic-1.5.12.jar;C:\Users\babal\.m2\repository\ch\qos\logback\logback-core\1.5.12\logback-core-1.5.12.jar;C:\Users\babal\.m2\repository\org\apache\logging\log4j\log4j-to-slf4j\2.24.1\log4j-to-slf4j-2.24.1.jar;C:\Users\babal\.m2\repository\org\apache\logging\log4j\log4j-api\2.24.1\log4j-api-2.24.1.jar;C:\Users\babal\.m2\repository\org\slf4j\jul-to-slf4j\2.0.16\jul-to-slf4j-2.0.16.jar;C:\Users\babal\.m2\repository\jakarta\annotation\jakarta.annotation-api\2.1.1\jakarta.annotation-api-2.1.1.jar;C:\Users\babal\.m2\repository\org\springframework\spring-core\6.2.0\spring-core-6.2.0.jar;C:\Users\babal\.m2\repository\org\springframework\spring-jcl\6.2.0\spring-jcl-6.2.0.jar;C:\Users\babal\.m2\repository\org\yaml\snakeyaml\2.3\snakeyaml-2.3.jar;C:\Users\babal\.m2\repository\org\springframework\boot\spring-boot-starter-test\3.4.0\spring-boot-starter-test-3.4.0.jar;C:\Users\babal\.m2\repository\org\springframework\boot\spring-boot-test\3.4.0\spring-boot-test-3.4.0.jar;C:\Users\babal\.m2\repository\org\springframework\boot\spring-boot-test-autoconfigure\3.4.0\spring-boot-test-autoconfigure-3.4.0.jar;C:\Users\babal\.m2\repository\com\jayway\jsonpath\json-path\2.9.0\json-path-2.9.0.jar;C:\Users\babal\.m2\repository\org\slf4j\slf4j-api\2.0.16\slf4j-api-2.0.16.jar;C:\Users\babal\.m2\repository\jakarta\xml\bind\jakarta.xml.bind-api\4.0.2\jakarta.xml.bind-api-4.0.2.jar;C:\Users\babal\.m2\repository\jakarta\activation\jakarta.activation-api\2.1.3\jakarta.activation-api-2.1.3.jar;C:\Users\babal\.m2\repository\net\minidev\json-smart\2.5.1\json-smart-2.5.1.jar;C:\Users\babal\.m2\repository\net\minidev\accessors-smart\2.5.1\accessors-smart-2.5.1.jar;C:\Users\babal\.m2\repository\org\ow2\asm\asm\9.6\asm-9.6.jar;C:\Users\babal\.m2\repository\org\assertj\assertj-core\3.26.3\assertj-core-3.26.3.jar;C:\Users\babal\.m2\repository\net\bytebuddy\byte-buddy\1.15.10\byte-buddy-1.15.10.jar;C:\Users\babal\.m2\repository\org\awaitility\awaitility\4.2.2\awaitility-4.2.2.jar;C:\Users\babal\.m2\repository\org\hamcrest\hamcrest\2.2\hamcrest-2.2.jar;C:\Users\babal\.m2\repository\org\mockito\mockito-core\5.14.2\mockito-core-5.14.2.jar;C:\Users\babal\.m2\repository\net\bytebuddy\byte-buddy-agent\1.15.10\byte-buddy-agent-1.15.10.jar;C:\Users\babal\.m2\repository\org\objenesis\objenesis\3.3\objenesis-3.3.jar;C:\Users\babal\.m2\repository\org\mockito\mockito-junit-jupiter\5.14.2\mockito-junit-jupiter-5.14.2.jar;C:\Users\babal\.m2\repository\org\junit\jupiter\junit-jupiter-api\5.11.3\junit-jupiter-api-5.11.3.jar;C:\Users\babal\.m2\repository\org\opentest4j\opentest4j\1.3.0\opentest4j-1.3.0.jar;C:\Users\babal\.m2\repository\org\junit\platform\junit-platform-commons\1.11.3\junit-platform-commons-1.11.3.jar;C:\Users\babal\.m2\repository\org\apiguardian\apiguardian-api\1.1.2\apiguardian-api-1.1.2.jar;C:\Users\babal\.m2\repository\org\skyscreamer\jsonassert\1.5.3\jsonassert-1.5.3.jar;C:\Users\babal\.m2\repository\com\vaadin\external\google\android-json\0.0.20131108.vaadin1\android-json-0.0.20131108.vaadin1.jar;C:\Users\babal\.m2\repository\org\springframework\spring-test\6.2.0\spring-test-6.2.0.jar;C:\Users\babal\.m2\repository\org\xmlunit\xmlunit-core\2.10.0\xmlunit-core-2.10.0.jar;C:\Users\babal\.m2\repository\junit\junit\4.13.2\junit-4.13.2.jar;C:\Users\babal\.m2\repository\org\hamcrest\hamcrest-core\2.2\hamcrest-core-2.2.jar;"/>
    <property name="java.vm.vendor" value="Eclipse Adoptium"/>
    <property name="sun.arch.data.model" value="64"/>
    <property name="user.variant" value=""/>
    <property name="java.vendor.url" value="https://adoptium.net/"/>
    <property name="user.timezone" value="America/Phoenix"/>
    <property name="os.name" value="Windows 11"/>
    <property name="java.vm.specification.version" value="21"/>
    <property name="sun.java.launcher" value="SUN_STANDARD"/>
    <property name="user.country" value="US"/>
    <property name="sun.boot.library.path" value="C:\Program Files\Eclipse Adoptium\jdk-21.0.5.11-hotspot\bin"/>
    <property name="sun.java.command" value="C:\Users\babal\AppData\Local\Temp\surefire15261729316555012028\surefirebooter-20241209114331853_3.jar C:\Users\babal\AppData\Local\Temp\surefire15261729316555012028 2024-12-09T11-43-31_743-jvmRun1 surefire-20241209114331853_1tmp surefire_0-20241209114331853_2tmp"/>
    <property name="jdk.debug" value="release"/>
    <property name="surefire.test.class.path" value="C:\Users\babal\OneDrive\Desktop\Jasweer_Files\new\Matrix\Matrix\target\test-classes;C:\Users\babal\OneDrive\Desktop\Jasweer_Files\new\Matrix\Matrix\target\classes;C:\Users\babal\.m2\repository\org\springframework\boot\spring-boot-starter\3.4.0\spring-boot-starter-3.4.0.jar;C:\Users\babal\.m2\repository\org\springframework\boot\spring-boot\3.4.0\spring-boot-3.4.0.jar;C:\Users\babal\.m2\repository\org\springframework\spring-context\6.2.0\spring-context-6.2.0.jar;C:\Users\babal\.m2\repository\org\springframework\spring-aop\6.2.0\spring-aop-6.2.0.jar;C:\Users\babal\.m2\repository\org\springframework\spring-beans\6.2.0\spring-beans-6.2.0.jar;C:\Users\babal\.m2\repository\org\springframework\spring-expression\6.2.0\spring-expression-6.2.0.jar;C:\Users\babal\.m2\repository\io\micrometer\micrometer-observation\1.14.1\micrometer-observation-1.14.1.jar;C:\Users\babal\.m2\repository\io\micrometer\micrometer-commons\1.14.1\micrometer-commons-1.14.1.jar;C:\Users\babal\.m2\repository\org\springframework\boot\spring-boot-autoconfigure\3.4.0\spring-boot-autoconfigure-3.4.0.jar;C:\Users\babal\.m2\repository\org\springframework\boot\spring-boot-starter-logging\3.4.0\spring-boot-starter-logging-3.4.0.jar;C:\Users\babal\.m2\repository\ch\qos\logback\logback-classic\1.5.12\logback-classic-1.5.12.jar;C:\Users\babal\.m2\repository\ch\qos\logback\logback-core\1.5.12\logback-core-1.5.12.jar;C:\Users\babal\.m2\repository\org\apache\logging\log4j\log4j-to-slf4j\2.24.1\log4j-to-slf4j-2.24.1.jar;C:\Users\babal\.m2\repository\org\apache\logging\log4j\log4j-api\2.24.1\log4j-api-2.24.1.jar;C:\Users\babal\.m2\repository\org\slf4j\jul-to-slf4j\2.0.16\jul-to-slf4j-2.0.16.jar;C:\Users\babal\.m2\repository\jakarta\annotation\jakarta.annotation-api\2.1.1\jakarta.annotation-api-2.1.1.jar;C:\Users\babal\.m2\repository\org\springframework\spring-core\6.2.0\spring-core-6.2.0.jar;C:\Users\babal\.m2\repository\org\springframework\spring-jcl\6.2.0\spring-jcl-6.2.0.jar;C:\Users\babal\.m2\repository\org\yaml\snakeyaml\2.3\snakeyaml-2.3.jar;C:\Users\babal\.m2\repository\org\springframework\boot\spring-boot-starter-test\3.4.0\spring-boot-starter-test-3.4.0.jar;C:\Users\babal\.m2\repository\org\springframework\boot\spring-boot-test\3.4.0\spring-boot-test-3.4.0.jar;C:\Users\babal\.m2\repository\org\springframework\boot\spring-boot-test-autoconfigure\3.4.0\spring-boot-test-autoconfigure-3.4.0.jar;C:\Users\babal\.m2\repository\com\jayway\jsonpath\json-path\2.9.0\json-path-2.9.0.jar;C:\Users\babal\.m2\repository\org\slf4j\slf4j-api\2.0.16\slf4j-api-2.0.16.jar;C:\Users\babal\.m2\repository\jakarta\xml\bind\jakarta.xml.bind-api\4.0.2\jakarta.xml.bind-api-4.0.2.jar;C:\Users\babal\.m2\repository\jakarta\activation\jakarta.activation-api\2.1.3\jakarta.activation-api-2.1.3.jar;C:\Users\babal\.m2\repository\net\minidev\json-smart\2.5.1\json-smart-2.5.1.jar;C:\Users\babal\.m2\repository\net\minidev\accessors-smart\2.5.1\accessors-smart-2.5.1.jar;C:\Users\babal\.m2\repository\org\ow2\asm\asm\9.6\asm-9.6.jar;C:\Users\babal\.m2\repository\org\assertj\assertj-core\3.26.3\assertj-core-3.26.3.jar;C:\Users\babal\.m2\repository\net\bytebuddy\byte-buddy\1.15.10\byte-buddy-1.15.10.jar;C:\Users\babal\.m2\repository\org\awaitility\awaitility\4.2.2\awaitility-4.2.2.jar;C:\Users\babal\.m2\repository\org\hamcrest\hamcrest\2.2\hamcrest-2.2.jar;C:\Users\babal\.m2\repository\org\mockito\mockito-core\5.14.2\mockito-core-5.14.2.jar;C:\Users\babal\.m2\repository\net\bytebuddy\byte-buddy-agent\1.15.10\byte-buddy-agent-1.15.10.jar;C:\Users\babal\.m2\repository\org\objenesis\objenesis\3.3\objenesis-3.3.jar;C:\Users\babal\.m2\repository\org\mockito\mockito-junit-jupiter\5.14.2\mockito-junit-jupiter-5.14.2.jar;C:\Users\babal\.m2\repository\org\junit\jupiter\junit-jupiter-api\5.11.3\junit-jupiter-api-5.11.3.jar;C:\Users\babal\.m2\repository\org\opentest4j\opentest4j\1.3.0\opentest4j-1.3.0.jar;C:\Users\babal\.m2\repository\org\junit\platform\junit-platform-commons\1.11.3\junit-platform-commons-1.11.3.jar;C:\Users\babal\.m2\repository\org\apiguardian\apiguardian-api\1.1.2\apiguardian-api-1.1.2.jar;C:\Users\babal\.m2\repository\org\skyscreamer\jsonassert\1.5.3\jsonassert-1.5.3.jar;C:\Users\babal\.m2\repository\com\vaadin\external\google\android-json\0.0.20131108.vaadin1\android-json-0.0.20131108.vaadin1.jar;C:\Users\babal\.m2\repository\org\springframework\spring-test\6.2.0\spring-test-6.2.0.jar;C:\Users\babal\.m2\repository\org\xmlunit\xmlunit-core\2.10.0\xmlunit-core-2.10.0.jar;C:\Users\babal\.m2\repository\junit\junit\4.13.2\junit-4.13.2.jar;C:\Users\babal\.m2\repository\org\hamcrest\hamcrest-core\2.2\hamcrest-core-2.2.jar;"/>
    <property name="sun.cpu.endian" value="little"/>
    <property name="user.home" value="C:\Users\babal"/>
    <property name="user.language" value="en"/>
    <property name="java.specification.vendor" value="Oracle Corporation"/>
    <property name="java.version.date" value="2024-10-15"/>
    <property name="java.home" value="C:\Program Files\Eclipse Adoptium\jdk-21.0.5.11-hotspot"/>
    <property name="file.separator" value="\"/>
    <property name="basedir" value="C:\Users\babal\OneDrive\Desktop\Jasweer_Files\new\Matrix\Matrix"/>
    <property name="java.vm.compressedOopsMode" value="Zero based"/>
    <property name="line.separator" value="&#10;"/>
    <property name="java.vm.specification.vendor" value="Oracle Corporation"/>
    <property name="java.specification.name" value="Java Platform API Specification"/>
    <property name="surefire.real.class.path" value="C:\Users\babal\AppData\Local\Temp\surefire15261729316555012028\surefirebooter-20241209114331853_3.jar"/>
    <property name="user.script" value=""/>
    <property name="sun.management.compiler" value="HotSpot 64-Bit Tiered Compilers"/>
    <property name="java.runtime.version" value="21.0.5+11-LTS"/>
    <property name="user.name" value="babal"/>
    <property name="stdout.encoding" value="Cp1252"/>
    <property name="path.separator" value=";"/>
    <property name="os.version" value="10.0"/>
    <property name="java.runtime.name" value="OpenJDK Runtime Environment"/>
    <property name="file.encoding" value="UTF-8"/>
    <property name="java.vm.name" value="OpenJDK 64-Bit Server VM"/>
    <property name="java.vendor.version" value="Temurin-21.0.5+11"/>
    <property name="localRepository" value="C:\Users\babal\.m2\repository"/>
    <property name="java.vendor.url.bug" value="https://github.com/adoptium/adoptium-support/issues"/>
    <property name="java.io.tmpdir" value="C:\Users\babal\AppData\Local\Temp\"/>
    <property name="java.version" value="21.0.5"/>
    <property name="user.dir" value="C:\Users\babal\OneDrive\Desktop\Jasweer_Files\new\Matrix\Matrix"/>
    <property name="os.arch" value="amd64"/>
    <property name="java.vm.specification.name" value="Java Virtual Machine Specification"/>
    <property name="sun.os.patch.level" value=""/>
    <property name="native.encoding" value="Cp1252"/>
    <property name="java.library.path" value="C:\Program Files\Eclipse Adoptium\jdk-21.0.5.11-hotspot\bin;C:\Windows\Sun\Java\bin;C:\Windows\system32;C:\Windows;C:\Program Files\Eclipse Adoptium\jdk-21.0.5.11-hotspot\bin;C:\Program Files\Common Files\Oracle\Java\javapath;C:\Program Files (x86)\Common Files\Oracle\Java\java8path;C:\Program Files (x86)\Common Files\Oracle\Java\javapath;C:\Windows\system32;C:\Windows;C:\Windows\System32\Wbem;C:\Windows\System32\WindowsPowerShell\v1.0\;C:\Windows\System32\OpenSSH\;C:\Program Files (x86)\NVIDIA Corporation\PhysX\Common;C:\Program Files\NVIDIA Corporation\NVIDIA NvDLISR;C:\Program Files\dotnet\;C:\Program Files\nodejs\;C:\Program Files\Git\cmd;C:\Program Files\CMake\bin;C:\Program Files\Java\jdk-23;C:\Users\babal\Downloads\cloc-master;C:\ProgramData\chocolatey\bin;C:\Users\babal\tools\evosuite;C:\Program Files\Apache\maven\apache-maven-3.9.9-bin\apache-maven-3.9.9\bin;C:\Program Files\Java\jdk-17\bin;C:\Users\babal\AppData\Local\Programs\Python\Python312\Scripts\;C:\Users\babal\AppData\Local\Programs\Python\Python312\;C:\Users\babal\AppData\Local\Programs\Python\Launcher\;C:\Users\babal\AppData\Local\Microsoft\WindowsApps;C:\Users\babal\AppData\Local\Programs\Microsoft VS Code\bin;C:\Users\babal\AppData\Roaming\npm;."/>
    <property name="java.vm.info" value="mixed mode, sharing"/>
    <property name="stderr.encoding" value="Cp1252"/>
    <property name="java.vendor" value="Eclipse Adoptium"/>
    <property name="java.vm.version" value="21.0.5+11-LTS"/>
    <property name="sun.io.unicode.encoding" value="UnicodeLittle"/>
    <property name="java.class.version" value="65.0"/>
  </properties>
  <testcase name="test1501" classname="com.operations.Matrix.RegressionTest3" time="0.0"/>
  <testcase name="test1502" classname="com.operations.Matrix.RegressionTest3" time="0.001">
    <system-out><![CDATA[[0.9998476951563913, -0.01745240643728351]
[0.01745240643728351, 0.9998476951563913]
]]></system-out>
  </testcase>
  <testcase name="test1503" classname="com.operations.Matrix.RegressionTest3" time="0.0"/>
  <testcase name="test1504" classname="com.operations.Matrix.RegressionTest3" time="0.0"/>
  <testcase name="test1505" classname="com.operations.Matrix.RegressionTest3" time="0.0">
    <system-out><![CDATA[[10.0, 97.0]
[10.0, 97.0]
]]></system-out>
  </testcase>
  <testcase name="test1506" classname="com.operations.Matrix.RegressionTest3" time="0.0"/>
  <testcase name="test1507" classname="com.operations.Matrix.RegressionTest3" time="0.001">
    <system-out><![CDATA[[10.0, 97.0]
[10.0, 97.0]
]]></system-out>
  </testcase>
  <testcase name="test1508" classname="com.operations.Matrix.RegressionTest3" time="0.0">
    <system-out><![CDATA[[0.0, 0.0]
[0.0, 10.0]
]]></system-out>
  </testcase>
  <testcase name="test1509" classname="com.operations.Matrix.RegressionTest3" time="0.0"/>
  <testcase name="test1510" classname="com.operations.Matrix.RegressionTest3" time="0.001"/>
  <testcase name="test1511" classname="com.operations.Matrix.RegressionTest3" time="0.0"/>
  <testcase name="test1512" classname="com.operations.Matrix.RegressionTest3" time="0.0">
    <system-out><![CDATA[[]
[]
[]
[]
[]
[]
[]
[]
[]
[]
[]
[]
[]
[]
[]
[]
[]
[]
[]
[]
[]
[]
[]
[]
[]
[]
[]
[]
[]
[]
[]
[]
]]></system-out>
  </testcase>
  <testcase name="test1513" classname="com.operations.Matrix.RegressionTest3" time="0.001"/>
  <testcase name="test1514" classname="com.operations.Matrix.RegressionTest3" time="0.0">
    <system-out><![CDATA[[0.9998476951563913, -0.01745240643728351]
[0.01745240643728351, 0.9998476951563913]
[0.0, 0.0]
[0.0, 10.0]
]]></system-out>
  </testcase>
  <testcase name="test1515" classname="com.operations.Matrix.RegressionTest3" time="0.0">
    <system-out><![CDATA[[-0.1736481776669303, -0.984807753012208]
[0.984807753012208, -0.1736481776669303]
]]></system-out>
  </testcase>
  <testcase name="test1516" classname="com.operations.Matrix.RegressionTest3" time="0.0"/>
  <testcase name="test1517" classname="com.operations.Matrix.RegressionTest3" time="0.001"/>
  <testcase name="test1518" classname="com.operations.Matrix.RegressionTest3" time="0.0"/>
  <testcase name="test1519" classname="com.operations.Matrix.RegressionTest3" time="0.0"/>
  <testcase name="test1520" classname="com.operations.Matrix.RegressionTest3" time="0.0">
    <system-out><![CDATA[[10.0, 97.0]
[10.0, 97.0]
]]></system-out>
  </testcase>
  <testcase name="test1521" classname="com.operations.Matrix.RegressionTest3" time="0.0"/>
  <testcase name="test1522" classname="com.operations.Matrix.RegressionTest3" time="0.0"/>
  <testcase name="test1523" classname="com.operations.Matrix.RegressionTest3" time="0.0"/>
  <testcase name="test1524" classname="com.operations.Matrix.RegressionTest3" time="0.0"/>
  <testcase name="test1525" classname="com.operations.Matrix.RegressionTest3" time="0.0"/>
  <testcase name="test1526" classname="com.operations.Matrix.RegressionTest3" time="0.0"/>
  <testcase name="test1527" classname="com.operations.Matrix.RegressionTest3" time="0.0">
    <system-out><![CDATA[[0.9998476951563913, -0.01745240643728351]
[0.01745240643728351, 0.9998476951563913]
[0.0, 0.0]
[0.0, 10.0]
]]></system-out>
  </testcase>
  <testcase name="test1528" classname="com.operations.Matrix.RegressionTest3" time="0.0">
    <system-out><![CDATA[[10.0, 97.0]
[10.0, 97.0]
]]></system-out>
  </testcase>
  <testcase name="test1529" classname="com.operations.Matrix.RegressionTest3" time="0.001"/>
  <testcase name="test1530" classname="com.operations.Matrix.RegressionTest3" time="0.0"/>
  <testcase name="test1531" classname="com.operations.Matrix.RegressionTest3" time="0.0">
    <system-out><![CDATA[[52.0, 0.0]
[0.0, 975.1410154434076]
]]></system-out>
  </testcase>
  <testcase name="test1532" classname="com.operations.Matrix.RegressionTest3" time="0.0">
    <system-out><![CDATA[[0.0, 0.0]
[0.0, 10.0]
]]></system-out>
  </testcase>
  <testcase name="test1533" classname="com.operations.Matrix.RegressionTest3" time="0.0">
    <system-out><![CDATA[[]
[]
[]
[]
[]
[]
[]
[]
[]
[]
[]
[]
[]
[]
[]
[]
[]
[]
[]
[]
[]
[]
[]
[]
[]
[]
[]
[]
[]
[]
[]
[]
[]
[]
[]
[]
[]
[]
[]
[]
[]
[]
[]
[]
[]
[]
[]
[]
[]
[]
[]
[]
[]
[]
[]
[]
[]
[]
[]
[]
[]
[]
[]
[]
[]
[]
[]
[]
[]
[]
[]
[]
[]
[]
[]
[]
[]
[]
[]
[]
[]
[]
[]
[]
[]
[]
[]
[]
[]
[]
[]
[]
[]
[]
[]
[]
[]
[]
[]
[]
]]></system-out>
  </testcase>
  <testcase name="test1534" classname="com.operations.Matrix.RegressionTest3" time="0.001"/>
  <testcase name="test1535" classname="com.operations.Matrix.RegressionTest3" time="0.0"/>
  <testcase name="test1536" classname="com.operations.Matrix.RegressionTest3" time="0.0"/>
  <testcase name="test1537" classname="com.operations.Matrix.RegressionTest3" time="0.0">
    <system-out><![CDATA[[35.0]
[35.0]
[35.0]
[35.0]
[35.0]
[35.0]
[35.0]
[35.0]
[35.0]
[35.0]
[35.0]
[35.0]
[35.0]
[35.0]
[35.0]
[35.0]
[35.0]
[35.0]
[35.0]
[35.0]
[35.0]
[35.0]
[35.0]
[35.0]
[35.0]
[35.0]
[35.0]
[35.0]
[35.0]
[35.0]
[35.0]
[35.0]
[35.0]
[35.0]
[35.0]
[35.0]
[35.0]
[35.0]
[35.0]
[35.0]
[35.0]
[35.0]
[35.0]
[35.0]
[35.0]
[35.0]
[35.0]
[35.0]
[35.0]
[35.0]
[35.0]
[35.0]
[35.0]
[35.0]
[35.0]
[35.0]
[35.0]
[35.0]
[35.0]
[35.0]
[35.0]
[35.0]
[35.0]
[35.0]
[35.0]
[35.0]
[35.0]
[35.0]
[35.0]
[35.0]
[35.0]
[35.0]
[35.0]
[35.0]
[35.0]
[35.0]
[35.0]
[35.0]
[35.0]
[35.0]
[35.0]
[35.0]
[35.0]
[35.0]
[35.0]
[35.0]
[35.0]
[35.0]
[35.0]
[35.0]
[35.0]
[35.0]
[35.0]
[35.0]
[35.0]
[35.0]
[35.0]
[35.0]
[35.0]
[35.0]
]]></system-out>
  </testcase>
  <testcase name="test1538" classname="com.operations.Matrix.RegressionTest3" time="0.001">
    <system-out><![CDATA[[10.0, 97.0]
[10.0, 97.0]
]]></system-out>
  </testcase>
  <testcase name="test1539" classname="com.operations.Matrix.RegressionTest3" time="0.0">
    <system-out><![CDATA[[10.0, 97.0]
[10.0, 97.0]
]]></system-out>
  </testcase>
  <testcase name="test1540" classname="com.operations.Matrix.RegressionTest3" time="0.0"/>
  <testcase name="test1541" classname="com.operations.Matrix.RegressionTest3" time="0.0"/>
  <testcase name="test1542" classname="com.operations.Matrix.RegressionTest3" time="0.0"/>
  <testcase name="test1543" classname="com.operations.Matrix.RegressionTest3" time="0.0"/>
  <testcase name="test1544" classname="com.operations.Matrix.RegressionTest3" time="0.001"/>
  <testcase name="test1545" classname="com.operations.Matrix.RegressionTest3" time="0.0"/>
  <testcase name="test1546" classname="com.operations.Matrix.RegressionTest3" time="0.0">
    <system-out><![CDATA[[0.0, 0.0]
[0.0, 10.0]
]]></system-out>
  </testcase>
  <testcase name="test1547" classname="com.operations.Matrix.RegressionTest3" time="0.0"/>
  <testcase name="test1548" classname="com.operations.Matrix.RegressionTest3" time="0.0">
    <system-out><![CDATA[[10.0, 97.0]
[10.0, 97.0]
[-0.1736481776669303, -0.984807753012208]
[0.984807753012208, -0.1736481776669303]
]]></system-out>
  </testcase>
  <testcase name="test1549" classname="com.operations.Matrix.RegressionTest3" time="0.001"/>
  <testcase name="test1550" classname="com.operations.Matrix.RegressionTest3" time="0.0">
    <system-out><![CDATA[[10.0, 97.0]
[10.0, 97.0]
]]></system-out>
  </testcase>
  <testcase name="test1551" classname="com.operations.Matrix.RegressionTest3" time="0.0"/>
  <testcase name="test1552" classname="com.operations.Matrix.RegressionTest3" time="0.001"/>
  <testcase name="test1553" classname="com.operations.Matrix.RegressionTest3" time="0.0"/>
  <testcase name="test1554" classname="com.operations.Matrix.RegressionTest3" time="0.0"/>
  <testcase name="test1555" classname="com.operations.Matrix.RegressionTest3" time="0.0">
    <system-out><![CDATA[[0.0, 0.0]
[0.0, 20.0]
]]></system-out>
  </testcase>
  <testcase name="test1556" classname="com.operations.Matrix.RegressionTest3" time="0.0"/>
  <testcase name="test1557" classname="com.operations.Matrix.RegressionTest3" time="0.001"/>
  <testcase name="test1558" classname="com.operations.Matrix.RegressionTest3" time="0.0">
    <system-out><![CDATA[[0.0, -0.0]
[0.0, 0.0]
]]></system-out>
  </testcase>
  <testcase name="test1559" classname="com.operations.Matrix.RegressionTest3" time="0.0"/>
  <testcase name="test1560" classname="com.operations.Matrix.RegressionTest3" time="0.0"/>
  <testcase name="test1561" classname="com.operations.Matrix.RegressionTest3" time="0.001">
    <system-out><![CDATA[[10.0, 97.0]
[10.0, 97.0]
]]></system-out>
  </testcase>
  <testcase name="test1562" classname="com.operations.Matrix.RegressionTest3" time="0.0">
    <system-out><![CDATA[[-0.1736481776669303, -0.984807753012208]
[0.984807753012208, -0.1736481776669303]
[0.0, 0.0]
[0.0, 10.0]
]]></system-out>
  </testcase>
  <testcase name="test1563" classname="com.operations.Matrix.RegressionTest3" time="0.0"/>
  <testcase name="test1564" classname="com.operations.Matrix.RegressionTest3" time="0.0"/>
  <testcase name="test1565" classname="com.operations.Matrix.RegressionTest3" time="0.0"/>
  <testcase name="test1566" classname="com.operations.Matrix.RegressionTest3" time="0.001"/>
  <testcase name="test1567" classname="com.operations.Matrix.RegressionTest3" time="0.0"/>
  <testcase name="test1568" classname="com.operations.Matrix.RegressionTest3" time="0.0"/>
  <testcase name="test1569" classname="com.operations.Matrix.RegressionTest3" time="0.001"/>
  <testcase name="test1570" classname="com.operations.Matrix.RegressionTest3" time="0.0"/>
  <testcase name="test1571" classname="com.operations.Matrix.RegressionTest3" time="0.0"/>
  <testcase name="test1572" classname="com.operations.Matrix.RegressionTest3" time="0.0"/>
  <testcase name="test1573" classname="com.operations.Matrix.RegressionTest3" time="0.001">
    <system-out><![CDATA[[10.0, 97.0]
[10.0, 97.0]
]]></system-out>
  </testcase>
  <testcase name="test1574" classname="com.operations.Matrix.RegressionTest3" time="0.0"/>
  <testcase name="test1575" classname="com.operations.Matrix.RegressionTest3" time="0.0">
    <system-out><![CDATA[[10.0, 97.0]
[10.0, 97.0]
]]></system-out>
  </testcase>
  <testcase name="test1576" classname="com.operations.Matrix.RegressionTest3" time="0.0">
    <system-out><![CDATA[[-0.1736481776669303, -0.984807753012208]
[0.984807753012208, -0.1736481776669303]
]]></system-out>
  </testcase>
  <testcase name="test1577" classname="com.operations.Matrix.RegressionTest3" time="0.0"/>
  <testcase name="test1578" classname="com.operations.Matrix.RegressionTest3" time="0.001"/>
  <testcase name="test1579" classname="com.operations.Matrix.RegressionTest3" time="0.0"/>
  <testcase name="test1580" classname="com.operations.Matrix.RegressionTest3" time="0.0"/>
  <testcase name="test1581" classname="com.operations.Matrix.RegressionTest3" time="0.001"/>
  <testcase name="test1582" classname="com.operations.Matrix.RegressionTest3" time="0.0">
    <system-out><![CDATA[[10.0, 97.0]
[10.0, 97.0]
]]></system-out>
  </testcase>
  <testcase name="test1583" classname="com.operations.Matrix.RegressionTest3" time="0.0"/>
  <testcase name="test1584" classname="com.operations.Matrix.RegressionTest3" time="0.0"/>
  <testcase name="test1585" classname="com.operations.Matrix.RegressionTest3" time="0.001"/>
  <testcase name="test1586" classname="com.operations.Matrix.RegressionTest3" time="0.0"/>
  <testcase name="test1587" classname="com.operations.Matrix.RegressionTest3" time="0.0"/>
  <testcase name="test1588" classname="com.operations.Matrix.RegressionTest3" time="0.0"/>
  <testcase name="test1589" classname="com.operations.Matrix.RegressionTest3" time="0.0"/>
  <testcase name="test1590" classname="com.operations.Matrix.RegressionTest3" time="0.0"/>
  <testcase name="test1591" classname="com.operations.Matrix.RegressionTest3" time="0.0"/>
  <testcase name="test1592" classname="com.operations.Matrix.RegressionTest3" time="0.0">
    <system-out><![CDATA[[0.0]
[0.0]
[0.0]
[0.0]
[0.0]
[0.0]
[0.0]
[0.0]
[0.0]
[0.0]
[0.0]
[0.0]
[0.0]
[0.0]
[0.0]
[0.0]
[0.0]
[0.0]
[0.0]
[0.0]
[0.0]
[0.0]
[0.0]
[0.0]
[0.0]
[0.0]
[0.0]
[0.0]
[0.0]
[0.0]
[0.0]
[0.0]
[0.0]
[0.0]
[0.0]
[10.0, 97.0]
[10.0, 97.0]
]]></system-out>
  </testcase>
  <testcase name="test1593" classname="com.operations.Matrix.RegressionTest3" time="0.0">
    <system-out><![CDATA[[100.0, 0.0]
[0.0, -1.0]
]]></system-out>
  </testcase>
  <testcase name="test1594" classname="com.operations.Matrix.RegressionTest3" time="0.0">
    <system-out><![CDATA[[0.0, 0.0]
[0.0, 3500.0]
[0.0, 0.0]
[0.0, 3500.0]
]]></system-out>
  </testcase>
  <testcase name="test1595" classname="com.operations.Matrix.RegressionTest3" time="0.0"/>
  <testcase name="test1596" classname="com.operations.Matrix.RegressionTest3" time="0.0"/>
  <testcase name="test1597" classname="com.operations.Matrix.RegressionTest3" time="0.0">
    <system-out><![CDATA[[10.0, 97.0]
[10.0, 97.0]
[0.0, 0.0]
[0.0, 10.0]
[10.0, 97.0]
[10.0, 97.0]
]]></system-out>
  </testcase>
  <testcase name="test1598" classname="com.operations.Matrix.RegressionTest3" time="0.0"/>
  <testcase name="test1599" classname="com.operations.Matrix.RegressionTest3" time="0.001">
    <system-out><![CDATA[[10.0, 97.0]
[10.0, 97.0]
]]></system-out>
  </testcase>
  <testcase name="test1600" classname="com.operations.Matrix.RegressionTest3" time="0.0"/>
  <testcase name="test1601" classname="com.operations.Matrix.RegressionTest3" time="0.0">
    <system-out><![CDATA[[10.0, 97.0]
[10.0, 97.0]
]]></system-out>
  </testcase>
  <testcase name="test1602" classname="com.operations.Matrix.RegressionTest3" time="0.0"/>
  <testcase name="test1603" classname="com.operations.Matrix.RegressionTest3" time="0.0">
    <system-out><![CDATA[[10.0, 97.0]
[10.0, 97.0]
]]></system-out>
  </testcase>
  <testcase name="test1604" classname="com.operations.Matrix.RegressionTest3" time="0.0"/>
  <testcase name="test1605" classname="com.operations.Matrix.RegressionTest3" time="0.0">
    <system-out><![CDATA[[10.0, 0.0]
[0.0, 35.0]
]]></system-out>
  </testcase>
  <testcase name="test1606" classname="com.operations.Matrix.RegressionTest3" time="0.0"/>
  <testcase name="test1607" classname="com.operations.Matrix.RegressionTest3" time="0.0"/>
  <testcase name="test1608" classname="com.operations.Matrix.RegressionTest3" time="0.0"/>
  <testcase name="test1609" classname="com.operations.Matrix.RegressionTest3" time="0.0"/>
  <testcase name="test1610" classname="com.operations.Matrix.RegressionTest3" time="0.0"/>
  <testcase name="test1611" classname="com.operations.Matrix.RegressionTest3" time="0.0"/>
  <testcase name="test1612" classname="com.operations.Matrix.RegressionTest3" time="0.0">
    <system-out><![CDATA[[10.0, 97.0]
[10.0, 97.0]
]]></system-out>
  </testcase>
  <testcase name="test1613" classname="com.operations.Matrix.RegressionTest3" time="0.0"/>
  <testcase name="test1614" classname="com.operations.Matrix.RegressionTest3" time="0.0"/>
  <testcase name="test1615" classname="com.operations.Matrix.RegressionTest3" time="0.0"/>
  <testcase name="test1616" classname="com.operations.Matrix.RegressionTest3" time="0.0"/>
  <testcase name="test1617" classname="com.operations.Matrix.RegressionTest3" time="0.0"/>
  <testcase name="test1618" classname="com.operations.Matrix.RegressionTest3" time="0.0"/>
  <testcase name="test1619" classname="com.operations.Matrix.RegressionTest3" time="0.0"/>
  <testcase name="test1620" classname="com.operations.Matrix.RegressionTest3" time="0.0"/>
  <testcase name="test1621" classname="com.operations.Matrix.RegressionTest3" time="0.0"/>
  <testcase name="test1622" classname="com.operations.Matrix.RegressionTest3" time="0.001"/>
  <testcase name="test1623" classname="com.operations.Matrix.RegressionTest3" time="0.0"/>
  <testcase name="test1624" classname="com.operations.Matrix.RegressionTest3" time="0.0"/>
  <testcase name="test1625" classname="com.operations.Matrix.RegressionTest3" time="0.0"/>
  <testcase name="test1626" classname="com.operations.Matrix.RegressionTest3" time="0.0"/>
  <testcase name="test1627" classname="com.operations.Matrix.RegressionTest3" time="0.0">
    <system-out><![CDATA[[35.0]
[35.0]
[35.0]
[35.0]
[35.0]
[35.0]
[35.0]
[35.0]
[35.0]
[35.0]
[35.0]
[35.0]
[35.0]
[35.0]
[35.0]
[35.0]
[35.0]
[35.0]
[35.0]
[35.0]
[35.0]
[35.0]
[35.0]
[35.0]
[35.0]
[35.0]
[35.0]
[35.0]
[35.0]
[35.0]
[35.0]
[35.0]
[35.0]
[35.0]
[35.0]
[35.0]
[35.0]
[35.0]
[35.0]
[35.0]
[35.0]
[35.0]
[35.0]
[35.0]
[35.0]
[35.0]
[35.0]
[35.0]
[35.0]
[35.0]
[35.0]
[35.0]
[35.0]
[35.0]
[35.0]
[35.0]
[35.0]
[35.0]
[35.0]
[35.0]
[35.0]
[35.0]
[35.0]
[35.0]
[35.0]
[35.0]
[35.0]
[35.0]
[35.0]
[35.0]
[35.0]
[35.0]
[35.0]
[35.0]
[35.0]
[35.0]
[35.0]
[35.0]
[35.0]
[35.0]
[35.0]
[35.0]
[35.0]
[35.0]
[35.0]
[35.0]
[35.0]
[35.0]
[35.0]
[35.0]
[35.0]
[35.0]
[35.0]
[35.0]
[35.0]
[35.0]
[35.0]
[35.0]
[35.0]
[35.0]
]]></system-out>
  </testcase>
  <testcase name="test1628" classname="com.operations.Matrix.RegressionTest3" time="0.001"/>
  <testcase name="test1629" classname="com.operations.Matrix.RegressionTest3" time="0.0"/>
  <testcase name="test1630" classname="com.operations.Matrix.RegressionTest3" time="0.001">
    <system-out><![CDATA[[10.0, 97.0]
[10.0, 97.0]
]]></system-out>
  </testcase>
  <testcase name="test1631" classname="com.operations.Matrix.RegressionTest3" time="0.0">
    <system-out><![CDATA[[10.0, 10.0]
[97.0, 97.0]
]]></system-out>
  </testcase>
  <testcase name="test1632" classname="com.operations.Matrix.RegressionTest3" time="0.0"/>
  <testcase name="test1633" classname="com.operations.Matrix.RegressionTest3" time="0.001"/>
  <testcase name="test1634" classname="com.operations.Matrix.RegressionTest3" time="0.0">
    <system-out><![CDATA[[32.0, 0.0]
[0.0, 0.0]
]]></system-out>
  </testcase>
  <testcase name="test1635" classname="com.operations.Matrix.RegressionTest3" time="0.0">
    <system-out><![CDATA[[0.8191520442889918, -0.573576436351046]
[0.573576436351046, 0.8191520442889918]
]]></system-out>
  </testcase>
  <testcase name="test1636" classname="com.operations.Matrix.RegressionTest3" time="0.0"/>
  <testcase name="test1637" classname="com.operations.Matrix.RegressionTest3" time="0.0">
    <system-out><![CDATA[[10.0, 97.0]
[10.0, 97.0]
]]></system-out>
  </testcase>
  <testcase name="test1638" classname="com.operations.Matrix.RegressionTest3" time="0.0">
    <system-out><![CDATA[[35.0]
[35.0]
[35.0]
[35.0]
[35.0]
[35.0]
[35.0]
[35.0]
[35.0]
[35.0]
[35.0]
[35.0]
[35.0]
[35.0]
[35.0]
[35.0]
[35.0]
[35.0]
[35.0]
[35.0]
[35.0]
[35.0]
[35.0]
[35.0]
[35.0]
[35.0]
[35.0]
[35.0]
[35.0]
[35.0]
[35.0]
[35.0]
[35.0]
[35.0]
[35.0]
[35.0]
[35.0]
[35.0]
[35.0]
[35.0]
[35.0]
[35.0]
[35.0]
[35.0]
[35.0]
[35.0]
[35.0]
[35.0]
[35.0]
[35.0]
[35.0]
[35.0]
[35.0]
[35.0]
[35.0]
[35.0]
[35.0]
[35.0]
[35.0]
[35.0]
[35.0]
[35.0]
[35.0]
[35.0]
[35.0]
[35.0]
[35.0]
[35.0]
[35.0]
[35.0]
[35.0]
[35.0]
[35.0]
[35.0]
[35.0]
[35.0]
[35.0]
[35.0]
[35.0]
[35.0]
[35.0]
[35.0]
[35.0]
[35.0]
[35.0]
[35.0]
[35.0]
[35.0]
[35.0]
[35.0]
[35.0]
[35.0]
[35.0]
[35.0]
[35.0]
[35.0]
[35.0]
[35.0]
[35.0]
[35.0]
[35.0, 35.0, 35.0, 35.0, 35.0, 35.0, 35.0, 35.0, 35.0, 35.0, 35.0, 35.0, 35.0, 35.0, 35.0, 35.0, 35.0, 35.0, 35.0, 35.0, 35.0, 35.0, 35.0, 35.0, 35.0, 35.0, 35.0, 35.0, 35.0, 35.0, 35.0, 35.0, 35.0, 35.0, 35.0, 35.0, 35.0, 35.0, 35.0, 35.0, 35.0, 35.0, 35.0, 35.0, 35.0, 35.0, 35.0, 35.0, 35.0, 35.0, 35.0, 35.0, 35.0, 35.0, 35.0, 35.0, 35.0, 35.0, 35.0, 35.0, 35.0, 35.0, 35.0, 35.0, 35.0, 35.0, 35.0, 35.0, 35.0, 35.0, 35.0, 35.0, 35.0, 35.0, 35.0, 35.0, 35.0, 35.0, 35.0, 35.0, 35.0, 35.0, 35.0, 35.0, 35.0, 35.0, 35.0, 35.0, 35.0, 35.0, 35.0, 35.0, 35.0, 35.0, 35.0, 35.0, 35.0, 35.0, 35.0, 35.0]
]]></system-out>
  </testcase>
  <testcase name="test1639" classname="com.operations.Matrix.RegressionTest3" time="0.001">
    <system-out><![CDATA[[]
[]
[]
[]
[]
[]
[]
[]
[]
[]
[]
[]
[]
[]
[]
[]
[]
[]
[]
[]
[]
[]
[]
[]
[]
[]
[]
[]
[]
[]
[]
[]
[]
[]
[]
[]
[]
[]
[]
[]
[]
[]
[]
[]
[]
[]
[]
[]
[]
[]
[]
[]
]]></system-out>
  </testcase>
  <testcase name="test1640" classname="com.operations.Matrix.RegressionTest3" time="0.0"/>
  <testcase name="test1641" classname="com.operations.Matrix.RegressionTest3" time="0.0"/>
  <testcase name="test1642" classname="com.operations.Matrix.RegressionTest3" time="0.0"/>
  <testcase name="test1643" classname="com.operations.Matrix.RegressionTest3" time="0.0"/>
  <testcase name="test1644" classname="com.operations.Matrix.RegressionTest3" time="0.0"/>
  <testcase name="test1645" classname="com.operations.Matrix.RegressionTest3" time="0.0"/>
  <testcase name="test1646" classname="com.operations.Matrix.RegressionTest3" time="0.0">
    <system-out><![CDATA[[10.0, 97.0]
[10.0, 97.0]
]]></system-out>
  </testcase>
  <testcase name="test1647" classname="com.operations.Matrix.RegressionTest3" time="0.0"/>
  <testcase name="test1648" classname="com.operations.Matrix.RegressionTest3" time="0.0"/>
  <testcase name="test1649" classname="com.operations.Matrix.RegressionTest3" time="0.001"/>
  <testcase name="test1650" classname="com.operations.Matrix.RegressionTest3" time="0.0">
    <system-out><![CDATA[[-0.17373411554618737, -0.9847925959791656]
[0.9847925959791656, -0.17373411554618737]
]]></system-out>
  </testcase>
  <testcase name="test1651" classname="com.operations.Matrix.RegressionTest3" time="0.0"/>
  <testcase name="test1652" classname="com.operations.Matrix.RegressionTest3" time="0.0"/>
  <testcase name="test1653" classname="com.operations.Matrix.RegressionTest3" time="0.0"/>
  <testcase name="test1654" classname="com.operations.Matrix.RegressionTest3" time="0.0"/>
  <testcase name="test1655" classname="com.operations.Matrix.RegressionTest3" time="0.002"/>
  <testcase name="test1656" classname="com.operations.Matrix.RegressionTest3" time="0.0"/>
  <testcase name="test1657" classname="com.operations.Matrix.RegressionTest3" time="0.0"/>
  <testcase name="test1658" classname="com.operations.Matrix.RegressionTest3" time="0.001">
    <system-out><![CDATA[[350.0, 3395.0]
[350.0, 3395.0]
]]></system-out>
  </testcase>
  <testcase name="test1659" classname="com.operations.Matrix.RegressionTest3" time="0.0"/>
  <testcase name="test1660" classname="com.operations.Matrix.RegressionTest3" time="0.0"/>
  <testcase name="test1661" classname="com.operations.Matrix.RegressionTest3" time="0.0"/>
  <testcase name="test1662" classname="com.operations.Matrix.RegressionTest3" time="0.001"/>
  <testcase name="test1663" classname="com.operations.Matrix.RegressionTest3" time="0.0"/>
  <testcase name="test1664" classname="com.operations.Matrix.RegressionTest3" time="0.0"/>
  <testcase name="test1665" classname="com.operations.Matrix.RegressionTest3" time="0.0"/>
  <testcase name="test1666" classname="com.operations.Matrix.RegressionTest3" time="0.0"/>
  <testcase name="test1667" classname="com.operations.Matrix.RegressionTest3" time="0.001"/>
  <testcase name="test1668" classname="com.operations.Matrix.RegressionTest3" time="0.0"/>
  <testcase name="test1669" classname="com.operations.Matrix.RegressionTest3" time="0.0"/>
  <testcase name="test1670" classname="com.operations.Matrix.RegressionTest3" time="0.0"/>
  <testcase name="test1671" classname="com.operations.Matrix.RegressionTest3" time="0.0"/>
  <testcase name="test1672" classname="com.operations.Matrix.RegressionTest3" time="0.001">
    <system-out><![CDATA[[0.0, 0.0]
[0.0, 10.0]
]]></system-out>
  </testcase>
  <testcase name="test1673" classname="com.operations.Matrix.RegressionTest3" time="0.0"/>
  <testcase name="test1674" classname="com.operations.Matrix.RegressionTest3" time="0.0"/>
  <testcase name="test1675" classname="com.operations.Matrix.RegressionTest3" time="0.0">
    <system-out><![CDATA[[0.0, 0.0]
[0.0, 10.0]
]]></system-out>
  </testcase>
  <testcase name="test1676" classname="com.operations.Matrix.RegressionTest3" time="0.001">
    <system-out><![CDATA[[10.0, 97.0]
[10.0, 97.0]
]]></system-out>
  </testcase>
  <testcase name="test1677" classname="com.operations.Matrix.RegressionTest3" time="0.0"/>
  <testcase name="test1678" classname="com.operations.Matrix.RegressionTest3" time="0.0"/>
  <testcase name="test1679" classname="com.operations.Matrix.RegressionTest3" time="0.0">
    <system-out><![CDATA[[32.0, 0.0]
[0.0, 0.0]
]]></system-out>
  </testcase>
  <testcase name="test1680" classname="com.operations.Matrix.RegressionTest3" time="0.001">
    <system-out><![CDATA[[10.0, 97.0]
[10.0, 97.0]
[0.9998476951563913, -0.01745240643728351]
[0.01745240643728351, 0.9998476951563913]
[0.0, 0.0]
[0.0, 10.0]
]]></system-out>
  </testcase>
  <testcase name="test1681" classname="com.operations.Matrix.RegressionTest3" time="0.0"/>
  <testcase name="test1682" classname="com.operations.Matrix.RegressionTest3" time="0.0"/>
  <testcase name="test1683" classname="com.operations.Matrix.RegressionTest3" time="0.0"/>
  <testcase name="test1684" classname="com.operations.Matrix.RegressionTest3" time="0.0"/>
  <testcase name="test1685" classname="com.operations.Matrix.RegressionTest3" time="0.0">
    <system-out><![CDATA[[137.90576492663388, 0.0]
[0.0, 0.0]
]]></system-out>
  </testcase>
  <testcase name="test1686" classname="com.operations.Matrix.RegressionTest3" time="0.0"/>
  <testcase name="test1687" classname="com.operations.Matrix.RegressionTest3" time="0.0"/>
  <testcase name="test1688" classname="com.operations.Matrix.RegressionTest3" time="0.0"/>
  <testcase name="test1689" classname="com.operations.Matrix.RegressionTest3" time="0.0"/>
  <testcase name="test1690" classname="com.operations.Matrix.RegressionTest3" time="0.0"/>
  <testcase name="test1691" classname="com.operations.Matrix.RegressionTest3" time="0.0"/>
  <testcase name="test1692" classname="com.operations.Matrix.RegressionTest3" time="0.0"/>
  <testcase name="test1693" classname="com.operations.Matrix.RegressionTest3" time="0.0"/>
  <testcase name="test1694" classname="com.operations.Matrix.RegressionTest3" time="0.001"/>
  <testcase name="test1695" classname="com.operations.Matrix.RegressionTest3" time="0.0"/>
  <testcase name="test1696" classname="com.operations.Matrix.RegressionTest3" time="0.0">
    <system-out><![CDATA[[10.0, 97.0]
[10.0, 97.0]
[10.0, 97.0]
[10.0, 97.0]
[10.0, 97.0]
[10.0, 97.0]
]]></system-out>
  </testcase>
  <testcase name="test1697" classname="com.operations.Matrix.RegressionTest3" time="0.0"/>
  <testcase name="test1698" classname="com.operations.Matrix.RegressionTest3" time="0.0"/>
  <testcase name="test1699" classname="com.operations.Matrix.RegressionTest3" time="0.0"/>
  <testcase name="test1700" classname="com.operations.Matrix.RegressionTest3" time="0.0"/>
  <testcase name="test1701" classname="com.operations.Matrix.RegressionTest3" time="0.001"/>
  <testcase name="test1702" classname="com.operations.Matrix.RegressionTest3" time="0.0"/>
  <testcase name="test1703" classname="com.operations.Matrix.RegressionTest3" time="0.0"/>
  <testcase name="test1704" classname="com.operations.Matrix.RegressionTest3" time="0.0"/>
  <testcase name="test1705" classname="com.operations.Matrix.RegressionTest3" time="0.0">
    <system-out><![CDATA[[100.0, 0.0]
[0.0, -1.0]
]]></system-out>
  </testcase>
  <testcase name="test1706" classname="com.operations.Matrix.RegressionTest3" time="0.0"/>
  <testcase name="test1707" classname="com.operations.Matrix.RegressionTest3" time="0.0"/>
  <testcase name="test1708" classname="com.operations.Matrix.RegressionTest3" time="0.0"/>
  <testcase name="test1709" classname="com.operations.Matrix.RegressionTest3" time="0.0"/>
  <testcase name="test1710" classname="com.operations.Matrix.RegressionTest3" time="0.0"/>
  <testcase name="test1711" classname="com.operations.Matrix.RegressionTest3" time="0.0">
    <system-out><![CDATA[[10.0, 97.0]
[10.0, 97.0]
]]></system-out>
  </testcase>
  <testcase name="test1712" classname="com.operations.Matrix.RegressionTest3" time="0.001"/>
  <testcase name="test1713" classname="com.operations.Matrix.RegressionTest3" time="0.0"/>
  <testcase name="test1714" classname="com.operations.Matrix.RegressionTest3" time="0.0"/>
  <testcase name="test1715" classname="com.operations.Matrix.RegressionTest3" time="0.0">
    <system-out><![CDATA[[0.0, 0.0]
[0.0, 10.0]
[260.95643973734866, 0.0]
[0.0, 137.15495886388925]
]]></system-out>
  </testcase>
  <testcase name="test1716" classname="com.operations.Matrix.RegressionTest3" time="0.001"/>
  <testcase name="test1717" classname="com.operations.Matrix.RegressionTest3" time="0.0"/>
  <testcase name="test1718" classname="com.operations.Matrix.RegressionTest3" time="0.001">
    <system-out><![CDATA[[0.9998476951563913, -0.01745240643728351]
[0.01745240643728351, 0.9998476951563913]
[0.0, 0.0]
[0.0, 10.0]
[-100.0, 0.0]
[0.0, -25.0]
]]></system-out>
  </testcase>
  <testcase name="test1719" classname="com.operations.Matrix.RegressionTest3" time="0.0"/>
  <testcase name="test1720" classname="com.operations.Matrix.RegressionTest3" time="0.0"/>
  <testcase name="test1721" classname="com.operations.Matrix.RegressionTest3" time="0.0">
    <system-out><![CDATA[[-11.584559306791382, -112.37022527587641]
[8.111595753452777, 78.68247880849194]
]]></system-out>
  </testcase>
  <testcase name="test1722" classname="com.operations.Matrix.RegressionTest3" time="0.001"/>
  <testcase name="test1723" classname="com.operations.Matrix.RegressionTest3" time="0.0">
    <system-out><![CDATA[[10.0, 97.0]
[10.0, 97.0]
[10.0, 97.0]
[10.0, 97.0]
]]></system-out>
  </testcase>
  <testcase name="test1724" classname="com.operations.Matrix.RegressionTest3" time="0.0"/>
  <testcase name="test1725" classname="com.operations.Matrix.RegressionTest3" time="0.0">
    <system-out><![CDATA[[10.0, 97.0]
[10.0, 97.0]
]]></system-out>
  </testcase>
  <testcase name="test1726" classname="com.operations.Matrix.RegressionTest3" time="0.0"/>
  <testcase name="test1727" classname="com.operations.Matrix.RegressionTest3" time="0.0">
    <system-out><![CDATA[[3.1622776601683795, 3.162277660168379]
[0.0, 9.327379053088816]
]]></system-out>
  </testcase>
  <testcase name="test1728" classname="com.operations.Matrix.RegressionTest3" time="0.0"/>
  <testcase name="test1729" classname="com.operations.Matrix.RegressionTest3" time="0.0"/>
  <testcase name="test1730" classname="com.operations.Matrix.RegressionTest3" time="0.001"/>
  <testcase name="test1731" classname="com.operations.Matrix.RegressionTest3" time="0.0">
    <system-out><![CDATA[[0.9998476951563913, -0.01745240643728351]
[0.01745240643728351, 0.9998476951563913]
[0.0, 0.0]
[0.0, 10.0]
]]></system-out>
  </testcase>
  <testcase name="test1732" classname="com.operations.Matrix.RegressionTest3" time="0.0"/>
  <testcase name="test1733" classname="com.operations.Matrix.RegressionTest3" time="0.0"/>
  <testcase name="test1734" classname="com.operations.Matrix.RegressionTest3" time="0.0">
    <system-out><![CDATA[[10.0, 0.0]
[0.0, 35.0]
]]></system-out>
  </testcase>
  <testcase name="test1735" classname="com.operations.Matrix.RegressionTest3" time="0.0">
    <system-out><![CDATA[[10.0, 97.0]
[10.0, 97.0]
]]></system-out>
  </testcase>
  <testcase name="test1736" classname="com.operations.Matrix.RegressionTest3" time="0.0"/>
  <testcase name="test1737" classname="com.operations.Matrix.RegressionTest3" time="0.0"/>
  <testcase name="test1738" classname="com.operations.Matrix.RegressionTest3" time="0.0"/>
  <testcase name="test1739" classname="com.operations.Matrix.RegressionTest3" time="0.0"/>
  <testcase name="test1740" classname="com.operations.Matrix.RegressionTest3" time="0.001"/>
  <testcase name="test1741" classname="com.operations.Matrix.RegressionTest3" time="0.0"/>
  <testcase name="test1742" classname="com.operations.Matrix.RegressionTest3" time="0.0"/>
  <testcase name="test1743" classname="com.operations.Matrix.RegressionTest3" time="0.0">
    <system-out><![CDATA[[10.0, 97.0]
[10.0, 97.0]
]]></system-out>
  </testcase>
  <testcase name="test1744" classname="com.operations.Matrix.RegressionTest3" time="0.0"/>
  <testcase name="test1745" classname="com.operations.Matrix.RegressionTest3" time="0.001">
    <system-out><![CDATA[[32.0, 0.0]
[0.0, 0.0]
]]></system-out>
  </testcase>
  <testcase name="test1746" classname="com.operations.Matrix.RegressionTest3" time="0.0"/>
  <testcase name="test1747" classname="com.operations.Matrix.RegressionTest3" time="0.0">
    <system-out><![CDATA[[10.0, 97.0]
[10.0, 97.0]
]]></system-out>
  </testcase>
  <testcase name="test1748" classname="com.operations.Matrix.RegressionTest3" time="0.0"/>
  <testcase name="test1749" classname="com.operations.Matrix.RegressionTest3" time="0.0">
    <system-out><![CDATA[[10.0, 97.0]
[10.0, 97.0]
]]></system-out>
  </testcase>
  <testcase name="test1750" classname="com.operations.Matrix.RegressionTest3" time="0.0"/>
  <testcase name="test1751" classname="com.operations.Matrix.RegressionTest3" time="0.002">
    <system-out><![CDATA[[10.0, 97.0]
[10.0, 97.0]
[10.0, 97.0]
[10.0, 77.0]
]]></system-out>
  </testcase>
  <testcase name="test1752" classname="com.operations.Matrix.RegressionTest3" time="0.0"/>
  <testcase name="test1753" classname="com.operations.Matrix.RegressionTest3" time="0.0">
    <system-out><![CDATA[[10.0, 97.0]
[10.0, 97.0]
]]></system-out>
  </testcase>
  <testcase name="test1754" classname="com.operations.Matrix.RegressionTest3" time="0.0"/>
  <testcase name="test1755" classname="com.operations.Matrix.RegressionTest3" time="0.001">
    <system-out><![CDATA[[10.0, 97.0]
[10.0, 97.0]
[10.0, 97.0]
[10.0, 97.0]
[10.0, 97.0]
[10.0, 97.0]
]]></system-out>
  </testcase>
  <testcase name="test1756" classname="com.operations.Matrix.RegressionTest3" time="0.0"/>
  <testcase name="test1757" classname="com.operations.Matrix.RegressionTest3" time="0.0"/>
  <testcase name="test1758" classname="com.operations.Matrix.RegressionTest3" time="0.0">
    <system-out><![CDATA[[100.0, 100.0, 100.0, 100.0, 100.0, 100.0, 100.0, 100.0, 100.0, 100.0, 100.0, 100.0, 100.0, 100.0, 100.0, 100.0, 100.0, 100.0, 100.0, 100.0, 100.0, 100.0, 100.0, 100.0, 100.0, 100.0, 100.0, 100.0, 100.0, 100.0, 100.0, 100.0]
[10.0, 10.0]
[97.0, 97.0]
]]></system-out>
  </testcase>
  <testcase name="test1759" classname="com.operations.Matrix.RegressionTest3" time="0.0"/>
  <testcase name="test1760" classname="com.operations.Matrix.RegressionTest3" time="0.0">
    <system-out><![CDATA[[10.0, 97.0]
[10.0, 97.0]
[0.0, 0.0]
[0.0, 10.0]
]]></system-out>
  </testcase>
  <testcase name="test1761" classname="com.operations.Matrix.RegressionTest3" time="0.001"/>
  <testcase name="test1762" classname="com.operations.Matrix.RegressionTest3" time="0.0"/>
  <testcase name="test1763" classname="com.operations.Matrix.RegressionTest3" time="0.0"/>
  <testcase name="test1764" classname="com.operations.Matrix.RegressionTest3" time="0.0"/>
  <testcase name="test1765" classname="com.operations.Matrix.RegressionTest3" time="0.0">
    <system-out><![CDATA[[0.9998476951563913, 0.01745240643728351]
[-0.01745240643728351, 0.9998476951563913]
]]></system-out>
  </testcase>
  <testcase name="test1766" classname="com.operations.Matrix.RegressionTest3" time="0.0"/>
  <testcase name="test1767" classname="com.operations.Matrix.RegressionTest3" time="0.0"/>
  <testcase name="test1768" classname="com.operations.Matrix.RegressionTest3" time="0.0"/>
  <testcase name="test1769" classname="com.operations.Matrix.RegressionTest3" time="0.0">
    <system-out><![CDATA[[10.0, 97.0]
[10.0, 97.0]
]]></system-out>
  </testcase>
  <testcase name="test1770" classname="com.operations.Matrix.RegressionTest3" time="0.0"/>
  <testcase name="test1771" classname="com.operations.Matrix.RegressionTest3" time="0.0"/>
  <testcase name="test1772" classname="com.operations.Matrix.RegressionTest3" time="0.0">
    <system-out><![CDATA[[20.0, 194.0]
[20.0, 194.0]
[20.0, 194.0]
[20.0, 194.0]
]]></system-out>
  </testcase>
  <testcase name="test1773" classname="com.operations.Matrix.RegressionTest3" time="0.0"/>
  <testcase name="test1774" classname="com.operations.Matrix.RegressionTest3" time="0.0"/>
  <testcase name="test1775" classname="com.operations.Matrix.RegressionTest3" time="0.0"/>
  <testcase name="test1776" classname="com.operations.Matrix.RegressionTest3" time="0.0"/>
  <testcase name="test1777" classname="com.operations.Matrix.RegressionTest3" time="0.0"/>
  <testcase name="test1778" classname="com.operations.Matrix.RegressionTest3" time="0.001"/>
  <testcase name="test1779" classname="com.operations.Matrix.RegressionTest3" time="0.0">
    <system-out><![CDATA[[10.0, 97.0]
[10.0, 97.0]
]]></system-out>
  </testcase>
  <testcase name="test1780" classname="com.operations.Matrix.RegressionTest3" time="0.0">
    <system-out><![CDATA[[10.0, 97.0]
[10.0, 97.0]
]]></system-out>
  </testcase>
  <testcase name="test1781" classname="com.operations.Matrix.RegressionTest3" time="0.001"/>
  <testcase name="test1782" classname="com.operations.Matrix.RegressionTest3" time="0.0"/>
  <testcase name="test1783" classname="com.operations.Matrix.RegressionTest3" time="0.0"/>
  <testcase name="test1784" classname="com.operations.Matrix.RegressionTest3" time="0.0"/>
  <testcase name="test1785" classname="com.operations.Matrix.RegressionTest3" time="0.0"/>
  <testcase name="test1786" classname="com.operations.Matrix.RegressionTest3" time="0.001"/>
  <testcase name="test1787" classname="com.operations.Matrix.RegressionTest3" time="0.0">
    <system-out><![CDATA[[100.0, 0.0]
[0.0, 32.0]
]]></system-out>
  </testcase>
  <testcase name="test1788" classname="com.operations.Matrix.RegressionTest3" time="0.0"/>
  <testcase name="test1789" classname="com.operations.Matrix.RegressionTest3" time="0.0"/>
  <testcase name="test1790" classname="com.operations.Matrix.RegressionTest3" time="0.001">
    <system-out><![CDATA[[-0.1736481776669303, -0.984807753012208]
[0.984807753012208, -0.1736481776669303]
[0.0, 0.0]
[0.0, 10.0]
]]></system-out>
  </testcase>
  <testcase name="test1791" classname="com.operations.Matrix.RegressionTest3" time="0.0"/>
  <testcase name="test1792" classname="com.operations.Matrix.RegressionTest3" time="0.0"/>
  <testcase name="test1793" classname="com.operations.Matrix.RegressionTest3" time="0.0"/>
  <testcase name="test1794" classname="com.operations.Matrix.RegressionTest3" time="0.0">
    <system-out><![CDATA[[-0.1736481776669303, -0.984807753012208]
[0.984807753012208, -0.1736481776669303]
]]></system-out>
  </testcase>
  <testcase name="test1795" classname="com.operations.Matrix.RegressionTest3" time="0.001">
    <system-out><![CDATA[[10.0, 97.0]
[10.0, 97.0]
]]></system-out>
  </testcase>
  <testcase name="test1796" classname="com.operations.Matrix.RegressionTest3" time="0.0"/>
  <testcase name="test1797" classname="com.operations.Matrix.RegressionTest3" time="0.0"/>
  <testcase name="test1798" classname="com.operations.Matrix.RegressionTest3" time="0.0"/>
  <testcase name="test1799" classname="com.operations.Matrix.RegressionTest3" time="0.001"/>
  <testcase name="test1800" classname="com.operations.Matrix.RegressionTest3" time="0.0"/>
  <testcase name="test1801" classname="com.operations.Matrix.RegressionTest3" time="0.0"/>
  <testcase name="test1802" classname="com.operations.Matrix.RegressionTest3" time="0.0"/>
  <testcase name="test1803" classname="com.operations.Matrix.RegressionTest3" time="0.0"/>
  <testcase name="test1804" classname="com.operations.Matrix.RegressionTest3" time="0.001"/>
  <testcase name="test1805" classname="com.operations.Matrix.RegressionTest3" time="0.0"/>
  <testcase name="test1806" classname="com.operations.Matrix.RegressionTest3" time="0.0">
    <system-out><![CDATA[[35.0]
[35.0]
[35.0]
[35.0]
[35.0]
[35.0]
[35.0]
[35.0]
[35.0]
[35.0]
[35.0]
[35.0]
[35.0]
[35.0]
[35.0]
[35.0]
[35.0]
[35.0]
[35.0]
[35.0]
[35.0]
[35.0]
[35.0]
[35.0]
[35.0]
[35.0]
[35.0]
[35.0]
[35.0]
[35.0]
[35.0]
[35.0]
[35.0]
[35.0]
[35.0]
[35.0]
[35.0]
[35.0]
[35.0]
[35.0]
[35.0]
[35.0]
[35.0]
[35.0]
[35.0]
[35.0]
[35.0]
[35.0]
[35.0]
[35.0]
[35.0]
[35.0]
[35.0]
[35.0]
[35.0]
[35.0]
[35.0]
[35.0]
[35.0]
[35.0]
[35.0]
[35.0]
[35.0]
[35.0]
[35.0]
[35.0]
[35.0]
[35.0]
[35.0]
[35.0]
[35.0]
[35.0]
[35.0]
[35.0]
[35.0]
[35.0]
[35.0]
[35.0]
[35.0]
[35.0]
[35.0]
[35.0]
[35.0]
[35.0]
[35.0]
[35.0]
[35.0]
[35.0]
[35.0]
[35.0]
[35.0]
[35.0]
[35.0]
[35.0]
[35.0]
[35.0]
[35.0]
[35.0]
[35.0]
[35.0]
]]></system-out>
  </testcase>
  <testcase name="test1807" classname="com.operations.Matrix.RegressionTest3" time="0.0"/>
  <testcase name="test1808" classname="com.operations.Matrix.RegressionTest3" time="0.0">
    <system-out><![CDATA[[10.0, 97.0]
[10.0, 97.0]
]]></system-out>
  </testcase>
  <testcase name="test1809" classname="com.operations.Matrix.RegressionTest3" time="0.0">
    <system-out><![CDATA[[0.0, 0.0]
[0.0, 10.0]
]]></system-out>
  </testcase>
  <testcase name="test1810" classname="com.operations.Matrix.RegressionTest3" time="0.0">
    <system-out><![CDATA[[10.0, 97.0]
[10.0, 97.0]
]]></system-out>
  </testcase>
  <testcase name="test1811" classname="com.operations.Matrix.RegressionTest3" time="0.001">
    <system-out><![CDATA[[10.0, 97.0]
[10.0, 97.0]
]]></system-out>
  </testcase>
  <testcase name="test1812" classname="com.operations.Matrix.RegressionTest3" time="0.0">
    <system-out><![CDATA[[-0.1736481776669303, -0.984807753012208]
[0.984807753012208, -0.1736481776669303]
[10.0, 97.0]
[10.0, 97.0]
]]></system-out>
  </testcase>
  <testcase name="test1813" classname="com.operations.Matrix.RegressionTest3" time="0.0"/>
  <testcase name="test1814" classname="com.operations.Matrix.RegressionTest3" time="0.001">
    <system-out><![CDATA[[10.0, 97.0]
[10.0, 97.0]
[10.0, 0.0]
[0.0, 35.0]
]]></system-out>
  </testcase>
  <testcase name="test1815" classname="com.operations.Matrix.RegressionTest3" time="0.0"/>
  <testcase name="test1816" classname="com.operations.Matrix.RegressionTest3" time="0.0"/>
  <testcase name="test1817" classname="com.operations.Matrix.RegressionTest3" time="0.0"/>
  <testcase name="test1818" classname="com.operations.Matrix.RegressionTest3" time="0.001"/>
  <testcase name="test1819" classname="com.operations.Matrix.RegressionTest3" time="0.0"/>
  <testcase name="test1820" classname="com.operations.Matrix.RegressionTest3" time="0.0"/>
  <testcase name="test1821" classname="com.operations.Matrix.RegressionTest3" time="0.001">
    <system-out><![CDATA[[3.1622776601683795, 0.0]
[3.162277660168379, 9.327379053088816]
[-0.1736481776669303, -0.984807753012208]
[0.984807753012208, -0.1736481776669303]
]]></system-out>
  </testcase>
  <testcase name="test1822" classname="com.operations.Matrix.RegressionTest3" time="0.0"/>
  <testcase name="test1823" classname="com.operations.Matrix.RegressionTest3" time="0.0"/>
  <testcase name="test1824" classname="com.operations.Matrix.RegressionTest3" time="0.0"/>
  <testcase name="test1825" classname="com.operations.Matrix.RegressionTest3" time="0.001">
    <system-out><![CDATA[[0.9998476951563913, -0.01745240643728351]
[0.01745240643728351, 0.9998476951563913]
]]></system-out>
  </testcase>
  <testcase name="test1826" classname="com.operations.Matrix.RegressionTest3" time="0.0"/>
  <testcase name="test1827" classname="com.operations.Matrix.RegressionTest3" time="0.0"/>
  <testcase name="test1828" classname="com.operations.Matrix.RegressionTest3" time="0.0"/>
  <testcase name="test1829" classname="com.operations.Matrix.RegressionTest3" time="0.001"/>
  <testcase name="test1830" classname="com.operations.Matrix.RegressionTest3" time="0.0">
    <system-out><![CDATA[[10.0, 97.0]
[10.0, 97.0]
]]></system-out>
  </testcase>
  <testcase name="test1831" classname="com.operations.Matrix.RegressionTest3" time="0.0">
    <system-out><![CDATA[[10.0, 97.0]
[10.0, 97.0]
]]></system-out>
  </testcase>
  <testcase name="test1832" classname="com.operations.Matrix.RegressionTest3" time="0.0"/>
  <testcase name="test1833" classname="com.operations.Matrix.RegressionTest3" time="0.001"/>
  <testcase name="test1834" classname="com.operations.Matrix.RegressionTest3" time="0.0"/>
  <testcase name="test1835" classname="com.operations.Matrix.RegressionTest3" time="0.0"/>
  <testcase name="test1836" classname="com.operations.Matrix.RegressionTest3" time="0.0"/>
  <testcase name="test1837" classname="com.operations.Matrix.RegressionTest3" time="0.001"/>
  <testcase name="test1838" classname="com.operations.Matrix.RegressionTest3" time="0.0"/>
  <testcase name="test1839" classname="com.operations.Matrix.RegressionTest3" time="0.0"/>
  <testcase name="test1840" classname="com.operations.Matrix.RegressionTest3" time="0.0">
    <system-out><![CDATA[[0.0, 0.0]
[0.0, 10.0]
]]></system-out>
  </testcase>
  <testcase name="test1841" classname="com.operations.Matrix.RegressionTest3" time="0.0"/>
  <testcase name="test1842" classname="com.operations.Matrix.RegressionTest3" time="0.001"/>
  <testcase name="test1843" classname="com.operations.Matrix.RegressionTest3" time="0.0">
    <system-out><![CDATA[[-0.1736481776669303, -0.984807753012208]
[0.984807753012208, -0.1736481776669303]
]]></system-out>
  </testcase>
  <testcase name="test1844" classname="com.operations.Matrix.RegressionTest3" time="0.0"/>
  <testcase name="test1845" classname="com.operations.Matrix.RegressionTest3" time="0.0">
    <system-out><![CDATA[[10.0, 97.0]
[10.0, 97.0]
]]></system-out>
  </testcase>
  <testcase name="test1846" classname="com.operations.Matrix.RegressionTest3" time="0.001">
    <system-out><![CDATA[[0.0, 0.0]
[0.0, 10.0]
]]></system-out>
  </testcase>
  <testcase name="test1847" classname="com.operations.Matrix.RegressionTest3" time="0.0"/>
  <testcase name="test1848" classname="com.operations.Matrix.RegressionTest3" time="0.0">
    <system-out><![CDATA[[10.0, 97.0]
[10.0, 97.0]
]]></system-out>
  </testcase>
  <testcase name="test1849" classname="com.operations.Matrix.RegressionTest3" time="0.0"/>
  <testcase name="test1850" classname="com.operations.Matrix.RegressionTest3" time="0.0">
    <system-out><![CDATA[[0.0, 0.0]
[0.0, 10.0]
[0.0, 0.0]
[0.0, 10.0]
]]></system-out>
  </testcase>
  <testcase name="test1851" classname="com.operations.Matrix.RegressionTest3" time="0.001"/>
  <testcase name="test1852" classname="com.operations.Matrix.RegressionTest3" time="0.0"/>
  <testcase name="test1853" classname="com.operations.Matrix.RegressionTest3" time="0.0">
    <system-out><![CDATA[[10.0, 97.0]
[10.0, 97.0]
[-0.1736481776669303, -0.984807753012208]
[0.984807753012208, -0.1736481776669303]
]]></system-out>
  </testcase>
  <testcase name="test1854" classname="com.operations.Matrix.RegressionTest3" time="0.0"/>
  <testcase name="test1855" classname="com.operations.Matrix.RegressionTest3" time="0.0"/>
  <testcase name="test1856" classname="com.operations.Matrix.RegressionTest3" time="0.001"/>
  <testcase name="test1857" classname="com.operations.Matrix.RegressionTest3" time="0.0">
    <system-out><![CDATA[[98.07140255956371, 0.0]
[0.0, 100.0]
]]></system-out>
  </testcase>
  <testcase name="test1858" classname="com.operations.Matrix.RegressionTest3" time="0.0">
    <system-out><![CDATA[[100.0, 0.0]
[0.0, 32.0]
]]></system-out>
  </testcase>
  <testcase name="test1859" classname="com.operations.Matrix.RegressionTest3" time="0.0"/>
  <testcase name="test1860" classname="com.operations.Matrix.RegressionTest3" time="0.0"/>
  <testcase name="test1861" classname="com.operations.Matrix.RegressionTest3" time="0.0">
    <system-out><![CDATA[[10.0, 97.0]
[10.0, 97.0]
]]></system-out>
  </testcase>
  <testcase name="test1862" classname="com.operations.Matrix.RegressionTest3" time="0.001">
    <system-out><![CDATA[[20.0, 194.0]
[20.0, 194.0]
]]></system-out>
  </testcase>
  <testcase name="test1863" classname="com.operations.Matrix.RegressionTest3" time="0.0"/>
  <testcase name="test1864" classname="com.operations.Matrix.RegressionTest3" time="0.0"/>
  <testcase name="test1865" classname="com.operations.Matrix.RegressionTest3" time="0.0"/>
  <testcase name="test1866" classname="com.operations.Matrix.RegressionTest3" time="0.0"/>
  <testcase name="test1867" classname="com.operations.Matrix.RegressionTest3" time="0.0"/>
  <testcase name="test1868" classname="com.operations.Matrix.RegressionTest3" time="0.0">
    <system-out><![CDATA[[0.0, 0.0]
[0.0, 10.0]
]]></system-out>
  </testcase>
  <testcase name="test1869" classname="com.operations.Matrix.RegressionTest3" time="0.001"/>
  <testcase name="test1870" classname="com.operations.Matrix.RegressionTest3" time="0.0"/>
  <testcase name="test1871" classname="com.operations.Matrix.RegressionTest3" time="0.0"/>
  <testcase name="test1872" classname="com.operations.Matrix.RegressionTest3" time="0.0"/>
  <testcase name="test1873" classname="com.operations.Matrix.RegressionTest3" time="0.0"/>
  <testcase name="test1874" classname="com.operations.Matrix.RegressionTest3" time="0.0"/>
  <testcase name="test1875" classname="com.operations.Matrix.RegressionTest3" time="0.0"/>
  <testcase name="test1876" classname="com.operations.Matrix.RegressionTest3" time="0.0">
    <system-out><![CDATA[[0.0, 0.0]
[0.0, 10.0]
[0.0, 0.0]
[0.0, 10.0]
]]></system-out>
  </testcase>
  <testcase name="test1877" classname="com.operations.Matrix.RegressionTest3" time="0.0">
    <system-out><![CDATA[[10.0, 97.0]
[10.0, 97.0]
]]></system-out>
  </testcase>
  <testcase name="test1878" classname="com.operations.Matrix.RegressionTest3" time="0.001"/>
  <testcase name="test1879" classname="com.operations.Matrix.RegressionTest3" time="0.0"/>
  <testcase name="test1880" classname="com.operations.Matrix.RegressionTest3" time="0.0"/>
  <testcase name="test1881" classname="com.operations.Matrix.RegressionTest3" time="0.0"/>
  <testcase name="test1882" classname="com.operations.Matrix.RegressionTest3" time="0.001"/>
  <testcase name="test1883" classname="com.operations.Matrix.RegressionTest3" time="0.0"/>
  <testcase name="test1884" classname="com.operations.Matrix.RegressionTest3" time="0.0">
    <system-out><![CDATA[[36.40054944640259, 0.0]
[0.0, 364.0054944640259]
]]></system-out>
  </testcase>
  <testcase name="test1885" classname="com.operations.Matrix.RegressionTest3" time="0.0"/>
  <testcase name="test1886" classname="com.operations.Matrix.RegressionTest3" time="0.0"/>
  <testcase name="test1887" classname="com.operations.Matrix.RegressionTest3" time="0.001">
    <system-out><![CDATA[[10.0, 97.0]
[10.0, 97.0]
[10.0, 97.0]
[10.0, 97.0]
]]></system-out>
  </testcase>
  <testcase name="test1888" classname="com.operations.Matrix.RegressionTest3" time="0.0"/>
  <testcase name="test1889" classname="com.operations.Matrix.RegressionTest3" time="0.0"/>
  <testcase name="test1890" classname="com.operations.Matrix.RegressionTest3" time="0.0">
    <system-out><![CDATA[[10.0, 97.0]
[10.0, 97.0]
]]></system-out>
  </testcase>
  <testcase name="test1891" classname="com.operations.Matrix.RegressionTest3" time="0.001"/>
  <testcase name="test1892" classname="com.operations.Matrix.RegressionTest3" time="0.0">
    <system-out><![CDATA[[32.0, 0.0]
[0.0, 0.0]
]]></system-out>
  </testcase>
  <testcase name="test1893" classname="com.operations.Matrix.RegressionTest3" time="0.0"/>
  <testcase name="test1894" classname="com.operations.Matrix.RegressionTest3" time="0.0"/>
  <testcase name="test1895" classname="com.operations.Matrix.RegressionTest3" time="0.0"/>
  <testcase name="test1896" classname="com.operations.Matrix.RegressionTest3" time="0.001"/>
  <testcase name="test1897" classname="com.operations.Matrix.RegressionTest3" time="0.0">
    <system-out><![CDATA[[10.0, 97.0]
[10.0, 97.0]
]]></system-out>
  </testcase>
  <testcase name="test1898" classname="com.operations.Matrix.RegressionTest3" time="0.0"/>
  <testcase name="test1899" classname="com.operations.Matrix.RegressionTest3" time="0.0"/>
  <testcase name="test1900" classname="com.operations.Matrix.RegressionTest3" time="0.0"/>
  <testcase name="test1901" classname="com.operations.Matrix.RegressionTest3" time="0.0"/>
  <testcase name="test1902" classname="com.operations.Matrix.RegressionTest3" time="0.0"/>
  <testcase name="test1903" classname="com.operations.Matrix.RegressionTest3" time="0.0"/>
  <testcase name="test1904" classname="com.operations.Matrix.RegressionTest3" time="0.0"/>
  <testcase name="test1905" classname="com.operations.Matrix.RegressionTest3" time="0.0">
    <system-out><![CDATA[[0.0, 0.0]
[0.0, 10.0]
]]></system-out>
  </testcase>
  <testcase name="test1906" classname="com.operations.Matrix.RegressionTest3" time="0.0"/>
  <testcase name="test1907" classname="com.operations.Matrix.RegressionTest3" time="0.001">
    <system-out><![CDATA[[10.0, 97.0]
[10.0, 97.0]
[10.0, 97.0]
[10.0, 97.0]
]]></system-out>
  </testcase>
  <testcase name="test1908" classname="com.operations.Matrix.RegressionTest3" time="0.0"/>
  <testcase name="test1909" classname="com.operations.Matrix.RegressionTest3" time="0.0"/>
  <testcase name="test1910" classname="com.operations.Matrix.RegressionTest3" time="0.0"/>
  <testcase name="test1911" classname="com.operations.Matrix.RegressionTest3" time="0.0"/>
  <testcase name="test1912" classname="com.operations.Matrix.RegressionTest3" time="0.0"/>
  <testcase name="test1913" classname="com.operations.Matrix.RegressionTest3" time="0.0"/>
  <testcase name="test1914" classname="com.operations.Matrix.RegressionTest3" time="0.0"/>
  <testcase name="test1915" classname="com.operations.Matrix.RegressionTest3" time="0.001"/>
  <testcase name="test1916" classname="com.operations.Matrix.RegressionTest3" time="0.0"/>
  <testcase name="test1917" classname="com.operations.Matrix.RegressionTest3" time="0.0"/>
  <testcase name="test1918" classname="com.operations.Matrix.RegressionTest3" time="0.0"/>
  <testcase name="test1919" classname="com.operations.Matrix.RegressionTest3" time="0.001"/>
  <testcase name="test1920" classname="com.operations.Matrix.RegressionTest3" time="0.0">
    <system-out><![CDATA[[0.9998476951563913, -0.01745240643728351]
[0.01745240643728351, 0.9998476951563913]
[0.0, 0.0]
[0.0, 10.0]
]]></system-out>
  </testcase>
  <testcase name="test1921" classname="com.operations.Matrix.RegressionTest3" time="0.001"/>
  <testcase name="test1922" classname="com.operations.Matrix.RegressionTest3" time="0.0"/>
  <testcase name="test1923" classname="com.operations.Matrix.RegressionTest3" time="0.0">
    <system-out><![CDATA[[0.6156614753256583, -0.788010753606722]
[0.788010753606722, 0.6156614753256583]
]]></system-out>
  </testcase>
  <testcase name="test1924" classname="com.operations.Matrix.RegressionTest3" time="0.0"/>
  <testcase name="test1925" classname="com.operations.Matrix.RegressionTest3" time="0.0"/>
  <testcase name="test1926" classname="com.operations.Matrix.RegressionTest3" time="0.001"/>
  <testcase name="test1927" classname="com.operations.Matrix.RegressionTest3" time="0.0"/>
  <testcase name="test1928" classname="com.operations.Matrix.RegressionTest3" time="0.0">
    <system-out><![CDATA[[-0.1736481776669303, -0.984807753012208]
[0.984807753012208, -0.1736481776669303]
]]></system-out>
  </testcase>
  <testcase name="test1929" classname="com.operations.Matrix.RegressionTest3" time="0.0">
    <system-out><![CDATA[[0.0, 0.0]
[0.0, 0.0]
]]></system-out>
  </testcase>
  <testcase name="test1930" classname="com.operations.Matrix.RegressionTest3" time="0.0">
    <system-out><![CDATA[[-0.1736481776669303, -0.984807753012208]
[0.984807753012208, -0.1736481776669303]
]]></system-out>
  </testcase>
  <testcase name="test1931" classname="com.operations.Matrix.RegressionTest3" time="0.0"/>
  <testcase name="test1932" classname="com.operations.Matrix.RegressionTest3" time="0.0"/>
  <testcase name="test1933" classname="com.operations.Matrix.RegressionTest3" time="0.0"/>
  <testcase name="test1934" classname="com.operations.Matrix.RegressionTest3" time="0.0"/>
  <testcase name="test1935" classname="com.operations.Matrix.RegressionTest3" time="0.0"/>
  <testcase name="test1936" classname="com.operations.Matrix.RegressionTest3" time="0.0"/>
  <testcase name="test1937" classname="com.operations.Matrix.RegressionTest3" time="0.0"/>
  <testcase name="test1938" classname="com.operations.Matrix.RegressionTest3" time="0.0"/>
  <testcase name="test1939" classname="com.operations.Matrix.RegressionTest3" time="0.001"/>
  <testcase name="test1940" classname="com.operations.Matrix.RegressionTest3" time="0.0"/>
  <testcase name="test1941" classname="com.operations.Matrix.RegressionTest3" time="0.0">
    <system-out><![CDATA[[0.0, 0.0]
[0.0, 10.0]
]]></system-out>
  </testcase>
  <testcase name="test1942" classname="com.operations.Matrix.RegressionTest3" time="0.0">
    <system-out><![CDATA[[100.0, 0.0]
[0.0, 32.0]
[-0.1736481776669303, -0.984807753012208]
[0.984807753012208, -0.1736481776669303]
]]></system-out>
  </testcase>
  <testcase name="test1943" classname="com.operations.Matrix.RegressionTest3" time="0.0"/>
  <testcase name="test1944" classname="com.operations.Matrix.RegressionTest3" time="0.0"/>
  <testcase name="test1945" classname="com.operations.Matrix.RegressionTest3" time="0.0">
    <system-out><![CDATA[[10.0, 97.0]
[10.0, 97.0]
]]></system-out>
  </testcase>
  <testcase name="test1946" classname="com.operations.Matrix.RegressionTest3" time="0.0"/>
  <testcase name="test1947" classname="com.operations.Matrix.RegressionTest3" time="0.0"/>
  <testcase name="test1948" classname="com.operations.Matrix.RegressionTest3" time="0.001"/>
  <testcase name="test1949" classname="com.operations.Matrix.RegressionTest3" time="0.0"/>
  <testcase name="test1950" classname="com.operations.Matrix.RegressionTest3" time="0.0">
    <system-out><![CDATA[[32.0, 0.0]
[0.0, 0.0]
]]></system-out>
  </testcase>
  <testcase name="test1951" classname="com.operations.Matrix.RegressionTest3" time="0.0">
    <system-out><![CDATA[[-0.1736481776669303, -0.984807753012208]
[0.984807753012208, -0.1736481776669303]
[0.9998476951563913, -0.01745240643728351]
[0.01745240643728351, 0.9998476951563913]
[0.0, 0.0]
[0.0, 10.0]
]]></system-out>
  </testcase>
  <testcase name="test1952" classname="com.operations.Matrix.RegressionTest3" time="0.0"/>
  <testcase name="test1953" classname="com.operations.Matrix.RegressionTest3" time="0.0"/>
  <testcase name="test1954" classname="com.operations.Matrix.RegressionTest3" time="0.0">
    <system-out><![CDATA[[0.0, 0.0]
[0.0, 10.0]
]]></system-out>
  </testcase>
  <testcase name="test1955" classname="com.operations.Matrix.RegressionTest3" time="0.0">
    <system-out><![CDATA[[10.0, 97.0]
[10.0, 97.0]
]]></system-out>
  </testcase>
  <testcase name="test1956" classname="com.operations.Matrix.RegressionTest3" time="0.0">
    <system-out><![CDATA[[0.0, 0.0]
[0.0, 10.0]
[0.0, 0.0]
[0.0, 1000.0499987500625]
]]></system-out>
  </testcase>
  <testcase name="test1957" classname="com.operations.Matrix.RegressionTest3" time="0.001"/>
  <testcase name="test1958" classname="com.operations.Matrix.RegressionTest3" time="0.0"/>
  <testcase name="test1959" classname="com.operations.Matrix.RegressionTest3" time="0.0"/>
  <testcase name="test1960" classname="com.operations.Matrix.RegressionTest3" time="0.0"/>
  <testcase name="test1961" classname="com.operations.Matrix.RegressionTest3" time="0.0"/>
  <testcase name="test1962" classname="com.operations.Matrix.RegressionTest3" time="0.0">
    <system-out><![CDATA[[35.0]
[35.0]
[35.0]
[35.0]
[35.0]
[35.0]
[35.0]
[35.0]
[35.0]
[35.0]
[35.0]
[35.0]
[35.0]
[35.0]
[35.0]
[35.0]
[35.0]
[35.0]
[35.0]
[35.0]
[35.0]
[35.0]
[35.0]
[35.0]
[35.0]
[35.0]
[35.0]
[35.0]
[35.0]
[35.0]
[35.0]
[35.0]
[35.0]
[35.0]
[35.0]
[35.0]
[35.0]
[35.0]
[35.0]
[35.0]
[35.0]
[35.0]
[35.0]
[35.0]
[35.0]
[35.0]
[35.0]
[35.0]
[35.0]
[35.0]
[35.0]
[35.0]
[35.0]
[35.0]
[35.0]
[35.0]
[35.0]
[35.0]
[35.0]
[35.0]
[35.0]
[35.0]
[35.0]
[35.0]
[35.0]
[35.0]
[35.0]
[35.0]
[35.0]
[35.0]
[35.0]
[35.0]
[35.0]
[35.0]
[35.0]
[35.0]
[35.0]
[35.0]
[35.0]
[35.0]
[35.0]
[35.0]
[35.0]
[35.0]
[35.0]
[35.0]
[35.0]
[35.0]
[35.0]
[35.0]
[35.0]
[35.0]
[35.0]
[35.0]
[35.0]
[35.0]
[35.0]
[35.0]
[35.0]
[35.0]
[100.0, 0.0]
[0.0, 32.0]
]]></system-out>
  </testcase>
  <testcase name="test1963" classname="com.operations.Matrix.RegressionTest3" time="0.0"/>
  <testcase name="test1964" classname="com.operations.Matrix.RegressionTest3" time="0.0"/>
  <testcase name="test1965" classname="com.operations.Matrix.RegressionTest3" time="0.0"/>
  <testcase name="test1966" classname="com.operations.Matrix.RegressionTest3" time="0.0"/>
  <testcase name="test1967" classname="com.operations.Matrix.RegressionTest3" time="0.0"/>
  <testcase name="test1968" classname="com.operations.Matrix.RegressionTest3" time="0.0">
    <system-out><![CDATA[[35.0]
[35.0]
[35.0]
[35.0]
[35.0]
[35.0]
[35.0]
[35.0]
[35.0]
[35.0]
[35.0]
[35.0]
[35.0]
[35.0]
[35.0]
[35.0]
[35.0]
[35.0]
[35.0]
[35.0]
[35.0]
[35.0]
[35.0]
[35.0]
[35.0]
[35.0]
[35.0]
[35.0]
[35.0]
[35.0]
[35.0]
[35.0]
[35.0]
[35.0]
[35.0]
[35.0]
[35.0]
[35.0]
[35.0]
[35.0]
[35.0]
[35.0]
[35.0]
[35.0]
[35.0]
[35.0]
[35.0]
[35.0]
[35.0]
[35.0]
[35.0]
[35.0]
[35.0]
[35.0]
[35.0]
[35.0]
[35.0]
[35.0]
[35.0]
[35.0]
[35.0]
[35.0]
[35.0]
[35.0]
[35.0]
[35.0]
[35.0]
[35.0]
[35.0]
[35.0]
[35.0]
[35.0]
[35.0]
[35.0]
[35.0]
[35.0]
[35.0]
[35.0]
[35.0]
[35.0]
[35.0]
[35.0]
[35.0]
[35.0]
[35.0]
[35.0]
[35.0]
[35.0]
[35.0]
[35.0]
[35.0]
[35.0]
[35.0]
[35.0]
[35.0]
[35.0]
[35.0]
[35.0]
[35.0]
[35.0]
[0.0, 0.0]
[0.0, 10.0]
]]></system-out>
  </testcase>
  <testcase name="test1969" classname="com.operations.Matrix.RegressionTest3" time="0.001">
    <system-out><![CDATA[[0.0, 0.0]
[0.0, 10.0]
]]></system-out>
  </testcase>
  <testcase name="test1970" classname="com.operations.Matrix.RegressionTest3" time="0.0"/>
  <testcase name="test1971" classname="com.operations.Matrix.RegressionTest3" time="0.0"/>
  <testcase name="test1972" classname="com.operations.Matrix.RegressionTest3" time="0.0"/>
  <testcase name="test1973" classname="com.operations.Matrix.RegressionTest3" time="0.0"/>
  <testcase name="test1974" classname="com.operations.Matrix.RegressionTest3" time="0.0"/>
  <testcase name="test1975" classname="com.operations.Matrix.RegressionTest3" time="0.0"/>
  <testcase name="test1976" classname="com.operations.Matrix.RegressionTest3" time="0.0"/>
  <testcase name="test1977" classname="com.operations.Matrix.RegressionTest3" time="0.002"/>
  <testcase name="test1978" classname="com.operations.Matrix.RegressionTest3" time="0.0"/>
  <testcase name="test1979" classname="com.operations.Matrix.RegressionTest3" time="0.0"/>
  <testcase name="test1980" classname="com.operations.Matrix.RegressionTest3" time="0.0"/>
  <testcase name="test1981" classname="com.operations.Matrix.RegressionTest3" time="0.0"/>
  <testcase name="test1982" classname="com.operations.Matrix.RegressionTest3" time="0.0"/>
  <testcase name="test1983" classname="com.operations.Matrix.RegressionTest3" time="0.0"/>
  <testcase name="test1984" classname="com.operations.Matrix.RegressionTest3" time="0.0"/>
  <testcase name="test1985" classname="com.operations.Matrix.RegressionTest3" time="0.0"/>
  <testcase name="test1986" classname="com.operations.Matrix.RegressionTest3" time="0.0"/>
  <testcase name="test1987" classname="com.operations.Matrix.RegressionTest3" time="0.0"/>
  <testcase name="test1988" classname="com.operations.Matrix.RegressionTest3" time="0.001"/>
  <testcase name="test1989" classname="com.operations.Matrix.RegressionTest3" time="0.0"/>
  <testcase name="test1990" classname="com.operations.Matrix.RegressionTest3" time="0.0"/>
  <testcase name="test1991" classname="com.operations.Matrix.RegressionTest3" time="0.0"/>
  <testcase name="test1992" classname="com.operations.Matrix.RegressionTest3" time="0.0"/>
  <testcase name="test1993" classname="com.operations.Matrix.RegressionTest3" time="0.0"/>
  <testcase name="test1994" classname="com.operations.Matrix.RegressionTest3" time="0.001"/>
  <testcase name="test1995" classname="com.operations.Matrix.RegressionTest3" time="0.0"/>
  <testcase name="test1996" classname="com.operations.Matrix.RegressionTest3" time="0.0"/>
  <testcase name="test1997" classname="com.operations.Matrix.RegressionTest3" time="0.0"/>
  <testcase name="test1998" classname="com.operations.Matrix.RegressionTest3" time="0.0">
    <system-out><![CDATA[[0.9998476951563913, -0.01745240643728351]
[0.01745240643728351, 0.9998476951563913]
[0.0, 0.0]
[0.0, 10.0]
]]></system-out>
  </testcase>
  <testcase name="test1999" classname="com.operations.Matrix.RegressionTest3" time="0.001"/>
  <testcase name="test2000" classname="com.operations.Matrix.RegressionTest3" time="0.0"/>
</testsuite>