<?xml version="1.0" encoding="UTF-8"?>
<testsuite xmlns:xsi="http://www.w3.org/2001/XMLSchema-instance" xsi:noNamespaceSchemaLocation="https://maven.apache.org/surefire/maven-surefire-plugin/xsd/surefire-test-report.xsd" version="3.0.2" name="com.operations.Matrix.RegressionTest6" time="0.125" tests="500" errors="0" skipped="0" failures="0">
  <properties>
    <property name="java.specification.version" value="21"/>
    <property name="sun.cpu.isalist" value="amd64"/>
    <property name="sun.jnu.encoding" value="Cp1252"/>
    <property name="java.class.path" value="C:\Users\babal\OneDrive\Desktop\Jasweer_Files\new\Matrix\Matrix\target\test-classes;C:\Users\babal\OneDrive\Desktop\Jasweer_Files\new\Matrix\Matrix\target\classes;C:\Users\babal\.m2\repository\org\springframework\boot\spring-boot-starter\3.4.0\spring-boot-starter-3.4.0.jar;C:\Users\babal\.m2\repository\org\springframework\boot\spring-boot\3.4.0\spring-boot-3.4.0.jar;C:\Users\babal\.m2\repository\org\springframework\spring-context\6.2.0\spring-context-6.2.0.jar;C:\Users\babal\.m2\repository\org\springframework\spring-aop\6.2.0\spring-aop-6.2.0.jar;C:\Users\babal\.m2\repository\org\springframework\spring-beans\6.2.0\spring-beans-6.2.0.jar;C:\Users\babal\.m2\repository\org\springframework\spring-expression\6.2.0\spring-expression-6.2.0.jar;C:\Users\babal\.m2\repository\io\micrometer\micrometer-observation\1.14.1\micrometer-observation-1.14.1.jar;C:\Users\babal\.m2\repository\io\micrometer\micrometer-commons\1.14.1\micrometer-commons-1.14.1.jar;C:\Users\babal\.m2\repository\org\springframework\boot\spring-boot-autoconfigure\3.4.0\spring-boot-autoconfigure-3.4.0.jar;C:\Users\babal\.m2\repository\org\springframework\boot\spring-boot-starter-logging\3.4.0\spring-boot-starter-logging-3.4.0.jar;C:\Users\babal\.m2\repository\ch\qos\logback\logback-classic\1.5.12\logback-classic-1.5.12.jar;C:\Users\babal\.m2\repository\ch\qos\logback\logback-core\1.5.12\logback-core-1.5.12.jar;C:\Users\babal\.m2\repository\org\apache\logging\log4j\log4j-to-slf4j\2.24.1\log4j-to-slf4j-2.24.1.jar;C:\Users\babal\.m2\repository\org\apache\logging\log4j\log4j-api\2.24.1\log4j-api-2.24.1.jar;C:\Users\babal\.m2\repository\org\slf4j\jul-to-slf4j\2.0.16\jul-to-slf4j-2.0.16.jar;C:\Users\babal\.m2\repository\jakarta\annotation\jakarta.annotation-api\2.1.1\jakarta.annotation-api-2.1.1.jar;C:\Users\babal\.m2\repository\org\springframework\spring-core\6.2.0\spring-core-6.2.0.jar;C:\Users\babal\.m2\repository\org\springframework\spring-jcl\6.2.0\spring-jcl-6.2.0.jar;C:\Users\babal\.m2\repository\org\yaml\snakeyaml\2.3\snakeyaml-2.3.jar;C:\Users\babal\.m2\repository\org\springframework\boot\spring-boot-starter-test\3.4.0\spring-boot-starter-test-3.4.0.jar;C:\Users\babal\.m2\repository\org\springframework\boot\spring-boot-test\3.4.0\spring-boot-test-3.4.0.jar;C:\Users\babal\.m2\repository\org\springframework\boot\spring-boot-test-autoconfigure\3.4.0\spring-boot-test-autoconfigure-3.4.0.jar;C:\Users\babal\.m2\repository\com\jayway\jsonpath\json-path\2.9.0\json-path-2.9.0.jar;C:\Users\babal\.m2\repository\org\slf4j\slf4j-api\2.0.16\slf4j-api-2.0.16.jar;C:\Users\babal\.m2\repository\jakarta\xml\bind\jakarta.xml.bind-api\4.0.2\jakarta.xml.bind-api-4.0.2.jar;C:\Users\babal\.m2\repository\jakarta\activation\jakarta.activation-api\2.1.3\jakarta.activation-api-2.1.3.jar;C:\Users\babal\.m2\repository\net\minidev\json-smart\2.5.1\json-smart-2.5.1.jar;C:\Users\babal\.m2\repository\net\minidev\accessors-smart\2.5.1\accessors-smart-2.5.1.jar;C:\Users\babal\.m2\repository\org\ow2\asm\asm\9.6\asm-9.6.jar;C:\Users\babal\.m2\repository\org\assertj\assertj-core\3.26.3\assertj-core-3.26.3.jar;C:\Users\babal\.m2\repository\net\bytebuddy\byte-buddy\1.15.10\byte-buddy-1.15.10.jar;C:\Users\babal\.m2\repository\org\awaitility\awaitility\4.2.2\awaitility-4.2.2.jar;C:\Users\babal\.m2\repository\org\hamcrest\hamcrest\2.2\hamcrest-2.2.jar;C:\Users\babal\.m2\repository\org\mockito\mockito-core\5.14.2\mockito-core-5.14.2.jar;C:\Users\babal\.m2\repository\net\bytebuddy\byte-buddy-agent\1.15.10\byte-buddy-agent-1.15.10.jar;C:\Users\babal\.m2\repository\org\objenesis\objenesis\3.3\objenesis-3.3.jar;C:\Users\babal\.m2\repository\org\mockito\mockito-junit-jupiter\5.14.2\mockito-junit-jupiter-5.14.2.jar;C:\Users\babal\.m2\repository\org\junit\jupiter\junit-jupiter-api\5.11.3\junit-jupiter-api-5.11.3.jar;C:\Users\babal\.m2\repository\org\opentest4j\opentest4j\1.3.0\opentest4j-1.3.0.jar;C:\Users\babal\.m2\repository\org\junit\platform\junit-platform-commons\1.11.3\junit-platform-commons-1.11.3.jar;C:\Users\babal\.m2\repository\org\apiguardian\apiguardian-api\1.1.2\apiguardian-api-1.1.2.jar;C:\Users\babal\.m2\repository\org\skyscreamer\jsonassert\1.5.3\jsonassert-1.5.3.jar;C:\Users\babal\.m2\repository\com\vaadin\external\google\android-json\0.0.20131108.vaadin1\android-json-0.0.20131108.vaadin1.jar;C:\Users\babal\.m2\repository\org\springframework\spring-test\6.2.0\spring-test-6.2.0.jar;C:\Users\babal\.m2\repository\org\xmlunit\xmlunit-core\2.10.0\xmlunit-core-2.10.0.jar;C:\Users\babal\.m2\repository\junit\junit\4.13.2\junit-4.13.2.jar;C:\Users\babal\.m2\repository\org\hamcrest\hamcrest-core\2.2\hamcrest-core-2.2.jar;"/>
    <property name="java.vm.vendor" value="Eclipse Adoptium"/>
    <property name="sun.arch.data.model" value="64"/>
    <property name="user.variant" value=""/>
    <property name="java.vendor.url" value="https://adoptium.net/"/>
    <property name="user.timezone" value="America/Phoenix"/>
    <property name="os.name" value="Windows 11"/>
    <property name="java.vm.specification.version" value="21"/>
    <property name="sun.java.launcher" value="SUN_STANDARD"/>
    <property name="user.country" value="US"/>
    <property name="sun.boot.library.path" value="C:\Program Files\Eclipse Adoptium\jdk-21.0.5.11-hotspot\bin"/>
    <property name="sun.java.command" value="C:\Users\babal\AppData\Local\Temp\surefire15261729316555012028\surefirebooter-20241209114331853_3.jar C:\Users\babal\AppData\Local\Temp\surefire15261729316555012028 2024-12-09T11-43-31_743-jvmRun1 surefire-20241209114331853_1tmp surefire_0-20241209114331853_2tmp"/>
    <property name="jdk.debug" value="release"/>
    <property name="surefire.test.class.path" value="C:\Users\babal\OneDrive\Desktop\Jasweer_Files\new\Matrix\Matrix\target\test-classes;C:\Users\babal\OneDrive\Desktop\Jasweer_Files\new\Matrix\Matrix\target\classes;C:\Users\babal\.m2\repository\org\springframework\boot\spring-boot-starter\3.4.0\spring-boot-starter-3.4.0.jar;C:\Users\babal\.m2\repository\org\springframework\boot\spring-boot\3.4.0\spring-boot-3.4.0.jar;C:\Users\babal\.m2\repository\org\springframework\spring-context\6.2.0\spring-context-6.2.0.jar;C:\Users\babal\.m2\repository\org\springframework\spring-aop\6.2.0\spring-aop-6.2.0.jar;C:\Users\babal\.m2\repository\org\springframework\spring-beans\6.2.0\spring-beans-6.2.0.jar;C:\Users\babal\.m2\repository\org\springframework\spring-expression\6.2.0\spring-expression-6.2.0.jar;C:\Users\babal\.m2\repository\io\micrometer\micrometer-observation\1.14.1\micrometer-observation-1.14.1.jar;C:\Users\babal\.m2\repository\io\micrometer\micrometer-commons\1.14.1\micrometer-commons-1.14.1.jar;C:\Users\babal\.m2\repository\org\springframework\boot\spring-boot-autoconfigure\3.4.0\spring-boot-autoconfigure-3.4.0.jar;C:\Users\babal\.m2\repository\org\springframework\boot\spring-boot-starter-logging\3.4.0\spring-boot-starter-logging-3.4.0.jar;C:\Users\babal\.m2\repository\ch\qos\logback\logback-classic\1.5.12\logback-classic-1.5.12.jar;C:\Users\babal\.m2\repository\ch\qos\logback\logback-core\1.5.12\logback-core-1.5.12.jar;C:\Users\babal\.m2\repository\org\apache\logging\log4j\log4j-to-slf4j\2.24.1\log4j-to-slf4j-2.24.1.jar;C:\Users\babal\.m2\repository\org\apache\logging\log4j\log4j-api\2.24.1\log4j-api-2.24.1.jar;C:\Users\babal\.m2\repository\org\slf4j\jul-to-slf4j\2.0.16\jul-to-slf4j-2.0.16.jar;C:\Users\babal\.m2\repository\jakarta\annotation\jakarta.annotation-api\2.1.1\jakarta.annotation-api-2.1.1.jar;C:\Users\babal\.m2\repository\org\springframework\spring-core\6.2.0\spring-core-6.2.0.jar;C:\Users\babal\.m2\repository\org\springframework\spring-jcl\6.2.0\spring-jcl-6.2.0.jar;C:\Users\babal\.m2\repository\org\yaml\snakeyaml\2.3\snakeyaml-2.3.jar;C:\Users\babal\.m2\repository\org\springframework\boot\spring-boot-starter-test\3.4.0\spring-boot-starter-test-3.4.0.jar;C:\Users\babal\.m2\repository\org\springframework\boot\spring-boot-test\3.4.0\spring-boot-test-3.4.0.jar;C:\Users\babal\.m2\repository\org\springframework\boot\spring-boot-test-autoconfigure\3.4.0\spring-boot-test-autoconfigure-3.4.0.jar;C:\Users\babal\.m2\repository\com\jayway\jsonpath\json-path\2.9.0\json-path-2.9.0.jar;C:\Users\babal\.m2\repository\org\slf4j\slf4j-api\2.0.16\slf4j-api-2.0.16.jar;C:\Users\babal\.m2\repository\jakarta\xml\bind\jakarta.xml.bind-api\4.0.2\jakarta.xml.bind-api-4.0.2.jar;C:\Users\babal\.m2\repository\jakarta\activation\jakarta.activation-api\2.1.3\jakarta.activation-api-2.1.3.jar;C:\Users\babal\.m2\repository\net\minidev\json-smart\2.5.1\json-smart-2.5.1.jar;C:\Users\babal\.m2\repository\net\minidev\accessors-smart\2.5.1\accessors-smart-2.5.1.jar;C:\Users\babal\.m2\repository\org\ow2\asm\asm\9.6\asm-9.6.jar;C:\Users\babal\.m2\repository\org\assertj\assertj-core\3.26.3\assertj-core-3.26.3.jar;C:\Users\babal\.m2\repository\net\bytebuddy\byte-buddy\1.15.10\byte-buddy-1.15.10.jar;C:\Users\babal\.m2\repository\org\awaitility\awaitility\4.2.2\awaitility-4.2.2.jar;C:\Users\babal\.m2\repository\org\hamcrest\hamcrest\2.2\hamcrest-2.2.jar;C:\Users\babal\.m2\repository\org\mockito\mockito-core\5.14.2\mockito-core-5.14.2.jar;C:\Users\babal\.m2\repository\net\bytebuddy\byte-buddy-agent\1.15.10\byte-buddy-agent-1.15.10.jar;C:\Users\babal\.m2\repository\org\objenesis\objenesis\3.3\objenesis-3.3.jar;C:\Users\babal\.m2\repository\org\mockito\mockito-junit-jupiter\5.14.2\mockito-junit-jupiter-5.14.2.jar;C:\Users\babal\.m2\repository\org\junit\jupiter\junit-jupiter-api\5.11.3\junit-jupiter-api-5.11.3.jar;C:\Users\babal\.m2\repository\org\opentest4j\opentest4j\1.3.0\opentest4j-1.3.0.jar;C:\Users\babal\.m2\repository\org\junit\platform\junit-platform-commons\1.11.3\junit-platform-commons-1.11.3.jar;C:\Users\babal\.m2\repository\org\apiguardian\apiguardian-api\1.1.2\apiguardian-api-1.1.2.jar;C:\Users\babal\.m2\repository\org\skyscreamer\jsonassert\1.5.3\jsonassert-1.5.3.jar;C:\Users\babal\.m2\repository\com\vaadin\external\google\android-json\0.0.20131108.vaadin1\android-json-0.0.20131108.vaadin1.jar;C:\Users\babal\.m2\repository\org\springframework\spring-test\6.2.0\spring-test-6.2.0.jar;C:\Users\babal\.m2\repository\org\xmlunit\xmlunit-core\2.10.0\xmlunit-core-2.10.0.jar;C:\Users\babal\.m2\repository\junit\junit\4.13.2\junit-4.13.2.jar;C:\Users\babal\.m2\repository\org\hamcrest\hamcrest-core\2.2\hamcrest-core-2.2.jar;"/>
    <property name="sun.cpu.endian" value="little"/>
    <property name="user.home" value="C:\Users\babal"/>
    <property name="user.language" value="en"/>
    <property name="java.specification.vendor" value="Oracle Corporation"/>
    <property name="java.version.date" value="2024-10-15"/>
    <property name="java.home" value="C:\Program Files\Eclipse Adoptium\jdk-21.0.5.11-hotspot"/>
    <property name="file.separator" value="\"/>
    <property name="basedir" value="C:\Users\babal\OneDrive\Desktop\Jasweer_Files\new\Matrix\Matrix"/>
    <property name="java.vm.compressedOopsMode" value="Zero based"/>
    <property name="line.separator" value="&#10;"/>
    <property name="java.vm.specification.vendor" value="Oracle Corporation"/>
    <property name="java.specification.name" value="Java Platform API Specification"/>
    <property name="surefire.real.class.path" value="C:\Users\babal\AppData\Local\Temp\surefire15261729316555012028\surefirebooter-20241209114331853_3.jar"/>
    <property name="user.script" value=""/>
    <property name="sun.management.compiler" value="HotSpot 64-Bit Tiered Compilers"/>
    <property name="java.runtime.version" value="21.0.5+11-LTS"/>
    <property name="user.name" value="babal"/>
    <property name="stdout.encoding" value="Cp1252"/>
    <property name="path.separator" value=";"/>
    <property name="os.version" value="10.0"/>
    <property name="java.runtime.name" value="OpenJDK Runtime Environment"/>
    <property name="file.encoding" value="UTF-8"/>
    <property name="java.vm.name" value="OpenJDK 64-Bit Server VM"/>
    <property name="java.vendor.version" value="Temurin-21.0.5+11"/>
    <property name="localRepository" value="C:\Users\babal\.m2\repository"/>
    <property name="java.vendor.url.bug" value="https://github.com/adoptium/adoptium-support/issues"/>
    <property name="java.io.tmpdir" value="C:\Users\babal\AppData\Local\Temp\"/>
    <property name="java.version" value="21.0.5"/>
    <property name="user.dir" value="C:\Users\babal\OneDrive\Desktop\Jasweer_Files\new\Matrix\Matrix"/>
    <property name="os.arch" value="amd64"/>
    <property name="java.vm.specification.name" value="Java Virtual Machine Specification"/>
    <property name="sun.os.patch.level" value=""/>
    <property name="native.encoding" value="Cp1252"/>
    <property name="java.library.path" value="C:\Program Files\Eclipse Adoptium\jdk-21.0.5.11-hotspot\bin;C:\Windows\Sun\Java\bin;C:\Windows\system32;C:\Windows;C:\Program Files\Eclipse Adoptium\jdk-21.0.5.11-hotspot\bin;C:\Program Files\Common Files\Oracle\Java\javapath;C:\Program Files (x86)\Common Files\Oracle\Java\java8path;C:\Program Files (x86)\Common Files\Oracle\Java\javapath;C:\Windows\system32;C:\Windows;C:\Windows\System32\Wbem;C:\Windows\System32\WindowsPowerShell\v1.0\;C:\Windows\System32\OpenSSH\;C:\Program Files (x86)\NVIDIA Corporation\PhysX\Common;C:\Program Files\NVIDIA Corporation\NVIDIA NvDLISR;C:\Program Files\dotnet\;C:\Program Files\nodejs\;C:\Program Files\Git\cmd;C:\Program Files\CMake\bin;C:\Program Files\Java\jdk-23;C:\Users\babal\Downloads\cloc-master;C:\ProgramData\chocolatey\bin;C:\Users\babal\tools\evosuite;C:\Program Files\Apache\maven\apache-maven-3.9.9-bin\apache-maven-3.9.9\bin;C:\Program Files\Java\jdk-17\bin;C:\Users\babal\AppData\Local\Programs\Python\Python312\Scripts\;C:\Users\babal\AppData\Local\Programs\Python\Python312\;C:\Users\babal\AppData\Local\Programs\Python\Launcher\;C:\Users\babal\AppData\Local\Microsoft\WindowsApps;C:\Users\babal\AppData\Local\Programs\Microsoft VS Code\bin;C:\Users\babal\AppData\Roaming\npm;."/>
    <property name="java.vm.info" value="mixed mode, sharing"/>
    <property name="stderr.encoding" value="Cp1252"/>
    <property name="java.vendor" value="Eclipse Adoptium"/>
    <property name="java.vm.version" value="21.0.5+11-LTS"/>
    <property name="sun.io.unicode.encoding" value="UnicodeLittle"/>
    <property name="java.class.version" value="65.0"/>
  </properties>
  <testcase name="test3001" classname="com.operations.Matrix.RegressionTest6" time="0.001">
    <system-out><![CDATA[[10.0, 97.0]
[10.0, 97.0]
[10.0, 97.0]
[10.0, 97.0]
]]></system-out>
  </testcase>
  <testcase name="test3002" classname="com.operations.Matrix.RegressionTest6" time="0.0">
    <system-out><![CDATA[[0.0, 0.0]
[0.0, 10.0]
[10.0, 97.0]
[10.0, 97.0]
]]></system-out>
  </testcase>
  <testcase name="test3003" classname="com.operations.Matrix.RegressionTest6" time="0.0"/>
  <testcase name="test3004" classname="com.operations.Matrix.RegressionTest6" time="0.001"/>
  <testcase name="test3005" classname="com.operations.Matrix.RegressionTest6" time="0.0"/>
  <testcase name="test3006" classname="com.operations.Matrix.RegressionTest6" time="0.0"/>
  <testcase name="test3007" classname="com.operations.Matrix.RegressionTest6" time="0.0"/>
  <testcase name="test3008" classname="com.operations.Matrix.RegressionTest6" time="0.0">
    <system-out><![CDATA[[0.9998476951563913, 0.01745240643728351]
[-0.01745240643728351, 0.9998476951563913]
[0.0, 0.0]
[0.0, 10.0]
[0.0, 0.0]
[0.0, 10.0]
]]></system-out>
  </testcase>
  <testcase name="test3009" classname="com.operations.Matrix.RegressionTest6" time="0.0">
    <system-out><![CDATA[[-0.1736481776669303, -0.984807753012208]
[0.984807753012208, -0.1736481776669303]
[10.0, 97.0]
[10.0, 97.0]
]]></system-out>
  </testcase>
  <testcase name="test3010" classname="com.operations.Matrix.RegressionTest6" time="0.0"/>
  <testcase name="test3011" classname="com.operations.Matrix.RegressionTest6" time="0.001"/>
  <testcase name="test3012" classname="com.operations.Matrix.RegressionTest6" time="0.0"/>
  <testcase name="test3013" classname="com.operations.Matrix.RegressionTest6" time="0.0"/>
  <testcase name="test3014" classname="com.operations.Matrix.RegressionTest6" time="0.0"/>
  <testcase name="test3015" classname="com.operations.Matrix.RegressionTest6" time="0.0">
    <system-out><![CDATA[[-1.0, 0.0]
[0.0, 20.0]
]]></system-out>
  </testcase>
  <testcase name="test3016" classname="com.operations.Matrix.RegressionTest6" time="0.0"/>
  <testcase name="test3017" classname="com.operations.Matrix.RegressionTest6" time="0.0"/>
  <testcase name="test3018" classname="com.operations.Matrix.RegressionTest6" time="0.0"/>
  <testcase name="test3019" classname="com.operations.Matrix.RegressionTest6" time="0.0"/>
  <testcase name="test3020" classname="com.operations.Matrix.RegressionTest6" time="0.0"/>
  <testcase name="test3021" classname="com.operations.Matrix.RegressionTest6" time="0.0"/>
  <testcase name="test3022" classname="com.operations.Matrix.RegressionTest6" time="0.0">
    <system-out><![CDATA[[10.0, 97.0]
[10.0, 97.0]
]]></system-out>
  </testcase>
  <testcase name="test3023" classname="com.operations.Matrix.RegressionTest6" time="0.0"/>
  <testcase name="test3024" classname="com.operations.Matrix.RegressionTest6" time="0.0"/>
  <testcase name="test3025" classname="com.operations.Matrix.RegressionTest6" time="0.001">
    <system-out><![CDATA[[7.308781907032909, 4.100808114922017, 2.077148413097171, 3.3271705595951118, 9.677559094241207, 0.061171822657613006, 9.637047970232077, 9.398653887819098, 9.471949176631938, 9.370821488959697, 3.971743421847056, 3.4751802920311023, 2.9405703200403677, 5.064836273262351, 1.1596708803265776, 7.705358800791777, 6.5989270869342, 1.5674689056984625, 3.782020453210553, 1.3976268290375116, 6.949479796024919, 8.052277714737137, 0.050251759924525574, 5.231351557883331, 7.439844862373166, 1.4202270321592614, 4.817283015755979, 5.445548088936737, 5.771002613742765, 2.0491354575856158, 6.233638106316658, 1.8470709027794863, 0.10684410982228831, 1.6104332337170224, 1.7805484663717475, 5.403970647837965, 9.738340099187003, 2.454265535812956, 3.945209062942218, 2.1760212490768485, 4.320068798935392, 2.331557947513334, 8.89908751655377, 0.3832689331927541, 5.923792438629388, 6.551736031294164, 1.1983904230418962, 6.524767068959532, 9.843228006692948, 2.0673750736050733, 3.7464950029397013, 4.633497875694758]
[3.336102111746697, 4.432124503172691, 5.041355667045739, 9.989808147679287, 6.304048639228538, 9.095840355890243, 5.076599160699481, 4.914512055616126, 4.287841787462007, 3.0809291520847983, 7.173224016222269, 9.624145927337464, 2.0949273346356434, 1.7264882091400524, 5.489525169306556, 5.554683820879616, 5.878158289013334, 7.891906578350958, 6.9900662243448055, 2.0463555220568552, 2.549094512998157, 7.7791635951952784, 2.2502238600837545, 9.83103184833703, 8.03618606015427, 8.363149477563287, 1.6310352738831468, 6.374974298594064, 0.08760417318731673, 6.311898883115249, 2.079779790426225, 8.803572849070424, 7.070442260539652, 7.233716462158025, 5.094929196703692, 9.871021380962999, 1.5324623281626104, 7.105747751483344, 8.239808754531598, 1.2367122850292422, 6.169513867462899, 4.818623552605982, 0.9975028132571628, 6.171458898614318, 0.28120372951167205, 5.914391059546381, 0.7302602021384397, 0.7404792727334575, 6.79935420191025, 2.8000161578266605, 6.039836876835673, 8.496408070142763]
[3.538232827704746, 5.986324882746571, 2.9209341135625424, 8.764426533244832, 7.442496201360502, 4.232327288662894, 3.7580820874305876, 2.7129332517471583, 7.298239289350995, 8.867444223713157, 0.43702698296824716, 4.5770018307350995, 8.624497547615505, 9.019239557423012, 0.6248845991277674, 7.638204881746642, 4.2770008141825855, 9.991834307905936, 0.619018022786263, 5.863206319929349, 5.67293070903705, 6.620259613053776, 9.072811901181929, 2.4648563130230903, 2.484887670873126, 7.068583347506787, 3.3772092726397043, 6.073350789607563, 3.154227864574829, 0.24472129835244494, 4.510085026154496, 3.6913431550132705, 4.638377596597093, 1.7724271181295093, 6.761231545253681, 7.155724849913588, 7.433696227652655, 9.291026104275344, 5.898935294704389, 6.4401228738355245, 1.104898534174854, 7.746041094589238, 3.0648278810533993, 8.805986697893163, 6.3040144078499125, 9.288937133245545, 1.9668940091077458, 7.546462452610667, 1.576306138076371, 0.4217868395172397, 3.786228753606087, 7.866092457818081]
[7.127521677660935, 1.102736115092493, 7.621330697392812, 0.30068835878899747, 3.1663147897269206, 6.670733531962961, 4.26443047409429, 4.005571613130963, 7.437615476135019, 3.653057377846176, 7.637548990718225, 3.226691910455337, 5.127188233824031, 4.786758722065944, 1.3116881312494189, 0.3179647698528931, 4.444566110953367, 6.915212116814827, 7.190756853468042, 7.77950272380208, 2.88100716049866, 7.813547336294311, 9.662539506822094, 9.965234515119386, 2.3910643632747064, 4.451812617337756, 1.302219280116259, 2.344740875050564, 6.560824389883995, 5.7222959250588925, 5.559666311129164, 2.502962555948841, 9.20281192548133, 7.237512084322349, 7.76990965679351, 2.4227614275862077, 1.7570195450010273, 4.447940059612577, 8.296912233491993, 6.019146360600576, 6.379468960547, 3.033671447590315, 0.6539702112886914, 9.3803050123258, 2.664167073273985, 2.29171358367752, 3.0397643756233075, 3.7194051348653154, 8.571270426792013, 8.070763655241631, 3.8872927575292127, 2.6524646103095018]
[0.3237285340092644, 6.6978526348207845, 0.7436137629811046, 6.09141081433683, 1.7866235941017028, 0.2963321139734998, 7.08153827940544, 2.777782747076535, 1.157884427761261, 6.912259325002928, 3.490107239093957, 2.281355022594692, 1.6759999599955966, 5.946311329871144, 8.098898289838598, 5.149291408485576, 3.4898138772155587, 0.5309346425588812, 6.061902042033665, 6.815264621608791, 5.837433172059664, 3.6975249929974696, 9.459920309753782, 6.864305832800729, 2.2457387021115425, 4.445994347448496, 7.0761354425454135, 0.29797717682461533, 6.588936239634658, 3.159175147233838, 8.15770241451412, 1.5557863513492431, 4.534042358503293, 3.197081668867078, 5.496925287865534, 5.222592465012812, 3.1531501628136303, 6.961128822508109, 0.9487740515771204, 9.588080550158974, 1.2967758890382586, 0.23598618121072001, 0.8472082428015759, 0.523207845569158, 4.699535995042926, 8.196823891995006, 9.6909724727718, 3.4998568701436703, 2.7288644092906242, 0.112285275189965, 7.940233434749962, 1.0037536978542638]
[8.189424032001662, 7.4785980727333765, 3.7986308673705285, 1.0770436318776633, 7.660327692439177, 2.0878161844762944, 9.451020901929118, 0.2757389059275095, 7.469231770524976, 6.363258883437723, 9.385386123743867, 0.9385852730802446, 9.596822491367917, 8.187796102262062, 2.148099347753689, 8.337721028642607, 2.5571629146356956, 6.405704810942022, 7.16492282731302, 8.017828816275877, 4.613827089519154, 1.1963981246009647, 5.105833271180019, 7.42931210503477, 0.5687004880600954, 5.598410954199078, 3.6799637322681065, 8.82235198222148, 8.799772068792894, 0.6045988412760983, 0.7176552425471794, 2.2925325722985237, 2.226207298867815, 6.454591110906983, 2.929819962005631, 8.855046786130782, 5.443435774165437, 7.018109259870454, 1.8305119791334112, 3.473327599047381, 0.3979437608735614, 2.4928496501916895, 7.966813038398515, 7.079271000862475, 4.660915541372565, 8.033199444863032, 0.8208400644580893, 4.7960557034512155, 9.611818478109091, 2.3811349128998858, 4.53188192034624, 4.810877822329298]
[0.6574838541045613, 1.0882339963492693, 8.932382871275491, 8.64376433147161, 7.989181522497233, 3.4978060673208544, 1.2996863321546248, 8.919939623067634, 4.319648320167988, 1.2987253974477075, 6.696159391389869, 5.17706382941291, 5.543976034553895, 9.167628663664386, 3.803520828791469, 1.7249759057073433, 1.3327217273350478, 4.783721386416097, 8.752899735987773, 4.124412921387338, 5.292556661639499, 6.3305068663057105, 1.6103499099921081, 2.462498436554992, 8.519218162609063, 0.4913385234394907, 8.898258680169368, 0.2766263063480445, 6.119490836114814, 2.9007696187812804, 0.8162779597088821, 7.714686576756621, 3.593386447515857, 6.031252520178065, 3.671121046799218, 6.31842068903811, 8.844653568590997, 6.574820434179904, 6.432766185523678, 0.6780052697125838, 6.027195010504439, 5.521959960728839, 5.305308440713138, 9.129808145875817, 9.436928852902403, 9.344963074024069, 1.733910707046602, 1.655576541542202, 9.223077884444852, 9.960622801652868, 7.365003587093165, 8.1901503834094]
[5.819829326567416, 4.477217800174952, 4.1350888270193265, 4.656121071090132, 6.688756322835598, 3.1233079700420996, 8.884201859553077, 7.217686739169311, 7.214348251941366, 5.21093845119918, 9.673294861209333, 7.482275992406374, 7.409449075469806, 8.503435309922656, 5.330504538112962, 2.6773494080453997, 7.4643553873209845, 6.938043761132161, 0.6594689100291251, 5.191108689941513, 8.112781719353185, 5.296246866520944, 7.2135647982155815, 5.289676136313823, 6.289848652536058, 7.119676673848918, 3.57313748927502, 9.309632972906508, 2.6217089051868148, 3.937107554939688, 9.658499257329497, 3.1736342389701386, 4.913374573898074, 9.69810142019274, 6.769675437889874, 7.688143887265757, 0.9907626719226559, 4.201451916403886, 8.764579135029733, 7.756168045138527, 5.004932169756319, 3.2616523345900292, 0.0705024322089165, 2.3741816496320878, 3.620936740897073, 1.3741899143501635, 3.069509904293249, 6.081283999742628, 2.3906679716190347, 4.720549021179022, 0.8065270263659219, 5.389938651852385]
[8.048523294811545, 8.496382077676982, 0.9396175877193202, 5.6514823224583, 9.47067959880486, 2.751385513187261, 3.3851493876505154, 4.795920840116413, 8.603210290420725, 5.196997613981448, 7.206246925627586, 0.43435042070922525, 2.791236550157686, 7.768110196253884, 1.9511367640809385, 5.9236770448484855, 1.6307545435982906, 6.117568854838211, 4.868691581400654, 9.167131353568266, 4.716734811226279, 7.67730793922769, 8.211683970570157, 5.160407341697132, 1.4755445215994234, 4.437553346266209, 0.18396287762270203, 9.592076508355186, 0.6466929718662862, 1.1755950191551656, 8.995969280165149, 6.1682645414230475, 4.918359513022691, 8.508216275886507, 1.9637117894571332, 4.755397649438791, 5.723106378160226, 2.8469419347739144, 0.619521955544956, 0.9211602615295178, 4.264645294272059, 2.102845369480859, 8.398618958959204, 0.0026304067605464887, 7.473468727246582, 6.817734918743113, 9.623710093623833, 0.44188841083690256, 1.7786127395043716, 1.2911132581341789, 7.230560080691863, 1.8032213088496751]
[3.334777554447792, 8.227389827316095, 1.9606644969043951, 2.622378210397611, 0.6584743519624359, 3.445394903816447, 7.592864775102005, 2.0371505023525973, 4.503830711608291, 4.272329441204111, 5.193948213002594, 7.009890848551859, 0.24813164568415536, 6.386858586360091, 4.338975927496364, 3.8764033804338127, 0.05913170164269621, 9.081138228865418, 0.7852867854371859, 8.941969285817448, 5.680625151738209, 8.179137965182548, 8.179828428638071, 7.894103336576885, 7.79971268183883, 9.178706127509368, 6.037670123704197, 7.912956574012532, 4.648659307424441, 0.5773993228675156, 7.450253028204447, 9.534118642625213, 0.7461889030963442, 8.79717353040449, 7.765139024072302, 7.554893620914942, 6.49751467314173, 1.6406191780526103, 9.824722374481876, 1.5739542519809402, 0.7493579424998087, 6.791492090518297, 2.259568068683473, 7.115609604188662, 1.3356614489950402, 5.514879594708586, 4.802750241450563, 7.713743389446821, 3.1516548887038187, 9.417409878293336, 8.62475949901677, 6.816817083468104]
[9.358384873199263, 9.8954983869146, 0.2842576638737637, 5.924149952146847, 8.946775421918659, 5.729698409313607, 5.048158077666062, 1.975024939824983, 3.079735058741253, 4.1758041539179, 9.05521452285266, 2.685993826295583, 3.382782939863087, 4.858429856148467, 0.0805007149256931, 3.268080222932946, 7.668117438293094, 3.790369246763067, 3.503874847315682, 1.7544140930597707, 2.4540068285954053, 6.921118011320444, 3.493713481838104, 3.030153003730258, 7.080829295786452, 8.760513656017249, 9.38791489544405, 3.5803781304628144, 1.2270489981648192, 1.8285377976891704, 3.7873679235522575, 9.957976579494371, 6.192862503448757, 6.949890761208142, 1.9727850544391745, 4.0223549373369485, 0.44620824068587805, 2.7420333914250072, 1.9140089221178525, 7.111153925379051, 1.6152792093097845, 5.0379709862392, 0.36159244574331395, 3.4809601647331023, 0.3636370720864024, 3.440126252091671, 3.293668928290626, 0.5893456450542967, 6.398476794183242, 2.7192306506143407, 8.336823113450762, 0.08938678495067576]
[3.2395421797535997, 1.3522403520746018, 2.6878773097008124, 8.769147706796529, 6.315651897870012, 8.135862880300483, 2.534218075317747, 3.0924367067068825, 8.457740231602354, 0.517352547113149, 9.00347956045428, 4.483477570430564, 7.921777523907663, 5.051821965879516, 1.2691147218115073, 5.0469613806492, 6.701884266609721, 1.22538187840041, 9.596579962395817, 5.026274234755997, 1.0834054813044591, 4.776011698824555, 9.835567023042902, 3.9765264802131672, 2.137670559694439, 5.599131484955855, 6.146917302203406, 7.365330736353735, 1.1746067569721885, 8.34243257532491, 0.5985558055055706, 9.113113991941288, 4.046340063398434, 0.8745944580429932, 6.672988352130133, 8.446067386120111, 8.634360512674098, 6.955100261139812, 8.699603676053085, 6.358671212329839, 1.8547852878246063, 4.6374367947965585, 0.7582310282425297, 2.969060772651446, 6.080708547033209, 1.205545513039551, 6.696103545357159, 2.099321847964486, 0.007576795793629021, 8.773468410302442, 7.558579028245502, 3.5241403205993493]
[5.676982414644412, 2.070710409005639, 3.9546786810395798, 6.505050727668266, 1.6262220373192637, 1.3909179729980636, 8.661701576376263, 0.46386348431193936, 1.9454196703065907, 9.199053094405434, 9.11888003897131, 9.947673970661583, 2.4009658574874937, 8.472319467898354, 0.36824044998642225, 1.3991851646773668, 7.7234793361446075, 4.492672096516714, 6.471540069530115, 8.669908876172581, 8.660449648669932, 9.513828264171822, 2.4653551585798095, 2.700129821781594, 3.4581713460038443, 1.493264277262829, 9.512089864897233, 8.338353813875617, 6.064538108627783, 3.909773473984771, 3.06289254774454, 7.884283137895551, 2.533709841369741, 3.579727104004834, 7.569155789446419, 6.61319290213685, 7.865628414768424, 7.340265049690386, 1.5624887930204545, 0.27591207593261946, 7.827804402642764, 6.485221319908022, 3.768747600206491, 8.367435529927254, 4.183752340732825, 9.919662629798196, 4.329919236576572, 9.8185280272232, 7.191903634875389, 3.141502235037683, 5.17834846250365, 9.688505434876237]
[6.240785604035219, 0.36372346321353444, 0.14100917264031065, 6.42370479947377, 8.050697219680318, 1.358333559033087, 8.447221177444675, 9.29499095794814, 1.9990759395087465, 2.933236645699906, 4.971413211443487, 4.738963382042333, 3.8161971854100196, 7.345799223577726, 6.763243634050479, 8.501368281488329, 2.1498020266100717, 6.4119619666293834, 8.200583703701623, 7.717537102042829, 7.311704581822608, 0.5873198884516417, 6.446584002905032, 3.363510835743094, 7.896377671063152, 6.8766823136074695, 4.800232204607106, 8.87282933192784, 8.900977468456752, 8.07119352819157, 4.000529652704615, 5.137798692256847, 4.478210910203576, 8.517180705974353, 0.5776033417656112, 5.60037609546343, 9.517910947784822, 8.388465228522799, 6.93978261625237, 7.686637329454689, 6.880133262067475, 9.263960068983158, 0.04386931288730467, 8.450125062193225, 1.2920426936753593, 8.7049467071756, 4.216531340452198, 2.9631999613429096, 6.67280990517355, 0.4815116787564888, 8.977958789726765, 3.731845735997159]
[0.9651955257979183, 0.11518957066299018, 4.564615644666299, 8.20820884960574, 1.4294436993622195, 2.4849500172928307, 6.256134638065028, 9.336481508278121, 3.7945720451233256, 9.386232598115296, 3.5820938024265168, 0.9915613708748583, 0.664085995308803, 0.13782287335055154, 2.0176287913039017, 6.156255922690343, 8.13760908135628, 7.598929522439878, 2.8725250200793075, 0.7316196122112595, 4.736865727464437, 5.28891152275464, 1.7366508481342813, 9.986347770750461, 3.413910320214606, 8.69467380010535, 7.065281517266712, 7.82497321538367, 5.67145115365194, 5.305832878691952, 8.271080892517006, 1.2909446085303078, 6.639564339851463, 3.4353312356612498, 7.035199832038672, 4.019488208012847, 1.3300543204600301, 9.463255241790453, 6.458159157630272, 2.7164896863013555, 5.229163965643203, 6.784192407438293, 0.14188741814419759, 0.16345370283433636, 6.89129284118051, 7.443540509123717, 7.327485341702118, 6.734932998916962, 6.260838121446902, 9.215758219231779, 0.8089930397096479, 9.9636416618406]
[0.07621958697247022, 6.707627377662577, 1.5016398248529828, 8.299800480226907, 4.899609031812223, 4.962172238046825, 7.263756956345835, 0.885087657747381, 9.06783495250395, 7.993964005472658, 3.8547401164074833, 9.897892719862565, 7.174386474792267, 2.704109193900266, 2.757150819502503, 5.825410288236811, 4.5693929673073255, 0.7033071248712741, 3.9992438132249317, 8.87942506501886, 4.803913206436768, 6.7139347173682165, 2.0849220065132212, 1.6964776969627793, 9.946812710349228, 2.4271955493017803, 9.67131028092066, 9.449425179437135, 2.266972139025216, 8.958949192647019, 6.729852983701474, 3.546235951044625, 5.900510098847382, 9.377915589679509, 2.5850371814050446, 4.203194781314435, 8.81216931961745, 5.172525213881114, 4.445549456415505, 5.353510038714654, 8.611959348166765, 6.977766098449948, 8.825877874630436, 2.5886542400465773, 0.6026044085663673, 0.40095457726361694, 1.6020685679149838, 1.1285923113513652, 2.810301185484242, 2.365438496444935, 8.353559021722493, 6.178377275071133]
[0.6907412889600328, 2.033814371168927, 9.113701724540881, 2.452429208069673, 3.704304953385723, 3.0773238966200687, 0.6848059820080921, 3.1341316800028753, 7.018791624224882, 0.8256680223173574, 5.26922129743488, 1.0872178833503754, 4.224999674428229, 8.661559625021065, 6.3261907862621385, 6.746736966112323, 1.139923175293428, 2.9169098916556315, 1.2849082369313092, 7.791228567769128, 6.524288737917303, 4.482625688440331, 6.027414525516372, 5.434052836683153, 2.855606067097256, 8.361568458389367, 7.9006682852659775, 0.9706609295459279, 9.17485694693866, 9.474308630012114, 2.4253376711538257, 4.0799084177236375, 8.464409486340895, 4.169881677740406, 3.8395522591030007, 1.3013512355508372, 4.016683618319018, 2.0988389263649285, 1.1490683029868365, 9.096787721189832, 2.817561031741911, 2.3734520257786764, 9.450992632378144, 0.9531382069579186, 9.095475912478875, 1.2700200381318671, 0.9564242197339079, 2.0950825327943257, 7.876580379128962, 6.12080010681371, 1.3580674951172222, 8.54970488972376]
[6.6383324350676425, 1.4981583221755723, 4.972078089029434, 9.541723208669318, 2.9683019412747056, 9.311125007247727, 6.429106428408069, 3.4967049566231845, 7.511951957896147, 4.014606031369771, 7.597701089840946, 8.291005054962943, 4.432596620233432, 7.774085279486408, 5.89394855162075, 5.810987855292123, 6.108697375562789, 8.133733837357347, 4.1644142789336875, 9.370417123853095, 4.858107406566072, 2.5034123905938, 2.925167654583569, 0.08373695595727537, 2.1058298197940895, 9.610139663203, 2.8978645498675224, 4.904288343342875, 4.60130869970505, 7.952170444781606, 9.504574298280492, 4.710328482285808, 8.043222526355306, 5.2489113789475965, 1.2662324045091966, 5.558065637431538, 0.7842047743939129, 0.8974742379367662, 0.8953097222717565, 0.019727986737957393, 4.164870792162189, 5.526752605673795, 1.2814889270855823, 8.386032770043153, 1.4659777889948034, 7.8824763985395405, 8.539842410978748, 1.4362365496982932, 4.469506648874039, 9.481785828328835, 0.8242111924177453, 7.465284047766235]
[5.183898003883909, 1.743438727914015, 4.704181784505899, 6.306395789670515, 0.41563362202368226, 8.629844521605662, 0.5622704436233605, 2.1987658616174666, 8.558809958489228, 0.22969901570390028, 4.68861785448392, 5.52386811064249, 1.2262920646096676, 9.165067371541147, 8.533704282584095, 0.6701980422144238, 7.160506306615295, 2.224345239765891, 4.925303769298706, 3.5851031365515396, 2.2388682735379306, 4.20260547756876, 6.964085941866807, 7.933687934064627, 7.328301792010519, 9.57341043803021, 7.782991802823797, 3.2086014690444564, 5.245261677634339, 0.32125852341086003, 8.388703446017072, 1.6208484928035338, 9.142118542281116, 5.0314009810844755, 6.399232632969137, 3.150590965293205, 7.267719803842464, 5.163848938902826, 0.6498606133268092, 9.748235024722382, 3.2393992609266298, 9.330970117420188, 5.360356138262032, 0.34992644854338173, 6.715653149659646, 5.3531466883729, 2.8396132275351693, 8.10790956273847, 6.673156142839769, 2.8845497436154197, 5.549540951069854, 0.03502409934864281]
[8.368747938570145, 6.481160934733163, 6.758251212977349, 7.123951446956543, 5.506469485342306, 0.12575145182911585, 3.983287642919122, 9.92564658106881, 1.1316810634188135, 9.429605626970076, 0.958841409239205, 0.557717814061609, 4.338751643209424, 6.998353010630244, 1.9566086664791538, 7.162347837904882, 5.005757355152465, 9.779357271846756, 6.948140959268477, 0.9446763634879851, 5.459083370714306, 4.600678127787572, 7.317245682834016, 9.096392352449937, 6.222775493529143, 9.566711862999593, 9.614197918657233, 9.145614328122301, 2.8219390187091884, 4.49318483147941, 9.18922762212836, 1.572959812685929, 1.98644023853086, 3.144257514607889, 6.450945598273475, 7.895041919665932, 8.540612472652084, 3.677074863403289, 5.966082862925692, 0.8404490068298909, 8.766629757771582, 1.404173125580347, 2.650109557636519, 1.7295999133616635, 2.093655009683173, 9.751736216495235, 9.894016866707924, 7.718692268488567, 0.591832226863197, 1.1217677587919728, 1.6307342827546933, 8.17928465032104]
[4.939637780223921, 9.258829944139931, 4.065367982302468, 5.1588942160191875, 6.285063681780873, 8.677069049658435, 3.0766455600935725, 7.604302878872033, 5.735554488045489, 4.720836130296214, 0.14265342721800245, 2.8281069281192703, 7.08858033161505, 9.912278830354342, 3.052160274259055, 1.5603688935996074, 3.854170641285962, 8.381869923901823, 7.633520470355155, 4.851051797770284, 8.622696789210876, 0.3829037624218401, 3.266355096209317, 2.0752573620743133, 1.3956384501358787, 3.1585811113714968, 8.03691161932355, 9.342104602400603, 3.624023651599689, 2.7603752152682404, 9.056206907167079, 6.719422286284696, 6.388686053351541, 3.8089482050581602, 9.680758911337296, 0.860253510851966, 4.4084361112408255, 0.6439722182694341, 8.158919330772616, 6.853496904378996, 2.3766933692872594, 3.8267808940203327, 1.5715188676351755, 9.41984321225358, 6.504086508437702, 0.5398570301119554, 4.843744120829632, 8.935485352260933, 2.083969884622742, 6.069743846622229, 7.075861049729237, 2.189917495091287]
[7.399774219579955, 6.265038568700789, 6.473614235876045, 1.2704591770115248, 5.357543919761955, 7.628712507560071, 0.7548215539106373, 6.514972940035318, 6.853983481895655, 2.534074660876123, 2.066897869472405, 1.0855716823501083, 4.079776970446143, 1.9462751454397587, 4.170736244961564, 5.38993672536629, 7.709902623871134, 6.986326194597728, 4.929586765667139, 9.313202080519416, 9.247117209411467, 3.6921914209703885, 8.98726379890342, 9.022180388999095, 8.6617380587373, 2.411575697462119, 3.92823263338552, 2.965041760255623, 7.910301649814667, 4.403624339601971, 8.18281149308493, 8.613380981322429, 2.9176344985231983, 3.4318217105776307, 0.47394253050991986, 7.479935166768864, 0.1713215757978126, 9.3979513138177, 8.697679103352568, 0.9940462957309959, 9.20451318145378, 4.3970640893657675, 0.7877460628228006, 3.9282890190054562, 8.932462902583922, 8.965974849693586, 1.3352281096599106, 5.243510321155897, 4.060142922953895, 7.752889588657215, 5.51764772727158, 8.45586049747215]
[7.592735251910678, 9.353338210406783, 6.237394624596377, 4.928217168092184, 6.857753771378694, 4.637672640133435, 1.2776758291165136, 3.849738351411095, 3.3869993935372333, 1.5379624734861241, 4.754853022674531, 2.091102518155493, 1.5085088982963735, 1.9672019460809531, 1.1792416749497836, 5.609328378169689, 6.563109446334536, 8.31131756154932, 1.0321474182576806, 1.6248868998590604, 1.2871429398214762, 2.7645472759685994, 3.925119502571425, 7.405157000036588, 8.092378670130339, 2.6713367342804153, 9.128100726681815, 7.162092001311383, 5.7260842814698325, 8.992977611355466, 3.5363630103786683, 3.3083040188590065, 1.1086832301625194, 3.0347919642693624, 3.9918137625878156, 2.1145932049387204, 1.023369726550799, 8.649743908052749, 4.282466488562733, 6.673278497230012, 3.7715177572009018, 3.276936927752435, 7.114568952895355, 1.9955211195546763, 7.9096656878066005, 1.3785370995065993, 7.885088128403197, 8.057148176008686, 3.7483109012093063, 8.106234213311511, 0.17794970282413503, 6.656324326305526]
[3.41970948321503, 9.358437814074808, 2.5656426923900866, 7.05773823960701, 7.011318352392502, 6.781978769483182, 2.5184867886442133, 3.5718048472148602, 5.51348062883438, 2.727166120484438, 6.007081643004475, 5.4537082741844065, 6.144401751017217, 0.6826286064002196, 0.7291466153571535, 5.805940862536189, 1.9924174232404135, 1.2964460605097416, 6.80016783838192, 1.5293222616083402, 5.8550107363344495, 2.7326555919802873, 1.2179735325536378, 0.791307366073194, 7.655988045881977, 6.817296337895491, 1.4445607320211584, 7.966723807083165, 5.886672905207765, 9.195729965487592, 9.044196203771888, 8.554907869065987, 6.1439336245734335, 2.5530614010243955, 6.475024623686218, 8.188528239555954, 4.027314369698632, 6.842050291395272, 8.85211327734056, 0.523230449506249, 5.409489290700868, 9.417993766813144, 7.7830698636940845, 8.533544155330558, 4.408713821568356, 0.9976307627407188, 6.223070365687232, 2.539339841869305, 8.268901943958952, 0.43919981167895195, 1.7043417184044718, 6.1484389497250245]
[8.792408844139924, 2.4833601846047957, 0.26583903624199823, 8.224816703457634, 1.9725527568521795, 7.799763825868858, 4.942069704830229, 4.9781574054307836, 1.037364010496068, 3.951642833273641, 0.7657125776320828, 1.319359850163202, 3.242999489992849, 9.220859502255642, 2.896887408319193, 4.737908552960949, 7.444716006683984, 8.628435298196576, 5.712630510895702, 8.130861927290855, 7.725250150202406, 2.9406655185377217, 8.473338198929218, 0.2495329265842039, 8.174903009223005, 6.9684918119788195, 7.528641915545324, 3.7287690183379296, 5.29458060375691, 3.047892968336612, 5.933377530999437, 1.0250607372658527, 7.432498249451468, 9.231628226714793, 8.815024681109145, 8.013542778505203, 5.167207155242613, 9.427741225623485, 6.867184037789831, 3.4802765877853616, 2.614052833340683, 4.487822282801332, 0.939369040347402, 0.2950297098756238, 7.259131547239797, 9.078091860613561, 7.85159435252311, 0.6611001339649081, 5.114265886667094, 9.05895593269404, 1.282938843987862, 3.512556388553393]
[8.73846365435378, 8.053755924961179, 1.8664712599977729, 6.865597497614378, 7.98579223507117, 9.90501818530997, 7.468625862217037, 1.7295605506120593, 7.216539848351896, 5.796583553842021, 8.039319290542464, 7.04443514480732, 8.147998610842528, 0.9625765432198408, 9.389804984836035, 7.035570514150659, 4.5231489389421045, 6.109251575284359, 6.788459670160507, 3.362588278378481, 3.3399853759881815, 2.9433330396413924, 2.360406722904692, 4.488345302998214, 7.511173757679808, 1.5305405330274013, 9.935077472036022, 3.8051155327632333, 6.513179761534417, 9.600575108045458, 7.206518087532526, 6.228989066952662, 4.835968261659786, 0.36991211940283764, 7.854453851825967, 0.2098165649236805, 2.8588208163688322, 5.971333938625069, 5.619822809716347, 8.402852238600365, 1.154775318753407, 8.1592028203602, 8.236694498275991, 5.609579039569529, 7.165641246009197, 6.602064801270133, 1.5931966707488299, 7.019028625759701, 2.691502294333188, 7.779242161428938, 3.52726800114831, 3.267231378901095]
[1.7030641739372832, 4.265658338513509, 2.258767640499184, 1.3812675106116235, 0.6121663812731981, 5.019212027290073, 6.617666534598192, 2.2857136610412123, 7.3252236566688165, 2.1775993197477694, 3.94875487945669, 6.2231064527878255, 1.1563191190693867, 8.826557008372271, 6.856500695342077, 7.176378045494401, 2.9911236324364374, 5.219082381719105, 1.799397419425317, 6.1800409617529395, 3.9697671847689353, 8.005258447349068, 0.9513418623294445, 1.2682307372710255, 1.3962465933484036, 8.174897893836427, 3.7182881433821393, 8.731543515779762, 2.5838980819888215, 8.620286832817884, 5.831623842755647, 6.340930071764495, 0.9109261393593016, 1.493902465191096, 2.0354215697077596, 4.2457429519533205, 3.4869257990559808, 8.866041115218227, 3.042916351563907, 3.364351316408868, 6.520792692258727, 7.579882835982779, 8.658270837784043, 4.2595779711014785, 2.732366627171144, 0.6565919019497068, 6.742883504884059, 1.7275307595481937, 4.964608688682567, 3.1206295328920364, 2.0512067960099287, 1.6272360056053115]
[1.5300614762274434, 9.695538224334346, 9.869239502027185, 6.839803929375886, 1.764803349916726, 5.463029850658977, 6.859566766120998, 8.66969171552759, 4.765050334331706, 8.283290586552862, 5.550013409885017, 8.486947309625778, 0.34601984572503297, 3.541994676763449, 9.498694155008018, 1.9581565845300042, 8.889620796594992, 7.61959363998394, 3.3264354478707037, 4.825136979262881, 5.93698815372084, 6.37103028608804, 5.528251496031134, 4.864250528256251, 8.133833701537046, 8.859100522523843, 2.258760040011026, 9.395539279802529, 9.451035313926955, 4.6022682068490175, 7.132127867507549, 1.5097118295289347, 0.4798454909912786, 4.677812131809642, 5.485333487472555, 1.0423409025356478, 9.040545709491163, 3.16376629633326, 1.524247666211872, 8.24845430138068, 7.345335323743916, 5.6081915092782495, 3.3052223476956732, 9.11703715007334, 9.520684786835519, 5.481891520023096, 3.6005960956315333, 1.3137858315990492, 3.421352460974604, 7.900769807734141, 4.354713875191826, 8.851784497889808]
[2.357697281584741, 2.2965991372690295, 8.657772891670646, 1.7636016056481874, 5.609893965388918, 2.170051560666433, 6.948001406428298, 4.284635539724548, 1.4170925439880244, 0.577420053690969, 3.498386441795023, 1.3563616167926285, 2.50652756155773, 4.582535949505559, 5.1523650752803585, 8.619464454179635, 2.1670325750337547, 0.5479681377415024, 6.743600639875594, 5.49066777194294, 8.373369028801687, 4.84466454377506, 6.668164392259608, 4.403398170646544, 4.532229182989575, 1.3267803791989286, 1.673150432519055, 1.8412528097518877, 8.047730836780893, 7.748507367451348, 2.0839519564112576, 8.404565022682858, 2.0936693733401244, 8.192303847691964, 7.413131470103023, 5.824191794626586, 1.7317507245757835, 7.5330017152946365, 7.577020437246617, 8.572973757293324, 2.829476946476869, 6.979838827250942, 6.791884512170322, 6.5241498187956415, 1.1083146237393016, 6.818554901911699, 5.629699620689944, 2.9673326765788097, 9.092224275211713, 3.6182537986209837, 1.6842799258938512, 9.216479581823215]
[0.7285859788676341, 4.372824100714912, 0.8317090253891846, 3.030627219131511, 7.018007377369396, 9.314282762919019, 9.164720617586674, 3.1169777858432033, 1.116454152536095, 8.465484083009207, 0.33888683217747184, 6.097261063774143, 8.062595945850449, 4.3922187157249954, 4.289171045648779, 5.492117666689957, 2.535214191664804, 5.069799069109463, 1.0586004095175094, 4.514581223689857, 7.859970631855768, 6.296814286729834, 7.826529537338062, 5.762566077658125, 0.8617904186433534, 2.668806148958679, 8.132154483849922, 1.2615907979302998, 0.09856185136784212, 9.767203577547818, 9.759651185227927, 5.73279968935319, 9.513816943842965, 7.9239277507481525, 1.7845096137524874, 4.447671412970485, 5.610498908806805, 9.68965688336828, 1.876338769256497, 4.5796323731497885, 3.874886147235017, 8.963822179631935, 2.1116230680236194, 5.574119244815315, 9.369186911705967, 9.63698017038589, 5.270610842874981, 9.732465873027797, 7.163279790366383, 5.551286203263926, 3.8757220098821965, 8.941313450576741]
[0.5905200468076421, 1.60237419843405, 1.074560778415673, 7.278077248913556, 9.189493284869792, 7.886021611976274, 5.87882697335578, 2.0843249978457656, 3.6330445936045463, 4.935561957011062, 5.241119858994869, 8.02275422772077, 1.9478668101842034, 8.301078910763618, 1.984831734253194, 9.619782560109883, 9.89238613168626, 4.9890011667687, 0.6980345612866856, 7.8445926157707095, 8.487634477215641, 2.610790145397621, 3.360458083334188, 5.386803541045949, 3.385250518119963, 4.481991483228365, 2.693374469244315, 3.4687654931759004, 4.008706944247027, 0.36800364730729784, 4.005392572647594, 0.26480637439848853, 5.218313016719087, 3.0904886099402527, 5.652879249471171, 7.298581696628238, 0.627495180054578, 5.788432476032192, 4.1419227740752405, 5.5510153660230195, 4.637308508190378, 3.2704408438094057, 2.369459116661722, 7.435138915333146, 9.758093239230893, 3.599930163447741, 8.534381387651745, 4.280469232915448, 6.851632618158854, 2.8224578011124835, 8.84516176466859, 1.5183921102803566]
[8.554129160282619, 6.574506358133782, 9.308712385936156, 5.371347958568383, 0.3297697467991989, 7.205624090214286, 0.6059174349009255, 5.522441762029098, 9.35659596554414, 4.000891727254561, 5.342473566975862, 7.978429641016033, 8.760857911578867, 7.108271628315604, 8.809374576069972, 1.1378613905995316, 3.59297820646871, 2.8554703022566787, 2.795584114203299, 5.937488600147307, 5.3777039281498435, 9.28352254867754, 6.966138884573937, 7.8738713113398475, 4.072984766739738, 5.929386614096559, 3.8521325043813484, 4.68345007143323, 9.836561001562746, 1.1574145330087382, 1.5947281050322637, 8.513175015622803, 2.126200461037231, 3.6696424515425963, 3.243556714699195, 5.525110740991572, 0.34898232734595247, 2.2174222290942103, 2.6305556037788422, 9.052268493002384, 8.52696766344275, 8.991995431140976, 4.623509015396538, 4.659239629570929, 6.261061508024802, 7.689186364834767, 1.909253977237182, 6.76003612696955, 9.651814750148821, 6.823472349745162, 1.3647170755004834, 6.806871933138394]
]]></system-out>
  </testcase>
  <testcase name="test3026" classname="com.operations.Matrix.RegressionTest6" time="0.0"/>
  <testcase name="test3027" classname="com.operations.Matrix.RegressionTest6" time="0.001">
    <system-out><![CDATA[[1.0, 0.0]
[0.0, 364.0054944640259]
[1.0, 0.0]
[0.0, 364.0054944640259]
]]></system-out>
  </testcase>
  <testcase name="test3028" classname="com.operations.Matrix.RegressionTest6" time="0.0"/>
  <testcase name="test3029" classname="com.operations.Matrix.RegressionTest6" time="0.0"/>
  <testcase name="test3030" classname="com.operations.Matrix.RegressionTest6" time="0.0"/>
  <testcase name="test3031" classname="com.operations.Matrix.RegressionTest6" time="0.0"/>
  <testcase name="test3032" classname="com.operations.Matrix.RegressionTest6" time="0.0">
    <system-out><![CDATA[[35.0]
[35.0]
[35.0]
[35.0]
[35.0]
[35.0]
[35.0]
[35.0]
[35.0]
[35.0]
[35.0]
[35.0]
[35.0]
[35.0]
[35.0]
[35.0]
[35.0]
[35.0]
[35.0]
[35.0]
[35.0]
[35.0]
[35.0]
[35.0]
[35.0]
[35.0]
[35.0]
[35.0]
[35.0]
[35.0]
[35.0]
[35.0]
[35.0]
[35.0]
[35.0]
[35.0]
[35.0]
[35.0]
[35.0]
[35.0]
[35.0]
[35.0]
[35.0]
[35.0]
[35.0]
[35.0]
[35.0]
[35.0]
[35.0]
[35.0]
[35.0]
[35.0]
[35.0]
[35.0]
[35.0]
[35.0]
[35.0]
[35.0]
[35.0]
[35.0]
[35.0]
[35.0]
[35.0]
[35.0]
[35.0]
[35.0]
[35.0]
[35.0]
[35.0]
[35.0]
[35.0]
[35.0]
[35.0]
[35.0]
[35.0]
[35.0]
[35.0]
[35.0]
[35.0]
[35.0]
[35.0]
[35.0]
[35.0]
[35.0]
[35.0]
[35.0]
[35.0]
[35.0]
[35.0]
[35.0]
[35.0]
[35.0]
[35.0]
[35.0]
[35.0]
[35.0]
[35.0]
[35.0]
[35.0]
[35.0]
[10.0, 97.0]
[10.0, 97.0]
]]></system-out>
  </testcase>
  <testcase name="test3033" classname="com.operations.Matrix.RegressionTest6" time="0.001"/>
  <testcase name="test3034" classname="com.operations.Matrix.RegressionTest6" time="0.0"/>
  <testcase name="test3035" classname="com.operations.Matrix.RegressionTest6" time="0.0"/>
  <testcase name="test3036" classname="com.operations.Matrix.RegressionTest6" time="0.0"/>
  <testcase name="test3037" classname="com.operations.Matrix.RegressionTest6" time="0.0"/>
  <testcase name="test3038" classname="com.operations.Matrix.RegressionTest6" time="0.001">
    <system-out><![CDATA[[0.9998476951563913, -0.01745240643728351]
[0.01745240643728351, 0.9998476951563913]
[0.0, 0.0]
[0.0, 10.0]
]]></system-out>
  </testcase>
  <testcase name="test3039" classname="com.operations.Matrix.RegressionTest6" time="0.0">
    <system-out><![CDATA[[10.0, 97.0]
[10.0, 97.0]
]]></system-out>
  </testcase>
  <testcase name="test3040" classname="com.operations.Matrix.RegressionTest6" time="0.0"/>
  <testcase name="test3041" classname="com.operations.Matrix.RegressionTest6" time="0.0"/>
  <testcase name="test3042" classname="com.operations.Matrix.RegressionTest6" time="0.0">
    <system-out><![CDATA[[10.984807753012207, 97.17364817766693]
[9.82635182233307, 97.9848077530122]
]]></system-out>
  </testcase>
  <testcase name="test3043" classname="com.operations.Matrix.RegressionTest6" time="0.0">
    <system-out><![CDATA[[0.0, 0.0]
[0.0, 10.0]
[0.0, 100.0]
[0.0, 970.0]
]]></system-out>
  </testcase>
  <testcase name="test3044" classname="com.operations.Matrix.RegressionTest6" time="0.0"/>
  <testcase name="test3045" classname="com.operations.Matrix.RegressionTest6" time="0.0"/>
  <testcase name="test3046" classname="com.operations.Matrix.RegressionTest6" time="0.001"/>
  <testcase name="test3047" classname="com.operations.Matrix.RegressionTest6" time="0.0">
    <system-out><![CDATA[[0.0, 0.0]
[0.0, 10.0]
[0.0, 0.0]
[0.0, 10.0]
]]></system-out>
  </testcase>
  <testcase name="test3048" classname="com.operations.Matrix.RegressionTest6" time="0.0"/>
  <testcase name="test3049" classname="com.operations.Matrix.RegressionTest6" time="0.0">
    <system-out><![CDATA[[0.9998476951563913, 0.01745240643728351]
[-0.01745240643728351, 0.9998476951563913]
[0.9998476951563913, 0.01745240643728351]
[-0.01745240643728351, 0.9998476951563913]
]]></system-out>
  </testcase>
  <testcase name="test3050" classname="com.operations.Matrix.RegressionTest6" time="0.001">
    <system-out><![CDATA[[100.0, 0.0]
[0.0, 350.0]
]]></system-out>
  </testcase>
  <testcase name="test3051" classname="com.operations.Matrix.RegressionTest6" time="0.0"/>
  <testcase name="test3052" classname="com.operations.Matrix.RegressionTest6" time="0.0"/>
  <testcase name="test3053" classname="com.operations.Matrix.RegressionTest6" time="0.0"/>
  <testcase name="test3054" classname="com.operations.Matrix.RegressionTest6" time="0.0"/>
  <testcase name="test3055" classname="com.operations.Matrix.RegressionTest6" time="0.0">
    <system-out><![CDATA[[10.0, 97.0]
[10.0, 97.0]
]]></system-out>
  </testcase>
  <testcase name="test3056" classname="com.operations.Matrix.RegressionTest6" time="0.001"/>
  <testcase name="test3057" classname="com.operations.Matrix.RegressionTest6" time="0.0"/>
  <testcase name="test3058" classname="com.operations.Matrix.RegressionTest6" time="0.0"/>
  <testcase name="test3059" classname="com.operations.Matrix.RegressionTest6" time="0.0"/>
  <testcase name="test3060" classname="com.operations.Matrix.RegressionTest6" time="0.0"/>
  <testcase name="test3061" classname="com.operations.Matrix.RegressionTest6" time="0.0">
    <system-out><![CDATA[[100.0, 0.0]
[0.0, 32.0]
]]></system-out>
  </testcase>
  <testcase name="test3062" classname="com.operations.Matrix.RegressionTest6" time="0.0"/>
  <testcase name="test3063" classname="com.operations.Matrix.RegressionTest6" time="0.0"/>
  <testcase name="test3064" classname="com.operations.Matrix.RegressionTest6" time="0.001"/>
  <testcase name="test3065" classname="com.operations.Matrix.RegressionTest6" time="0.0"/>
  <testcase name="test3066" classname="com.operations.Matrix.RegressionTest6" time="0.001">
    <system-out><![CDATA[[0.0, 0.0]
[0.0, 10.0]
]]></system-out>
  </testcase>
  <testcase name="test3067" classname="com.operations.Matrix.RegressionTest6" time="0.0">
    <system-out><![CDATA[[0.0, 0.0]
[0.0, 0.0]
]]></system-out>
  </testcase>
  <testcase name="test3068" classname="com.operations.Matrix.RegressionTest6" time="0.0"/>
  <testcase name="test3069" classname="com.operations.Matrix.RegressionTest6" time="0.0"/>
  <testcase name="test3070" classname="com.operations.Matrix.RegressionTest6" time="0.0"/>
  <testcase name="test3071" classname="com.operations.Matrix.RegressionTest6" time="0.0"/>
  <testcase name="test3072" classname="com.operations.Matrix.RegressionTest6" time="0.0"/>
  <testcase name="test3073" classname="com.operations.Matrix.RegressionTest6" time="0.0">
    <system-out><![CDATA[[10.0, 97.0]
[10.0, 97.0]
]]></system-out>
  </testcase>
  <testcase name="test3074" classname="com.operations.Matrix.RegressionTest6" time="0.0"/>
  <testcase name="test3075" classname="com.operations.Matrix.RegressionTest6" time="0.0"/>
  <testcase name="test3076" classname="com.operations.Matrix.RegressionTest6" time="0.0">
    <system-out><![CDATA[[100.0, 0.0]
[0.0, 32.0]
]]></system-out>
  </testcase>
  <testcase name="test3077" classname="com.operations.Matrix.RegressionTest6" time="0.0">
    <system-out><![CDATA[[10.0, 97.0]
[10.0, 97.0]
]]></system-out>
  </testcase>
  <testcase name="test3078" classname="com.operations.Matrix.RegressionTest6" time="0.001"/>
  <testcase name="test3079" classname="com.operations.Matrix.RegressionTest6" time="0.0"/>
  <testcase name="test3080" classname="com.operations.Matrix.RegressionTest6" time="0.0"/>
  <testcase name="test3081" classname="com.operations.Matrix.RegressionTest6" time="0.0">
    <system-out><![CDATA[[0.0, 0.0]
[0.0, 10.0]
]]></system-out>
  </testcase>
  <testcase name="test3082" classname="com.operations.Matrix.RegressionTest6" time="0.0"/>
  <testcase name="test3083" classname="com.operations.Matrix.RegressionTest6" time="0.0"/>
  <testcase name="test3084" classname="com.operations.Matrix.RegressionTest6" time="0.0"/>
  <testcase name="test3085" classname="com.operations.Matrix.RegressionTest6" time="0.0"/>
  <testcase name="test3086" classname="com.operations.Matrix.RegressionTest6" time="0.0"/>
  <testcase name="test3087" classname="com.operations.Matrix.RegressionTest6" time="0.0"/>
  <testcase name="test3088" classname="com.operations.Matrix.RegressionTest6" time="0.0"/>
  <testcase name="test3089" classname="com.operations.Matrix.RegressionTest6" time="0.0"/>
  <testcase name="test3090" classname="com.operations.Matrix.RegressionTest6" time="0.0"/>
  <testcase name="test3091" classname="com.operations.Matrix.RegressionTest6" time="0.001">
    <system-out><![CDATA[[10.0, 97.0]
[10.0, 97.0]
]]></system-out>
  </testcase>
  <testcase name="test3092" classname="com.operations.Matrix.RegressionTest6" time="0.0"/>
  <testcase name="test3093" classname="com.operations.Matrix.RegressionTest6" time="0.0"/>
  <testcase name="test3094" classname="com.operations.Matrix.RegressionTest6" time="0.0"/>
  <testcase name="test3095" classname="com.operations.Matrix.RegressionTest6" time="0.0"/>
  <testcase name="test3096" classname="com.operations.Matrix.RegressionTest6" time="0.0">
    <system-out><![CDATA[[32.0, 0.0]
[0.0, 0.0]
]]></system-out>
  </testcase>
  <testcase name="test3097" classname="com.operations.Matrix.RegressionTest6" time="0.0"/>
  <testcase name="test3098" classname="com.operations.Matrix.RegressionTest6" time="0.0"/>
  <testcase name="test3099" classname="com.operations.Matrix.RegressionTest6" time="0.0"/>
  <testcase name="test3100" classname="com.operations.Matrix.RegressionTest6" time="0.0">
    <system-out><![CDATA[[10.0, 97.0]
[10.0, 97.0]
[-0.1736481776669303, -0.984807753012208]
[0.984807753012208, -0.1736481776669303]
]]></system-out>
  </testcase>
  <testcase name="test3101" classname="com.operations.Matrix.RegressionTest6" time="0.001"/>
  <testcase name="test3102" classname="com.operations.Matrix.RegressionTest6" time="0.0">
    <system-out><![CDATA[[0.0, 0.0]
[0.0, 10.0]
]]></system-out>
  </testcase>
  <testcase name="test3103" classname="com.operations.Matrix.RegressionTest6" time="0.0"/>
  <testcase name="test3104" classname="com.operations.Matrix.RegressionTest6" time="0.0"/>
  <testcase name="test3105" classname="com.operations.Matrix.RegressionTest6" time="0.001"/>
  <testcase name="test3106" classname="com.operations.Matrix.RegressionTest6" time="0.0"/>
  <testcase name="test3107" classname="com.operations.Matrix.RegressionTest6" time="0.0">
    <system-out><![CDATA[[10.0, 0.0]
[0.0, 1.0]
]]></system-out>
  </testcase>
  <testcase name="test3108" classname="com.operations.Matrix.RegressionTest6" time="0.0"/>
  <testcase name="test3109" classname="com.operations.Matrix.RegressionTest6" time="0.0"/>
  <testcase name="test3110" classname="com.operations.Matrix.RegressionTest6" time="0.0"/>
  <testcase name="test3111" classname="com.operations.Matrix.RegressionTest6" time="0.0"/>
  <testcase name="test3112" classname="com.operations.Matrix.RegressionTest6" time="0.0"/>
  <testcase name="test3113" classname="com.operations.Matrix.RegressionTest6" time="0.001">
    <system-out><![CDATA[[7.878063016570319, 24.062298282840967, 10.965224963446428, 13.835578831118081, 12.28100583269234, 21.003792817270558, 19.28875690355629, -0.4997708265936964, 2.9869769102081563, 0.9387770770902257]
[22.926519120829, 27.74639402116537, 27.1621452976649, 31.23314195803165, 13.957588012450636, 0.17193359766394778, 28.551807353717933, 11.370170005636542, 18.443725548794966, 6.381694387927226]
[-0.69385192858784, 15.921316048005288, 7.3740336243630935, 7.805981683565204, 5.029196643492295, 4.316618448448395, 14.61891865803942, 2.321944616820712, 27.579985260632554, 29.25894085857781]
[-0.29295322487872966, 8.162215066767992, 8.403976542934345, 27.273727285080305, 16.722391992060047, 31.85197512796479, 29.640555608963496, 20.50213241687507, 20.82060143332013, 3.6412338052966184]
[-0.06105063210652162, 3.430385952936735, 11.784823544574351, 26.09339651054903, 24.820176397080363, 3.801923487604409, 31.68077458906785, 9.154330770553202, 6.546672116367574, 8.481314871192254]
[25.029232627313426, 6.157947837683082, 0.804003114332243, 31.530200281578956, 18.991282758348074, 3.824904414833597, 6.060599123119765, -0.7845745151918635, 2.857554602611195, 26.38037950182577]
[0.2517256991512262, 8.098263891897329, 9.647312678754144, 5.454951231587021, 17.43291646869887, 16.751096320562183, 3.8566936022177956, 15.439449943210743, -0.7341183535371556, 0.014092971966270795]
[20.347499618089103, 30.44022631652773, 29.63642042721258, 31.039452080186017, 16.038883726531694, -0.07435399147359334, -0.6408659747963839, 6.674410600488834, 15.453887416596412, 23.567664740417364]
[21.797779820809808, 4.006743491012699, 30.281210240258552, 31.664210000304436, 20.322851999612507, 29.137650779530993, 3.939719996277912, 31.878662222261887, 21.839525468062398, 14.456917643789676]
[1.6791313393270855, 22.852069139732524, 3.149347060654584, 11.873910054078802, 2.014906080007716, 30.53180953482576, 10.658111265716645, 15.60547580045235, 15.278847333555863, 14.817268943532667]
]]></system-out>
  </testcase>
  <testcase name="test3114" classname="com.operations.Matrix.RegressionTest6" time="0.0"/>
  <testcase name="test3115" classname="com.operations.Matrix.RegressionTest6" time="0.0"/>
  <testcase name="test3116" classname="com.operations.Matrix.RegressionTest6" time="0.0">
    <system-out><![CDATA[[0.9998476951563913, -0.01745240643728351]
[0.01745240643728351, 0.9998476951563913]
[0.0, 0.0]
[0.0, 10.0]
]]></system-out>
  </testcase>
  <testcase name="test3117" classname="com.operations.Matrix.RegressionTest6" time="0.0"/>
  <testcase name="test3118" classname="com.operations.Matrix.RegressionTest6" time="0.0"/>
  <testcase name="test3119" classname="com.operations.Matrix.RegressionTest6" time="0.0">
    <system-out><![CDATA[[0.0, 0.0]
[0.0, 0.0]
]]></system-out>
  </testcase>
  <testcase name="test3120" classname="com.operations.Matrix.RegressionTest6" time="0.0">
    <system-out><![CDATA[[-0.1736481776669303, -0.984807753012208]
[0.984807753012208, -0.1736481776669303]
[-0.1736481776669303, -0.984807753012208]
[0.984807753012208, -0.1736481776669303]
]]></system-out>
  </testcase>
  <testcase name="test3121" classname="com.operations.Matrix.RegressionTest6" time="0.0">
    <system-out><![CDATA[[0.0, 0.0]
[0.0, 10.0]
]]></system-out>
  </testcase>
  <testcase name="test3122" classname="com.operations.Matrix.RegressionTest6" time="0.001"/>
  <testcase name="test3123" classname="com.operations.Matrix.RegressionTest6" time="0.0"/>
  <testcase name="test3124" classname="com.operations.Matrix.RegressionTest6" time="0.0"/>
  <testcase name="test3125" classname="com.operations.Matrix.RegressionTest6" time="0.0"/>
  <testcase name="test3126" classname="com.operations.Matrix.RegressionTest6" time="0.001"/>
  <testcase name="test3127" classname="com.operations.Matrix.RegressionTest6" time="0.0"/>
  <testcase name="test3128" classname="com.operations.Matrix.RegressionTest6" time="0.001">
    <system-out><![CDATA[[32.0, 0.0]
[0.0, 0.0]
]]></system-out>
  </testcase>
  <testcase name="test3129" classname="com.operations.Matrix.RegressionTest6" time="0.0">
    <system-out><![CDATA[[0.9998476951563913, -0.01745240643728351]
[0.01745240643728351, 0.9998476951563913]
[0.0, 0.0]
[0.0, 10.0]
]]></system-out>
  </testcase>
  <testcase name="test3130" classname="com.operations.Matrix.RegressionTest6" time="0.0"/>
  <testcase name="test3131" classname="com.operations.Matrix.RegressionTest6" time="0.0">
    <system-out><![CDATA[[-0.6381968928395282, -0.06700651471145902, -0.16690865102897634, -0.6735242437620738, -0.7644762093523748, -0.6508846433751166, -0.5519223673068482, -0.36184705621613145, -0.8417334567047977, -0.23111193980799105, -0.05492654227019256, -0.9344149592793393, -0.18976872653453036, -0.5220846274662488, -0.6674136030277631, -0.30746865796280964, -0.08377113293131866, -0.6491377661572915, -0.9097567216862872, -0.44459972608717124, -0.8972250994469841, -0.05564166365235046, -0.8058167600203027, -0.7464840119408197, -0.30393167461962967, -0.9526656409901524, -0.7992785352368199, -0.14985411777687174, -0.6019810702696576, -0.768331838230446, -0.8439861012372865, -0.9333608222404947, -0.8973167686838239, -0.40847402640407915, -0.6222257740584048]
]]></system-out>
  </testcase>
  <testcase name="test3132" classname="com.operations.Matrix.RegressionTest6" time="0.0">
    <system-out><![CDATA[[0.0, 0.0]
[0.0, 10.0]
]]></system-out>
  </testcase>
  <testcase name="test3133" classname="com.operations.Matrix.RegressionTest6" time="0.0"/>
  <testcase name="test3134" classname="com.operations.Matrix.RegressionTest6" time="0.0">
    <system-out><![CDATA[[10.0, 97.0]
[10.0, 97.0]
]]></system-out>
  </testcase>
  <testcase name="test3135" classname="com.operations.Matrix.RegressionTest6" time="0.0"/>
  <testcase name="test3136" classname="com.operations.Matrix.RegressionTest6" time="0.001">
    <system-out><![CDATA[[35.0]
[35.0]
[35.0]
[35.0]
[35.0]
[35.0]
[35.0]
[35.0]
[35.0]
[35.0]
[35.0]
[35.0]
[35.0]
[35.0]
[35.0]
[35.0]
[35.0]
[35.0]
[35.0]
[35.0]
[35.0]
[35.0]
[35.0]
[35.0]
[35.0]
[35.0]
[35.0]
[35.0]
[35.0]
[35.0]
[35.0]
[35.0]
[35.0]
[35.0]
[35.0]
[35.0]
[35.0]
[35.0]
[35.0]
[35.0]
[35.0]
[35.0]
[35.0]
[35.0]
[35.0]
[35.0]
[35.0]
[35.0]
[35.0]
[35.0]
[35.0]
[35.0]
[35.0]
[35.0]
[35.0]
[35.0]
[35.0]
[35.0]
[35.0]
[35.0]
[35.0]
[35.0]
[35.0]
[35.0]
[35.0]
[35.0]
[35.0]
[35.0]
[35.0]
[35.0]
[35.0]
[35.0]
[35.0]
[35.0]
[35.0]
[35.0]
[35.0]
[35.0]
[35.0]
[35.0]
[35.0]
[35.0]
[35.0]
[35.0]
[35.0]
[35.0]
[35.0]
[35.0]
[35.0]
[35.0]
[35.0]
[35.0]
[35.0]
[35.0]
[35.0]
[35.0]
[35.0]
[35.0]
[35.0]
[35.0]
[10.0, 0.0]
[0.0, 35.0]
]]></system-out>
  </testcase>
  <testcase name="test3137" classname="com.operations.Matrix.RegressionTest6" time="0.0"/>
  <testcase name="test3138" classname="com.operations.Matrix.RegressionTest6" time="0.001"/>
  <testcase name="test3139" classname="com.operations.Matrix.RegressionTest6" time="0.0"/>
  <testcase name="test3140" classname="com.operations.Matrix.RegressionTest6" time="0.0"/>
  <testcase name="test3141" classname="com.operations.Matrix.RegressionTest6" time="0.0"/>
  <testcase name="test3142" classname="com.operations.Matrix.RegressionTest6" time="0.0"/>
  <testcase name="test3143" classname="com.operations.Matrix.RegressionTest6" time="0.0">
    <system-out><![CDATA[[10.0, 97.0]
[10.0, 97.0]
]]></system-out>
  </testcase>
  <testcase name="test3144" classname="com.operations.Matrix.RegressionTest6" time="0.001"/>
  <testcase name="test3145" classname="com.operations.Matrix.RegressionTest6" time="0.0"/>
  <testcase name="test3146" classname="com.operations.Matrix.RegressionTest6" time="0.0">
    <system-out><![CDATA[[0.1736481776669303, -51.21000315663482]
[-0.984807753012208, 5.112430385050576]
]]></system-out>
  </testcase>
  <testcase name="test3147" classname="com.operations.Matrix.RegressionTest6" time="0.0"/>
  <testcase name="test3148" classname="com.operations.Matrix.RegressionTest6" time="0.001">
    <system-out><![CDATA[[-0.1736481776669303, -0.984807753012208]
[0.984807753012208, -0.1736481776669303]
]]></system-out>
  </testcase>
  <testcase name="test3149" classname="com.operations.Matrix.RegressionTest6" time="0.0">
    <system-out><![CDATA[[10.0, 97.0]
[10.0, 97.0]
]]></system-out>
  </testcase>
  <testcase name="test3150" classname="com.operations.Matrix.RegressionTest6" time="0.0">
    <system-out><![CDATA[[0.6156614753256583, -0.788010753606722]
[0.788010753606722, 0.6156614753256583]
[-0.1736481776669303, -0.984807753012208]
[0.984807753012208, -0.1736481776669303]
]]></system-out>
  </testcase>
  <testcase name="test3151" classname="com.operations.Matrix.RegressionTest6" time="0.0"/>
  <testcase name="test3152" classname="com.operations.Matrix.RegressionTest6" time="0.0">
    <system-out><![CDATA[[35.0]
[35.0]
[35.0]
[35.0]
[35.0]
[35.0]
[35.0]
[35.0]
[35.0]
[35.0]
[35.0]
[35.0]
[35.0]
[35.0]
[35.0]
[35.0]
[35.0]
[35.0]
[35.0]
[35.0]
[35.0]
[35.0]
[35.0]
[35.0]
[35.0]
[35.0]
[35.0]
[35.0]
[35.0]
[35.0]
[35.0]
[35.0]
[35.0]
[35.0]
[35.0]
[35.0]
[35.0]
[35.0]
[35.0]
[35.0]
[35.0]
[35.0]
[35.0]
[35.0]
[35.0]
[35.0]
[35.0]
[35.0]
[35.0]
[35.0]
[35.0]
[35.0]
[35.0]
[35.0]
[35.0]
[35.0]
[35.0]
[35.0]
[35.0]
[35.0]
[35.0]
[35.0]
[35.0]
[35.0]
[35.0]
[35.0]
[35.0]
[35.0]
[35.0]
[35.0]
[35.0]
[35.0]
[35.0]
[35.0]
[35.0]
[35.0]
[35.0]
[35.0]
[35.0]
[35.0]
[35.0]
[35.0]
[35.0]
[35.0]
[35.0]
[35.0]
[35.0]
[35.0]
[35.0]
[35.0]
[35.0]
[35.0]
[35.0]
[35.0]
[35.0]
[35.0]
[35.0]
[35.0]
[35.0]
[35.0]
[35.0, 35.0, 35.0, 35.0, 35.0, 35.0, 35.0, 35.0, 35.0, 35.0, 35.0, 35.0, 35.0, 35.0, 35.0, 35.0, 35.0, 35.0, 35.0, 35.0, 35.0, 35.0, 35.0, 35.0, 35.0, 35.0, 35.0, 35.0, 35.0, 35.0, 35.0, 35.0, 35.0, 35.0, 35.0, 35.0, 35.0, 35.0, 35.0, 35.0, 35.0, 35.0, 35.0, 35.0, 35.0, 35.0, 35.0, 35.0, 35.0, 35.0, 35.0, 35.0, 35.0, 35.0, 35.0, 35.0, 35.0, 35.0, 35.0, 35.0, 35.0, 35.0, 35.0, 35.0, 35.0, 35.0, 35.0, 35.0, 35.0, 35.0, 35.0, 35.0, 35.0, 35.0, 35.0, 35.0, 35.0, 35.0, 35.0, 35.0, 35.0, 35.0, 35.0, 35.0, 35.0, 35.0, 35.0, 35.0, 35.0, 35.0, 35.0, 35.0, 35.0, 35.0, 35.0, 35.0, 35.0, 35.0, 35.0, 35.0]
]]></system-out>
  </testcase>
  <testcase name="test3153" classname="com.operations.Matrix.RegressionTest6" time="0.001"/>
  <testcase name="test3154" classname="com.operations.Matrix.RegressionTest6" time="0.0"/>
  <testcase name="test3155" classname="com.operations.Matrix.RegressionTest6" time="0.0">
    <system-out><![CDATA[[10.0, 97.0]
[10.0, 97.0]
]]></system-out>
  </testcase>
  <testcase name="test3156" classname="com.operations.Matrix.RegressionTest6" time="0.0"/>
  <testcase name="test3157" classname="com.operations.Matrix.RegressionTest6" time="0.001"/>
  <testcase name="test3158" classname="com.operations.Matrix.RegressionTest6" time="0.0">
    <system-out><![CDATA[[0.0, 0.0]
[0.0, 10.0]
]]></system-out>
  </testcase>
  <testcase name="test3159" classname="com.operations.Matrix.RegressionTest6" time="0.0"/>
  <testcase name="test3160" classname="com.operations.Matrix.RegressionTest6" time="0.0">
    <system-out><![CDATA[[52.009614495783374, 0.0]
[0.0, 100.0]
]]></system-out>
  </testcase>
  <testcase name="test3161" classname="com.operations.Matrix.RegressionTest6" time="0.001"/>
  <testcase name="test3162" classname="com.operations.Matrix.RegressionTest6" time="0.0"/>
  <testcase name="test3163" classname="com.operations.Matrix.RegressionTest6" time="0.0"/>
  <testcase name="test3164" classname="com.operations.Matrix.RegressionTest6" time="0.0">
    <system-out><![CDATA[[-0.26894263088050496, -0.012269981921235296, -0.6620844841121951, -0.4164383172882866, -0.8261659004768312, -0.8060372517968333, -0.056789399230864124, -0.08237099185730667, -0.7229322031530202, -0.5593032945920244]
[-0.5992281340242126, -0.9302456148602116, -0.6217126300259462, -0.23263624314841125, -0.17603670286175177, -0.811344216676919, -0.2387231306061055, -0.10828668916950168, -0.5962929479907949, -0.944892932291528]
[-0.21891574690056248, -0.07957553151875862, -0.7476419870886172, -0.4299026858328707, -0.12839110659472153, -0.867647114173885, -0.18095417865853602, -0.7963896020786817, -0.39470693765033904, -0.3810724103994375]
[-0.3900259303286997, -0.8451517759651747, -0.2491902220125849, -0.4152318077751044, -0.6045907223125988, -0.4598483433015106, -0.8552434284123983, -0.026103188362395446, -0.8729162299952927, -0.16594762097985438]
[-0.8427683664062571, -0.20702569299093532, -0.5745210961390775, -0.9581814113396919, -0.4112133341162454, -0.9472048349549335, -0.27405235040559617, -0.3214625569025883, -0.012382968519851434, -0.35717042672609556]
[-0.0041226703436760825, -0.42979339741144784, -0.3790321074230135, -0.3090936880009235, -0.647914461402897, -0.22351302691690578, -0.32639849350096983, -0.9588154344264567, -0.08161534232063472, -0.43730171099455384]
[-0.3212114468876457, -0.5916322413984817, -0.13225742892411052, -0.6796806834864064, -0.2863469389098322, -0.46533326260340846, -0.20829114181435326, -0.3493163928625991, -0.489181699732368, -0.7116753491539818]
[-0.6682311844050033, -0.5142583669589142, -0.6478325604976961, -0.9014295139473003, -0.606970902113582, -0.8773099863227419, -0.5818492155776113, -0.5783270808094577, -0.7598688930476741, -0.6040520477293267]
[-0.8325621071494337, -0.9236793322065495, -0.6514690764386933, -0.09960921124545441, -0.6831696939693155, -0.7261394522445684, -0.9487239721711311, -0.7860697929608812, -0.9197817736046197, -2.126034488514339E-5]
[-0.21784822944267768, -0.5545393547370139, -0.49201913851097, -0.9207842744607523, -0.929437297713157, -0.8441294633397868, -0.9554020981979348, -0.22773995486557863, -0.6082443500416027, -0.23475275796678952]
[-0.20764311026203253, -0.8817295156921022, -0.4820158065664919, -0.03141586558682041, -0.5670922452012366, -0.5594688107831283, -0.8480441057132442, -0.5647726333750439, -0.6839661241790794, -0.5164511288779432]
[-0.6466038253669443, -0.8360190289479281, -0.12362462333661972, -0.4567440173841517, -0.4071954750522744, -0.6937835098169124, -0.7160419185142349, -0.3107119112049962, -0.8165283557682033, -0.9464845772565929]
[-0.9267512725922368, -0.2406409576969223, -0.6464329308747783, -0.6856995324177008, -0.5719262844850358, -0.7694385042163049, -0.6753994009518012, -0.6244076487231719, -0.1738933061863286, -0.659024479261884]
[-0.539198424395968, -0.43854160922135743, -0.1332534319994425, -0.05272761690706895, -0.15404682417732174, -0.9411014319015129, -0.6799245343374326, -0.4399442098929013, -0.4700393204221256, -0.41515524980545193]
[-0.25779716896821836, -0.20151322850507303, -0.8330749209788499, -0.5853718221421149, -0.5963305939391182, -0.8507060660419694, -0.16026479485096512, -0.5172997824707102, -0.22729824996799786, -0.5974252796611479]
[-0.4668157711296651, -0.1994290360141462, -0.6160247629512826, -0.5321512690181711, -0.021641717761572754, -0.6851402661872172, -0.3938391196332036, -0.5513718397153529, -0.5544629319607844, -0.44996793387474476]
[-0.40210192516738996, -0.12767429234508842, -0.48891122791431285, -0.0541738791406845, -0.38804716067097145, -0.1653755046334756, -0.13416641249548644, -0.2914477763092027, -0.22881157359704074, -0.47651055631855554]
[-0.13190755093308082, -0.7516212432441246, -0.5024079773510478, -0.862195484288315, -0.2258704080290369, -0.12860332108265593, -0.07303138517848118, -0.390825717732055, -0.5980599615164852, -0.6643145484147158]
[-0.1129695486933382, -0.22726651365995398, -0.5986749804849055, -0.8352177106553952, -0.6445226052377278, -0.2861371398636453, -0.6860593748951156, -0.7601134351701013, -0.25271902807422886, -0.05748606898122999]
[-0.7885027990982473, -0.8361891090564861, -0.09324827522001544, -0.1845994428457851, -0.10147075845412223, -0.7948800299573265, -0.6999128670121689, -0.7613807775334509, -0.5418524918363852, -0.7099218883451016]
[-0.3820358326828901, -0.8606848014683304, -0.6950724836598131, -0.48704414392272255, -0.19464207710653836, -0.5051837032842397, -0.1114194315344249, -0.01807388386999864, -0.5628651096260712, -0.14878979367852097]
[-0.2347040997821389, -0.4917903648120694, -0.6469133898466742, -0.7493532704126842, -0.07936566361793229, -0.3196907346233814, -0.44506316128985723, -0.6822994891799743, -0.011403567595385966, -0.7568975535204433]
[-0.44952794200056756, -0.0700654696607742, -0.6340199558529952, -0.5767588502513228, -0.3936869589477838, -0.5836404547346333, -0.8306154419995254, -0.09226281025721095, -0.25903840276229384, -0.41021057894287993]
[-0.47578910330089397, -0.4082078347524729, -0.24637538627588285, -0.8748538051539421, -0.18925082567770435, -0.03514060811008901, -0.858066103312466, -0.15442523103896633, -0.7780622661298283, -0.8993941691975468]
[-0.5869517888910931, -0.6282194922954554, -0.6893809478107743, -0.3431284809708972, -0.9622593010376087, -0.6726916334980072, -0.8788887805569277, -0.924096797236805, -0.8640581217603991, -0.1264630281063832]
[-0.9893450931067957, -0.6969305373016308, -0.08517361007152091, -0.22703484063251522, -0.629211570750281, -0.18605648278324505, -0.09310223464588951, -0.5520761097017577, -0.8430543700879662, -0.4449302090552203]
[-0.8243563040992323, -0.38584939844291577, -0.5734366839206, -0.43708957618813593, -0.12979930303441178, -0.9752821264518851, -0.028272528180646406, -0.4716031123488339, -0.18191526231629818, -0.34038665723345074]
[-0.38812066665031864, -0.5788078869332607, -0.7535886839466912, -0.660178143726643, -0.214655141187581, -0.5218017346778958, -0.782854152725331, -0.7679339908019542, -0.25455681877980474, -0.6049758281477222]
[-0.04920771816465319, -0.958584157006768, -0.07232821022579439, -0.5629426390041584, -0.10445497383979918, -0.1362171201076391, -0.09104155861074681, -0.5915358380696804, -0.8247033186875623, -0.3111312631637593]
[-0.17178777938074086, -0.01712811557284155, -0.07998913919506123, -0.5935569367614264, -0.8206023455283251, -0.1913337131474533, -0.05416290420861869, -0.12511987789466994, -0.4759012669829017, -0.9452328302311442]
[-0.6900385014081456, -0.8393117783738012, -0.09996822243887693, -0.3405746865369994, -0.5834457334894632, -0.548679072418706, -0.47479250063817846, -0.5149873479490771, -0.4047074331310201, -0.6191367671715601]
[-0.1855641186508602, -0.1340418494373068, -0.5871961472701678, -0.4107586427096436, -0.26439100245608504, -0.33508916227130925, -0.5900073392871189, -0.7395913352817889, -0.8623107132033033, -0.07610806939567416]
[-0.5154196171299701, -0.8464846788971792, -0.11942716242979812, -0.4873732360608468, -0.2416946657818072, -0.7466258551904423, -0.6110102765632294, -0.16457245913202745, -0.5179030408811036, -0.37741047907922165]
[-0.3616545542172255, -0.3390724085917549, -0.6598439057364224, -0.6624792661836626, -0.44010052166424085, -0.5143529299938632, -0.5847606980010419, -0.4661934187160506, -0.5740803681754786, -0.46719969670348216]
[-0.927436616282505, -0.4255183545088894, -0.05755724728620082, -0.4780658761403852, -0.8913868352989327, -0.8152295229907998, -0.4619855809763591, -0.27708331446057743, -0.3062478650094751, -0.9275503172935773]
[-0.30872711184420176, -0.47052442670987826, -0.08609609515586358, -0.9287768077926065, -0.9115157994023413, -0.14708589513797388, -0.9133113053668807, -0.7931396330370221, -0.05587193898494891, -0.9541862599148176]
[-0.5087334941422142, -0.7080985481110204, -0.046624226287307224, -0.1815387772285333, -0.29124396483834614, -0.2954605930416303, -0.925205691893072, -0.2925824386705035, -0.5785346204593519, -0.09915787477413773]
[-0.33514791716951553, -0.903923173569152, -0.7357123400691201, -0.05321676246829221, -0.5972052122316868, -0.4287585373731998, -0.8395177058548631, -0.062394910473119625, -0.0447984850484161, -0.47232898842457516]
[-0.49332075610448056, -0.4031585987223233, -0.5659763747097832, -0.5957590649481505, -0.4016886502405106, -0.3841176001364003, -0.5998488315947252, -0.24922276634909202, -0.19320335295289792, -0.5927303691947645]
[-0.5434565073316024, -0.5161866996526113, -0.7663402448801743, -0.09903763286075828, -0.6392966375222797, -0.8075560070518372, -0.12560093230269487, -0.18737778233002, -0.9342344824514169, -0.797867467414142]
[-0.2737270076530932, -0.5434826179131385, -0.8272864363402439, -0.7052450097109053, -0.2307038860450743, -0.33704760070449424, -0.05676984277893937, -0.4826531184189746, -0.661396585687024, -0.30881577044936537]
[-0.7165710265459286, -0.6100535778195523, -0.9110426107956071, -0.7964101657994676, -0.036792032182647594, -0.9553919454894123, -0.47145929532882536, -0.6145943365188619, -0.21579378570647778, -0.6069097703614305]
[-0.030706354395567792, -0.8433365576382881, -0.5486610432821865, -0.6700993660203012, -0.2950767621976643, -0.8709980651555771, -0.46137303637045124, -0.769688082552196, -0.7146720997508876, -0.4901612668170571]
[-0.8304707230404875, -0.4003593396501721, -0.09245125364009565, -0.45005902417946264, -0.14476970688259427, -0.3294880407787617, -0.8115243798360482, -0.6322617668227551, -0.6486761005008321, -0.9709881595039372]
[-0.07659646516653351, -0.9352237620348994, -0.5959194593945646, -0.021440855743851128, -0.13284774097939445, -0.028486288851083397, -0.13802580651614516, -0.6779915476217024, -0.8991715692552065, -0.3687794475665368]
[-0.17361075911290602, -0.44207488747913026, -0.8325723682775787, -0.25796097095112935, -0.6925809421651633, -0.8538465700588405, -0.12665935515833704, -0.26667478889327245, -0.7635898708125234, -0.4992717077956048]
[-0.5395550894445165, -0.0478076017527429, -0.33360160726379817, -0.2851393991294354, -0.2451698583147054, -0.42026750484186726, -0.43517424920636816, -0.28684355108746085, -0.10667617408501562, -0.616303301967089]
[-0.23008234880878897, -0.4395904308276595, -0.6821507624887563, -0.7545290532433735, -0.557155450760622, -0.965763693188878, -0.08973343689330471, -0.9260133415645182, -0.29771791212531906, -0.7094977327451306]
[-0.5832858316793749, -0.7622383075974846, -0.9237727578746026, -0.48408089937728094, -0.3194152911124202, -0.9914284283696413, -0.05208017457608127, -0.12863018895777967, -0.33286245375281653, -0.2836951173759841]
[-0.6915390229942922, -0.2175491459464307, -0.17963329962978014, -0.6356374201085918, -0.14178795007727008, -0.26960172698220985, -0.05588982851439728, -0.6514853317116933, -0.17769967770955208, -0.8630040470154667]
[-0.45549605630942125, -0.3405672352326147, -0.23745073054350108, -0.2787576729001099, -0.5902487555135597, -0.469828080183063, -0.8211062877440535, -0.1665169451281392, -0.8642054143228024, -0.08532062398032347]
[-0.2021673894054623, -0.2556045079919945, -0.66715453194518, -0.5480370320018388, -0.8562860831757277, -0.31835826867169725, -0.6321562160758178, -0.31714358245334484, -0.7193615764239701, -0.43381446785960764]
[-0.2882139531946335, -0.7576266284796257, -0.5014882860032197, -0.09680103271328744, -0.7315209661770179, -0.44955313822291754, -0.803734627778561, -0.8708359817067778, -0.5373579189389035, -0.8325944810895551]
[-0.7114889549687929, -0.09279613843738965, -0.6396006840010664, -0.5321573572973902, -0.8711173853781609, -0.6031413555051577, -0.315930793813444, -0.3824114440889427, -0.7959352368083934, -0.5975502211222762]
[-0.734222937708177, -0.9866981445059929, -0.2930023975724789, -0.4741429276826382, -0.7392175710716641, -0.6372503677546251, -0.45401051287132366, -0.9850379179058589, -0.6884686762531689, -0.5538487839863745]
[-0.6115372321099931, -0.09180892969751353, -0.182690472534483, -0.6949848549323492, -0.026201486742426394, -0.6714791786190389, -0.4780087643873361, -0.8452968141830215, -0.8407606640938157, -0.6230102875867674]
[-0.21625601090508373, -0.28948934732686826, -0.013948798666775897, -0.9838132748700874, -0.8643318446373508, -0.1456440126806985, -0.5298628944644043, -0.38162963410446227, -0.9147836336562505, -0.3497716779696016]
[-0.16796184733132935, -0.5192007043528765, -0.4671442897033642, -0.3586544503584739, -0.5142505857343441, -0.4174638196926651, -0.28319759296360936, -0.8694694088399336, -0.6959797102773378, -0.8275840867689457]
[-0.7892239959203959, -0.24238187609841022, -0.5301987124197771, -0.5629510056363745, -0.7844127809125458, -0.8562412614403614, -0.39075897015784233, -0.4993393153914486, -0.807008892983883, -0.3277079354268666]
[-0.11886984153034952, -0.6447538884152058, -0.2083963309143122, -0.38058469853124766, -0.7290699283321199, -0.9900486194545067, -0.9902017343189659, -0.16482198513359092, -0.49548243078031895, -0.8172300417457522]
[-0.37063580651548356, -0.9936110318806103, -0.24248225888056496, -0.7644259892827341, -0.8636719762391561, -0.7921744170284851, -0.3094093037750789, -0.22482061985357094, -0.37829527934737683, -0.0333094495108347]
[-0.7107215025754859, -0.5914270142252291, -0.47493660084660805, -0.5724340219132208, -0.47098746515264645, -0.45038899706458146, -0.4523409444140376, -0.5888309126146468, -0.9783777593651037, -0.07257408449769731]
[-0.3805005343574447, -0.7899812398723622, -0.47082075021049596, -0.45654014767056983, -0.543916866660251, -0.14232332307281026, -0.445747360508046, -0.7355278521570099, -0.014338314638684069, -0.6544682675454317]
[-0.8673562410292901, -0.976952318806844, -0.23325281249198848, -0.15784933642898258, -0.5345894973138114, -0.2749368336344351, -0.5517981290267964, -0.6049771308770933, -0.8685160106791131, -0.5647522249798272]
[-0.6493847229378409, -0.1369178114722609, -0.6795782374492099, -0.7725959968977841, -0.6322093323220517, -0.05930744651553077, -0.18316504556337188, -0.754964847596059, -0.3989697746732713, -0.9101603085357526]
[-0.646231943019156, -0.9789456568751632, -0.5534750503164285, -0.0029245705742630967, -0.5681972278609363, -0.04806916498793612, -0.7424766228491402, -0.18468400764131498, -0.22610078215214302, -0.9879419021901849]
[-0.8019306285719557, -0.06209979087224815, -0.7470198332409116, -0.6716912911684362, -0.5060325707806596, -0.616631795497124, -0.6099938193075527, -0.8873300482046824, -0.03074971807177118, -0.9557735966436436]
[-0.6252185077670023, -0.32746577511544994, -0.46720868512132474, -0.9284816002833732, -0.9900270093344771, -0.2163518998345264, -0.8501787351090297, -0.4706733465559507, -0.9791834995408237, -0.380096918797575]
[-0.20302411729023861, -0.840615313450832, -0.191273051507987, -0.3129186097072304, -0.04288137527723357, -0.35421661489706824, -0.04347865451570687, -0.19565079868677304, -0.6384509105477003, -0.8366891912030459]
[-0.38379482345329463, -0.882279907676364, -0.06767407538931114, -0.7697314399124348, -0.6727343171087999, -0.5861095881994196, -0.7837006354438597, -0.03233681249439058, -0.17584304570994014, -0.36922127119462256]
[-0.9649339765291464, -0.20852465729523917, -0.003845339569209183, -0.5672194395058577, -0.39857388716614783, -0.6667356442991537, -0.6390000384074808, -0.9658202521448275, -0.026960423623916818, -0.003329624767263728]
[-0.7942556164014634, -0.8866628590483093, -0.5721540694666734, -0.9865688050739149, -0.06605024315655494, -0.3367928516278732, -0.846571353575266, -0.8376647666225002, -0.8621102956479811, -0.029587274791510687]
[-0.45612674456445435, -0.5419129356073713, -0.5123593790773805, -0.39446188101320956, -0.6072157488986993, -0.8956336555752343, -0.3040567778560209, -0.6585205581825742, -0.640005578822903, -0.16358373092697287]
[-0.42154280921201026, -0.7053777909689458, -0.7278836206679388, -0.5466986940840919, -0.4164760196112407, -0.6947052658996659, -0.9065464094665932, -0.14147013931406205, -0.8862049638906637, -0.36062379501845543]
[-0.22609430283285303, -0.709958777217614, -0.49592531951857566, -0.49788238671774343, -0.3556304546871478, -0.37338859583237083, -0.34453068787110175, -0.3918362536283053, -0.4122449016873103, -0.2924628874741457]
[-0.9445735298178515, -0.8515561425041074, -0.13489806574240526, -0.5039886167965307, -0.7635099182371063, -0.06497161638316773, -0.7785997794131161, -0.3460903836012156, -0.3564104750118716, -0.7107709937504593]
[-0.2654141998608942, -0.32324078730932504, -0.6095768951511599, -0.633851312935632, -0.19620220767122798, -0.8375295836499036, -0.510011408935688, -0.919431988872286, -0.3006469156982299, -0.9440385949542087]
[-0.1574452006886775, -0.3855155550104471, -0.7829899865878234, -0.17588565017853441, -0.4436378520605363, -0.3542000770688425, -0.80703995839875, -0.5284452386293715, -0.937919894904112, -0.05941756681098309]
[-0.056395561609382305, -0.8924492362801603, -0.03845622905701418, -0.20199303968681237, -0.9044610861862926, -0.5821167836534842, -0.37546779848712397, -0.9724894668777632, -0.23371256023423304, -0.11715681839178582]
[-0.7856553280360166, -0.32812395045356346, -0.35480695966827525, -0.08643278467882332, -0.9163275264352664, -0.4321108344591149, -0.7935094673592368, -0.7462743310219926, -0.6632439940414265, -0.9421078269736565]
[-0.9370459999078152, -0.9878655463762374, -0.1979401358368582, -0.2690114144117912, -0.6613720259729315, -0.4458352603229102, -0.29831026447759146, -0.01816819759000987, -0.09698056543927613, -0.8141197618258388]
[-0.06048192513527295, -0.5721392395607701, -0.6332555513203914, -0.8853641336403613, -0.8405230535717767, -0.17747449187253972, -0.11000966801746381, -0.4365729758715695, -0.4512805981456043, -0.9575251700506665]
[-0.8997281417740902, -0.8464172250697993, -0.22265800333656083, -0.9891416584607096, -0.24517322709856737, -0.24854893374848663, -0.5228957863025498, -0.9531754340917697, -0.7843865184284115, -0.1004710490734162]
[-0.7339281834492705, -0.8970233283047445, -0.6687595522296491, -0.2789544783077551, -0.475645567093572, -0.33202314728139815, -0.05972530528873832, -0.20069057394474865, -0.08190153318489979, -0.22932959175581602]
[-0.07575686708026275, -0.010811571860455671, -0.9453598752986263, -0.47497017883674775, -0.45374126600592923, -0.5821078836383519, -0.36878579487483965, -0.9981007150005333, -0.2874304823366153, -0.9242155157471266]
[-0.9871424077376147, -0.09605061759140832, -0.21055352509395053, -0.6147428099689388, -0.6578624222459274, -0.44556821446733386, -0.30330655785172567, -0.03325078719195529, -0.9559218063881457, -0.9117470794318523]
[-0.8183213119332111, -0.5041966734794835, -0.05585065269639777, -0.5444341304123737, -0.545843949513284, -0.9363955441967972, -0.8345739515427553, -0.08649104197084623, -0.2677402629479547, -0.18425042401468983]
[-0.48698302569757035, -0.9091003429956002, -0.2860752823883409, -0.14994622548451697, -0.8103960232083022, -0.5363786194974439, -0.45439848498412516, -0.5959985055638395, -0.5845735885319174, -0.8248785112842895]
[-0.48849848483621117, -0.743993333499735, -0.15071409536146696, -0.42313273303251087, -0.5882739144649608, -0.9980494458367768, -0.37585997469880095, -0.35221244124182804, -0.5635000965120734, -0.5504798647293748]
[-0.6784050926264189, -0.420343423805567, -0.7236538400746078, -0.20232478570968604, -0.6859006483525851, -0.7129438282174684, -0.7655914880951039, -0.462873393394708, -0.39811470262522886, -0.5840168253976432]
[-0.7727582353057155, -0.8799872521468739, -0.4363087608747359, -0.4156527255094238, -0.22573947702697783, -0.5969832206232308, -0.07395221512812333, -0.9094648632409016, -0.6163477909730475, -0.33202961837185674]
[-0.26460336905222925, -0.8271039452873514, -0.8560721567196118, -0.33245378141658, -0.8094437396931257, -0.9065662786761046, -0.1745981673691992, -0.36905556467589906, -0.13995985584465098, -0.1468307359960097]
[-0.6152418482010763, -0.5044656246652771, -0.9305249442855348, -0.7754306662790703, -0.5515215275278111, -0.19478348444840277, -0.901140340465214, -0.9918867264593002, -0.8727256563824214, -0.2651750318666378]
[-0.7223545952034309, -0.014496442032164603, -0.6162168340174659, -0.437804869192259, -0.8923857026912372, -0.048797920390736826, -0.8603455622660892, -0.384423880369279, -0.8207301823606933, -0.5430941702816497]
[-0.6342297546648172, -0.7261281947568214, -0.12305007518453914, -0.49974530684645735, -0.44928876424665454, -0.00925045172210992, -0.30888681339616997, -0.6705065768388682, -0.8123039204004655, -0.4490398754963847]
[-0.6267593616820627, -0.18000978837043324, -0.7409099241530835, -0.15173315602969017, -0.8204605936052586, -0.4935563408899578, -0.8698044774836717, -0.6008131117292828, -0.9458750297179569, -0.673710715074313]
[-0.20959639626170268, -0.42469759722035993, -0.1993979508340219, -0.5547528664122068, -9.514830820267495E-5, -0.8507963834700037, -0.9170440875369215, -0.8048688993871062, -0.3859775659378447, -0.7948190618877319]
[-0.5175918764629359, -0.8430295206425132, -0.8351503167401072, -0.23441245306233838, -0.18361697814777678, -0.2308257647955928, -0.3187597710161363, -0.3726509832718212, -0.5010266086756217, -0.4691024285373532]
[-0.27668309141939307, -0.1095992795086721, -0.11071426292416309, -0.09504952566240887, -0.30346799963261784, -0.5091110681596327, -0.6652117067879132, -0.5974820798017204, -0.30707081082234133, -0.27322411690536974]
[-0.02872355202984911, -0.9463600290909499, -0.6163754874413736, -0.7179561523615408, -0.7106870055797142, -0.4671689044816667, -0.14335917448442548, -0.3820019241078816, -0.9810077105377463, -0.38160319317694524]
]]></system-out>
  </testcase>
  <testcase name="test3165" classname="com.operations.Matrix.RegressionTest6" time="0.002">
    <system-out><![CDATA[[10.0, 97.0]
[10.0, 97.0]
]]></system-out>
  </testcase>
  <testcase name="test3166" classname="com.operations.Matrix.RegressionTest6" time="0.0"/>
  <testcase name="test3167" classname="com.operations.Matrix.RegressionTest6" time="0.0"/>
  <testcase name="test3168" classname="com.operations.Matrix.RegressionTest6" time="0.0"/>
  <testcase name="test3169" classname="com.operations.Matrix.RegressionTest6" time="0.0"/>
  <testcase name="test3170" classname="com.operations.Matrix.RegressionTest6" time="0.0"/>
  <testcase name="test3171" classname="com.operations.Matrix.RegressionTest6" time="0.0"/>
  <testcase name="test3172" classname="com.operations.Matrix.RegressionTest6" time="0.0">
    <system-out><![CDATA[[10.0, 97.0]
[10.0, 97.0]
[35.0]
[35.0]
[35.0]
[35.0]
[35.0]
[35.0]
[35.0]
[35.0]
[35.0]
[35.0]
[35.0]
[35.0]
[35.0]
[35.0]
[35.0]
[35.0]
[35.0]
[35.0]
[35.0]
[35.0]
[35.0]
[35.0]
[35.0]
[35.0]
[35.0]
[35.0]
[35.0]
[35.0]
[35.0]
[35.0]
[35.0]
[35.0]
[35.0]
[35.0]
[35.0]
[35.0]
[35.0]
[35.0]
[35.0]
[35.0]
[35.0]
[35.0]
[35.0]
[35.0]
[35.0]
[35.0]
[35.0]
[35.0]
[35.0]
[35.0]
[35.0]
[35.0]
[35.0]
[35.0]
[35.0]
[35.0]
[35.0]
[35.0]
[35.0]
[35.0]
[35.0]
[35.0]
[35.0]
[35.0]
[35.0]
[35.0]
[35.0]
[35.0]
[35.0]
[35.0]
[35.0]
[35.0]
[35.0]
[35.0]
[35.0]
[35.0]
[35.0]
[35.0]
[35.0]
[35.0]
[35.0]
[35.0]
[35.0]
[35.0]
[35.0]
[35.0]
[35.0]
[35.0]
[35.0]
[35.0]
[35.0]
[35.0]
[35.0]
[35.0]
[35.0]
[35.0]
[35.0]
[35.0]
[35.0]
[35.0]
]]></system-out>
  </testcase>
  <testcase name="test3173" classname="com.operations.Matrix.RegressionTest6" time="0.001">
    <system-out><![CDATA[[10.0, 97.0]
[10.0, 97.0]
[10.0, 97.0]
[10.0, 97.0]
]]></system-out>
  </testcase>
  <testcase name="test3174" classname="com.operations.Matrix.RegressionTest6" time="0.0"/>
  <testcase name="test3175" classname="com.operations.Matrix.RegressionTest6" time="0.001"/>
  <testcase name="test3176" classname="com.operations.Matrix.RegressionTest6" time="0.0"/>
  <testcase name="test3177" classname="com.operations.Matrix.RegressionTest6" time="0.001"/>
  <testcase name="test3178" classname="com.operations.Matrix.RegressionTest6" time="0.0"/>
  <testcase name="test3179" classname="com.operations.Matrix.RegressionTest6" time="0.0"/>
  <testcase name="test3180" classname="com.operations.Matrix.RegressionTest6" time="0.0"/>
  <testcase name="test3181" classname="com.operations.Matrix.RegressionTest6" time="0.0"/>
  <testcase name="test3182" classname="com.operations.Matrix.RegressionTest6" time="0.001">
    <system-out><![CDATA[[10.0, 10.0]
[97.0, 97.0]
]]></system-out>
  </testcase>
  <testcase name="test3183" classname="com.operations.Matrix.RegressionTest6" time="0.0"/>
  <testcase name="test3184" classname="com.operations.Matrix.RegressionTest6" time="0.0"/>
  <testcase name="test3185" classname="com.operations.Matrix.RegressionTest6" time="0.0">
    <system-out><![CDATA[[100.0, 0.0]
[0.0, 35.0]
]]></system-out>
  </testcase>
  <testcase name="test3186" classname="com.operations.Matrix.RegressionTest6" time="0.001"/>
  <testcase name="test3187" classname="com.operations.Matrix.RegressionTest6" time="0.0"/>
  <testcase name="test3188" classname="com.operations.Matrix.RegressionTest6" time="0.0"/>
  <testcase name="test3189" classname="com.operations.Matrix.RegressionTest6" time="0.0"/>
  <testcase name="test3190" classname="com.operations.Matrix.RegressionTest6" time="0.0"/>
  <testcase name="test3191" classname="com.operations.Matrix.RegressionTest6" time="0.0">
    <system-out><![CDATA[[0.0, 0.0]
[0.0, 10.0]
[0.0, -0.0]
[0.0, -0.0]
]]></system-out>
  </testcase>
  <testcase name="test3192" classname="com.operations.Matrix.RegressionTest6" time="0.0"/>
  <testcase name="test3193" classname="com.operations.Matrix.RegressionTest6" time="0.0">
    <system-out><![CDATA[[10.0, 97.0]
[10.0, 97.0]
]]></system-out>
  </testcase>
  <testcase name="test3194" classname="com.operations.Matrix.RegressionTest6" time="0.0"/>
  <testcase name="test3195" classname="com.operations.Matrix.RegressionTest6" time="0.0"/>
  <testcase name="test3196" classname="com.operations.Matrix.RegressionTest6" time="0.0">
    <system-out><![CDATA[[100.0, 0.0]
[0.0, 32.0]
]]></system-out>
  </testcase>
  <testcase name="test3197" classname="com.operations.Matrix.RegressionTest6" time="0.0"/>
  <testcase name="test3198" classname="com.operations.Matrix.RegressionTest6" time="0.001">
    <system-out><![CDATA[[10.0, 97.0]
[10.0, 97.0]
]]></system-out>
  </testcase>
  <testcase name="test3199" classname="com.operations.Matrix.RegressionTest6" time="0.0"/>
  <testcase name="test3200" classname="com.operations.Matrix.RegressionTest6" time="0.0"/>
  <testcase name="test3201" classname="com.operations.Matrix.RegressionTest6" time="0.001"/>
  <testcase name="test3202" classname="com.operations.Matrix.RegressionTest6" time="0.0"/>
  <testcase name="test3203" classname="com.operations.Matrix.RegressionTest6" time="0.0"/>
  <testcase name="test3204" classname="com.operations.Matrix.RegressionTest6" time="0.0">
    <system-out><![CDATA[[-0.1736481776669303, -0.984807753012208]
[0.984807753012208, -0.1736481776669303]
]]></system-out>
  </testcase>
  <testcase name="test3205" classname="com.operations.Matrix.RegressionTest6" time="0.0"/>
  <testcase name="test3206" classname="com.operations.Matrix.RegressionTest6" time="0.0">
    <system-out><![CDATA[[52.009614495783374, 0.0]
[0.0, 100.0]
]]></system-out>
  </testcase>
  <testcase name="test3207" classname="com.operations.Matrix.RegressionTest6" time="0.0">
    <system-out><![CDATA[[0.9998476951563913, -0.01745240643728351]
[0.01745240643728351, 0.9998476951563913]
[0.0, 0.0]
[0.0, 10.0]
[0.0, 0.0]
[0.0, -1.0]
]]></system-out>
  </testcase>
  <testcase name="test3208" classname="com.operations.Matrix.RegressionTest6" time="0.0"/>
  <testcase name="test3209" classname="com.operations.Matrix.RegressionTest6" time="0.0">
    <system-out><![CDATA[[0.0, 0.0]
[0.0, 10.0]
]]></system-out>
  </testcase>
  <testcase name="test3210" classname="com.operations.Matrix.RegressionTest6" time="0.0">
    <system-out><![CDATA[[0.0, 0.0]
[0.0, 10.0]
[0.0, 0.0]
[0.0, 10.0]
]]></system-out>
  </testcase>
  <testcase name="test3211" classname="com.operations.Matrix.RegressionTest6" time="0.0">
    <system-out><![CDATA[[0.9998476951563913, -0.01745240643728351]
[0.01745240643728351, 0.9998476951563913]
[0.0, 0.0]
[0.0, 10.0]
[0.0, 0.0]
[0.0, 10.0]
]]></system-out>
  </testcase>
  <testcase name="test3212" classname="com.operations.Matrix.RegressionTest6" time="0.0"/>
  <testcase name="test3213" classname="com.operations.Matrix.RegressionTest6" time="0.001"/>
  <testcase name="test3214" classname="com.operations.Matrix.RegressionTest6" time="0.0"/>
  <testcase name="test3215" classname="com.operations.Matrix.RegressionTest6" time="0.0"/>
  <testcase name="test3216" classname="com.operations.Matrix.RegressionTest6" time="0.0"/>
  <testcase name="test3217" classname="com.operations.Matrix.RegressionTest6" time="0.0"/>
  <testcase name="test3218" classname="com.operations.Matrix.RegressionTest6" time="0.0"/>
  <testcase name="test3219" classname="com.operations.Matrix.RegressionTest6" time="0.001">
    <system-out><![CDATA[[10.0, 97.0]
[10.0, 97.0]
]]></system-out>
  </testcase>
  <testcase name="test3220" classname="com.operations.Matrix.RegressionTest6" time="0.0"/>
  <testcase name="test3221" classname="com.operations.Matrix.RegressionTest6" time="0.0"/>
  <testcase name="test3222" classname="com.operations.Matrix.RegressionTest6" time="0.0"/>
  <testcase name="test3223" classname="com.operations.Matrix.RegressionTest6" time="0.0"/>
  <testcase name="test3224" classname="com.operations.Matrix.RegressionTest6" time="0.0"/>
  <testcase name="test3225" classname="com.operations.Matrix.RegressionTest6" time="0.0">
    <system-out><![CDATA[[10.0, 97.0]
[10.0, 97.0]
]]></system-out>
  </testcase>
  <testcase name="test3226" classname="com.operations.Matrix.RegressionTest6" time="0.0">
    <system-out><![CDATA[[0.0, 0.0]
[0.0, 10.0]
[0.0, 0.0]
[0.0, 10.0]
]]></system-out>
  </testcase>
  <testcase name="test3227" classname="com.operations.Matrix.RegressionTest6" time="0.0"/>
  <testcase name="test3228" classname="com.operations.Matrix.RegressionTest6" time="0.0"/>
  <testcase name="test3229" classname="com.operations.Matrix.RegressionTest6" time="0.0"/>
  <testcase name="test3230" classname="com.operations.Matrix.RegressionTest6" time="0.0"/>
  <testcase name="test3231" classname="com.operations.Matrix.RegressionTest6" time="0.001"/>
  <testcase name="test3232" classname="com.operations.Matrix.RegressionTest6" time="0.0"/>
  <testcase name="test3233" classname="com.operations.Matrix.RegressionTest6" time="0.0"/>
  <testcase name="test3234" classname="com.operations.Matrix.RegressionTest6" time="0.0">
    <system-out><![CDATA[[10.0, 97.0]
[10.0, 97.0]
[-0.1736481776669303, 0.984807753012208]
[-0.984807753012208, -0.1736481776669303]
[-0.1736481776669303, -0.984807753012208]
[0.984807753012208, -0.1736481776669303]
]]></system-out>
  </testcase>
  <testcase name="test3235" classname="com.operations.Matrix.RegressionTest6" time="0.0"/>
  <testcase name="test3236" classname="com.operations.Matrix.RegressionTest6" time="0.0">
    <system-out><![CDATA[[0.9998476951563913, 0.01745240643728351]
[-0.01745240643728351, 0.9998476951563913]
[0.0, 0.0]
[0.0, 10.0]
[0.0, 0.0]
[0.0, 10.0]
]]></system-out>
  </testcase>
  <testcase name="test3237" classname="com.operations.Matrix.RegressionTest6" time="0.0"/>
  <testcase name="test3238" classname="com.operations.Matrix.RegressionTest6" time="0.0"/>
  <testcase name="test3239" classname="com.operations.Matrix.RegressionTest6" time="0.0"/>
  <testcase name="test3240" classname="com.operations.Matrix.RegressionTest6" time="0.0">
    <system-out><![CDATA[[-0.1736481776669303, -0.984807753012208]
[0.984807753012208, -0.1736481776669303]
[0.0, 0.0]
[0.0, 10.0]
[10.0, 97.0]
[10.0, 97.0]
]]></system-out>
  </testcase>
  <testcase name="test3241" classname="com.operations.Matrix.RegressionTest6" time="0.0">
    <system-out><![CDATA[[10.0, 97.0]
[10.0, 97.0]
]]></system-out>
  </testcase>
  <testcase name="test3242" classname="com.operations.Matrix.RegressionTest6" time="0.0"/>
  <testcase name="test3243" classname="com.operations.Matrix.RegressionTest6" time="0.0">
    <system-out><![CDATA[[0.9998476951563913, -0.01745240643728351]
[0.01745240643728351, 0.9998476951563913]
]]></system-out>
  </testcase>
  <testcase name="test3244" classname="com.operations.Matrix.RegressionTest6" time="0.0"/>
  <testcase name="test3245" classname="com.operations.Matrix.RegressionTest6" time="0.0">
    <system-out><![CDATA[[-0.1736481776669303, -0.984807753012208]
[0.984807753012208, -0.1736481776669303]
]]></system-out>
  </testcase>
  <testcase name="test3246" classname="com.operations.Matrix.RegressionTest6" time="0.0"/>
  <testcase name="test3247" classname="com.operations.Matrix.RegressionTest6" time="0.0"/>
  <testcase name="test3248" classname="com.operations.Matrix.RegressionTest6" time="0.001">
    <system-out><![CDATA[[-0.1736481776669303, -0.984807753012208]
[0.984807753012208, -0.1736481776669303]
]]></system-out>
  </testcase>
  <testcase name="test3249" classname="com.operations.Matrix.RegressionTest6" time="0.0"/>
  <testcase name="test3250" classname="com.operations.Matrix.RegressionTest6" time="0.0"/>
  <testcase name="test3251" classname="com.operations.Matrix.RegressionTest6" time="0.001"/>
  <testcase name="test3252" classname="com.operations.Matrix.RegressionTest6" time="0.0"/>
  <testcase name="test3253" classname="com.operations.Matrix.RegressionTest6" time="0.0"/>
  <testcase name="test3254" classname="com.operations.Matrix.RegressionTest6" time="0.0">
    <system-out><![CDATA[[-0.1736481776669303, -0.984807753012208]
[0.984807753012208, -0.1736481776669303]
]]></system-out>
  </testcase>
  <testcase name="test3255" classname="com.operations.Matrix.RegressionTest6" time="0.001"/>
  <testcase name="test3256" classname="com.operations.Matrix.RegressionTest6" time="0.0">
    <system-out><![CDATA[[10.0, 97.0]
[10.0, 97.0]
]]></system-out>
  </testcase>
  <testcase name="test3257" classname="com.operations.Matrix.RegressionTest6" time="0.0">
    <system-out><![CDATA[[10.0, 97.0]
[10.0, 97.0]
[10.0, 97.0]
[10.0, 97.0]
[10.0, 97.0]
[10.0, 97.0]
]]></system-out>
  </testcase>
  <testcase name="test3258" classname="com.operations.Matrix.RegressionTest6" time="0.0">
    <system-out><![CDATA[[10.0, 97.0]
[10.0, 97.0]
[99.82635182233307, -0.984807753012208]
[0.984807753012208, -0.1736481776669303]
]]></system-out>
  </testcase>
  <testcase name="test3259" classname="com.operations.Matrix.RegressionTest6" time="0.0"/>
  <testcase name="test3260" classname="com.operations.Matrix.RegressionTest6" time="0.001">
    <system-out><![CDATA[[10.0, 97.0]
[10.0, 97.0]
[10.0, 97.0]
[10.0, 97.0]
[10.0, 97.0]
[10.0, 97.0]
]]></system-out>
  </testcase>
  <testcase name="test3261" classname="com.operations.Matrix.RegressionTest6" time="0.0">
    <system-out><![CDATA[[10.0, 97.0]
[10.0, 97.0]
]]></system-out>
  </testcase>
  <testcase name="test3262" classname="com.operations.Matrix.RegressionTest6" time="0.0"/>
  <testcase name="test3263" classname="com.operations.Matrix.RegressionTest6" time="0.0"/>
  <testcase name="test3264" classname="com.operations.Matrix.RegressionTest6" time="0.0">
    <system-out><![CDATA[[0.6156614753256583, -0.788010753606722]
[0.788010753606722, 0.6156614753256583]
]]></system-out>
  </testcase>
  <testcase name="test3265" classname="com.operations.Matrix.RegressionTest6" time="0.001">
    <system-out><![CDATA[[10.0, 97.0]
[10.0, 97.0]
]]></system-out>
  </testcase>
  <testcase name="test3266" classname="com.operations.Matrix.RegressionTest6" time="0.0"/>
  <testcase name="test3267" classname="com.operations.Matrix.RegressionTest6" time="0.0"/>
  <testcase name="test3268" classname="com.operations.Matrix.RegressionTest6" time="0.0"/>
  <testcase name="test3269" classname="com.operations.Matrix.RegressionTest6" time="0.0"/>
  <testcase name="test3270" classname="com.operations.Matrix.RegressionTest6" time="0.001"/>
  <testcase name="test3271" classname="com.operations.Matrix.RegressionTest6" time="0.0">
    <system-out><![CDATA[[10.0, 97.0]
[10.0, 97.0]
[10.0, 97.0]
[10.0, 97.0]
[10.0, 97.0]
[10.0, 97.0]
]]></system-out>
  </testcase>
  <testcase name="test3272" classname="com.operations.Matrix.RegressionTest6" time="0.0"/>
  <testcase name="test3273" classname="com.operations.Matrix.RegressionTest6" time="0.0">
    <system-out><![CDATA[[0.0, 0.0]
[0.0, 10.0]
]]></system-out>
  </testcase>
  <testcase name="test3274" classname="com.operations.Matrix.RegressionTest6" time="0.0"/>
  <testcase name="test3275" classname="com.operations.Matrix.RegressionTest6" time="0.0"/>
  <testcase name="test3276" classname="com.operations.Matrix.RegressionTest6" time="0.0"/>
  <testcase name="test3277" classname="com.operations.Matrix.RegressionTest6" time="0.0"/>
  <testcase name="test3278" classname="com.operations.Matrix.RegressionTest6" time="0.0">
    <system-out><![CDATA[[10.0, 97.0]
[10.0, 97.0]
[10.0, 97.0]
[10.0, 97.0]
]]></system-out>
  </testcase>
  <testcase name="test3279" classname="com.operations.Matrix.RegressionTest6" time="0.0"/>
  <testcase name="test3280" classname="com.operations.Matrix.RegressionTest6" time="0.0"/>
  <testcase name="test3281" classname="com.operations.Matrix.RegressionTest6" time="0.0"/>
  <testcase name="test3282" classname="com.operations.Matrix.RegressionTest6" time="0.0"/>
  <testcase name="test3283" classname="com.operations.Matrix.RegressionTest6" time="0.0"/>
  <testcase name="test3284" classname="com.operations.Matrix.RegressionTest6" time="0.0"/>
  <testcase name="test3285" classname="com.operations.Matrix.RegressionTest6" time="0.0"/>
  <testcase name="test3286" classname="com.operations.Matrix.RegressionTest6" time="0.0">
    <system-out><![CDATA[[10.0, 97.0]
[10.0, 97.0]
]]></system-out>
  </testcase>
  <testcase name="test3287" classname="com.operations.Matrix.RegressionTest6" time="0.0"/>
  <testcase name="test3288" classname="com.operations.Matrix.RegressionTest6" time="0.0"/>
  <testcase name="test3289" classname="com.operations.Matrix.RegressionTest6" time="0.0">
    <system-out><![CDATA[[0.0, 0.0]
[0.0, 10.0]
]]></system-out>
  </testcase>
  <testcase name="test3290" classname="com.operations.Matrix.RegressionTest6" time="0.001">
    <system-out><![CDATA[[35.0]
[35.0]
[35.0]
[35.0]
[35.0]
[35.0]
[35.0]
[35.0]
[35.0]
[35.0]
[35.0]
[35.0]
[35.0]
[35.0]
[35.0]
[35.0]
[35.0]
[35.0]
[35.0]
[35.0]
[35.0]
[35.0]
[35.0]
[35.0]
[35.0]
[35.0]
[35.0]
[35.0]
[35.0]
[35.0]
[35.0]
[35.0]
[35.0]
[35.0]
[35.0]
[35.0]
[35.0]
[35.0]
[35.0]
[35.0]
[35.0]
[35.0]
[35.0]
[35.0]
[35.0]
[35.0]
[35.0]
[35.0]
[35.0]
[35.0]
[35.0]
[35.0]
[35.0]
[35.0]
[35.0]
[35.0]
[35.0]
[35.0]
[35.0]
[35.0]
[35.0]
[35.0]
[35.0]
[35.0]
[35.0]
[35.0]
[35.0]
[35.0]
[35.0]
[35.0]
[35.0]
[35.0]
[35.0]
[35.0]
[35.0]
[35.0]
[35.0]
[35.0]
[35.0]
[35.0]
[35.0]
[35.0]
[35.0]
[35.0]
[35.0]
[35.0]
[35.0]
[35.0]
[35.0]
[35.0]
[35.0]
[35.0]
[35.0]
[35.0]
[35.0]
[35.0]
[35.0]
[35.0]
[35.0]
[35.0]
]]></system-out>
  </testcase>
  <testcase name="test3291" classname="com.operations.Matrix.RegressionTest6" time="0.0">
    <system-out><![CDATA[[10.0, 97.0]
[10.0, 97.0]
]]></system-out>
  </testcase>
  <testcase name="test3292" classname="com.operations.Matrix.RegressionTest6" time="0.0"/>
  <testcase name="test3293" classname="com.operations.Matrix.RegressionTest6" time="0.0">
    <system-out><![CDATA[[10.0, 97.0]
[10.0, 97.0]
]]></system-out>
  </testcase>
  <testcase name="test3294" classname="com.operations.Matrix.RegressionTest6" time="0.0">
    <system-out><![CDATA[[10.0, 97.0]
[10.0, 97.0]
[-0.2695697032565728, -0.7421972094042196, -0.9407980341887554, -0.7558827494357468, -0.1811909771447684, -0.6293888739863586, -0.14371706705854026, -0.28501532360410253, -0.7127431131855595, -0.08375304873823752]
[-0.9917238515749963, -0.5593775195455774, -0.9686660515048868, -0.07728892296784273, -0.03789624289522042, -0.19921897820570067, -0.5630971641931769, -0.18525056331568623, -0.784768780034783, -0.04298532914983355]
]]></system-out>
  </testcase>
  <testcase name="test3295" classname="com.operations.Matrix.RegressionTest6" time="0.001">
    <system-out><![CDATA[[-0.1736481776669303, -0.984807753012208]
[0.984807753012208, -0.1736481776669303]
]]></system-out>
  </testcase>
  <testcase name="test3296" classname="com.operations.Matrix.RegressionTest6" time="0.0"/>
  <testcase name="test3297" classname="com.operations.Matrix.RegressionTest6" time="0.0">
    <system-out><![CDATA[[10.0, 97.0]
[10.0, 97.0]
]]></system-out>
  </testcase>
  <testcase name="test3298" classname="com.operations.Matrix.RegressionTest6" time="0.0">
    <system-out><![CDATA[[-0.1736481776669303, -0.984807753012208]
[0.984807753012208, -0.1736481776669303]
[0.6156614753256583, -0.788010753606722]
[0.788010753606722, 0.6156614753256583]
[-0.1736481776669303, -0.984807753012208]
[0.984807753012208, -0.1736481776669303]
]]></system-out>
  </testcase>
  <testcase name="test3299" classname="com.operations.Matrix.RegressionTest6" time="0.001"/>
  <testcase name="test3300" classname="com.operations.Matrix.RegressionTest6" time="0.0">
    <system-out><![CDATA[[-0.1736481776669303, -0.984807753012208]
[0.984807753012208, -0.1736481776669303]
]]></system-out>
  </testcase>
  <testcase name="test3301" classname="com.operations.Matrix.RegressionTest6" time="0.0">
    <system-out><![CDATA[[0.9998476951563913, -0.01745240643728351]
[0.01745240643728351, 0.9998476951563913]
[0.0, 0.0]
[0.0, 10.0]
]]></system-out>
  </testcase>
  <testcase name="test3302" classname="com.operations.Matrix.RegressionTest6" time="0.001"/>
  <testcase name="test3303" classname="com.operations.Matrix.RegressionTest6" time="0.0"/>
  <testcase name="test3304" classname="com.operations.Matrix.RegressionTest6" time="0.0"/>
  <testcase name="test3305" classname="com.operations.Matrix.RegressionTest6" time="0.0"/>
  <testcase name="test3306" classname="com.operations.Matrix.RegressionTest6" time="0.0"/>
  <testcase name="test3307" classname="com.operations.Matrix.RegressionTest6" time="0.0">
    <system-out><![CDATA[[-0.1736481776669303, -0.984807753012208]
[0.984807753012208, -0.1736481776669303]
]]></system-out>
  </testcase>
  <testcase name="test3308" classname="com.operations.Matrix.RegressionTest6" time="0.0">
    <system-out><![CDATA[[0.9998476951563913, -0.01745240643728351]
[0.01745240643728351, 0.9998476951563913]
[0.0, 0.0]
[0.0, 10.0]
]]></system-out>
  </testcase>
  <testcase name="test3309" classname="com.operations.Matrix.RegressionTest6" time="0.0">
    <system-out><![CDATA[[35.0]
[35.0]
[35.0]
[35.0]
[35.0]
[35.0]
[35.0]
[35.0]
[35.0]
[35.0]
[35.0]
[35.0]
[35.0]
[35.0]
[35.0]
[35.0]
[35.0]
[35.0]
[35.0]
[35.0]
[35.0]
[35.0]
[35.0]
[35.0]
[35.0]
[35.0]
[35.0]
[35.0]
[35.0]
[35.0]
[35.0]
[35.0]
[35.0]
[35.0]
[35.0]
[35.0]
[35.0]
[35.0]
[35.0]
[35.0]
[35.0]
[35.0]
[35.0]
[35.0]
[35.0]
[35.0]
[35.0]
[35.0]
[35.0]
[35.0]
[35.0]
[35.0]
[35.0]
[35.0]
[35.0]
[35.0]
[35.0]
[35.0]
[35.0]
[35.0]
[35.0]
[35.0]
[35.0]
[35.0]
[35.0]
[35.0]
[35.0]
[35.0]
[35.0]
[35.0]
[35.0]
[35.0]
[35.0]
[35.0]
[35.0]
[35.0]
[35.0]
[35.0]
[35.0]
[35.0]
[35.0]
[35.0]
[35.0]
[35.0]
[35.0]
[35.0]
[35.0]
[35.0]
[35.0]
[35.0]
[35.0]
[35.0]
[35.0]
[35.0]
[35.0]
[35.0]
[35.0]
[35.0]
[35.0]
[35.0]
[35.0]
[35.0]
[35.0]
[35.0]
[35.0]
[35.0]
[35.0]
[35.0]
[35.0]
[35.0]
[35.0]
[35.0]
[35.0]
[35.0]
[35.0]
[35.0]
[35.0]
[35.0]
[35.0]
[35.0]
[35.0]
[35.0]
[35.0]
[35.0]
[35.0]
[35.0]
[35.0]
[35.0]
[35.0]
[35.0]
[35.0]
[35.0]
[35.0]
[35.0]
[35.0]
[35.0]
[35.0]
[35.0]
[35.0]
[35.0]
[35.0]
[35.0]
[35.0]
[35.0]
[35.0]
[35.0]
[35.0]
[35.0]
[35.0]
[35.0]
[35.0]
[35.0]
[35.0]
[35.0]
[35.0]
[35.0]
[35.0]
[35.0]
[35.0]
[35.0]
[35.0]
[35.0]
[35.0]
[35.0]
[35.0]
[35.0]
[35.0]
[35.0]
[35.0]
[35.0]
[35.0]
[35.0]
[35.0]
[35.0]
[35.0]
[35.0]
[35.0]
[35.0]
[35.0]
[35.0]
[35.0]
[35.0]
[35.0]
[35.0]
[35.0]
[35.0]
[35.0]
[35.0]
[35.0]
[35.0]
[35.0]
[35.0]
[35.0]
[35.0]
[35.0]
[35.0]
[35.0]
[35.0]
[35.0]
[35.0]
]]></system-out>
  </testcase>
  <testcase name="test3310" classname="com.operations.Matrix.RegressionTest6" time="0.001"/>
  <testcase name="test3311" classname="com.operations.Matrix.RegressionTest6" time="0.008"/>
  <testcase name="test3312" classname="com.operations.Matrix.RegressionTest6" time="0.0"/>
  <testcase name="test3313" classname="com.operations.Matrix.RegressionTest6" time="0.001">
    <system-out><![CDATA[[-0.1736481776669303, -0.984807753012208]
[0.984807753012208, -0.1736481776669303]
]]></system-out>
  </testcase>
  <testcase name="test3314" classname="com.operations.Matrix.RegressionTest6" time="0.0"/>
  <testcase name="test3315" classname="com.operations.Matrix.RegressionTest6" time="0.0"/>
  <testcase name="test3316" classname="com.operations.Matrix.RegressionTest6" time="0.0"/>
  <testcase name="test3317" classname="com.operations.Matrix.RegressionTest6" time="0.0"/>
  <testcase name="test3318" classname="com.operations.Matrix.RegressionTest6" time="0.0"/>
  <testcase name="test3319" classname="com.operations.Matrix.RegressionTest6" time="0.0"/>
  <testcase name="test3320" classname="com.operations.Matrix.RegressionTest6" time="0.001">
    <system-out><![CDATA[[10.0, 97.0]
[10.0, 97.0]
]]></system-out>
  </testcase>
  <testcase name="test3321" classname="com.operations.Matrix.RegressionTest6" time="0.0">
    <system-out><![CDATA[[0.0, 0.0]
[0.0, 10.0]
]]></system-out>
  </testcase>
  <testcase name="test3322" classname="com.operations.Matrix.RegressionTest6" time="0.0">
    <system-out><![CDATA[[10.0, 97.0]
[10.0, 97.0]
]]></system-out>
  </testcase>
  <testcase name="test3323" classname="com.operations.Matrix.RegressionTest6" time="0.0"/>
  <testcase name="test3324" classname="com.operations.Matrix.RegressionTest6" time="0.0">
    <system-out><![CDATA[[10.0, 97.0]
[10.0, 97.0]
[1379.0576492663388, 13376.859197883487]
[1379.0576492663388, 13376.859197883487]
]]></system-out>
  </testcase>
  <testcase name="test3325" classname="com.operations.Matrix.RegressionTest6" time="0.0"/>
  <testcase name="test3326" classname="com.operations.Matrix.RegressionTest6" time="0.0"/>
  <testcase name="test3327" classname="com.operations.Matrix.RegressionTest6" time="0.0">
    <system-out><![CDATA[[1.0, -0.0]
[0.0, 1.0]
]]></system-out>
  </testcase>
  <testcase name="test3328" classname="com.operations.Matrix.RegressionTest6" time="0.0"/>
  <testcase name="test3329" classname="com.operations.Matrix.RegressionTest6" time="0.0"/>
  <testcase name="test3330" classname="com.operations.Matrix.RegressionTest6" time="0.002">
    <system-out><![CDATA[[10.0, 97.0]
[10.0, 97.0]
]]></system-out>
  </testcase>
  <testcase name="test3331" classname="com.operations.Matrix.RegressionTest6" time="0.0"/>
  <testcase name="test3332" classname="com.operations.Matrix.RegressionTest6" time="0.0"/>
  <testcase name="test3333" classname="com.operations.Matrix.RegressionTest6" time="0.0"/>
  <testcase name="test3334" classname="com.operations.Matrix.RegressionTest6" time="0.0"/>
  <testcase name="test3335" classname="com.operations.Matrix.RegressionTest6" time="0.001"/>
  <testcase name="test3336" classname="com.operations.Matrix.RegressionTest6" time="0.0"/>
  <testcase name="test3337" classname="com.operations.Matrix.RegressionTest6" time="0.0"/>
  <testcase name="test3338" classname="com.operations.Matrix.RegressionTest6" time="0.0"/>
  <testcase name="test3339" classname="com.operations.Matrix.RegressionTest6" time="0.0"/>
  <testcase name="test3340" classname="com.operations.Matrix.RegressionTest6" time="0.0"/>
  <testcase name="test3341" classname="com.operations.Matrix.RegressionTest6" time="0.001">
    <system-out><![CDATA[[35.0]
[35.0]
[35.0]
[35.0]
[35.0]
[35.0]
[35.0]
[35.0]
[35.0]
[35.0]
[35.0]
[35.0]
[35.0]
[35.0]
[35.0]
[35.0]
[35.0]
[35.0]
[35.0]
[35.0]
[35.0]
[35.0]
[35.0]
[35.0]
[35.0]
[35.0]
[35.0]
[35.0]
[35.0]
[35.0]
[35.0]
[35.0]
[35.0]
[35.0]
[35.0]
[35.0]
[35.0]
[35.0]
[35.0]
[35.0]
[35.0]
[35.0]
[35.0]
[35.0]
[35.0]
[35.0]
[35.0]
[35.0]
[35.0]
[35.0]
[35.0]
[35.0]
[35.0]
[35.0]
[35.0]
[35.0]
[35.0]
[35.0]
[35.0]
[35.0]
[35.0]
[35.0]
[35.0]
[35.0]
[35.0]
[35.0]
[35.0]
[35.0]
[35.0]
[35.0]
[35.0]
[35.0]
[35.0]
[35.0]
[35.0]
[35.0]
[35.0]
[35.0]
[35.0]
[35.0]
[35.0]
[35.0]
[35.0]
[35.0]
[35.0]
[35.0]
[35.0]
[35.0]
[35.0]
[35.0]
[35.0]
[35.0]
[35.0]
[35.0]
[35.0]
[35.0]
[35.0]
[35.0]
[35.0]
[35.0]
]]></system-out>
  </testcase>
  <testcase name="test3342" classname="com.operations.Matrix.RegressionTest6" time="0.0">
    <system-out><![CDATA[[0.0]
[0.0]
[0.0]
[0.0]
[0.0]
[0.0]
[0.0]
[0.0]
[0.0]
[0.0]
[10.0, 97.0]
[10.0, 97.0]
[10.0, 97.0]
[10.0, 97.0]
]]></system-out>
  </testcase>
  <testcase name="test3343" classname="com.operations.Matrix.RegressionTest6" time="0.0"/>
  <testcase name="test3344" classname="com.operations.Matrix.RegressionTest6" time="0.0"/>
  <testcase name="test3345" classname="com.operations.Matrix.RegressionTest6" time="0.0">
    <system-out><![CDATA[[0.9998476951563913, -0.01745240643728351]
[0.01745240643728351, 0.9998476951563913]
[0.0, 0.0]
[0.0, 10.0]
]]></system-out>
  </testcase>
  <testcase name="test3346" classname="com.operations.Matrix.RegressionTest6" time="0.001">
    <system-out><![CDATA[[0.0, 0.0]
[0.0, 10.0]
[0.0, 0.0]
[0.0, 10.0]
[-0.1736481776669303, -0.984807753012208]
[0.984807753012208, -0.1736481776669303]
]]></system-out>
  </testcase>
  <testcase name="test3347" classname="com.operations.Matrix.RegressionTest6" time="0.0">
    <system-out><![CDATA[[10.0, 97.0]
[10.0, 97.0]
[10.0, 0.0]
[0.0, 1.0]
]]></system-out>
  </testcase>
  <testcase name="test3348" classname="com.operations.Matrix.RegressionTest6" time="0.0"/>
  <testcase name="test3349" classname="com.operations.Matrix.RegressionTest6" time="0.0"/>
  <testcase name="test3350" classname="com.operations.Matrix.RegressionTest6" time="0.001">
    <system-out><![CDATA[[10.0, 97.0]
[10.0, 97.0]
]]></system-out>
  </testcase>
  <testcase name="test3351" classname="com.operations.Matrix.RegressionTest6" time="0.0">
    <system-out><![CDATA[[35.0]
[35.0]
[35.0]
[35.0]
[35.0]
[35.0]
[35.0]
[35.0]
[35.0]
[35.0]
[35.0]
[35.0]
[35.0]
[35.0]
[35.0]
[35.0]
[35.0]
[35.0]
[35.0]
[35.0]
[35.0]
[35.0]
[35.0]
[35.0]
[35.0]
[35.0]
[35.0]
[35.0]
[35.0]
[35.0]
[35.0]
[35.0]
[35.0]
[35.0]
[35.0]
[35.0]
[35.0]
[35.0]
[35.0]
[35.0]
[35.0]
[35.0]
[35.0]
[35.0]
[35.0]
[35.0]
[35.0]
[35.0]
[35.0]
[35.0]
[35.0]
[35.0]
[35.0]
[35.0]
[35.0]
[35.0]
[35.0]
[35.0]
[35.0]
[35.0]
[35.0]
[35.0]
[35.0]
[35.0]
[35.0]
[35.0]
[35.0]
[35.0]
[35.0]
[35.0]
[35.0]
[35.0]
[35.0]
[35.0]
[35.0]
[35.0]
[35.0]
[35.0]
[35.0]
[35.0]
[35.0]
[35.0]
[35.0]
[35.0]
[35.0]
[35.0]
[35.0]
[35.0]
[35.0]
[35.0]
[35.0]
[35.0]
[35.0]
[35.0]
[35.0]
[35.0]
[35.0]
[35.0]
[35.0]
[35.0]
]]></system-out>
  </testcase>
  <testcase name="test3352" classname="com.operations.Matrix.RegressionTest6" time="0.0"/>
  <testcase name="test3353" classname="com.operations.Matrix.RegressionTest6" time="0.0"/>
  <testcase name="test3354" classname="com.operations.Matrix.RegressionTest6" time="0.0"/>
  <testcase name="test3355" classname="com.operations.Matrix.RegressionTest6" time="0.0">
    <system-out><![CDATA[[-0.1736481776669303, -0.984807753012208]
[0.984807753012208, -0.1736481776669303]
[0.0, 0.0]
[0.0, 10.0]
[-0.1736481776669303, -0.984807753012208]
[0.984807753012208, -0.1736481776669303]
]]></system-out>
  </testcase>
  <testcase name="test3356" classname="com.operations.Matrix.RegressionTest6" time="0.0"/>
  <testcase name="test3357" classname="com.operations.Matrix.RegressionTest6" time="0.0"/>
  <testcase name="test3358" classname="com.operations.Matrix.RegressionTest6" time="0.0"/>
  <testcase name="test3359" classname="com.operations.Matrix.RegressionTest6" time="0.001">
    <system-out><![CDATA[[10.0, 97.0]
[10.0, 97.0]
[3.1622776601683795, 0.0]
[3.162277660168379, 9.327379053088816]
]]></system-out>
  </testcase>
  <testcase name="test3360" classname="com.operations.Matrix.RegressionTest6" time="0.0">
    <system-out><![CDATA[[10.0, 97.0]
[10.0, 97.0]
]]></system-out>
  </testcase>
  <testcase name="test3361" classname="com.operations.Matrix.RegressionTest6" time="0.0">
    <system-out><![CDATA[[]
[]
[]
[]
[]
[]
[]
[]
[]
[]
[]
[]
[]
[]
[]
[]
[]
[]
[]
[]
[]
[]
[]
[]
[]
[]
[]
[]
[]
[]
[]
[]
[]
[]
[]
[]
[]
[]
[]
[]
[]
[]
[]
[]
[]
[]
[]
[]
[]
[]
[]
[]
[]
[]
[]
[]
[]
[]
[]
[]
[]
[]
[]
[]
[]
[]
[]
[]
[]
[]
[]
[]
[]
[]
[]
[]
[]
[]
[]
[]
[]
[]
[]
[]
[]
[]
[]
[]
[]
[]
[]
[]
[]
[]
[]
[]
[]
[]
[]
[]
[]
[]
[]
[]
[]
[]
[]
[]
[]
[]
[]
[]
[]
[]
[]
[]
[]
[]
[]
[]
[]
[]
[]
[]
[]
[]
[]
[]
[]
[]
[]
[]
[]
[]
[]
[]
[]
[]
[]
[]
[]
[]
[]
[]
[]
[]
[]
[]
[]
[]
[]
[]
[]
[]
[]
[]
[]
[]
[]
[]
[]
[]
[]
[]
[]
[]
[]
[]
[]
[]
[]
[]
[]
[]
[]
[]
[]
[]
[]
[]
[]
[]
[]
[]
[]
[]
[]
[]
[]
[]
[]
[]
[]
[]
[]
[]
[]
[]
[]
[]
]]></system-out>
  </testcase>
  <testcase name="test3362" classname="com.operations.Matrix.RegressionTest6" time="0.0"/>
  <testcase name="test3363" classname="com.operations.Matrix.RegressionTest6" time="0.0">
    <system-out><![CDATA[[-0.1736481776669303, -0.984807753012208]
[0.984807753012208, -0.1736481776669303]
[0.0, 0.0]
[0.0, 10.0]
]]></system-out>
  </testcase>
  <testcase name="test3364" classname="com.operations.Matrix.RegressionTest6" time="0.0"/>
  <testcase name="test3365" classname="com.operations.Matrix.RegressionTest6" time="0.0"/>
  <testcase name="test3366" classname="com.operations.Matrix.RegressionTest6" time="0.0"/>
  <testcase name="test3367" classname="com.operations.Matrix.RegressionTest6" time="0.001"/>
  <testcase name="test3368" classname="com.operations.Matrix.RegressionTest6" time="0.0"/>
  <testcase name="test3369" classname="com.operations.Matrix.RegressionTest6" time="0.0">
    <system-out><![CDATA[[10.0, 97.0]
[10.0, 97.0]
]]></system-out>
  </testcase>
  <testcase name="test3370" classname="com.operations.Matrix.RegressionTest6" time="0.0"/>
  <testcase name="test3371" classname="com.operations.Matrix.RegressionTest6" time="0.0"/>
  <testcase name="test3372" classname="com.operations.Matrix.RegressionTest6" time="0.0"/>
  <testcase name="test3373" classname="com.operations.Matrix.RegressionTest6" time="0.0"/>
  <testcase name="test3374" classname="com.operations.Matrix.RegressionTest6" time="0.0">
    <system-out><![CDATA[[0.0, 0.0]
[0.0, 100.0]
]]></system-out>
  </testcase>
  <testcase name="test3375" classname="com.operations.Matrix.RegressionTest6" time="0.0"/>
  <testcase name="test3376" classname="com.operations.Matrix.RegressionTest6" time="0.0">
    <system-out><![CDATA[[35.0]
[35.0]
[35.0]
[35.0]
[35.0]
[35.0]
[35.0]
[35.0]
[35.0]
[35.0]
[35.0]
[35.0]
[35.0]
[35.0]
[35.0]
[35.0]
[35.0]
[35.0]
[35.0]
[35.0]
[35.0]
[35.0]
[35.0]
[35.0]
[35.0]
[35.0]
[35.0]
[35.0]
[35.0]
[35.0]
[35.0]
[35.0]
[35.0]
[35.0]
[35.0]
[35.0]
[35.0]
[35.0]
[35.0]
[35.0]
[35.0]
[35.0]
[35.0]
[35.0]
[35.0]
[35.0]
[35.0]
[35.0]
[35.0]
[35.0]
[35.0]
[35.0]
[35.0]
[35.0]
[35.0]
[35.0]
[35.0]
[35.0]
[35.0]
[35.0]
[35.0]
[35.0]
[35.0]
[35.0]
[35.0]
[35.0]
[35.0]
[35.0]
[35.0]
[35.0]
[35.0]
[35.0]
[35.0]
[35.0]
[35.0]
[35.0]
[35.0]
[35.0]
[35.0]
[35.0]
[35.0]
[35.0]
[35.0]
[35.0]
[35.0]
[35.0]
[35.0]
[35.0]
[35.0]
[35.0]
[35.0]
[35.0]
[35.0]
[35.0]
[35.0]
[35.0]
[35.0]
[35.0]
[35.0]
[35.0]
]]></system-out>
  </testcase>
  <testcase name="test3377" classname="com.operations.Matrix.RegressionTest6" time="0.0"/>
  <testcase name="test3378" classname="com.operations.Matrix.RegressionTest6" time="0.0">
    <system-out><![CDATA[[10.0, 97.0]
[10.0, 97.0]
]]></system-out>
  </testcase>
  <testcase name="test3379" classname="com.operations.Matrix.RegressionTest6" time="0.0"/>
  <testcase name="test3380" classname="com.operations.Matrix.RegressionTest6" time="0.0">
    <system-out><![CDATA[[10.0, 97.0]
[10.0, 97.0]
]]></system-out>
  </testcase>
  <testcase name="test3381" classname="com.operations.Matrix.RegressionTest6" time="0.002"/>
  <testcase name="test3382" classname="com.operations.Matrix.RegressionTest6" time="0.0"/>
  <testcase name="test3383" classname="com.operations.Matrix.RegressionTest6" time="0.0"/>
  <testcase name="test3384" classname="com.operations.Matrix.RegressionTest6" time="0.0"/>
  <testcase name="test3385" classname="com.operations.Matrix.RegressionTest6" time="0.0"/>
  <testcase name="test3386" classname="com.operations.Matrix.RegressionTest6" time="0.0"/>
  <testcase name="test3387" classname="com.operations.Matrix.RegressionTest6" time="0.0"/>
  <testcase name="test3388" classname="com.operations.Matrix.RegressionTest6" time="0.001">
    <system-out><![CDATA[[0.0, 0.0]
[0.0, 10.0]
[0.0, 0.0]
[0.0, 10.0]
]]></system-out>
  </testcase>
  <testcase name="test3389" classname="com.operations.Matrix.RegressionTest6" time="0.0"/>
  <testcase name="test3390" classname="com.operations.Matrix.RegressionTest6" time="0.0"/>
  <testcase name="test3391" classname="com.operations.Matrix.RegressionTest6" time="0.0"/>
  <testcase name="test3392" classname="com.operations.Matrix.RegressionTest6" time="0.001"/>
  <testcase name="test3393" classname="com.operations.Matrix.RegressionTest6" time="0.0"/>
  <testcase name="test3394" classname="com.operations.Matrix.RegressionTest6" time="0.0"/>
  <testcase name="test3395" classname="com.operations.Matrix.RegressionTest6" time="0.0"/>
  <testcase name="test3396" classname="com.operations.Matrix.RegressionTest6" time="0.0">
    <system-out><![CDATA[[10.0, 97.0]
[10.0, 97.0]
]]></system-out>
  </testcase>
  <testcase name="test3397" classname="com.operations.Matrix.RegressionTest6" time="0.001"/>
  <testcase name="test3398" classname="com.operations.Matrix.RegressionTest6" time="0.0"/>
  <testcase name="test3399" classname="com.operations.Matrix.RegressionTest6" time="0.0">
    <system-out><![CDATA[[10.0, 97.0]
[10.0, 97.0]
]]></system-out>
  </testcase>
  <testcase name="test3400" classname="com.operations.Matrix.RegressionTest6" time="0.0"/>
  <testcase name="test3401" classname="com.operations.Matrix.RegressionTest6" time="0.0"/>
  <testcase name="test3402" classname="com.operations.Matrix.RegressionTest6" time="0.0"/>
  <testcase name="test3403" classname="com.operations.Matrix.RegressionTest6" time="0.0"/>
  <testcase name="test3404" classname="com.operations.Matrix.RegressionTest6" time="0.001">
    <system-out><![CDATA[[10.0, 97.0]
[10.0, 97.0]
]]></system-out>
  </testcase>
  <testcase name="test3405" classname="com.operations.Matrix.RegressionTest6" time="0.0"/>
  <testcase name="test3406" classname="com.operations.Matrix.RegressionTest6" time="0.0">
    <system-out><![CDATA[[10.0, 97.0]
[10.0, 97.0]
]]></system-out>
  </testcase>
  <testcase name="test3407" classname="com.operations.Matrix.RegressionTest6" time="0.0">
    <system-out><![CDATA[[10.0, 97.0]
[10.0, 97.0]
]]></system-out>
  </testcase>
  <testcase name="test3408" classname="com.operations.Matrix.RegressionTest6" time="0.0"/>
  <testcase name="test3409" classname="com.operations.Matrix.RegressionTest6" time="0.0">
    <system-out><![CDATA[[-0.1736481776669303, -0.984807753012208]
[0.984807753012208, -0.1736481776669303]
]]></system-out>
  </testcase>
  <testcase name="test3410" classname="com.operations.Matrix.RegressionTest6" time="0.0"/>
  <testcase name="test3411" classname="com.operations.Matrix.RegressionTest6" time="0.0">
    <system-out><![CDATA[[10.0, 10.0]
[97.0, 97.0]
[-0.1736481776669303, -0.984807753012208]
[0.984807753012208, -0.1736481776669303]
]]></system-out>
  </testcase>
  <testcase name="test3412" classname="com.operations.Matrix.RegressionTest6" time="0.0">
    <system-out><![CDATA[[10.0, 97.0]
[10.0, 97.0]
[10.0, 0.0]
[0.0, 1.0]
]]></system-out>
  </testcase>
  <testcase name="test3413" classname="com.operations.Matrix.RegressionTest6" time="0.0"/>
  <testcase name="test3414" classname="com.operations.Matrix.RegressionTest6" time="0.0"/>
  <testcase name="test3415" classname="com.operations.Matrix.RegressionTest6" time="0.0"/>
  <testcase name="test3416" classname="com.operations.Matrix.RegressionTest6" time="0.0"/>
  <testcase name="test3417" classname="com.operations.Matrix.RegressionTest6" time="0.001">
    <system-out><![CDATA[[0.848048096156426, -0.5299192642332049]
[0.5299192642332049, 0.848048096156426]
]]></system-out>
  </testcase>
  <testcase name="test3418" classname="com.operations.Matrix.RegressionTest6" time="0.0"/>
  <testcase name="test3419" classname="com.operations.Matrix.RegressionTest6" time="0.0"/>
  <testcase name="test3420" classname="com.operations.Matrix.RegressionTest6" time="0.0"/>
  <testcase name="test3421" classname="com.operations.Matrix.RegressionTest6" time="0.001">
    <system-out><![CDATA[[0.9998476951563913, 0.01745240643728351]
[-0.01745240643728351, 0.9998476951563913]
[0.0, 0.0]
[0.0, 10.0]
[0.0, 0.0]
[0.0, 10.0]
]]></system-out>
  </testcase>
  <testcase name="test3422" classname="com.operations.Matrix.RegressionTest6" time="0.0"/>
  <testcase name="test3423" classname="com.operations.Matrix.RegressionTest6" time="0.0"/>
  <testcase name="test3424" classname="com.operations.Matrix.RegressionTest6" time="0.001"/>
  <testcase name="test3425" classname="com.operations.Matrix.RegressionTest6" time="0.0">
    <system-out><![CDATA[[-0.1736481776669303, -0.984807753012208]
[0.984807753012208, -0.1736481776669303]
[10.0, 97.0]
[10.0, 97.0]
]]></system-out>
  </testcase>
  <testcase name="test3426" classname="com.operations.Matrix.RegressionTest6" time="0.0"/>
  <testcase name="test3427" classname="com.operations.Matrix.RegressionTest6" time="0.0">
    <system-out><![CDATA[[10.0, 97.0]
[10.0, 97.0]
]]></system-out>
  </testcase>
  <testcase name="test3428" classname="com.operations.Matrix.RegressionTest6" time="0.0"/>
  <testcase name="test3429" classname="com.operations.Matrix.RegressionTest6" time="0.0"/>
  <testcase name="test3430" classname="com.operations.Matrix.RegressionTest6" time="0.0"/>
  <testcase name="test3431" classname="com.operations.Matrix.RegressionTest6" time="0.0"/>
  <testcase name="test3432" classname="com.operations.Matrix.RegressionTest6" time="0.0"/>
  <testcase name="test3433" classname="com.operations.Matrix.RegressionTest6" time="0.001"/>
  <testcase name="test3434" classname="com.operations.Matrix.RegressionTest6" time="0.0"/>
  <testcase name="test3435" classname="com.operations.Matrix.RegressionTest6" time="0.0"/>
  <testcase name="test3436" classname="com.operations.Matrix.RegressionTest6" time="0.0">
    <system-out><![CDATA[[10.0, 97.0]
[10.0, 97.0]
[9.015192246987793, -0.1736481776669304]
[0.1736481776669304, 9.015192246987793]
]]></system-out>
  </testcase>
  <testcase name="test3437" classname="com.operations.Matrix.RegressionTest6" time="0.0">
    <system-out><![CDATA[[0.0, 0.0, 0.0, 0.0, 0.0, 0.0, 0.0, 0.0, 0.0, 0.0, 0.0, 0.0, 0.0, 0.0, 0.0, 0.0, 0.0, 0.0, 0.0, 0.0, 0.0, 0.0, 0.0, 0.0, 0.0, 0.0, 0.0, 0.0, 0.0, 0.0, 0.0, 0.0, 0.0, 0.0, 0.0, 0.0, 0.0, 0.0, 0.0, 0.0, 0.0, 0.0, 0.0, 0.0, 0.0, 0.0, 0.0, 0.0, 0.0, 0.0, 0.0, 0.0, 0.0, 0.0, 0.0, 0.0, 0.0, 0.0, 0.0, 0.0, 0.0, 0.0, 0.0, 0.0, 0.0, 0.0, 0.0, 0.0, 0.0, 0.0, 0.0, 0.0, 0.0, 0.0, 0.0, 0.0, 0.0, 0.0, 0.0, 0.0, 0.0, 0.0, 0.0, 0.0, 0.0, 0.0, 0.0, 0.0, 0.0, 0.0, 0.0, 0.0, 0.0, 0.0, 0.0, 0.0, 0.0, 0.0, 0.0, 0.0]
]]></system-out>
  </testcase>
  <testcase name="test3438" classname="com.operations.Matrix.RegressionTest6" time="0.0"/>
  <testcase name="test3439" classname="com.operations.Matrix.RegressionTest6" time="0.001"/>
  <testcase name="test3440" classname="com.operations.Matrix.RegressionTest6" time="0.0"/>
  <testcase name="test3441" classname="com.operations.Matrix.RegressionTest6" time="0.0">
    <system-out><![CDATA[[0.9998476951563913, 0.01745240643728351]
[-0.01745240643728351, 0.9998476951563913]
[0.0, 0.0]
[0.0, 10.0]
[0.0, 0.0]
[0.0, 10.0]
]]></system-out>
  </testcase>
  <testcase name="test3442" classname="com.operations.Matrix.RegressionTest6" time="0.0"/>
  <testcase name="test3443" classname="com.operations.Matrix.RegressionTest6" time="0.0"/>
  <testcase name="test3444" classname="com.operations.Matrix.RegressionTest6" time="0.001">
    <system-out><![CDATA[[0.0, 0.0]
[0.0, 30.0]
]]></system-out>
  </testcase>
  <testcase name="test3445" classname="com.operations.Matrix.RegressionTest6" time="0.0"/>
  <testcase name="test3446" classname="com.operations.Matrix.RegressionTest6" time="0.0">
    <system-out><![CDATA[[0.9998476951563913, -0.01745240643728351]
[0.01745240643728351, 0.9998476951563913]
]]></system-out>
  </testcase>
  <testcase name="test3447" classname="com.operations.Matrix.RegressionTest6" time="0.0">
    <system-out><![CDATA[[10.0, 10.0]
[97.0, 97.0]
]]></system-out>
  </testcase>
  <testcase name="test3448" classname="com.operations.Matrix.RegressionTest6" time="0.001">
    <system-out><![CDATA[[1040.0, 0.0]
[0.0, 10.0]
]]></system-out>
  </testcase>
  <testcase name="test3449" classname="com.operations.Matrix.RegressionTest6" time="0.0"/>
  <testcase name="test3450" classname="com.operations.Matrix.RegressionTest6" time="0.0"/>
  <testcase name="test3451" classname="com.operations.Matrix.RegressionTest6" time="0.0"/>
  <testcase name="test3452" classname="com.operations.Matrix.RegressionTest6" time="0.001"/>
  <testcase name="test3453" classname="com.operations.Matrix.RegressionTest6" time="0.0"/>
  <testcase name="test3454" classname="com.operations.Matrix.RegressionTest6" time="0.0"/>
  <testcase name="test3455" classname="com.operations.Matrix.RegressionTest6" time="0.0">
    <system-out><![CDATA[[10.0, 97.0]
[10.0, 97.0]
]]></system-out>
  </testcase>
  <testcase name="test3456" classname="com.operations.Matrix.RegressionTest6" time="0.001"/>
  <testcase name="test3457" classname="com.operations.Matrix.RegressionTest6" time="0.0">
    <system-out><![CDATA[[10.0, 97.0]
[10.0, 97.0]
]]></system-out>
  </testcase>
  <testcase name="test3458" classname="com.operations.Matrix.RegressionTest6" time="0.0"/>
  <testcase name="test3459" classname="com.operations.Matrix.RegressionTest6" time="0.0"/>
  <testcase name="test3460" classname="com.operations.Matrix.RegressionTest6" time="0.001">
    <system-out><![CDATA[[0.9998476951563913, -0.01745240643728351]
[0.01745240643728351, 0.9998476951563913]
[0.0, 0.0]
[0.0, 10.0]
]]></system-out>
  </testcase>
  <testcase name="test3461" classname="com.operations.Matrix.RegressionTest6" time="0.0"/>
  <testcase name="test3462" classname="com.operations.Matrix.RegressionTest6" time="0.0">
    <system-out><![CDATA[[0.984807753012208, 0.1736481776669304]
[-0.1736481776669304, 0.984807753012208]
]]></system-out>
  </testcase>
  <testcase name="test3463" classname="com.operations.Matrix.RegressionTest6" time="0.0"/>
  <testcase name="test3464" classname="com.operations.Matrix.RegressionTest6" time="0.0"/>
  <testcase name="test3465" classname="com.operations.Matrix.RegressionTest6" time="0.0"/>
  <testcase name="test3466" classname="com.operations.Matrix.RegressionTest6" time="0.0"/>
  <testcase name="test3467" classname="com.operations.Matrix.RegressionTest6" time="0.0"/>
  <testcase name="test3468" classname="com.operations.Matrix.RegressionTest6" time="0.0"/>
  <testcase name="test3469" classname="com.operations.Matrix.RegressionTest6" time="0.0"/>
  <testcase name="test3470" classname="com.operations.Matrix.RegressionTest6" time="0.0"/>
  <testcase name="test3471" classname="com.operations.Matrix.RegressionTest6" time="0.0"/>
  <testcase name="test3472" classname="com.operations.Matrix.RegressionTest6" time="0.0"/>
  <testcase name="test3473" classname="com.operations.Matrix.RegressionTest6" time="0.0"/>
  <testcase name="test3474" classname="com.operations.Matrix.RegressionTest6" time="0.0"/>
  <testcase name="test3475" classname="com.operations.Matrix.RegressionTest6" time="0.0">
    <system-out><![CDATA[[0.9998476951563913, -0.01745240643728351]
[0.01745240643728351, 0.9998476951563913]
[0.0, 0.0]
[0.0, 10.0]
]]></system-out>
  </testcase>
  <testcase name="test3476" classname="com.operations.Matrix.RegressionTest6" time="0.0"/>
  <testcase name="test3477" classname="com.operations.Matrix.RegressionTest6" time="0.0"/>
  <testcase name="test3478" classname="com.operations.Matrix.RegressionTest6" time="0.0"/>
  <testcase name="test3479" classname="com.operations.Matrix.RegressionTest6" time="0.0"/>
  <testcase name="test3480" classname="com.operations.Matrix.RegressionTest6" time="0.001">
    <system-out><![CDATA[[0.0, 0.0]
[0.0, 10.0]
]]></system-out>
  </testcase>
  <testcase name="test3481" classname="com.operations.Matrix.RegressionTest6" time="0.0">
    <system-out><![CDATA[[10.0, 97.0]
[10.0, 97.0]
]]></system-out>
  </testcase>
  <testcase name="test3482" classname="com.operations.Matrix.RegressionTest6" time="0.0"/>
  <testcase name="test3483" classname="com.operations.Matrix.RegressionTest6" time="0.0"/>
  <testcase name="test3484" classname="com.operations.Matrix.RegressionTest6" time="0.0">
    <system-out><![CDATA[[10.0, 97.0]
[10.0, 97.0]
]]></system-out>
  </testcase>
  <testcase name="test3485" classname="com.operations.Matrix.RegressionTest6" time="0.0">
    <system-out><![CDATA[[100.0, 0.0]
[0.0, 350.0]
]]></system-out>
  </testcase>
  <testcase name="test3486" classname="com.operations.Matrix.RegressionTest6" time="0.0">
    <system-out><![CDATA[[10.0, 10.0]
[97.0, 97.0]
]]></system-out>
  </testcase>
  <testcase name="test3487" classname="com.operations.Matrix.RegressionTest6" time="0.0">
    <system-out><![CDATA[[-0.1736481776669303, -0.984807753012208]
[0.984807753012208, -0.1736481776669303]
]]></system-out>
  </testcase>
  <testcase name="test3488" classname="com.operations.Matrix.RegressionTest6" time="0.0">
    <system-out><![CDATA[[10.0, 97.0]
[10.0, 97.0]
]]></system-out>
  </testcase>
  <testcase name="test3489" classname="com.operations.Matrix.RegressionTest6" time="0.0">
    <system-out><![CDATA[[10.0, 97.0]
[10.0, 97.0]
]]></system-out>
  </testcase>
  <testcase name="test3490" classname="com.operations.Matrix.RegressionTest6" time="0.001"/>
  <testcase name="test3491" classname="com.operations.Matrix.RegressionTest6" time="0.0"/>
  <testcase name="test3492" classname="com.operations.Matrix.RegressionTest6" time="0.0"/>
  <testcase name="test3493" classname="com.operations.Matrix.RegressionTest6" time="0.0">
    <system-out><![CDATA[[47.377720154643406]
[46.32127064620437]
[50.0778935528159]
[44.91777015866779]
[42.552848767840985]
[49.721652401617916]
[50.2607158085796]
[44.27528386517544]
[35.94484626342254]
[48.73436786585685]
[38.16209546146611]
[37.12101570900515]
[49.70795613691649]
[43.280596383468634]
[47.95424612605209]
[47.886947746127994]
[49.915042381597914]
[45.81816757737413]
[41.25230977795259]
[41.91432529090779]
[43.94079637854129]
[46.27220261652955]
[35.464478174862855]
[35.2143926222823]
[43.01199526751511]
[44.16513835456284]
[36.48960212659252]
[44.28826795873828]
[40.35624417175627]
[51.69908857460371]
[45.40123977883022]
[43.79846213831378]
[37.99097578177198]
[47.130422074274364]
[40.88306144893108]
[37.61209545176009]
[51.08609173394635]
[35.89459190092956]
[37.08776333083681]
[40.4946541458403]
[47.0064747241576]
[45.5886704320903]
[43.28011694518646]
[46.5231580658833]
[38.59470649332899]
[43.09970661759172]
[44.09450593586569]
[42.10891160732504]
[44.98967191206674]
[43.87893241117463]
[42.48827949219066]
[44.37254233049126]
]]></system-out>
  </testcase>
  <testcase name="test3494" classname="com.operations.Matrix.RegressionTest6" time="0.0">
    <system-out><![CDATA[[0.0, 0.0]
[0.0, 1.0]
]]></system-out>
  </testcase>
  <testcase name="test3495" classname="com.operations.Matrix.RegressionTest6" time="0.0"/>
  <testcase name="test3496" classname="com.operations.Matrix.RegressionTest6" time="0.0"/>
  <testcase name="test3497" classname="com.operations.Matrix.RegressionTest6" time="0.0"/>
  <testcase name="test3498" classname="com.operations.Matrix.RegressionTest6" time="0.0"/>
  <testcase name="test3499" classname="com.operations.Matrix.RegressionTest6" time="0.0">
    <system-out><![CDATA[[10.0, 97.0]
[10.0, 97.0]
[-0.2695697032565728, -0.7421972094042196, -0.9407980341887554, -0.7558827494357468, -0.1811909771447684, -0.6293888739863586, -0.14371706705854026, -0.28501532360410253, -0.7127431131855595, -0.08375304873823752]
[-0.9917238515749963, -0.5593775195455774, -0.9686660515048868, -0.07728892296784273, -0.03789624289522042, -0.19921897820570067, -0.5630971641931769, -0.18525056331568623, -0.784768780034783, -0.04298532914983355]
]]></system-out>
  </testcase>
  <testcase name="test3500" classname="com.operations.Matrix.RegressionTest6" time="0.0"/>
</testsuite>