<?xml version="1.0" encoding="UTF-8"?>
<testsuite xmlns:xsi="http://www.w3.org/2001/XMLSchema-instance" xsi:noNamespaceSchemaLocation="https://maven.apache.org/surefire/maven-surefire-plugin/xsd/surefire-test-report.xsd" version="3.0.2" name="com.operations.Matrix.RegressionTest0" time="0.331" tests="500" errors="0" skipped="0" failures="0">
  <properties>
    <property name="java.specification.version" value="21"/>
    <property name="sun.cpu.isalist" value="amd64"/>
    <property name="sun.jnu.encoding" value="Cp1252"/>
    <property name="java.class.path" value="C:\Users\babal\OneDrive\Desktop\Jasweer_Files\new\Matrix\Matrix\target\test-classes;C:\Users\babal\OneDrive\Desktop\Jasweer_Files\new\Matrix\Matrix\target\classes;C:\Users\babal\.m2\repository\org\springframework\boot\spring-boot-starter\3.4.0\spring-boot-starter-3.4.0.jar;C:\Users\babal\.m2\repository\org\springframework\boot\spring-boot\3.4.0\spring-boot-3.4.0.jar;C:\Users\babal\.m2\repository\org\springframework\spring-context\6.2.0\spring-context-6.2.0.jar;C:\Users\babal\.m2\repository\org\springframework\spring-aop\6.2.0\spring-aop-6.2.0.jar;C:\Users\babal\.m2\repository\org\springframework\spring-beans\6.2.0\spring-beans-6.2.0.jar;C:\Users\babal\.m2\repository\org\springframework\spring-expression\6.2.0\spring-expression-6.2.0.jar;C:\Users\babal\.m2\repository\io\micrometer\micrometer-observation\1.14.1\micrometer-observation-1.14.1.jar;C:\Users\babal\.m2\repository\io\micrometer\micrometer-commons\1.14.1\micrometer-commons-1.14.1.jar;C:\Users\babal\.m2\repository\org\springframework\boot\spring-boot-autoconfigure\3.4.0\spring-boot-autoconfigure-3.4.0.jar;C:\Users\babal\.m2\repository\org\springframework\boot\spring-boot-starter-logging\3.4.0\spring-boot-starter-logging-3.4.0.jar;C:\Users\babal\.m2\repository\ch\qos\logback\logback-classic\1.5.12\logback-classic-1.5.12.jar;C:\Users\babal\.m2\repository\ch\qos\logback\logback-core\1.5.12\logback-core-1.5.12.jar;C:\Users\babal\.m2\repository\org\apache\logging\log4j\log4j-to-slf4j\2.24.1\log4j-to-slf4j-2.24.1.jar;C:\Users\babal\.m2\repository\org\apache\logging\log4j\log4j-api\2.24.1\log4j-api-2.24.1.jar;C:\Users\babal\.m2\repository\org\slf4j\jul-to-slf4j\2.0.16\jul-to-slf4j-2.0.16.jar;C:\Users\babal\.m2\repository\jakarta\annotation\jakarta.annotation-api\2.1.1\jakarta.annotation-api-2.1.1.jar;C:\Users\babal\.m2\repository\org\springframework\spring-core\6.2.0\spring-core-6.2.0.jar;C:\Users\babal\.m2\repository\org\springframework\spring-jcl\6.2.0\spring-jcl-6.2.0.jar;C:\Users\babal\.m2\repository\org\yaml\snakeyaml\2.3\snakeyaml-2.3.jar;C:\Users\babal\.m2\repository\org\springframework\boot\spring-boot-starter-test\3.4.0\spring-boot-starter-test-3.4.0.jar;C:\Users\babal\.m2\repository\org\springframework\boot\spring-boot-test\3.4.0\spring-boot-test-3.4.0.jar;C:\Users\babal\.m2\repository\org\springframework\boot\spring-boot-test-autoconfigure\3.4.0\spring-boot-test-autoconfigure-3.4.0.jar;C:\Users\babal\.m2\repository\com\jayway\jsonpath\json-path\2.9.0\json-path-2.9.0.jar;C:\Users\babal\.m2\repository\org\slf4j\slf4j-api\2.0.16\slf4j-api-2.0.16.jar;C:\Users\babal\.m2\repository\jakarta\xml\bind\jakarta.xml.bind-api\4.0.2\jakarta.xml.bind-api-4.0.2.jar;C:\Users\babal\.m2\repository\jakarta\activation\jakarta.activation-api\2.1.3\jakarta.activation-api-2.1.3.jar;C:\Users\babal\.m2\repository\net\minidev\json-smart\2.5.1\json-smart-2.5.1.jar;C:\Users\babal\.m2\repository\net\minidev\accessors-smart\2.5.1\accessors-smart-2.5.1.jar;C:\Users\babal\.m2\repository\org\ow2\asm\asm\9.6\asm-9.6.jar;C:\Users\babal\.m2\repository\org\assertj\assertj-core\3.26.3\assertj-core-3.26.3.jar;C:\Users\babal\.m2\repository\net\bytebuddy\byte-buddy\1.15.10\byte-buddy-1.15.10.jar;C:\Users\babal\.m2\repository\org\awaitility\awaitility\4.2.2\awaitility-4.2.2.jar;C:\Users\babal\.m2\repository\org\hamcrest\hamcrest\2.2\hamcrest-2.2.jar;C:\Users\babal\.m2\repository\org\mockito\mockito-core\5.14.2\mockito-core-5.14.2.jar;C:\Users\babal\.m2\repository\net\bytebuddy\byte-buddy-agent\1.15.10\byte-buddy-agent-1.15.10.jar;C:\Users\babal\.m2\repository\org\objenesis\objenesis\3.3\objenesis-3.3.jar;C:\Users\babal\.m2\repository\org\mockito\mockito-junit-jupiter\5.14.2\mockito-junit-jupiter-5.14.2.jar;C:\Users\babal\.m2\repository\org\junit\jupiter\junit-jupiter-api\5.11.3\junit-jupiter-api-5.11.3.jar;C:\Users\babal\.m2\repository\org\opentest4j\opentest4j\1.3.0\opentest4j-1.3.0.jar;C:\Users\babal\.m2\repository\org\junit\platform\junit-platform-commons\1.11.3\junit-platform-commons-1.11.3.jar;C:\Users\babal\.m2\repository\org\apiguardian\apiguardian-api\1.1.2\apiguardian-api-1.1.2.jar;C:\Users\babal\.m2\repository\org\skyscreamer\jsonassert\1.5.3\jsonassert-1.5.3.jar;C:\Users\babal\.m2\repository\com\vaadin\external\google\android-json\0.0.20131108.vaadin1\android-json-0.0.20131108.vaadin1.jar;C:\Users\babal\.m2\repository\org\springframework\spring-test\6.2.0\spring-test-6.2.0.jar;C:\Users\babal\.m2\repository\org\xmlunit\xmlunit-core\2.10.0\xmlunit-core-2.10.0.jar;C:\Users\babal\.m2\repository\junit\junit\4.13.2\junit-4.13.2.jar;C:\Users\babal\.m2\repository\org\hamcrest\hamcrest-core\2.2\hamcrest-core-2.2.jar;"/>
    <property name="java.vm.vendor" value="Eclipse Adoptium"/>
    <property name="sun.arch.data.model" value="64"/>
    <property name="user.variant" value=""/>
    <property name="java.vendor.url" value="https://adoptium.net/"/>
    <property name="user.timezone" value="America/Phoenix"/>
    <property name="os.name" value="Windows 11"/>
    <property name="java.vm.specification.version" value="21"/>
    <property name="sun.java.launcher" value="SUN_STANDARD"/>
    <property name="user.country" value="US"/>
    <property name="sun.boot.library.path" value="C:\Program Files\Eclipse Adoptium\jdk-21.0.5.11-hotspot\bin"/>
    <property name="sun.java.command" value="C:\Users\babal\AppData\Local\Temp\surefire15261729316555012028\surefirebooter-20241209114331853_3.jar C:\Users\babal\AppData\Local\Temp\surefire15261729316555012028 2024-12-09T11-43-31_743-jvmRun1 surefire-20241209114331853_1tmp surefire_0-20241209114331853_2tmp"/>
    <property name="jdk.debug" value="release"/>
    <property name="surefire.test.class.path" value="C:\Users\babal\OneDrive\Desktop\Jasweer_Files\new\Matrix\Matrix\target\test-classes;C:\Users\babal\OneDrive\Desktop\Jasweer_Files\new\Matrix\Matrix\target\classes;C:\Users\babal\.m2\repository\org\springframework\boot\spring-boot-starter\3.4.0\spring-boot-starter-3.4.0.jar;C:\Users\babal\.m2\repository\org\springframework\boot\spring-boot\3.4.0\spring-boot-3.4.0.jar;C:\Users\babal\.m2\repository\org\springframework\spring-context\6.2.0\spring-context-6.2.0.jar;C:\Users\babal\.m2\repository\org\springframework\spring-aop\6.2.0\spring-aop-6.2.0.jar;C:\Users\babal\.m2\repository\org\springframework\spring-beans\6.2.0\spring-beans-6.2.0.jar;C:\Users\babal\.m2\repository\org\springframework\spring-expression\6.2.0\spring-expression-6.2.0.jar;C:\Users\babal\.m2\repository\io\micrometer\micrometer-observation\1.14.1\micrometer-observation-1.14.1.jar;C:\Users\babal\.m2\repository\io\micrometer\micrometer-commons\1.14.1\micrometer-commons-1.14.1.jar;C:\Users\babal\.m2\repository\org\springframework\boot\spring-boot-autoconfigure\3.4.0\spring-boot-autoconfigure-3.4.0.jar;C:\Users\babal\.m2\repository\org\springframework\boot\spring-boot-starter-logging\3.4.0\spring-boot-starter-logging-3.4.0.jar;C:\Users\babal\.m2\repository\ch\qos\logback\logback-classic\1.5.12\logback-classic-1.5.12.jar;C:\Users\babal\.m2\repository\ch\qos\logback\logback-core\1.5.12\logback-core-1.5.12.jar;C:\Users\babal\.m2\repository\org\apache\logging\log4j\log4j-to-slf4j\2.24.1\log4j-to-slf4j-2.24.1.jar;C:\Users\babal\.m2\repository\org\apache\logging\log4j\log4j-api\2.24.1\log4j-api-2.24.1.jar;C:\Users\babal\.m2\repository\org\slf4j\jul-to-slf4j\2.0.16\jul-to-slf4j-2.0.16.jar;C:\Users\babal\.m2\repository\jakarta\annotation\jakarta.annotation-api\2.1.1\jakarta.annotation-api-2.1.1.jar;C:\Users\babal\.m2\repository\org\springframework\spring-core\6.2.0\spring-core-6.2.0.jar;C:\Users\babal\.m2\repository\org\springframework\spring-jcl\6.2.0\spring-jcl-6.2.0.jar;C:\Users\babal\.m2\repository\org\yaml\snakeyaml\2.3\snakeyaml-2.3.jar;C:\Users\babal\.m2\repository\org\springframework\boot\spring-boot-starter-test\3.4.0\spring-boot-starter-test-3.4.0.jar;C:\Users\babal\.m2\repository\org\springframework\boot\spring-boot-test\3.4.0\spring-boot-test-3.4.0.jar;C:\Users\babal\.m2\repository\org\springframework\boot\spring-boot-test-autoconfigure\3.4.0\spring-boot-test-autoconfigure-3.4.0.jar;C:\Users\babal\.m2\repository\com\jayway\jsonpath\json-path\2.9.0\json-path-2.9.0.jar;C:\Users\babal\.m2\repository\org\slf4j\slf4j-api\2.0.16\slf4j-api-2.0.16.jar;C:\Users\babal\.m2\repository\jakarta\xml\bind\jakarta.xml.bind-api\4.0.2\jakarta.xml.bind-api-4.0.2.jar;C:\Users\babal\.m2\repository\jakarta\activation\jakarta.activation-api\2.1.3\jakarta.activation-api-2.1.3.jar;C:\Users\babal\.m2\repository\net\minidev\json-smart\2.5.1\json-smart-2.5.1.jar;C:\Users\babal\.m2\repository\net\minidev\accessors-smart\2.5.1\accessors-smart-2.5.1.jar;C:\Users\babal\.m2\repository\org\ow2\asm\asm\9.6\asm-9.6.jar;C:\Users\babal\.m2\repository\org\assertj\assertj-core\3.26.3\assertj-core-3.26.3.jar;C:\Users\babal\.m2\repository\net\bytebuddy\byte-buddy\1.15.10\byte-buddy-1.15.10.jar;C:\Users\babal\.m2\repository\org\awaitility\awaitility\4.2.2\awaitility-4.2.2.jar;C:\Users\babal\.m2\repository\org\hamcrest\hamcrest\2.2\hamcrest-2.2.jar;C:\Users\babal\.m2\repository\org\mockito\mockito-core\5.14.2\mockito-core-5.14.2.jar;C:\Users\babal\.m2\repository\net\bytebuddy\byte-buddy-agent\1.15.10\byte-buddy-agent-1.15.10.jar;C:\Users\babal\.m2\repository\org\objenesis\objenesis\3.3\objenesis-3.3.jar;C:\Users\babal\.m2\repository\org\mockito\mockito-junit-jupiter\5.14.2\mockito-junit-jupiter-5.14.2.jar;C:\Users\babal\.m2\repository\org\junit\jupiter\junit-jupiter-api\5.11.3\junit-jupiter-api-5.11.3.jar;C:\Users\babal\.m2\repository\org\opentest4j\opentest4j\1.3.0\opentest4j-1.3.0.jar;C:\Users\babal\.m2\repository\org\junit\platform\junit-platform-commons\1.11.3\junit-platform-commons-1.11.3.jar;C:\Users\babal\.m2\repository\org\apiguardian\apiguardian-api\1.1.2\apiguardian-api-1.1.2.jar;C:\Users\babal\.m2\repository\org\skyscreamer\jsonassert\1.5.3\jsonassert-1.5.3.jar;C:\Users\babal\.m2\repository\com\vaadin\external\google\android-json\0.0.20131108.vaadin1\android-json-0.0.20131108.vaadin1.jar;C:\Users\babal\.m2\repository\org\springframework\spring-test\6.2.0\spring-test-6.2.0.jar;C:\Users\babal\.m2\repository\org\xmlunit\xmlunit-core\2.10.0\xmlunit-core-2.10.0.jar;C:\Users\babal\.m2\repository\junit\junit\4.13.2\junit-4.13.2.jar;C:\Users\babal\.m2\repository\org\hamcrest\hamcrest-core\2.2\hamcrest-core-2.2.jar;"/>
    <property name="sun.cpu.endian" value="little"/>
    <property name="user.home" value="C:\Users\babal"/>
    <property name="user.language" value="en"/>
    <property name="java.specification.vendor" value="Oracle Corporation"/>
    <property name="java.version.date" value="2024-10-15"/>
    <property name="java.home" value="C:\Program Files\Eclipse Adoptium\jdk-21.0.5.11-hotspot"/>
    <property name="file.separator" value="\"/>
    <property name="basedir" value="C:\Users\babal\OneDrive\Desktop\Jasweer_Files\new\Matrix\Matrix"/>
    <property name="java.vm.compressedOopsMode" value="Zero based"/>
    <property name="line.separator" value="&#10;"/>
    <property name="java.vm.specification.vendor" value="Oracle Corporation"/>
    <property name="java.specification.name" value="Java Platform API Specification"/>
    <property name="surefire.real.class.path" value="C:\Users\babal\AppData\Local\Temp\surefire15261729316555012028\surefirebooter-20241209114331853_3.jar"/>
    <property name="user.script" value=""/>
    <property name="sun.management.compiler" value="HotSpot 64-Bit Tiered Compilers"/>
    <property name="java.runtime.version" value="21.0.5+11-LTS"/>
    <property name="user.name" value="babal"/>
    <property name="stdout.encoding" value="Cp1252"/>
    <property name="path.separator" value=";"/>
    <property name="os.version" value="10.0"/>
    <property name="java.runtime.name" value="OpenJDK Runtime Environment"/>
    <property name="file.encoding" value="UTF-8"/>
    <property name="java.vm.name" value="OpenJDK 64-Bit Server VM"/>
    <property name="java.vendor.version" value="Temurin-21.0.5+11"/>
    <property name="localRepository" value="C:\Users\babal\.m2\repository"/>
    <property name="java.vendor.url.bug" value="https://github.com/adoptium/adoptium-support/issues"/>
    <property name="java.io.tmpdir" value="C:\Users\babal\AppData\Local\Temp\"/>
    <property name="java.version" value="21.0.5"/>
    <property name="user.dir" value="C:\Users\babal\OneDrive\Desktop\Jasweer_Files\new\Matrix\Matrix"/>
    <property name="os.arch" value="amd64"/>
    <property name="java.vm.specification.name" value="Java Virtual Machine Specification"/>
    <property name="sun.os.patch.level" value=""/>
    <property name="native.encoding" value="Cp1252"/>
    <property name="java.library.path" value="C:\Program Files\Eclipse Adoptium\jdk-21.0.5.11-hotspot\bin;C:\Windows\Sun\Java\bin;C:\Windows\system32;C:\Windows;C:\Program Files\Eclipse Adoptium\jdk-21.0.5.11-hotspot\bin;C:\Program Files\Common Files\Oracle\Java\javapath;C:\Program Files (x86)\Common Files\Oracle\Java\java8path;C:\Program Files (x86)\Common Files\Oracle\Java\javapath;C:\Windows\system32;C:\Windows;C:\Windows\System32\Wbem;C:\Windows\System32\WindowsPowerShell\v1.0\;C:\Windows\System32\OpenSSH\;C:\Program Files (x86)\NVIDIA Corporation\PhysX\Common;C:\Program Files\NVIDIA Corporation\NVIDIA NvDLISR;C:\Program Files\dotnet\;C:\Program Files\nodejs\;C:\Program Files\Git\cmd;C:\Program Files\CMake\bin;C:\Program Files\Java\jdk-23;C:\Users\babal\Downloads\cloc-master;C:\ProgramData\chocolatey\bin;C:\Users\babal\tools\evosuite;C:\Program Files\Apache\maven\apache-maven-3.9.9-bin\apache-maven-3.9.9\bin;C:\Program Files\Java\jdk-17\bin;C:\Users\babal\AppData\Local\Programs\Python\Python312\Scripts\;C:\Users\babal\AppData\Local\Programs\Python\Python312\;C:\Users\babal\AppData\Local\Programs\Python\Launcher\;C:\Users\babal\AppData\Local\Microsoft\WindowsApps;C:\Users\babal\AppData\Local\Programs\Microsoft VS Code\bin;C:\Users\babal\AppData\Roaming\npm;."/>
    <property name="java.vm.info" value="mixed mode, sharing"/>
    <property name="stderr.encoding" value="Cp1252"/>
    <property name="java.vendor" value="Eclipse Adoptium"/>
    <property name="java.vm.version" value="21.0.5+11-LTS"/>
    <property name="sun.io.unicode.encoding" value="UnicodeLittle"/>
    <property name="java.class.version" value="65.0"/>
  </properties>
  <testcase name="test0001" classname="com.operations.Matrix.RegressionTest0" time="0.001"/>
  <testcase name="test0002" classname="com.operations.Matrix.RegressionTest0" time="0.0"/>
  <testcase name="test0003" classname="com.operations.Matrix.RegressionTest0" time="0.0"/>
  <testcase name="test0004" classname="com.operations.Matrix.RegressionTest0" time="0.0"/>
  <testcase name="test0005" classname="com.operations.Matrix.RegressionTest0" time="0.0"/>
  <testcase name="test0006" classname="com.operations.Matrix.RegressionTest0" time="0.002"/>
  <testcase name="test0007" classname="com.operations.Matrix.RegressionTest0" time="0.001"/>
  <testcase name="test0008" classname="com.operations.Matrix.RegressionTest0" time="0.001"/>
  <testcase name="test0009" classname="com.operations.Matrix.RegressionTest0" time="0.003"/>
  <testcase name="test0010" classname="com.operations.Matrix.RegressionTest0" time="0.001"/>
  <testcase name="test0011" classname="com.operations.Matrix.RegressionTest0" time="0.004"/>
  <testcase name="test0012" classname="com.operations.Matrix.RegressionTest0" time="0.001"/>
  <testcase name="test0013" classname="com.operations.Matrix.RegressionTest0" time="0.001"/>
  <testcase name="test0014" classname="com.operations.Matrix.RegressionTest0" time="0.001"/>
  <testcase name="test0015" classname="com.operations.Matrix.RegressionTest0" time="0.001"/>
  <testcase name="test0016" classname="com.operations.Matrix.RegressionTest0" time="0.001"/>
  <testcase name="test0017" classname="com.operations.Matrix.RegressionTest0" time="0.001"/>
  <testcase name="test0018" classname="com.operations.Matrix.RegressionTest0" time="0.0"/>
  <testcase name="test0019" classname="com.operations.Matrix.RegressionTest0" time="0.001"/>
  <testcase name="test0020" classname="com.operations.Matrix.RegressionTest0" time="0.001"/>
  <testcase name="test0021" classname="com.operations.Matrix.RegressionTest0" time="0.001"/>
  <testcase name="test0022" classname="com.operations.Matrix.RegressionTest0" time="0.001"/>
  <testcase name="test0023" classname="com.operations.Matrix.RegressionTest0" time="0.001"/>
  <testcase name="test0024" classname="com.operations.Matrix.RegressionTest0" time="0.0"/>
  <testcase name="test0025" classname="com.operations.Matrix.RegressionTest0" time="0.001"/>
  <testcase name="test0026" classname="com.operations.Matrix.RegressionTest0" time="0.0"/>
  <testcase name="test0027" classname="com.operations.Matrix.RegressionTest0" time="0.0"/>
  <testcase name="test0028" classname="com.operations.Matrix.RegressionTest0" time="0.001"/>
  <testcase name="test0029" classname="com.operations.Matrix.RegressionTest0" time="0.001">
    <system-out><![CDATA[[10.0, 97.0]
[10.0, 97.0]
]]></system-out>
  </testcase>
  <testcase name="test0030" classname="com.operations.Matrix.RegressionTest0" time="0.0"/>
  <testcase name="test0031" classname="com.operations.Matrix.RegressionTest0" time="0.0"/>
  <testcase name="test0032" classname="com.operations.Matrix.RegressionTest0" time="0.0"/>
  <testcase name="test0033" classname="com.operations.Matrix.RegressionTest0" time="0.001"/>
  <testcase name="test0034" classname="com.operations.Matrix.RegressionTest0" time="0.0"/>
  <testcase name="test0035" classname="com.operations.Matrix.RegressionTest0" time="0.0"/>
  <testcase name="test0036" classname="com.operations.Matrix.RegressionTest0" time="0.001"/>
  <testcase name="test0037" classname="com.operations.Matrix.RegressionTest0" time="0.0">
    <system-out><![CDATA[[10.0, 97.0]
[10.0, 97.0]
]]></system-out>
  </testcase>
  <testcase name="test0038" classname="com.operations.Matrix.RegressionTest0" time="0.001"/>
  <testcase name="test0039" classname="com.operations.Matrix.RegressionTest0" time="0.0"/>
  <testcase name="test0040" classname="com.operations.Matrix.RegressionTest0" time="0.002"/>
  <testcase name="test0041" classname="com.operations.Matrix.RegressionTest0" time="0.0"/>
  <testcase name="test0042" classname="com.operations.Matrix.RegressionTest0" time="0.001">
    <system-out><![CDATA[[10.0, 97.0]
[10.0, 97.0]
[10.0, 97.0]
[10.0, 97.0]
]]></system-out>
  </testcase>
  <testcase name="test0043" classname="com.operations.Matrix.RegressionTest0" time="0.0"/>
  <testcase name="test0044" classname="com.operations.Matrix.RegressionTest0" time="0.0"/>
  <testcase name="test0045" classname="com.operations.Matrix.RegressionTest0" time="0.001"/>
  <testcase name="test0046" classname="com.operations.Matrix.RegressionTest0" time="0.0"/>
  <testcase name="test0047" classname="com.operations.Matrix.RegressionTest0" time="0.0"/>
  <testcase name="test0048" classname="com.operations.Matrix.RegressionTest0" time="0.001"/>
  <testcase name="test0049" classname="com.operations.Matrix.RegressionTest0" time="0.0"/>
  <testcase name="test0050" classname="com.operations.Matrix.RegressionTest0" time="0.0"/>
  <testcase name="test0051" classname="com.operations.Matrix.RegressionTest0" time="0.0"/>
  <testcase name="test0052" classname="com.operations.Matrix.RegressionTest0" time="0.001"/>
  <testcase name="test0053" classname="com.operations.Matrix.RegressionTest0" time="0.0"/>
  <testcase name="test0054" classname="com.operations.Matrix.RegressionTest0" time="0.001"/>
  <testcase name="test0055" classname="com.operations.Matrix.RegressionTest0" time="0.001">
    <system-out><![CDATA[[10.0, 97.0]
[10.0, 97.0]
[10.0, 97.0]
[10.0, 97.0]
]]></system-out>
  </testcase>
  <testcase name="test0056" classname="com.operations.Matrix.RegressionTest0" time="0.001"/>
  <testcase name="test0057" classname="com.operations.Matrix.RegressionTest0" time="0.001">
    <system-out><![CDATA[[10.0, 97.0]
[10.0, 97.0]
]]></system-out>
  </testcase>
  <testcase name="test0058" classname="com.operations.Matrix.RegressionTest0" time="0.0"/>
  <testcase name="test0059" classname="com.operations.Matrix.RegressionTest0" time="0.001"/>
  <testcase name="test0060" classname="com.operations.Matrix.RegressionTest0" time="0.0"/>
  <testcase name="test0061" classname="com.operations.Matrix.RegressionTest0" time="0.001"/>
  <testcase name="test0062" classname="com.operations.Matrix.RegressionTest0" time="0.001"/>
  <testcase name="test0063" classname="com.operations.Matrix.RegressionTest0" time="0.001"/>
  <testcase name="test0064" classname="com.operations.Matrix.RegressionTest0" time="0.0">
    <system-out><![CDATA[[10.0, 97.0]
[10.0, 97.0]
]]></system-out>
  </testcase>
  <testcase name="test0065" classname="com.operations.Matrix.RegressionTest0" time="0.001"/>
  <testcase name="test0066" classname="com.operations.Matrix.RegressionTest0" time="0.0"/>
  <testcase name="test0067" classname="com.operations.Matrix.RegressionTest0" time="0.001"/>
  <testcase name="test0068" classname="com.operations.Matrix.RegressionTest0" time="0.0"/>
  <testcase name="test0069" classname="com.operations.Matrix.RegressionTest0" time="0.0"/>
  <testcase name="test0070" classname="com.operations.Matrix.RegressionTest0" time="0.0">
    <system-out><![CDATA[[0.0, 0.0]
[0.0, 10.0]
[0.0, 0.0]
[0.0, 10.0]
[0.0, 103790.0]
[0.0, 103790.0]
]]></system-out>
  </testcase>
  <testcase name="test0071" classname="com.operations.Matrix.RegressionTest0" time="0.001"/>
  <testcase name="test0072" classname="com.operations.Matrix.RegressionTest0" time="0.001">
    <system-out><![CDATA[[10.0, 97.0]
[10.0, 97.0]
]]></system-out>
  </testcase>
  <testcase name="test0073" classname="com.operations.Matrix.RegressionTest0" time="0.0"/>
  <testcase name="test0074" classname="com.operations.Matrix.RegressionTest0" time="0.001"/>
  <testcase name="test0075" classname="com.operations.Matrix.RegressionTest0" time="0.002"/>
  <testcase name="test0076" classname="com.operations.Matrix.RegressionTest0" time="0.0"/>
  <testcase name="test0077" classname="com.operations.Matrix.RegressionTest0" time="0.001"/>
  <testcase name="test0078" classname="com.operations.Matrix.RegressionTest0" time="0.001"/>
  <testcase name="test0079" classname="com.operations.Matrix.RegressionTest0" time="0.0"/>
  <testcase name="test0080" classname="com.operations.Matrix.RegressionTest0" time="0.0"/>
  <testcase name="test0081" classname="com.operations.Matrix.RegressionTest0" time="0.0"/>
  <testcase name="test0082" classname="com.operations.Matrix.RegressionTest0" time="0.0"/>
  <testcase name="test0083" classname="com.operations.Matrix.RegressionTest0" time="0.001">
    <system-out><![CDATA[[-0.1736481776669303, -0.984807753012208]
[0.984807753012208, -0.1736481776669303]
]]></system-out>
  </testcase>
  <testcase name="test0084" classname="com.operations.Matrix.RegressionTest0" time="0.001">
    <system-out><![CDATA[[0.0, 0.0]
[0.0, 10.0]
[0.0, 0.0]
[0.0, 10.0]
[0.0, 103790.0]
[0.0, 103790.0]
]]></system-out>
  </testcase>
  <testcase name="test0085" classname="com.operations.Matrix.RegressionTest0" time="0.0"/>
  <testcase name="test0086" classname="com.operations.Matrix.RegressionTest0" time="0.001"/>
  <testcase name="test0087" classname="com.operations.Matrix.RegressionTest0" time="0.0"/>
  <testcase name="test0088" classname="com.operations.Matrix.RegressionTest0" time="0.001"/>
  <testcase name="test0089" classname="com.operations.Matrix.RegressionTest0" time="0.0"/>
  <testcase name="test0090" classname="com.operations.Matrix.RegressionTest0" time="0.001">
    <system-out><![CDATA[[35.0]
[35.0]
[35.0]
[35.0]
[35.0]
[35.0]
[35.0]
[35.0]
[35.0]
[35.0]
[35.0]
[35.0]
[35.0]
[35.0]
[35.0]
[35.0]
[35.0]
[35.0]
[35.0]
[35.0]
[35.0]
[35.0]
[35.0]
[35.0]
[35.0]
[35.0]
[35.0]
[35.0]
[35.0]
[35.0]
[35.0]
[35.0]
[35.0]
[35.0]
[35.0]
[35.0]
[35.0]
[35.0]
[35.0]
[35.0]
[35.0]
[35.0]
[35.0]
[35.0]
[35.0]
[35.0]
[35.0]
[35.0]
[35.0]
[35.0]
[35.0]
[35.0]
[35.0]
[35.0]
[35.0]
[35.0]
[35.0]
[35.0]
[35.0]
[35.0]
[35.0]
[35.0]
[35.0]
[35.0]
[35.0]
[35.0]
[35.0]
[35.0]
[35.0]
[35.0]
[35.0]
[35.0]
[35.0]
[35.0]
[35.0]
[35.0]
[35.0]
[35.0]
[35.0]
[35.0]
[35.0]
[35.0]
[35.0]
[35.0]
[35.0]
[35.0]
[35.0]
[35.0]
[35.0]
[35.0]
[35.0]
[35.0]
[35.0]
[35.0]
[35.0]
[35.0]
[35.0]
[35.0]
[35.0]
[35.0]
]]></system-out>
  </testcase>
  <testcase name="test0091" classname="com.operations.Matrix.RegressionTest0" time="0.0"/>
  <testcase name="test0092" classname="com.operations.Matrix.RegressionTest0" time="0.0"/>
  <testcase name="test0093" classname="com.operations.Matrix.RegressionTest0" time="0.0"/>
  <testcase name="test0094" classname="com.operations.Matrix.RegressionTest0" time="0.0"/>
  <testcase name="test0095" classname="com.operations.Matrix.RegressionTest0" time="0.001"/>
  <testcase name="test0096" classname="com.operations.Matrix.RegressionTest0" time="0.001"/>
  <testcase name="test0097" classname="com.operations.Matrix.RegressionTest0" time="0.0"/>
  <testcase name="test0098" classname="com.operations.Matrix.RegressionTest0" time="0.0"/>
  <testcase name="test0099" classname="com.operations.Matrix.RegressionTest0" time="0.0"/>
  <testcase name="test0100" classname="com.operations.Matrix.RegressionTest0" time="0.0">
    <system-out><![CDATA[[0.0, 0.0]
[0.0, 10.0]
]]></system-out>
  </testcase>
  <testcase name="test0101" classname="com.operations.Matrix.RegressionTest0" time="0.0"/>
  <testcase name="test0102" classname="com.operations.Matrix.RegressionTest0" time="0.001">
    <system-out><![CDATA[[10.0, 97.0]
[10.0, 97.0]
[0.0, 0.0]
[0.0, 0.0]
]]></system-out>
  </testcase>
  <testcase name="test0103" classname="com.operations.Matrix.RegressionTest0" time="0.0"/>
  <testcase name="test0104" classname="com.operations.Matrix.RegressionTest0" time="0.0"/>
  <testcase name="test0105" classname="com.operations.Matrix.RegressionTest0" time="0.0"/>
  <testcase name="test0106" classname="com.operations.Matrix.RegressionTest0" time="0.0"/>
  <testcase name="test0107" classname="com.operations.Matrix.RegressionTest0" time="0.001"/>
  <testcase name="test0108" classname="com.operations.Matrix.RegressionTest0" time="0.0"/>
  <testcase name="test0109" classname="com.operations.Matrix.RegressionTest0" time="0.0"/>
  <testcase name="test0110" classname="com.operations.Matrix.RegressionTest0" time="0.0"/>
  <testcase name="test0111" classname="com.operations.Matrix.RegressionTest0" time="0.001"/>
  <testcase name="test0112" classname="com.operations.Matrix.RegressionTest0" time="0.0"/>
  <testcase name="test0113" classname="com.operations.Matrix.RegressionTest0" time="0.0"/>
  <testcase name="test0114" classname="com.operations.Matrix.RegressionTest0" time="0.0"/>
  <testcase name="test0115" classname="com.operations.Matrix.RegressionTest0" time="0.0"/>
  <testcase name="test0116" classname="com.operations.Matrix.RegressionTest0" time="0.001"/>
  <testcase name="test0117" classname="com.operations.Matrix.RegressionTest0" time="0.0"/>
  <testcase name="test0118" classname="com.operations.Matrix.RegressionTest0" time="0.0"/>
  <testcase name="test0119" classname="com.operations.Matrix.RegressionTest0" time="0.0"/>
  <testcase name="test0120" classname="com.operations.Matrix.RegressionTest0" time="0.0"/>
  <testcase name="test0121" classname="com.operations.Matrix.RegressionTest0" time="0.0"/>
  <testcase name="test0122" classname="com.operations.Matrix.RegressionTest0" time="0.0"/>
  <testcase name="test0123" classname="com.operations.Matrix.RegressionTest0" time="0.0"/>
  <testcase name="test0124" classname="com.operations.Matrix.RegressionTest0" time="0.0"/>
  <testcase name="test0125" classname="com.operations.Matrix.RegressionTest0" time="0.0"/>
  <testcase name="test0126" classname="com.operations.Matrix.RegressionTest0" time="0.001">
    <system-out><![CDATA[[0.0, 0.0]
[0.0, 10.0]
[0.0, 0.0]
[0.0, 10.0]
]]></system-out>
  </testcase>
  <testcase name="test0127" classname="com.operations.Matrix.RegressionTest0" time="0.001"/>
  <testcase name="test0128" classname="com.operations.Matrix.RegressionTest0" time="0.001">
    <system-out><![CDATA[[]
]]></system-out>
  </testcase>
  <testcase name="test0129" classname="com.operations.Matrix.RegressionTest0" time="0.0">
    <system-out><![CDATA[[0.0, 0.0]
[0.0, 10.0]
]]></system-out>
  </testcase>
  <testcase name="test0130" classname="com.operations.Matrix.RegressionTest0" time="0.001">
    <system-out><![CDATA[[35.0]
[35.0]
[35.0]
[35.0]
[35.0]
[35.0]
[35.0]
[35.0]
[35.0]
[35.0]
[35.0]
[35.0]
[35.0]
[35.0]
[35.0]
[35.0]
[35.0]
[35.0]
[35.0]
[35.0]
[35.0]
[35.0]
[35.0]
[35.0]
[35.0]
[35.0]
[35.0]
[35.0]
[35.0]
[35.0]
[35.0]
[35.0]
[35.0]
[35.0]
[35.0]
[35.0]
[35.0]
[35.0]
[35.0]
[35.0]
[35.0]
[35.0]
[35.0]
[35.0]
[35.0]
[35.0]
[35.0]
[35.0]
[35.0]
[35.0]
[35.0]
[35.0]
[35.0]
[35.0]
[35.0]
[35.0]
[35.0]
[35.0]
[35.0]
[35.0]
[35.0]
[35.0]
[35.0]
[35.0]
[35.0]
[35.0]
[35.0]
[35.0]
[35.0]
[35.0]
[35.0]
[35.0]
[35.0]
[35.0]
[35.0]
[35.0]
[35.0]
[35.0]
[35.0]
[35.0]
[35.0]
[35.0]
[35.0]
[35.0]
[35.0]
[35.0]
[35.0]
[35.0]
[35.0]
[35.0]
[35.0]
[35.0]
[35.0]
[35.0]
[35.0]
[35.0]
[35.0]
[35.0]
[35.0]
[35.0]
[0.0, 0.0]
[0.0, 10.0]
]]></system-out>
  </testcase>
  <testcase name="test0131" classname="com.operations.Matrix.RegressionTest0" time="0.001">
    <system-out><![CDATA[[0.0, 0.0]
[0.0, 10.0]
[0.0, 0.0]
[0.0, 10.0]
]]></system-out>
  </testcase>
  <testcase name="test0132" classname="com.operations.Matrix.RegressionTest0" time="0.0"/>
  <testcase name="test0133" classname="com.operations.Matrix.RegressionTest0" time="0.001"/>
  <testcase name="test0134" classname="com.operations.Matrix.RegressionTest0" time="0.0"/>
  <testcase name="test0135" classname="com.operations.Matrix.RegressionTest0" time="0.0"/>
  <testcase name="test0136" classname="com.operations.Matrix.RegressionTest0" time="0.001"/>
  <testcase name="test0137" classname="com.operations.Matrix.RegressionTest0" time="0.0"/>
  <testcase name="test0138" classname="com.operations.Matrix.RegressionTest0" time="0.001"/>
  <testcase name="test0139" classname="com.operations.Matrix.RegressionTest0" time="0.001"/>
  <testcase name="test0140" classname="com.operations.Matrix.RegressionTest0" time="0.0"/>
  <testcase name="test0141" classname="com.operations.Matrix.RegressionTest0" time="0.001"/>
  <testcase name="test0142" classname="com.operations.Matrix.RegressionTest0" time="0.0"/>
  <testcase name="test0143" classname="com.operations.Matrix.RegressionTest0" time="0.0"/>
  <testcase name="test0144" classname="com.operations.Matrix.RegressionTest0" time="0.001">
    <system-out><![CDATA[[35.0]
[35.0]
[35.0]
[35.0]
[35.0]
[35.0]
[35.0]
[35.0]
[35.0]
[35.0]
[35.0]
[35.0]
[35.0]
[35.0]
[35.0]
[35.0]
[35.0]
[35.0]
[35.0]
[35.0]
[35.0]
[35.0]
[35.0]
[35.0]
[35.0]
[35.0]
[35.0]
[35.0]
[35.0]
[35.0]
[35.0]
[35.0]
[35.0]
[35.0]
[35.0]
[35.0]
[35.0]
[35.0]
[35.0]
[35.0]
[35.0]
[35.0]
[35.0]
[35.0]
[35.0]
[35.0]
[35.0]
[35.0]
[35.0]
[35.0]
[35.0]
[35.0]
[35.0]
[35.0]
[35.0]
[35.0]
[35.0]
[35.0]
[35.0]
[35.0]
[35.0]
[35.0]
[35.0]
[35.0]
[35.0]
[35.0]
[35.0]
[35.0]
[35.0]
[35.0]
[35.0]
[35.0]
[35.0]
[35.0]
[35.0]
[35.0]
[35.0]
[35.0]
[35.0]
[35.0]
[35.0]
[35.0]
[35.0]
[35.0]
[35.0]
[35.0]
[35.0]
[35.0]
[35.0]
[35.0]
[35.0]
[35.0]
[35.0]
[35.0]
[35.0]
[35.0]
[35.0]
[35.0]
[35.0]
[35.0]
]]></system-out>
  </testcase>
  <testcase name="test0145" classname="com.operations.Matrix.RegressionTest0" time="0.001"/>
  <testcase name="test0146" classname="com.operations.Matrix.RegressionTest0" time="0.0"/>
  <testcase name="test0147" classname="com.operations.Matrix.RegressionTest0" time="0.0"/>
  <testcase name="test0148" classname="com.operations.Matrix.RegressionTest0" time="0.001"/>
  <testcase name="test0149" classname="com.operations.Matrix.RegressionTest0" time="0.0"/>
  <testcase name="test0150" classname="com.operations.Matrix.RegressionTest0" time="0.0"/>
  <testcase name="test0151" classname="com.operations.Matrix.RegressionTest0" time="0.0"/>
  <testcase name="test0152" classname="com.operations.Matrix.RegressionTest0" time="0.0"/>
  <testcase name="test0153" classname="com.operations.Matrix.RegressionTest0" time="0.0"/>
  <testcase name="test0154" classname="com.operations.Matrix.RegressionTest0" time="0.0"/>
  <testcase name="test0155" classname="com.operations.Matrix.RegressionTest0" time="0.001">
    <system-out><![CDATA[[35.0]
[35.0]
[35.0]
[35.0]
[35.0]
[35.0]
[35.0]
[35.0]
[35.0]
[35.0]
[35.0]
[35.0]
[35.0]
[35.0]
[35.0]
[35.0]
[35.0]
[35.0]
[35.0]
[35.0]
[35.0]
[35.0]
[35.0]
[35.0]
[35.0]
[35.0]
[35.0]
[35.0]
[35.0]
[35.0]
[35.0]
[35.0]
[35.0]
[35.0]
[35.0]
[35.0]
[35.0]
[35.0]
[35.0]
[35.0]
[35.0]
[35.0]
[35.0]
[35.0]
[35.0]
[35.0]
[35.0]
[35.0]
[35.0]
[35.0]
[35.0]
[35.0]
[35.0]
[35.0]
[35.0]
[35.0]
[35.0]
[35.0]
[35.0]
[35.0]
[35.0]
[35.0]
[35.0]
[35.0]
[35.0]
[35.0]
[35.0]
[35.0]
[35.0]
[35.0]
[35.0]
[35.0]
[35.0]
[35.0]
[35.0]
[35.0]
[35.0]
[35.0]
[35.0]
[35.0]
[35.0]
[35.0]
[35.0]
[35.0]
[35.0]
[35.0]
[35.0]
[35.0]
[35.0]
[35.0]
[35.0]
[35.0]
[35.0]
[35.0]
[35.0]
[35.0]
[35.0]
[35.0]
[35.0]
[35.0]
]]></system-out>
  </testcase>
  <testcase name="test0156" classname="com.operations.Matrix.RegressionTest0" time="0.0"/>
  <testcase name="test0157" classname="com.operations.Matrix.RegressionTest0" time="0.001"/>
  <testcase name="test0158" classname="com.operations.Matrix.RegressionTest0" time="0.0"/>
  <testcase name="test0159" classname="com.operations.Matrix.RegressionTest0" time="0.0"/>
  <testcase name="test0160" classname="com.operations.Matrix.RegressionTest0" time="0.001"/>
  <testcase name="test0161" classname="com.operations.Matrix.RegressionTest0" time="0.0"/>
  <testcase name="test0162" classname="com.operations.Matrix.RegressionTest0" time="0.0"/>
  <testcase name="test0163" classname="com.operations.Matrix.RegressionTest0" time="0.0"/>
  <testcase name="test0164" classname="com.operations.Matrix.RegressionTest0" time="0.0"/>
  <testcase name="test0165" classname="com.operations.Matrix.RegressionTest0" time="0.001"/>
  <testcase name="test0166" classname="com.operations.Matrix.RegressionTest0" time="0.0"/>
  <testcase name="test0167" classname="com.operations.Matrix.RegressionTest0" time="0.001"/>
  <testcase name="test0168" classname="com.operations.Matrix.RegressionTest0" time="0.0"/>
  <testcase name="test0169" classname="com.operations.Matrix.RegressionTest0" time="0.0"/>
  <testcase name="test0170" classname="com.operations.Matrix.RegressionTest0" time="0.0"/>
  <testcase name="test0171" classname="com.operations.Matrix.RegressionTest0" time="0.001"/>
  <testcase name="test0172" classname="com.operations.Matrix.RegressionTest0" time="0.0"/>
  <testcase name="test0173" classname="com.operations.Matrix.RegressionTest0" time="0.0"/>
  <testcase name="test0174" classname="com.operations.Matrix.RegressionTest0" time="0.0"/>
  <testcase name="test0175" classname="com.operations.Matrix.RegressionTest0" time="0.001">
    <system-out><![CDATA[[10.0, 97.0]
[10.0, 97.0]
]]></system-out>
  </testcase>
  <testcase name="test0176" classname="com.operations.Matrix.RegressionTest0" time="0.001"/>
  <testcase name="test0177" classname="com.operations.Matrix.RegressionTest0" time="0.0"/>
  <testcase name="test0178" classname="com.operations.Matrix.RegressionTest0" time="0.0"/>
  <testcase name="test0179" classname="com.operations.Matrix.RegressionTest0" time="0.0"/>
  <testcase name="test0180" classname="com.operations.Matrix.RegressionTest0" time="0.001"/>
  <testcase name="test0181" classname="com.operations.Matrix.RegressionTest0" time="0.0"/>
  <testcase name="test0182" classname="com.operations.Matrix.RegressionTest0" time="0.001"/>
  <testcase name="test0183" classname="com.operations.Matrix.RegressionTest0" time="0.0"/>
  <testcase name="test0184" classname="com.operations.Matrix.RegressionTest0" time="0.001">
    <system-out><![CDATA[[10.0, 97.0]
[10.0, 97.0]
]]></system-out>
  </testcase>
  <testcase name="test0185" classname="com.operations.Matrix.RegressionTest0" time="0.001"/>
  <testcase name="test0186" classname="com.operations.Matrix.RegressionTest0" time="0.001">
    <system-out><![CDATA[[10.0, 97.0]
[10.0, 97.0]
[10.0, 97.0]
[10.0, 97.0]
]]></system-out>
  </testcase>
  <testcase name="test0187" classname="com.operations.Matrix.RegressionTest0" time="0.0">
    <system-out><![CDATA[[10.0, 97.0]
[10.0, 97.0]
]]></system-out>
  </testcase>
  <testcase name="test0188" classname="com.operations.Matrix.RegressionTest0" time="0.0">
    <system-out><![CDATA[[10.0, 97.0]
[10.0, 97.0]
]]></system-out>
  </testcase>
  <testcase name="test0189" classname="com.operations.Matrix.RegressionTest0" time="0.0">
    <system-out><![CDATA[[-0.1736481776669303, -0.984807753012208]
[0.984807753012208, -0.1736481776669303]
]]></system-out>
  </testcase>
  <testcase name="test0190" classname="com.operations.Matrix.RegressionTest0" time="0.001"/>
  <testcase name="test0191" classname="com.operations.Matrix.RegressionTest0" time="0.0"/>
  <testcase name="test0192" classname="com.operations.Matrix.RegressionTest0" time="0.0"/>
  <testcase name="test0193" classname="com.operations.Matrix.RegressionTest0" time="0.0"/>
  <testcase name="test0194" classname="com.operations.Matrix.RegressionTest0" time="0.0"/>
  <testcase name="test0195" classname="com.operations.Matrix.RegressionTest0" time="0.0"/>
  <testcase name="test0196" classname="com.operations.Matrix.RegressionTest0" time="0.0"/>
  <testcase name="test0197" classname="com.operations.Matrix.RegressionTest0" time="0.001"/>
  <testcase name="test0198" classname="com.operations.Matrix.RegressionTest0" time="0.001"/>
  <testcase name="test0199" classname="com.operations.Matrix.RegressionTest0" time="0.002"/>
  <testcase name="test0200" classname="com.operations.Matrix.RegressionTest0" time="0.0"/>
  <testcase name="test0201" classname="com.operations.Matrix.RegressionTest0" time="0.001"/>
  <testcase name="test0202" classname="com.operations.Matrix.RegressionTest0" time="0.004"/>
  <testcase name="test0203" classname="com.operations.Matrix.RegressionTest0" time="0.0"/>
  <testcase name="test0204" classname="com.operations.Matrix.RegressionTest0" time="0.001"/>
  <testcase name="test0205" classname="com.operations.Matrix.RegressionTest0" time="0.0"/>
  <testcase name="test0206" classname="com.operations.Matrix.RegressionTest0" time="0.001"/>
  <testcase name="test0207" classname="com.operations.Matrix.RegressionTest0" time="0.0"/>
  <testcase name="test0208" classname="com.operations.Matrix.RegressionTest0" time="0.0"/>
  <testcase name="test0209" classname="com.operations.Matrix.RegressionTest0" time="0.001"/>
  <testcase name="test0210" classname="com.operations.Matrix.RegressionTest0" time="0.001">
    <system-out><![CDATA[[-6.077686218342561, -6.077686218342561, -6.077686218342561, -6.077686218342561, -6.077686218342561, -6.077686218342561, -6.077686218342561, -6.077686218342561, -6.077686218342561, -6.077686218342561, -6.077686218342561, -6.077686218342561, -6.077686218342561, -6.077686218342561, -6.077686218342561, -6.077686218342561, -6.077686218342561, -6.077686218342561, -6.077686218342561, -6.077686218342561, -6.077686218342561, -6.077686218342561, -6.077686218342561, -6.077686218342561, -6.077686218342561, -6.077686218342561, -6.077686218342561, -6.077686218342561, -6.077686218342561, -6.077686218342561, -6.077686218342561, -6.077686218342561, -6.077686218342561, -6.077686218342561, -6.077686218342561, -6.077686218342561, -6.077686218342561, -6.077686218342561, -6.077686218342561, -6.077686218342561, -6.077686218342561, -6.077686218342561, -6.077686218342561, -6.077686218342561, -6.077686218342561, -6.077686218342561, -6.077686218342561, -6.077686218342561, -6.077686218342561, -6.077686218342561, -6.077686218342561, -6.077686218342561, -6.077686218342561, -6.077686218342561, -6.077686218342561, -6.077686218342561, -6.077686218342561, -6.077686218342561, -6.077686218342561, -6.077686218342561, -6.077686218342561, -6.077686218342561, -6.077686218342561, -6.077686218342561, -6.077686218342561, -6.077686218342561, -6.077686218342561, -6.077686218342561, -6.077686218342561, -6.077686218342561, -6.077686218342561, -6.077686218342561, -6.077686218342561, -6.077686218342561, -6.077686218342561, -6.077686218342561, -6.077686218342561, -6.077686218342561, -6.077686218342561, -6.077686218342561, -6.077686218342561, -6.077686218342561, -6.077686218342561, -6.077686218342561, -6.077686218342561, -6.077686218342561, -6.077686218342561, -6.077686218342561, -6.077686218342561, -6.077686218342561, -6.077686218342561, -6.077686218342561, -6.077686218342561, -6.077686218342561, -6.077686218342561, -6.077686218342561, -6.077686218342561, -6.077686218342561, -6.077686218342561, -6.077686218342561]
]]></system-out>
  </testcase>
  <testcase name="test0211" classname="com.operations.Matrix.RegressionTest0" time="0.0"/>
  <testcase name="test0212" classname="com.operations.Matrix.RegressionTest0" time="0.001">
    <system-out><![CDATA[[0.6156614753256583, -0.788010753606722]
[0.788010753606722, 0.6156614753256583]
]]></system-out>
  </testcase>
  <testcase name="test0213" classname="com.operations.Matrix.RegressionTest0" time="0.0"/>
  <testcase name="test0214" classname="com.operations.Matrix.RegressionTest0" time="0.0">
    <system-out><![CDATA[[10.984807753012207, 97.17364817766693]
[9.82635182233307, 97.9848077530122]
]]></system-out>
  </testcase>
  <testcase name="test0215" classname="com.operations.Matrix.RegressionTest0" time="0.0"/>
  <testcase name="test0216" classname="com.operations.Matrix.RegressionTest0" time="0.0"/>
  <testcase name="test0217" classname="com.operations.Matrix.RegressionTest0" time="0.0">
    <system-out><![CDATA[[0.0, 0.0]
[0.0, 10.0]
[0.0, 0.0]
[0.0, 10.0]
]]></system-out>
  </testcase>
  <testcase name="test0218" classname="com.operations.Matrix.RegressionTest0" time="0.0"/>
  <testcase name="test0219" classname="com.operations.Matrix.RegressionTest0" time="0.0"/>
  <testcase name="test0220" classname="com.operations.Matrix.RegressionTest0" time="0.0"/>
  <testcase name="test0221" classname="com.operations.Matrix.RegressionTest0" time="0.001">
    <system-out><![CDATA[[10.0, 97.0]
[10.0, 97.0]
]]></system-out>
  </testcase>
  <testcase name="test0222" classname="com.operations.Matrix.RegressionTest0" time="0.001">
    <system-out><![CDATA[[10.0, 97.0]
[10.0, 97.0]
]]></system-out>
  </testcase>
  <testcase name="test0223" classname="com.operations.Matrix.RegressionTest0" time="0.0"/>
  <testcase name="test0224" classname="com.operations.Matrix.RegressionTest0" time="0.0">
    <system-out><![CDATA[[-0.1736481776669303, -0.984807753012208]
[0.984807753012208, -0.1736481776669303]
]]></system-out>
  </testcase>
  <testcase name="test0225" classname="com.operations.Matrix.RegressionTest0" time="0.0"/>
  <testcase name="test0226" classname="com.operations.Matrix.RegressionTest0" time="0.001">
    <system-out><![CDATA[[10.0, 97.0]
[10.0, 97.0]
]]></system-out>
  </testcase>
  <testcase name="test0227" classname="com.operations.Matrix.RegressionTest0" time="0.0">
    <system-out><![CDATA[[10.0, 97.0]
[10.0, 97.0]
]]></system-out>
  </testcase>
  <testcase name="test0228" classname="com.operations.Matrix.RegressionTest0" time="0.0"/>
  <testcase name="test0229" classname="com.operations.Matrix.RegressionTest0" time="0.0">
    <system-out><![CDATA[[-0.1736481776669303, -0.984807753012208]
[0.984807753012208, -0.1736481776669303]
]]></system-out>
  </testcase>
  <testcase name="test0230" classname="com.operations.Matrix.RegressionTest0" time="0.0"/>
  <testcase name="test0231" classname="com.operations.Matrix.RegressionTest0" time="0.0"/>
  <testcase name="test0232" classname="com.operations.Matrix.RegressionTest0" time="0.0"/>
  <testcase name="test0233" classname="com.operations.Matrix.RegressionTest0" time="0.001"/>
  <testcase name="test0234" classname="com.operations.Matrix.RegressionTest0" time="0.0"/>
  <testcase name="test0235" classname="com.operations.Matrix.RegressionTest0" time="0.0">
    <system-out><![CDATA[[10.0, 0.0]
[0.0, 10.0]
]]></system-out>
  </testcase>
  <testcase name="test0236" classname="com.operations.Matrix.RegressionTest0" time="0.001"/>
  <testcase name="test0237" classname="com.operations.Matrix.RegressionTest0" time="0.0">
    <system-out><![CDATA[[10.0, 97.0]
[10.0, 97.0]
]]></system-out>
  </testcase>
  <testcase name="test0238" classname="com.operations.Matrix.RegressionTest0" time="0.0"/>
  <testcase name="test0239" classname="com.operations.Matrix.RegressionTest0" time="0.001"/>
  <testcase name="test0240" classname="com.operations.Matrix.RegressionTest0" time="0.0"/>
  <testcase name="test0241" classname="com.operations.Matrix.RegressionTest0" time="0.001"/>
  <testcase name="test0242" classname="com.operations.Matrix.RegressionTest0" time="0.0">
    <system-out><![CDATA[[-0.1736481776669303, -0.984807753012208]
[0.984807753012208, -0.1736481776669303]
]]></system-out>
  </testcase>
  <testcase name="test0243" classname="com.operations.Matrix.RegressionTest0" time="0.0"/>
  <testcase name="test0244" classname="com.operations.Matrix.RegressionTest0" time="0.001"/>
  <testcase name="test0245" classname="com.operations.Matrix.RegressionTest0" time="0.0">
    <system-out><![CDATA[[0.9998476951563913, -0.01745240643728351]
[0.01745240643728351, 0.9998476951563913]
[0.0, 0.0]
[0.0, 10.0]
]]></system-out>
  </testcase>
  <testcase name="test0246" classname="com.operations.Matrix.RegressionTest0" time="0.0"/>
  <testcase name="test0247" classname="com.operations.Matrix.RegressionTest0" time="0.001"/>
  <testcase name="test0248" classname="com.operations.Matrix.RegressionTest0" time="0.0"/>
  <testcase name="test0249" classname="com.operations.Matrix.RegressionTest0" time="0.001">
    <system-out><![CDATA[[35.0]
[35.0]
[35.0]
[35.0]
[35.0]
[35.0]
[35.0]
[35.0]
[35.0]
[35.0]
[35.0]
[35.0]
[35.0]
[35.0]
[35.0]
[35.0]
[35.0]
[35.0]
[35.0]
[35.0]
[35.0]
[35.0]
[35.0]
[35.0]
[35.0]
[35.0]
[35.0]
[35.0]
[35.0]
[35.0]
[35.0]
[35.0]
[35.0]
[35.0]
[35.0]
[35.0]
[35.0]
[35.0]
[35.0]
[35.0]
[35.0]
[35.0]
[35.0]
[35.0]
[35.0]
[35.0]
[35.0]
[35.0]
[35.0]
[35.0]
[35.0]
[35.0]
[35.0]
[35.0]
[35.0]
[35.0]
[35.0]
[35.0]
[35.0]
[35.0]
[35.0]
[35.0]
[35.0]
[35.0]
[35.0]
[35.0]
[35.0]
[35.0]
[35.0]
[35.0]
[35.0]
[35.0]
[35.0]
[35.0]
[35.0]
[35.0]
[35.0]
[35.0]
[35.0]
[35.0]
[35.0]
[35.0]
[35.0]
[35.0]
[35.0]
[35.0]
[35.0]
[35.0]
[35.0]
[35.0]
[35.0]
[35.0]
[35.0]
[35.0]
[35.0]
[35.0]
[35.0]
[35.0]
[35.0]
[35.0]
]]></system-out>
  </testcase>
  <testcase name="test0250" classname="com.operations.Matrix.RegressionTest0" time="0.001"/>
  <testcase name="test0251" classname="com.operations.Matrix.RegressionTest0" time="0.001"/>
  <testcase name="test0252" classname="com.operations.Matrix.RegressionTest0" time="0.0"/>
  <testcase name="test0253" classname="com.operations.Matrix.RegressionTest0" time="0.001">
    <system-out><![CDATA[[0.0, 0.0]
[0.0, 10.0]
]]></system-out>
  </testcase>
  <testcase name="test0254" classname="com.operations.Matrix.RegressionTest0" time="0.001">
    <system-out><![CDATA[[10.0, 97.0]
[10.0, 97.0]
]]></system-out>
  </testcase>
  <testcase name="test0255" classname="com.operations.Matrix.RegressionTest0" time="0.001"/>
  <testcase name="test0256" classname="com.operations.Matrix.RegressionTest0" time="0.001"/>
  <testcase name="test0257" classname="com.operations.Matrix.RegressionTest0" time="0.0"/>
  <testcase name="test0258" classname="com.operations.Matrix.RegressionTest0" time="0.0"/>
  <testcase name="test0259" classname="com.operations.Matrix.RegressionTest0" time="0.0"/>
  <testcase name="test0260" classname="com.operations.Matrix.RegressionTest0" time="0.001"/>
  <testcase name="test0261" classname="com.operations.Matrix.RegressionTest0" time="0.0"/>
  <testcase name="test0262" classname="com.operations.Matrix.RegressionTest0" time="0.0"/>
  <testcase name="test0263" classname="com.operations.Matrix.RegressionTest0" time="0.0">
    <system-out><![CDATA[[0.9998476951563913, 0.01745240643728351]
[-0.01745240643728351, 0.9998476951563913]
[0.0, 0.0]
[0.0, 10.0]
[0.0, 0.0]
[0.0, 10.0]
]]></system-out>
  </testcase>
  <testcase name="test0264" classname="com.operations.Matrix.RegressionTest0" time="0.0"/>
  <testcase name="test0265" classname="com.operations.Matrix.RegressionTest0" time="0.001"/>
  <testcase name="test0266" classname="com.operations.Matrix.RegressionTest0" time="0.0"/>
  <testcase name="test0267" classname="com.operations.Matrix.RegressionTest0" time="0.0">
    <system-out><![CDATA[[35.0]
[35.0]
[35.0]
[35.0]
[35.0]
[35.0]
[35.0]
[35.0]
[35.0]
[35.0]
[35.0]
[35.0]
[35.0]
[35.0]
[35.0]
[35.0]
[35.0]
[35.0]
[35.0]
[35.0]
[35.0]
[35.0]
[35.0]
[35.0]
[35.0]
[35.0]
[35.0]
[35.0]
[35.0]
[35.0]
[35.0]
[35.0]
[35.0]
[35.0]
[35.0]
[35.0]
[35.0]
[35.0]
[35.0]
[35.0]
[35.0]
[35.0]
[35.0]
[35.0]
[35.0]
[35.0]
[35.0]
[35.0]
[35.0]
[35.0]
[35.0]
[35.0]
[35.0]
[35.0]
[35.0]
[35.0]
[35.0]
[35.0]
[35.0]
[35.0]
[35.0]
[35.0]
[35.0]
[35.0]
[35.0]
[35.0]
[35.0]
[35.0]
[35.0]
[35.0]
[35.0]
[35.0]
[35.0]
[35.0]
[35.0]
[35.0]
[35.0]
[35.0]
[35.0]
[35.0]
[35.0]
[35.0]
[35.0]
[35.0]
[35.0]
[35.0]
[35.0]
[35.0]
[35.0]
[35.0]
[35.0]
[35.0]
[35.0]
[35.0]
[35.0]
[35.0]
[35.0]
[35.0]
[35.0]
[35.0]
]]></system-out>
  </testcase>
  <testcase name="test0268" classname="com.operations.Matrix.RegressionTest0" time="0.0"/>
  <testcase name="test0269" classname="com.operations.Matrix.RegressionTest0" time="0.0">
    <system-out><![CDATA[[10.0, 97.0]
[10.0, 97.0]
]]></system-out>
  </testcase>
  <testcase name="test0270" classname="com.operations.Matrix.RegressionTest0" time="0.0"/>
  <testcase name="test0271" classname="com.operations.Matrix.RegressionTest0" time="0.0"/>
  <testcase name="test0272" classname="com.operations.Matrix.RegressionTest0" time="0.0"/>
  <testcase name="test0273" classname="com.operations.Matrix.RegressionTest0" time="0.0">
    <system-out><![CDATA[[0.9998476951563913, -0.01745240643728351]
[0.01745240643728351, 0.9998476951563913]
[0.0, 0.0]
[0.0, 10.0]
]]></system-out>
  </testcase>
  <testcase name="test0274" classname="com.operations.Matrix.RegressionTest0" time="0.0">
    <system-out><![CDATA[[10.0, 97.0]
[10.0, 97.0]
]]></system-out>
  </testcase>
  <testcase name="test0275" classname="com.operations.Matrix.RegressionTest0" time="0.0"/>
  <testcase name="test0276" classname="com.operations.Matrix.RegressionTest0" time="0.001">
    <system-out><![CDATA[[10.0, 97.0]
[10.0, 97.0]
]]></system-out>
  </testcase>
  <testcase name="test0277" classname="com.operations.Matrix.RegressionTest0" time="0.0">
    <system-out><![CDATA[[0.6156614753256583, -0.788010753606722]
[0.788010753606722, 0.6156614753256583]
]]></system-out>
  </testcase>
  <testcase name="test0278" classname="com.operations.Matrix.RegressionTest0" time="0.001"/>
  <testcase name="test0279" classname="com.operations.Matrix.RegressionTest0" time="0.001"/>
  <testcase name="test0280" classname="com.operations.Matrix.RegressionTest0" time="0.0"/>
  <testcase name="test0281" classname="com.operations.Matrix.RegressionTest0" time="0.0"/>
  <testcase name="test0282" classname="com.operations.Matrix.RegressionTest0" time="0.0"/>
  <testcase name="test0283" classname="com.operations.Matrix.RegressionTest0" time="0.0"/>
  <testcase name="test0284" classname="com.operations.Matrix.RegressionTest0" time="0.0"/>
  <testcase name="test0285" classname="com.operations.Matrix.RegressionTest0" time="0.0"/>
  <testcase name="test0286" classname="com.operations.Matrix.RegressionTest0" time="0.001">
    <system-out><![CDATA[[10.0, 97.0]
[10.0, 97.0]
]]></system-out>
  </testcase>
  <testcase name="test0287" classname="com.operations.Matrix.RegressionTest0" time="0.0"/>
  <testcase name="test0288" classname="com.operations.Matrix.RegressionTest0" time="0.001"/>
  <testcase name="test0289" classname="com.operations.Matrix.RegressionTest0" time="0.0"/>
  <testcase name="test0290" classname="com.operations.Matrix.RegressionTest0" time="0.0"/>
  <testcase name="test0291" classname="com.operations.Matrix.RegressionTest0" time="0.0"/>
  <testcase name="test0292" classname="com.operations.Matrix.RegressionTest0" time="0.001">
    <system-out><![CDATA[[10.0, 97.0]
[10.0, 97.0]
]]></system-out>
  </testcase>
  <testcase name="test0293" classname="com.operations.Matrix.RegressionTest0" time="0.0"/>
  <testcase name="test0294" classname="com.operations.Matrix.RegressionTest0" time="0.0"/>
  <testcase name="test0295" classname="com.operations.Matrix.RegressionTest0" time="0.0"/>
  <testcase name="test0296" classname="com.operations.Matrix.RegressionTest0" time="0.001"/>
  <testcase name="test0297" classname="com.operations.Matrix.RegressionTest0" time="0.0"/>
  <testcase name="test0298" classname="com.operations.Matrix.RegressionTest0" time="0.001">
    <system-out><![CDATA[[10.0, 97.0]
[10.0, 97.0]
]]></system-out>
  </testcase>
  <testcase name="test0299" classname="com.operations.Matrix.RegressionTest0" time="0.0"/>
  <testcase name="test0300" classname="com.operations.Matrix.RegressionTest0" time="0.0"/>
  <testcase name="test0301" classname="com.operations.Matrix.RegressionTest0" time="0.001"/>
  <testcase name="test0302" classname="com.operations.Matrix.RegressionTest0" time="0.0"/>
  <testcase name="test0303" classname="com.operations.Matrix.RegressionTest0" time="0.001"/>
  <testcase name="test0304" classname="com.operations.Matrix.RegressionTest0" time="0.0">
    <system-out><![CDATA[[10.0, 97.0]
[10.0, 97.0]
]]></system-out>
  </testcase>
  <testcase name="test0305" classname="com.operations.Matrix.RegressionTest0" time="0.001">
    <system-out><![CDATA[[0.0, 0.0]
[0.0, 10.0]
]]></system-out>
  </testcase>
  <testcase name="test0306" classname="com.operations.Matrix.RegressionTest0" time="0.0"/>
  <testcase name="test0307" classname="com.operations.Matrix.RegressionTest0" time="0.0"/>
  <testcase name="test0308" classname="com.operations.Matrix.RegressionTest0" time="0.0"/>
  <testcase name="test0309" classname="com.operations.Matrix.RegressionTest0" time="0.001"/>
  <testcase name="test0310" classname="com.operations.Matrix.RegressionTest0" time="0.0"/>
  <testcase name="test0311" classname="com.operations.Matrix.RegressionTest0" time="0.001"/>
  <testcase name="test0312" classname="com.operations.Matrix.RegressionTest0" time="0.0"/>
  <testcase name="test0313" classname="com.operations.Matrix.RegressionTest0" time="0.0"/>
  <testcase name="test0314" classname="com.operations.Matrix.RegressionTest0" time="0.0">
    <system-out><![CDATA[[0.0, 0.0]
[0.0, 10.0]
]]></system-out>
  </testcase>
  <testcase name="test0315" classname="com.operations.Matrix.RegressionTest0" time="0.001"/>
  <testcase name="test0316" classname="com.operations.Matrix.RegressionTest0" time="0.001">
    <system-out><![CDATA[[0.0, 0.0]
[0.0, 10.0]
[0.0, 0.0]
[0.0, 10.0]
]]></system-out>
  </testcase>
  <testcase name="test0317" classname="com.operations.Matrix.RegressionTest0" time="0.001"/>
  <testcase name="test0318" classname="com.operations.Matrix.RegressionTest0" time="0.0"/>
  <testcase name="test0319" classname="com.operations.Matrix.RegressionTest0" time="0.0"/>
  <testcase name="test0320" classname="com.operations.Matrix.RegressionTest0" time="0.0"/>
  <testcase name="test0321" classname="com.operations.Matrix.RegressionTest0" time="0.001"/>
  <testcase name="test0322" classname="com.operations.Matrix.RegressionTest0" time="0.0"/>
  <testcase name="test0323" classname="com.operations.Matrix.RegressionTest0" time="0.001">
    <system-out><![CDATA[[-0.1736481776669303, -0.984807753012208]
[0.984807753012208, -0.1736481776669303]
]]></system-out>
  </testcase>
  <testcase name="test0324" classname="com.operations.Matrix.RegressionTest0" time="0.001">
    <system-out><![CDATA[[0.9998476951563913, -0.01745240643728351]
[0.01745240643728351, 0.9998476951563913]
[0.0, 0.0]
[0.0, 10.0]
]]></system-out>
  </testcase>
  <testcase name="test0325" classname="com.operations.Matrix.RegressionTest0" time="0.0"/>
  <testcase name="test0326" classname="com.operations.Matrix.RegressionTest0" time="0.0">
    <system-out><![CDATA[[10.0, 97.0]
[10.0, 97.0]
[10.0, 97.0]
[10.0, 97.0]
]]></system-out>
  </testcase>
  <testcase name="test0327" classname="com.operations.Matrix.RegressionTest0" time="0.001">
    <system-out><![CDATA[[10.0, 97.0]
[10.0, 97.0]
]]></system-out>
  </testcase>
  <testcase name="test0328" classname="com.operations.Matrix.RegressionTest0" time="0.0"/>
  <testcase name="test0329" classname="com.operations.Matrix.RegressionTest0" time="0.001">
    <system-out><![CDATA[[0.0, 0.0]
[0.0, 20.0]
]]></system-out>
  </testcase>
  <testcase name="test0330" classname="com.operations.Matrix.RegressionTest0" time="0.0">
    <system-out><![CDATA[[10.0, 97.0]
[10.0, 97.0]
]]></system-out>
  </testcase>
  <testcase name="test0331" classname="com.operations.Matrix.RegressionTest0" time="0.0">
    <system-out><![CDATA[[0.0, 0.0]
[0.0, 10.0]
]]></system-out>
  </testcase>
  <testcase name="test0332" classname="com.operations.Matrix.RegressionTest0" time="0.001">
    <system-out><![CDATA[[10.0, 97.0]
[10.0, 97.0]
]]></system-out>
  </testcase>
  <testcase name="test0333" classname="com.operations.Matrix.RegressionTest0" time="0.0"/>
  <testcase name="test0334" classname="com.operations.Matrix.RegressionTest0" time="0.0">
    <system-out><![CDATA[[0.0, 0.0]
[0.0, 10.0]
]]></system-out>
  </testcase>
  <testcase name="test0335" classname="com.operations.Matrix.RegressionTest0" time="0.001"/>
  <testcase name="test0336" classname="com.operations.Matrix.RegressionTest0" time="0.0"/>
  <testcase name="test0337" classname="com.operations.Matrix.RegressionTest0" time="0.001"/>
  <testcase name="test0338" classname="com.operations.Matrix.RegressionTest0" time="0.001"/>
  <testcase name="test0339" classname="com.operations.Matrix.RegressionTest0" time="0.0"/>
  <testcase name="test0340" classname="com.operations.Matrix.RegressionTest0" time="0.001">
    <system-out><![CDATA[[10.0, 97.0]
[10.0, 97.0]
]]></system-out>
  </testcase>
  <testcase name="test0341" classname="com.operations.Matrix.RegressionTest0" time="0.0">
    <system-out><![CDATA[[0.0, 0.0]
[0.0, 10.0]
[0.0, 0.0]
[0.0, 10.0]
]]></system-out>
  </testcase>
  <testcase name="test0342" classname="com.operations.Matrix.RegressionTest0" time="0.001">
    <system-out><![CDATA[[10.0, 97.0]
[10.0, 97.0]
]]></system-out>
  </testcase>
  <testcase name="test0343" classname="com.operations.Matrix.RegressionTest0" time="0.001"/>
  <testcase name="test0344" classname="com.operations.Matrix.RegressionTest0" time="0.0"/>
  <testcase name="test0345" classname="com.operations.Matrix.RegressionTest0" time="0.0"/>
  <testcase name="test0346" classname="com.operations.Matrix.RegressionTest0" time="0.001"/>
  <testcase name="test0347" classname="com.operations.Matrix.RegressionTest0" time="0.0"/>
  <testcase name="test0348" classname="com.operations.Matrix.RegressionTest0" time="0.001"/>
  <testcase name="test0349" classname="com.operations.Matrix.RegressionTest0" time="0.0"/>
  <testcase name="test0350" classname="com.operations.Matrix.RegressionTest0" time="0.001"/>
  <testcase name="test0351" classname="com.operations.Matrix.RegressionTest0" time="0.0"/>
  <testcase name="test0352" classname="com.operations.Matrix.RegressionTest0" time="0.001"/>
  <testcase name="test0353" classname="com.operations.Matrix.RegressionTest0" time="0.0"/>
  <testcase name="test0354" classname="com.operations.Matrix.RegressionTest0" time="0.0"/>
  <testcase name="test0355" classname="com.operations.Matrix.RegressionTest0" time="0.0"/>
  <testcase name="test0356" classname="com.operations.Matrix.RegressionTest0" time="0.0"/>
  <testcase name="test0357" classname="com.operations.Matrix.RegressionTest0" time="0.001"/>
  <testcase name="test0358" classname="com.operations.Matrix.RegressionTest0" time="0.001"/>
  <testcase name="test0359" classname="com.operations.Matrix.RegressionTest0" time="0.0"/>
  <testcase name="test0360" classname="com.operations.Matrix.RegressionTest0" time="0.001"/>
  <testcase name="test0361" classname="com.operations.Matrix.RegressionTest0" time="0.0"/>
  <testcase name="test0362" classname="com.operations.Matrix.RegressionTest0" time="0.0"/>
  <testcase name="test0363" classname="com.operations.Matrix.RegressionTest0" time="0.0"/>
  <testcase name="test0364" classname="com.operations.Matrix.RegressionTest0" time="0.0"/>
  <testcase name="test0365" classname="com.operations.Matrix.RegressionTest0" time="0.0"/>
  <testcase name="test0366" classname="com.operations.Matrix.RegressionTest0" time="0.001"/>
  <testcase name="test0367" classname="com.operations.Matrix.RegressionTest0" time="0.001">
    <system-out><![CDATA[[10.0, 97.0]
[10.0, 97.0]
]]></system-out>
  </testcase>
  <testcase name="test0368" classname="com.operations.Matrix.RegressionTest0" time="0.001"/>
  <testcase name="test0369" classname="com.operations.Matrix.RegressionTest0" time="0.0"/>
  <testcase name="test0370" classname="com.operations.Matrix.RegressionTest0" time="0.0">
    <system-out><![CDATA[[]
]]></system-out>
  </testcase>
  <testcase name="test0371" classname="com.operations.Matrix.RegressionTest0" time="0.0">
    <system-out><![CDATA[[-0.1736481776669303, -0.984807753012208]
[0.984807753012208, -0.1736481776669303]
[-0.1736481776669303, -0.984807753012208]
[0.984807753012208, -0.1736481776669303]
]]></system-out>
  </testcase>
  <testcase name="test0372" classname="com.operations.Matrix.RegressionTest0" time="0.001"/>
  <testcase name="test0373" classname="com.operations.Matrix.RegressionTest0" time="0.001"/>
  <testcase name="test0374" classname="com.operations.Matrix.RegressionTest0" time="0.0"/>
  <testcase name="test0375" classname="com.operations.Matrix.RegressionTest0" time="0.0"/>
  <testcase name="test0376" classname="com.operations.Matrix.RegressionTest0" time="0.0"/>
  <testcase name="test0377" classname="com.operations.Matrix.RegressionTest0" time="0.0"/>
  <testcase name="test0378" classname="com.operations.Matrix.RegressionTest0" time="0.001"/>
  <testcase name="test0379" classname="com.operations.Matrix.RegressionTest0" time="0.0"/>
  <testcase name="test0380" classname="com.operations.Matrix.RegressionTest0" time="0.001">
    <system-out><![CDATA[[10.0, 97.0]
[10.0, 97.0]
]]></system-out>
  </testcase>
  <testcase name="test0381" classname="com.operations.Matrix.RegressionTest0" time="0.0">
    <system-out><![CDATA[[1.0, -0.0]
[0.0, 1.0]
]]></system-out>
  </testcase>
  <testcase name="test0382" classname="com.operations.Matrix.RegressionTest0" time="0.001">
    <system-out><![CDATA[[0.0, 0.0]
[0.0, 10.0]
[0.0, 0.0]
[0.0, 10.0]
]]></system-out>
  </testcase>
  <testcase name="test0383" classname="com.operations.Matrix.RegressionTest0" time="0.0"/>
  <testcase name="test0384" classname="com.operations.Matrix.RegressionTest0" time="0.001"/>
  <testcase name="test0385" classname="com.operations.Matrix.RegressionTest0" time="0.0"/>
  <testcase name="test0386" classname="com.operations.Matrix.RegressionTest0" time="0.0"/>
  <testcase name="test0387" classname="com.operations.Matrix.RegressionTest0" time="0.0"/>
  <testcase name="test0388" classname="com.operations.Matrix.RegressionTest0" time="0.0"/>
  <testcase name="test0389" classname="com.operations.Matrix.RegressionTest0" time="0.0"/>
  <testcase name="test0390" classname="com.operations.Matrix.RegressionTest0" time="0.0"/>
  <testcase name="test0391" classname="com.operations.Matrix.RegressionTest0" time="0.001"/>
  <testcase name="test0392" classname="com.operations.Matrix.RegressionTest0" time="0.0">
    <system-out><![CDATA[[100.0, 0.0]
[0.0, 9.0]
[100.0, 0.0]
[0.0, 9.0]
]]></system-out>
  </testcase>
  <testcase name="test0393" classname="com.operations.Matrix.RegressionTest0" time="0.001"/>
  <testcase name="test0394" classname="com.operations.Matrix.RegressionTest0" time="0.0"/>
  <testcase name="test0395" classname="com.operations.Matrix.RegressionTest0" time="0.001"/>
  <testcase name="test0396" classname="com.operations.Matrix.RegressionTest0" time="0.0"/>
  <testcase name="test0397" classname="com.operations.Matrix.RegressionTest0" time="0.001"/>
  <testcase name="test0398" classname="com.operations.Matrix.RegressionTest0" time="0.0"/>
  <testcase name="test0399" classname="com.operations.Matrix.RegressionTest0" time="0.001">
    <system-out><![CDATA[[10.0, 97.0]
[10.0, 97.0]
]]></system-out>
  </testcase>
  <testcase name="test0400" classname="com.operations.Matrix.RegressionTest0" time="0.0"/>
  <testcase name="test0401" classname="com.operations.Matrix.RegressionTest0" time="0.001"/>
  <testcase name="test0402" classname="com.operations.Matrix.RegressionTest0" time="0.001">
    <system-out><![CDATA[[10.0, 10.0]
[97.0, 97.0]
]]></system-out>
  </testcase>
  <testcase name="test0403" classname="com.operations.Matrix.RegressionTest0" time="0.0"/>
  <testcase name="test0404" classname="com.operations.Matrix.RegressionTest0" time="0.001"/>
  <testcase name="test0405" classname="com.operations.Matrix.RegressionTest0" time="0.0"/>
  <testcase name="test0406" classname="com.operations.Matrix.RegressionTest0" time="0.001">
    <system-out><![CDATA[[-0.1736481776669303, -0.984807753012208]
[0.984807753012208, -0.1736481776669303]
]]></system-out>
  </testcase>
  <testcase name="test0407" classname="com.operations.Matrix.RegressionTest0" time="0.0">
    <system-out><![CDATA[[0.0, 0.0]
[0.0, 10.0]
[0.0, 0.0]
[0.0, 10.0]
]]></system-out>
  </testcase>
  <testcase name="test0408" classname="com.operations.Matrix.RegressionTest0" time="0.001"/>
  <testcase name="test0409" classname="com.operations.Matrix.RegressionTest0" time="0.0"/>
  <testcase name="test0410" classname="com.operations.Matrix.RegressionTest0" time="0.0"/>
  <testcase name="test0411" classname="com.operations.Matrix.RegressionTest0" time="0.001"/>
  <testcase name="test0412" classname="com.operations.Matrix.RegressionTest0" time="0.0">
    <system-out><![CDATA[[137.90576492663388, 0.0]
[0.0, 0.0]
]]></system-out>
  </testcase>
  <testcase name="test0413" classname="com.operations.Matrix.RegressionTest0" time="0.001"/>
  <testcase name="test0414" classname="com.operations.Matrix.RegressionTest0" time="0.0"/>
  <testcase name="test0415" classname="com.operations.Matrix.RegressionTest0" time="0.001"/>
  <testcase name="test0416" classname="com.operations.Matrix.RegressionTest0" time="0.001"/>
  <testcase name="test0417" classname="com.operations.Matrix.RegressionTest0" time="0.0"/>
  <testcase name="test0418" classname="com.operations.Matrix.RegressionTest0" time="0.001"/>
  <testcase name="test0419" classname="com.operations.Matrix.RegressionTest0" time="0.0"/>
  <testcase name="test0420" classname="com.operations.Matrix.RegressionTest0" time="0.0"/>
  <testcase name="test0421" classname="com.operations.Matrix.RegressionTest0" time="0.0">
    <system-out><![CDATA[[10.0, 97.0]
[10.0, 97.0]
]]></system-out>
  </testcase>
  <testcase name="test0422" classname="com.operations.Matrix.RegressionTest0" time="0.0"/>
  <testcase name="test0423" classname="com.operations.Matrix.RegressionTest0" time="0.001"/>
  <testcase name="test0424" classname="com.operations.Matrix.RegressionTest0" time="0.0"/>
  <testcase name="test0425" classname="com.operations.Matrix.RegressionTest0" time="0.001"/>
  <testcase name="test0426" classname="com.operations.Matrix.RegressionTest0" time="0.0">
    <system-out><![CDATA[[100.0, 0.0]
[0.0, 32.0]
]]></system-out>
  </testcase>
  <testcase name="test0427" classname="com.operations.Matrix.RegressionTest0" time="0.0"/>
  <testcase name="test0428" classname="com.operations.Matrix.RegressionTest0" time="0.0"/>
  <testcase name="test0429" classname="com.operations.Matrix.RegressionTest0" time="0.0"/>
  <testcase name="test0430" classname="com.operations.Matrix.RegressionTest0" time="0.0"/>
  <testcase name="test0431" classname="com.operations.Matrix.RegressionTest0" time="0.001">
    <system-out><![CDATA[[-0.1736481776669303, -0.984807753012208]
[0.984807753012208, -0.1736481776669303]
[0.0, 0.0]
[0.0, 10.0]
]]></system-out>
  </testcase>
  <testcase name="test0432" classname="com.operations.Matrix.RegressionTest0" time="0.0">
    <system-out><![CDATA[[]
]]></system-out>
  </testcase>
  <testcase name="test0433" classname="com.operations.Matrix.RegressionTest0" time="0.0"/>
  <testcase name="test0434" classname="com.operations.Matrix.RegressionTest0" time="0.001"/>
  <testcase name="test0435" classname="com.operations.Matrix.RegressionTest0" time="0.0"/>
  <testcase name="test0436" classname="com.operations.Matrix.RegressionTest0" time="0.001"/>
  <testcase name="test0437" classname="com.operations.Matrix.RegressionTest0" time="0.0"/>
  <testcase name="test0438" classname="com.operations.Matrix.RegressionTest0" time="0.0"/>
  <testcase name="test0439" classname="com.operations.Matrix.RegressionTest0" time="0.0"/>
  <testcase name="test0440" classname="com.operations.Matrix.RegressionTest0" time="0.0">
    <system-out><![CDATA[[10.0, 97.0]
[10.0, 97.0]
]]></system-out>
  </testcase>
  <testcase name="test0441" classname="com.operations.Matrix.RegressionTest0" time="0.0"/>
  <testcase name="test0442" classname="com.operations.Matrix.RegressionTest0" time="0.0"/>
  <testcase name="test0443" classname="com.operations.Matrix.RegressionTest0" time="0.0">
    <system-out><![CDATA[[0.0, 0.0]
[0.0, 10.0]
[0.0, 0.0]
[0.0, 10.0]
]]></system-out>
  </testcase>
  <testcase name="test0444" classname="com.operations.Matrix.RegressionTest0" time="0.0"/>
  <testcase name="test0445" classname="com.operations.Matrix.RegressionTest0" time="0.0"/>
  <testcase name="test0446" classname="com.operations.Matrix.RegressionTest0" time="0.0"/>
  <testcase name="test0447" classname="com.operations.Matrix.RegressionTest0" time="0.001"/>
  <testcase name="test0448" classname="com.operations.Matrix.RegressionTest0" time="0.0"/>
  <testcase name="test0449" classname="com.operations.Matrix.RegressionTest0" time="0.001">
    <system-out><![CDATA[[10.0, 97.0]
[10.0, 97.0]
]]></system-out>
  </testcase>
  <testcase name="test0450" classname="com.operations.Matrix.RegressionTest0" time="0.0"/>
  <testcase name="test0451" classname="com.operations.Matrix.RegressionTest0" time="0.001">
    <system-out><![CDATA[[35.0]
[35.0]
[35.0]
[35.0]
[35.0]
[35.0]
[35.0]
[35.0]
[35.0]
[35.0]
[35.0]
[35.0]
[35.0]
[35.0]
[35.0]
[35.0]
[35.0]
[35.0]
[35.0]
[35.0]
[35.0]
[35.0]
[35.0]
[35.0]
[35.0]
[35.0]
[35.0]
[35.0]
[35.0]
[35.0]
[35.0]
[35.0]
[35.0]
[35.0]
[35.0]
[35.0]
[35.0]
[35.0]
[35.0]
[35.0]
[35.0]
[35.0]
[35.0]
[35.0]
[35.0]
[35.0]
[35.0]
[35.0]
[35.0]
[35.0]
[35.0]
[35.0]
[35.0]
[35.0]
[35.0]
[35.0]
[35.0]
[35.0]
[35.0]
[35.0]
[35.0]
[35.0]
[35.0]
[35.0]
[35.0]
[35.0]
[35.0]
[35.0]
[35.0]
[35.0]
[35.0]
[35.0]
[35.0]
[35.0]
[35.0]
[35.0]
[35.0]
[35.0]
[35.0]
[35.0]
[35.0]
[35.0]
[35.0]
[35.0]
[35.0]
[35.0]
[35.0]
[35.0]
[35.0]
[35.0]
[35.0]
[35.0]
[35.0]
[35.0]
[35.0]
[35.0]
[35.0]
[35.0]
[35.0]
[35.0]
]]></system-out>
  </testcase>
  <testcase name="test0452" classname="com.operations.Matrix.RegressionTest0" time="0.0"/>
  <testcase name="test0453" classname="com.operations.Matrix.RegressionTest0" time="0.0"/>
  <testcase name="test0454" classname="com.operations.Matrix.RegressionTest0" time="0.001">
    <system-out><![CDATA[[10.0, 97.0]
[10.0, 97.0]
]]></system-out>
  </testcase>
  <testcase name="test0455" classname="com.operations.Matrix.RegressionTest0" time="0.0"/>
  <testcase name="test0456" classname="com.operations.Matrix.RegressionTest0" time="0.0"/>
  <testcase name="test0457" classname="com.operations.Matrix.RegressionTest0" time="0.0"/>
  <testcase name="test0458" classname="com.operations.Matrix.RegressionTest0" time="0.001"/>
  <testcase name="test0459" classname="com.operations.Matrix.RegressionTest0" time="0.0"/>
  <testcase name="test0460" classname="com.operations.Matrix.RegressionTest0" time="0.001">
    <system-out><![CDATA[[3.1622776601683795, 0.0]
[3.162277660168379, 9.327379053088816]
]]></system-out>
  </testcase>
  <testcase name="test0461" classname="com.operations.Matrix.RegressionTest0" time="0.0"/>
  <testcase name="test0462" classname="com.operations.Matrix.RegressionTest0" time="0.001"/>
  <testcase name="test0463" classname="com.operations.Matrix.RegressionTest0" time="0.0">
    <system-out><![CDATA[[0.9998476951563913, -0.01745240643728351]
[0.01745240643728351, 0.9998476951563913]
[0.0, 0.0]
[0.0, 10.0]
[0.0, -0.17452406437283513]
[0.0, 9.998476951563912]
]]></system-out>
  </testcase>
  <testcase name="test0464" classname="com.operations.Matrix.RegressionTest0" time="0.001">
    <system-out><![CDATA[[-0.1736481776669303, -0.984807753012208]
[0.984807753012208, -0.1736481776669303]
[10.0, 97.0]
[10.0, 97.0]
]]></system-out>
  </testcase>
  <testcase name="test0465" classname="com.operations.Matrix.RegressionTest0" time="0.001">
    <system-out><![CDATA[[10.0, 97.0]
[10.0, 97.0]
]]></system-out>
  </testcase>
  <testcase name="test0466" classname="com.operations.Matrix.RegressionTest0" time="0.001"/>
  <testcase name="test0467" classname="com.operations.Matrix.RegressionTest0" time="0.0"/>
  <testcase name="test0468" classname="com.operations.Matrix.RegressionTest0" time="0.001"/>
  <testcase name="test0469" classname="com.operations.Matrix.RegressionTest0" time="0.001"/>
  <testcase name="test0470" classname="com.operations.Matrix.RegressionTest0" time="0.001">
    <system-out><![CDATA[[10.0, 97.0]
[10.0, 97.0]
]]></system-out>
  </testcase>
  <testcase name="test0471" classname="com.operations.Matrix.RegressionTest0" time="0.0"/>
  <testcase name="test0472" classname="com.operations.Matrix.RegressionTest0" time="0.0"/>
  <testcase name="test0473" classname="com.operations.Matrix.RegressionTest0" time="0.0"/>
  <testcase name="test0474" classname="com.operations.Matrix.RegressionTest0" time="0.001"/>
  <testcase name="test0475" classname="com.operations.Matrix.RegressionTest0" time="0.0"/>
  <testcase name="test0476" classname="com.operations.Matrix.RegressionTest0" time="0.0">
    <system-out><![CDATA[[10.0, 97.0]
[10.0, 97.0]
]]></system-out>
  </testcase>
  <testcase name="test0477" classname="com.operations.Matrix.RegressionTest0" time="0.001">
    <system-out><![CDATA[[10.0, 97.0]
[10.0, 97.0]
]]></system-out>
  </testcase>
  <testcase name="test0478" classname="com.operations.Matrix.RegressionTest0" time="0.0"/>
  <testcase name="test0479" classname="com.operations.Matrix.RegressionTest0" time="0.001">
    <system-out><![CDATA[[0.9998476951563913, -0.01745240643728351]
[0.01745240643728351, 0.9998476951563913]
[0.0, 0.0]
[0.0, 10.0]
]]></system-out>
  </testcase>
  <testcase name="test0480" classname="com.operations.Matrix.RegressionTest0" time="0.001"/>
  <testcase name="test0481" classname="com.operations.Matrix.RegressionTest0" time="0.0">
    <system-out><![CDATA[[10.0, 97.0]
[10.0, 97.0]
]]></system-out>
  </testcase>
  <testcase name="test0482" classname="com.operations.Matrix.RegressionTest0" time="0.001"/>
  <testcase name="test0483" classname="com.operations.Matrix.RegressionTest0" time="0.0"/>
  <testcase name="test0484" classname="com.operations.Matrix.RegressionTest0" time="0.001"/>
  <testcase name="test0485" classname="com.operations.Matrix.RegressionTest0" time="0.0"/>
  <testcase name="test0486" classname="com.operations.Matrix.RegressionTest0" time="0.001"/>
  <testcase name="test0487" classname="com.operations.Matrix.RegressionTest0" time="0.0">
    <system-out><![CDATA[[0.0, 0.0]
[0.0, 10.0]
]]></system-out>
  </testcase>
  <testcase name="test0488" classname="com.operations.Matrix.RegressionTest0" time="0.001">
    <system-out><![CDATA[[0.9998476951563913, -0.01745240643728351]
[0.01745240643728351, 0.9998476951563913]
[0.0, 0.0]
[0.0, 10.0]
]]></system-out>
  </testcase>
  <testcase name="test0489" classname="com.operations.Matrix.RegressionTest0" time="0.001"/>
  <testcase name="test0490" classname="com.operations.Matrix.RegressionTest0" time="0.0"/>
  <testcase name="test0491" classname="com.operations.Matrix.RegressionTest0" time="0.002"/>
  <testcase name="test0492" classname="com.operations.Matrix.RegressionTest0" time="0.001">
    <system-out><![CDATA[[0.0, 0.0]
[0.0, 10.0]
[0.0, 0.0]
[0.0, 10.0]
]]></system-out>
  </testcase>
  <testcase name="test0493" classname="com.operations.Matrix.RegressionTest0" time="0.0">
    <system-out><![CDATA[[13.16227766016838, 10.0]
[100.16227766016839, 106.32737905308882]
]]></system-out>
  </testcase>
  <testcase name="test0494" classname="com.operations.Matrix.RegressionTest0" time="0.0"/>
  <testcase name="test0495" classname="com.operations.Matrix.RegressionTest0" time="0.001"/>
  <testcase name="test0496" classname="com.operations.Matrix.RegressionTest0" time="0.0">
    <system-out><![CDATA[[10.0, 97.0]
[10.0, 97.0]
]]></system-out>
  </testcase>
  <testcase name="test0497" classname="com.operations.Matrix.RegressionTest0" time="0.0"/>
  <testcase name="test0498" classname="com.operations.Matrix.RegressionTest0" time="0.0"/>
  <testcase name="test0499" classname="com.operations.Matrix.RegressionTest0" time="0.001"/>
  <testcase name="test0500" classname="com.operations.Matrix.RegressionTest0" time="0.001"/>
</testsuite>