<?xml version="1.0" encoding="UTF-8"?>
<testsuite xmlns:xsi="http://www.w3.org/2001/XMLSchema-instance" xsi:noNamespaceSchemaLocation="https://maven.apache.org/surefire/maven-surefire-plugin/xsd/surefire-test-report.xsd" version="3.0.2" name="com.operations.Matrix.RegressionTest4" time="0.155" tests="500" errors="0" skipped="0" failures="0">
  <properties>
    <property name="java.specification.version" value="21"/>
    <property name="sun.cpu.isalist" value="amd64"/>
    <property name="sun.jnu.encoding" value="Cp1252"/>
    <property name="java.class.path" value="C:\Users\babal\OneDrive\Desktop\Jasweer_Files\new\Matrix\Matrix\target\test-classes;C:\Users\babal\OneDrive\Desktop\Jasweer_Files\new\Matrix\Matrix\target\classes;C:\Users\babal\.m2\repository\org\springframework\boot\spring-boot-starter\3.4.0\spring-boot-starter-3.4.0.jar;C:\Users\babal\.m2\repository\org\springframework\boot\spring-boot\3.4.0\spring-boot-3.4.0.jar;C:\Users\babal\.m2\repository\org\springframework\spring-context\6.2.0\spring-context-6.2.0.jar;C:\Users\babal\.m2\repository\org\springframework\spring-aop\6.2.0\spring-aop-6.2.0.jar;C:\Users\babal\.m2\repository\org\springframework\spring-beans\6.2.0\spring-beans-6.2.0.jar;C:\Users\babal\.m2\repository\org\springframework\spring-expression\6.2.0\spring-expression-6.2.0.jar;C:\Users\babal\.m2\repository\io\micrometer\micrometer-observation\1.14.1\micrometer-observation-1.14.1.jar;C:\Users\babal\.m2\repository\io\micrometer\micrometer-commons\1.14.1\micrometer-commons-1.14.1.jar;C:\Users\babal\.m2\repository\org\springframework\boot\spring-boot-autoconfigure\3.4.0\spring-boot-autoconfigure-3.4.0.jar;C:\Users\babal\.m2\repository\org\springframework\boot\spring-boot-starter-logging\3.4.0\spring-boot-starter-logging-3.4.0.jar;C:\Users\babal\.m2\repository\ch\qos\logback\logback-classic\1.5.12\logback-classic-1.5.12.jar;C:\Users\babal\.m2\repository\ch\qos\logback\logback-core\1.5.12\logback-core-1.5.12.jar;C:\Users\babal\.m2\repository\org\apache\logging\log4j\log4j-to-slf4j\2.24.1\log4j-to-slf4j-2.24.1.jar;C:\Users\babal\.m2\repository\org\apache\logging\log4j\log4j-api\2.24.1\log4j-api-2.24.1.jar;C:\Users\babal\.m2\repository\org\slf4j\jul-to-slf4j\2.0.16\jul-to-slf4j-2.0.16.jar;C:\Users\babal\.m2\repository\jakarta\annotation\jakarta.annotation-api\2.1.1\jakarta.annotation-api-2.1.1.jar;C:\Users\babal\.m2\repository\org\springframework\spring-core\6.2.0\spring-core-6.2.0.jar;C:\Users\babal\.m2\repository\org\springframework\spring-jcl\6.2.0\spring-jcl-6.2.0.jar;C:\Users\babal\.m2\repository\org\yaml\snakeyaml\2.3\snakeyaml-2.3.jar;C:\Users\babal\.m2\repository\org\springframework\boot\spring-boot-starter-test\3.4.0\spring-boot-starter-test-3.4.0.jar;C:\Users\babal\.m2\repository\org\springframework\boot\spring-boot-test\3.4.0\spring-boot-test-3.4.0.jar;C:\Users\babal\.m2\repository\org\springframework\boot\spring-boot-test-autoconfigure\3.4.0\spring-boot-test-autoconfigure-3.4.0.jar;C:\Users\babal\.m2\repository\com\jayway\jsonpath\json-path\2.9.0\json-path-2.9.0.jar;C:\Users\babal\.m2\repository\org\slf4j\slf4j-api\2.0.16\slf4j-api-2.0.16.jar;C:\Users\babal\.m2\repository\jakarta\xml\bind\jakarta.xml.bind-api\4.0.2\jakarta.xml.bind-api-4.0.2.jar;C:\Users\babal\.m2\repository\jakarta\activation\jakarta.activation-api\2.1.3\jakarta.activation-api-2.1.3.jar;C:\Users\babal\.m2\repository\net\minidev\json-smart\2.5.1\json-smart-2.5.1.jar;C:\Users\babal\.m2\repository\net\minidev\accessors-smart\2.5.1\accessors-smart-2.5.1.jar;C:\Users\babal\.m2\repository\org\ow2\asm\asm\9.6\asm-9.6.jar;C:\Users\babal\.m2\repository\org\assertj\assertj-core\3.26.3\assertj-core-3.26.3.jar;C:\Users\babal\.m2\repository\net\bytebuddy\byte-buddy\1.15.10\byte-buddy-1.15.10.jar;C:\Users\babal\.m2\repository\org\awaitility\awaitility\4.2.2\awaitility-4.2.2.jar;C:\Users\babal\.m2\repository\org\hamcrest\hamcrest\2.2\hamcrest-2.2.jar;C:\Users\babal\.m2\repository\org\mockito\mockito-core\5.14.2\mockito-core-5.14.2.jar;C:\Users\babal\.m2\repository\net\bytebuddy\byte-buddy-agent\1.15.10\byte-buddy-agent-1.15.10.jar;C:\Users\babal\.m2\repository\org\objenesis\objenesis\3.3\objenesis-3.3.jar;C:\Users\babal\.m2\repository\org\mockito\mockito-junit-jupiter\5.14.2\mockito-junit-jupiter-5.14.2.jar;C:\Users\babal\.m2\repository\org\junit\jupiter\junit-jupiter-api\5.11.3\junit-jupiter-api-5.11.3.jar;C:\Users\babal\.m2\repository\org\opentest4j\opentest4j\1.3.0\opentest4j-1.3.0.jar;C:\Users\babal\.m2\repository\org\junit\platform\junit-platform-commons\1.11.3\junit-platform-commons-1.11.3.jar;C:\Users\babal\.m2\repository\org\apiguardian\apiguardian-api\1.1.2\apiguardian-api-1.1.2.jar;C:\Users\babal\.m2\repository\org\skyscreamer\jsonassert\1.5.3\jsonassert-1.5.3.jar;C:\Users\babal\.m2\repository\com\vaadin\external\google\android-json\0.0.20131108.vaadin1\android-json-0.0.20131108.vaadin1.jar;C:\Users\babal\.m2\repository\org\springframework\spring-test\6.2.0\spring-test-6.2.0.jar;C:\Users\babal\.m2\repository\org\xmlunit\xmlunit-core\2.10.0\xmlunit-core-2.10.0.jar;C:\Users\babal\.m2\repository\junit\junit\4.13.2\junit-4.13.2.jar;C:\Users\babal\.m2\repository\org\hamcrest\hamcrest-core\2.2\hamcrest-core-2.2.jar;"/>
    <property name="java.vm.vendor" value="Eclipse Adoptium"/>
    <property name="sun.arch.data.model" value="64"/>
    <property name="user.variant" value=""/>
    <property name="java.vendor.url" value="https://adoptium.net/"/>
    <property name="user.timezone" value="America/Phoenix"/>
    <property name="os.name" value="Windows 11"/>
    <property name="java.vm.specification.version" value="21"/>
    <property name="sun.java.launcher" value="SUN_STANDARD"/>
    <property name="user.country" value="US"/>
    <property name="sun.boot.library.path" value="C:\Program Files\Eclipse Adoptium\jdk-21.0.5.11-hotspot\bin"/>
    <property name="sun.java.command" value="C:\Users\babal\AppData\Local\Temp\surefire15261729316555012028\surefirebooter-20241209114331853_3.jar C:\Users\babal\AppData\Local\Temp\surefire15261729316555012028 2024-12-09T11-43-31_743-jvmRun1 surefire-20241209114331853_1tmp surefire_0-20241209114331853_2tmp"/>
    <property name="jdk.debug" value="release"/>
    <property name="surefire.test.class.path" value="C:\Users\babal\OneDrive\Desktop\Jasweer_Files\new\Matrix\Matrix\target\test-classes;C:\Users\babal\OneDrive\Desktop\Jasweer_Files\new\Matrix\Matrix\target\classes;C:\Users\babal\.m2\repository\org\springframework\boot\spring-boot-starter\3.4.0\spring-boot-starter-3.4.0.jar;C:\Users\babal\.m2\repository\org\springframework\boot\spring-boot\3.4.0\spring-boot-3.4.0.jar;C:\Users\babal\.m2\repository\org\springframework\spring-context\6.2.0\spring-context-6.2.0.jar;C:\Users\babal\.m2\repository\org\springframework\spring-aop\6.2.0\spring-aop-6.2.0.jar;C:\Users\babal\.m2\repository\org\springframework\spring-beans\6.2.0\spring-beans-6.2.0.jar;C:\Users\babal\.m2\repository\org\springframework\spring-expression\6.2.0\spring-expression-6.2.0.jar;C:\Users\babal\.m2\repository\io\micrometer\micrometer-observation\1.14.1\micrometer-observation-1.14.1.jar;C:\Users\babal\.m2\repository\io\micrometer\micrometer-commons\1.14.1\micrometer-commons-1.14.1.jar;C:\Users\babal\.m2\repository\org\springframework\boot\spring-boot-autoconfigure\3.4.0\spring-boot-autoconfigure-3.4.0.jar;C:\Users\babal\.m2\repository\org\springframework\boot\spring-boot-starter-logging\3.4.0\spring-boot-starter-logging-3.4.0.jar;C:\Users\babal\.m2\repository\ch\qos\logback\logback-classic\1.5.12\logback-classic-1.5.12.jar;C:\Users\babal\.m2\repository\ch\qos\logback\logback-core\1.5.12\logback-core-1.5.12.jar;C:\Users\babal\.m2\repository\org\apache\logging\log4j\log4j-to-slf4j\2.24.1\log4j-to-slf4j-2.24.1.jar;C:\Users\babal\.m2\repository\org\apache\logging\log4j\log4j-api\2.24.1\log4j-api-2.24.1.jar;C:\Users\babal\.m2\repository\org\slf4j\jul-to-slf4j\2.0.16\jul-to-slf4j-2.0.16.jar;C:\Users\babal\.m2\repository\jakarta\annotation\jakarta.annotation-api\2.1.1\jakarta.annotation-api-2.1.1.jar;C:\Users\babal\.m2\repository\org\springframework\spring-core\6.2.0\spring-core-6.2.0.jar;C:\Users\babal\.m2\repository\org\springframework\spring-jcl\6.2.0\spring-jcl-6.2.0.jar;C:\Users\babal\.m2\repository\org\yaml\snakeyaml\2.3\snakeyaml-2.3.jar;C:\Users\babal\.m2\repository\org\springframework\boot\spring-boot-starter-test\3.4.0\spring-boot-starter-test-3.4.0.jar;C:\Users\babal\.m2\repository\org\springframework\boot\spring-boot-test\3.4.0\spring-boot-test-3.4.0.jar;C:\Users\babal\.m2\repository\org\springframework\boot\spring-boot-test-autoconfigure\3.4.0\spring-boot-test-autoconfigure-3.4.0.jar;C:\Users\babal\.m2\repository\com\jayway\jsonpath\json-path\2.9.0\json-path-2.9.0.jar;C:\Users\babal\.m2\repository\org\slf4j\slf4j-api\2.0.16\slf4j-api-2.0.16.jar;C:\Users\babal\.m2\repository\jakarta\xml\bind\jakarta.xml.bind-api\4.0.2\jakarta.xml.bind-api-4.0.2.jar;C:\Users\babal\.m2\repository\jakarta\activation\jakarta.activation-api\2.1.3\jakarta.activation-api-2.1.3.jar;C:\Users\babal\.m2\repository\net\minidev\json-smart\2.5.1\json-smart-2.5.1.jar;C:\Users\babal\.m2\repository\net\minidev\accessors-smart\2.5.1\accessors-smart-2.5.1.jar;C:\Users\babal\.m2\repository\org\ow2\asm\asm\9.6\asm-9.6.jar;C:\Users\babal\.m2\repository\org\assertj\assertj-core\3.26.3\assertj-core-3.26.3.jar;C:\Users\babal\.m2\repository\net\bytebuddy\byte-buddy\1.15.10\byte-buddy-1.15.10.jar;C:\Users\babal\.m2\repository\org\awaitility\awaitility\4.2.2\awaitility-4.2.2.jar;C:\Users\babal\.m2\repository\org\hamcrest\hamcrest\2.2\hamcrest-2.2.jar;C:\Users\babal\.m2\repository\org\mockito\mockito-core\5.14.2\mockito-core-5.14.2.jar;C:\Users\babal\.m2\repository\net\bytebuddy\byte-buddy-agent\1.15.10\byte-buddy-agent-1.15.10.jar;C:\Users\babal\.m2\repository\org\objenesis\objenesis\3.3\objenesis-3.3.jar;C:\Users\babal\.m2\repository\org\mockito\mockito-junit-jupiter\5.14.2\mockito-junit-jupiter-5.14.2.jar;C:\Users\babal\.m2\repository\org\junit\jupiter\junit-jupiter-api\5.11.3\junit-jupiter-api-5.11.3.jar;C:\Users\babal\.m2\repository\org\opentest4j\opentest4j\1.3.0\opentest4j-1.3.0.jar;C:\Users\babal\.m2\repository\org\junit\platform\junit-platform-commons\1.11.3\junit-platform-commons-1.11.3.jar;C:\Users\babal\.m2\repository\org\apiguardian\apiguardian-api\1.1.2\apiguardian-api-1.1.2.jar;C:\Users\babal\.m2\repository\org\skyscreamer\jsonassert\1.5.3\jsonassert-1.5.3.jar;C:\Users\babal\.m2\repository\com\vaadin\external\google\android-json\0.0.20131108.vaadin1\android-json-0.0.20131108.vaadin1.jar;C:\Users\babal\.m2\repository\org\springframework\spring-test\6.2.0\spring-test-6.2.0.jar;C:\Users\babal\.m2\repository\org\xmlunit\xmlunit-core\2.10.0\xmlunit-core-2.10.0.jar;C:\Users\babal\.m2\repository\junit\junit\4.13.2\junit-4.13.2.jar;C:\Users\babal\.m2\repository\org\hamcrest\hamcrest-core\2.2\hamcrest-core-2.2.jar;"/>
    <property name="sun.cpu.endian" value="little"/>
    <property name="user.home" value="C:\Users\babal"/>
    <property name="user.language" value="en"/>
    <property name="java.specification.vendor" value="Oracle Corporation"/>
    <property name="java.version.date" value="2024-10-15"/>
    <property name="java.home" value="C:\Program Files\Eclipse Adoptium\jdk-21.0.5.11-hotspot"/>
    <property name="file.separator" value="\"/>
    <property name="basedir" value="C:\Users\babal\OneDrive\Desktop\Jasweer_Files\new\Matrix\Matrix"/>
    <property name="java.vm.compressedOopsMode" value="Zero based"/>
    <property name="line.separator" value="&#10;"/>
    <property name="java.vm.specification.vendor" value="Oracle Corporation"/>
    <property name="java.specification.name" value="Java Platform API Specification"/>
    <property name="surefire.real.class.path" value="C:\Users\babal\AppData\Local\Temp\surefire15261729316555012028\surefirebooter-20241209114331853_3.jar"/>
    <property name="user.script" value=""/>
    <property name="sun.management.compiler" value="HotSpot 64-Bit Tiered Compilers"/>
    <property name="java.runtime.version" value="21.0.5+11-LTS"/>
    <property name="user.name" value="babal"/>
    <property name="stdout.encoding" value="Cp1252"/>
    <property name="path.separator" value=";"/>
    <property name="os.version" value="10.0"/>
    <property name="java.runtime.name" value="OpenJDK Runtime Environment"/>
    <property name="file.encoding" value="UTF-8"/>
    <property name="java.vm.name" value="OpenJDK 64-Bit Server VM"/>
    <property name="java.vendor.version" value="Temurin-21.0.5+11"/>
    <property name="localRepository" value="C:\Users\babal\.m2\repository"/>
    <property name="java.vendor.url.bug" value="https://github.com/adoptium/adoptium-support/issues"/>
    <property name="java.io.tmpdir" value="C:\Users\babal\AppData\Local\Temp\"/>
    <property name="java.version" value="21.0.5"/>
    <property name="user.dir" value="C:\Users\babal\OneDrive\Desktop\Jasweer_Files\new\Matrix\Matrix"/>
    <property name="os.arch" value="amd64"/>
    <property name="java.vm.specification.name" value="Java Virtual Machine Specification"/>
    <property name="sun.os.patch.level" value=""/>
    <property name="native.encoding" value="Cp1252"/>
    <property name="java.library.path" value="C:\Program Files\Eclipse Adoptium\jdk-21.0.5.11-hotspot\bin;C:\Windows\Sun\Java\bin;C:\Windows\system32;C:\Windows;C:\Program Files\Eclipse Adoptium\jdk-21.0.5.11-hotspot\bin;C:\Program Files\Common Files\Oracle\Java\javapath;C:\Program Files (x86)\Common Files\Oracle\Java\java8path;C:\Program Files (x86)\Common Files\Oracle\Java\javapath;C:\Windows\system32;C:\Windows;C:\Windows\System32\Wbem;C:\Windows\System32\WindowsPowerShell\v1.0\;C:\Windows\System32\OpenSSH\;C:\Program Files (x86)\NVIDIA Corporation\PhysX\Common;C:\Program Files\NVIDIA Corporation\NVIDIA NvDLISR;C:\Program Files\dotnet\;C:\Program Files\nodejs\;C:\Program Files\Git\cmd;C:\Program Files\CMake\bin;C:\Program Files\Java\jdk-23;C:\Users\babal\Downloads\cloc-master;C:\ProgramData\chocolatey\bin;C:\Users\babal\tools\evosuite;C:\Program Files\Apache\maven\apache-maven-3.9.9-bin\apache-maven-3.9.9\bin;C:\Program Files\Java\jdk-17\bin;C:\Users\babal\AppData\Local\Programs\Python\Python312\Scripts\;C:\Users\babal\AppData\Local\Programs\Python\Python312\;C:\Users\babal\AppData\Local\Programs\Python\Launcher\;C:\Users\babal\AppData\Local\Microsoft\WindowsApps;C:\Users\babal\AppData\Local\Programs\Microsoft VS Code\bin;C:\Users\babal\AppData\Roaming\npm;."/>
    <property name="java.vm.info" value="mixed mode, sharing"/>
    <property name="stderr.encoding" value="Cp1252"/>
    <property name="java.vendor" value="Eclipse Adoptium"/>
    <property name="java.vm.version" value="21.0.5+11-LTS"/>
    <property name="sun.io.unicode.encoding" value="UnicodeLittle"/>
    <property name="java.class.version" value="65.0"/>
  </properties>
  <testcase name="test2001" classname="com.operations.Matrix.RegressionTest4" time="0.001">
    <system-out><![CDATA[[10.0, 97.0]
[10.0, 97.0]
]]></system-out>
  </testcase>
  <testcase name="test2002" classname="com.operations.Matrix.RegressionTest4" time="0.001"/>
  <testcase name="test2003" classname="com.operations.Matrix.RegressionTest4" time="0.0"/>
  <testcase name="test2004" classname="com.operations.Matrix.RegressionTest4" time="0.0"/>
  <testcase name="test2005" classname="com.operations.Matrix.RegressionTest4" time="0.0">
    <system-out><![CDATA[[0.0, 0.0]
[0.0, 10.0]
]]></system-out>
  </testcase>
  <testcase name="test2006" classname="com.operations.Matrix.RegressionTest4" time="0.001"/>
  <testcase name="test2007" classname="com.operations.Matrix.RegressionTest4" time="0.0">
    <system-out><![CDATA[[10.0, 97.0]
[10.0, 97.0]
[0.9998476951563913, -0.01745240643728351]
[0.01745240643728351, 0.9998476951563913]
[0.0, 0.0]
[0.0, 10.0]
]]></system-out>
  </testcase>
  <testcase name="test2008" classname="com.operations.Matrix.RegressionTest4" time="0.0"/>
  <testcase name="test2009" classname="com.operations.Matrix.RegressionTest4" time="0.0"/>
  <testcase name="test2010" classname="com.operations.Matrix.RegressionTest4" time="0.0"/>
  <testcase name="test2011" classname="com.operations.Matrix.RegressionTest4" time="0.0">
    <system-out><![CDATA[[10.0, 97.0]
[10.0, 97.0]
]]></system-out>
  </testcase>
  <testcase name="test2012" classname="com.operations.Matrix.RegressionTest4" time="0.001"/>
  <testcase name="test2013" classname="com.operations.Matrix.RegressionTest4" time="0.0"/>
  <testcase name="test2014" classname="com.operations.Matrix.RegressionTest4" time="0.0"/>
  <testcase name="test2015" classname="com.operations.Matrix.RegressionTest4" time="0.0"/>
  <testcase name="test2016" classname="com.operations.Matrix.RegressionTest4" time="0.001"/>
  <testcase name="test2017" classname="com.operations.Matrix.RegressionTest4" time="0.0"/>
  <testcase name="test2018" classname="com.operations.Matrix.RegressionTest4" time="0.0"/>
  <testcase name="test2019" classname="com.operations.Matrix.RegressionTest4" time="0.0"/>
  <testcase name="test2020" classname="com.operations.Matrix.RegressionTest4" time="0.001"/>
  <testcase name="test2021" classname="com.operations.Matrix.RegressionTest4" time="0.0">
    <system-out><![CDATA[[0.0, 0.0]
[0.0, 0.0]
[0.0, 0.0]
[0.0, 0.0]
]]></system-out>
  </testcase>
  <testcase name="test2022" classname="com.operations.Matrix.RegressionTest4" time="0.0"/>
  <testcase name="test2023" classname="com.operations.Matrix.RegressionTest4" time="0.0"/>
  <testcase name="test2024" classname="com.operations.Matrix.RegressionTest4" time="0.001"/>
  <testcase name="test2025" classname="com.operations.Matrix.RegressionTest4" time="0.0">
    <system-out><![CDATA[[0.0, 0.0]
[0.0, 0.0]
]]></system-out>
  </testcase>
  <testcase name="test2026" classname="com.operations.Matrix.RegressionTest4" time="0.0"/>
  <testcase name="test2027" classname="com.operations.Matrix.RegressionTest4" time="0.0">
    <system-out><![CDATA[[10.0, 97.0]
[10.0, 107.0]
]]></system-out>
  </testcase>
  <testcase name="test2028" classname="com.operations.Matrix.RegressionTest4" time="0.001"/>
  <testcase name="test2029" classname="com.operations.Matrix.RegressionTest4" time="0.0">
    <system-out><![CDATA[[3.618031071604718]
]]></system-out>
  </testcase>
  <testcase name="test2030" classname="com.operations.Matrix.RegressionTest4" time="0.0"/>
  <testcase name="test2031" classname="com.operations.Matrix.RegressionTest4" time="0.0">
    <system-out><![CDATA[[35.0]
[35.0]
[35.0]
[35.0]
[35.0]
[35.0]
[35.0]
[35.0]
[35.0]
[35.0]
[35.0]
[35.0]
[35.0]
[35.0]
[35.0]
[35.0]
[35.0]
[35.0]
[35.0]
[35.0]
[35.0]
[35.0]
[35.0]
[35.0]
[35.0]
[35.0]
[35.0]
[35.0]
[35.0]
[35.0]
[35.0]
[35.0]
[35.0]
[35.0]
[35.0]
[35.0]
[35.0]
[35.0]
[35.0]
[35.0]
[35.0]
[35.0]
[35.0]
[35.0]
[35.0]
[35.0]
[35.0]
[35.0]
[35.0]
[35.0]
[35.0]
[35.0]
[35.0]
[35.0]
[35.0]
[35.0]
[35.0]
[35.0]
[35.0]
[35.0]
[35.0]
[35.0]
[35.0]
[35.0]
[35.0]
[35.0]
[35.0]
[35.0]
[35.0]
[35.0]
[35.0]
[35.0]
[35.0]
[35.0]
[35.0]
[35.0]
[35.0]
[35.0]
[35.0]
[35.0]
[35.0]
[35.0]
[35.0]
[35.0]
[35.0]
[35.0]
[35.0]
[35.0]
[35.0]
[35.0]
[35.0]
[35.0]
[35.0]
[35.0]
[35.0]
[35.0]
[35.0]
[35.0]
[35.0]
[35.0]
[35.0, 35.0, 35.0, 35.0, 35.0, 35.0, 35.0, 35.0, 35.0, 35.0, 35.0, 35.0, 35.0, 35.0, 35.0, 35.0, 35.0, 35.0, 35.0, 35.0, 35.0, 35.0, 35.0, 35.0, 35.0, 35.0, 35.0, 35.0, 35.0, 35.0, 35.0, 35.0, 35.0, 35.0, 35.0, 35.0, 35.0, 35.0, 35.0, 35.0, 35.0, 35.0, 35.0, 35.0, 35.0, 35.0, 35.0, 35.0, 35.0, 35.0, 35.0, 35.0, 35.0, 35.0, 35.0, 35.0, 35.0, 35.0, 35.0, 35.0, 35.0, 35.0, 35.0, 35.0, 35.0, 35.0, 35.0, 35.0, 35.0, 35.0, 35.0, 35.0, 35.0, 35.0, 35.0, 35.0, 35.0, 35.0, 35.0, 35.0, 35.0, 35.0, 35.0, 35.0, 35.0, 35.0, 35.0, 35.0, 35.0, 35.0, 35.0, 35.0, 35.0, 35.0, 35.0, 35.0, 35.0, 35.0, 35.0, 35.0]
]]></system-out>
  </testcase>
  <testcase name="test2032" classname="com.operations.Matrix.RegressionTest4" time="0.001">
    <system-out><![CDATA[[0.0, 0.0]
[0.0, 10.0]
]]></system-out>
  </testcase>
  <testcase name="test2033" classname="com.operations.Matrix.RegressionTest4" time="0.0"/>
  <testcase name="test2034" classname="com.operations.Matrix.RegressionTest4" time="0.0"/>
  <testcase name="test2035" classname="com.operations.Matrix.RegressionTest4" time="0.0"/>
  <testcase name="test2036" classname="com.operations.Matrix.RegressionTest4" time="0.0"/>
  <testcase name="test2037" classname="com.operations.Matrix.RegressionTest4" time="0.0"/>
  <testcase name="test2038" classname="com.operations.Matrix.RegressionTest4" time="0.0">
    <system-out><![CDATA[[0.0, 0.0]
[0.0, 10.0]
]]></system-out>
  </testcase>
  <testcase name="test2039" classname="com.operations.Matrix.RegressionTest4" time="0.0">
    <system-out><![CDATA[[0.01745240643728351, 0.0]
[0.0, 35.0]
]]></system-out>
  </testcase>
  <testcase name="test2040" classname="com.operations.Matrix.RegressionTest4" time="0.001"/>
  <testcase name="test2041" classname="com.operations.Matrix.RegressionTest4" time="0.0"/>
  <testcase name="test2042" classname="com.operations.Matrix.RegressionTest4" time="0.0"/>
  <testcase name="test2043" classname="com.operations.Matrix.RegressionTest4" time="0.0"/>
  <testcase name="test2044" classname="com.operations.Matrix.RegressionTest4" time="0.0"/>
  <testcase name="test2045" classname="com.operations.Matrix.RegressionTest4" time="0.002">
    <system-out><![CDATA[[0.0, 0.0]
[0.0, 10.0]
]]></system-out>
  </testcase>
  <testcase name="test2046" classname="com.operations.Matrix.RegressionTest4" time="0.0"/>
  <testcase name="test2047" classname="com.operations.Matrix.RegressionTest4" time="0.0"/>
  <testcase name="test2048" classname="com.operations.Matrix.RegressionTest4" time="0.0">
    <system-out><![CDATA[[10.0, 97.0]
[10.0, 97.0]
]]></system-out>
  </testcase>
  <testcase name="test2049" classname="com.operations.Matrix.RegressionTest4" time="0.001"/>
  <testcase name="test2050" classname="com.operations.Matrix.RegressionTest4" time="0.0">
    <system-out><![CDATA[[0.9998476951563913, -0.01745240643728351]
[0.01745240643728351, 0.9998476951563913]
[0.0, 0.0]
[0.0, 10.0]
[0.0, 0.0]
[0.0, 10.0]
]]></system-out>
  </testcase>
  <testcase name="test2051" classname="com.operations.Matrix.RegressionTest4" time="0.001">
    <system-out><![CDATA[[-0.1736481776669303, -0.984807753012208]
[0.984807753012208, -0.1736481776669303]
]]></system-out>
  </testcase>
  <testcase name="test2052" classname="com.operations.Matrix.RegressionTest4" time="0.0"/>
  <testcase name="test2053" classname="com.operations.Matrix.RegressionTest4" time="0.0"/>
  <testcase name="test2054" classname="com.operations.Matrix.RegressionTest4" time="0.0">
    <system-out><![CDATA[[]
[]
[]
[]
[]
[]
[]
[]
[]
[]
[]
[]
[]
[]
[]
[]
[]
[]
[]
[]
[]
[]
[]
[]
[]
[]
[]
[]
[]
[]
[]
[]
[]
[]
[]
]]></system-out>
  </testcase>
  <testcase name="test2055" classname="com.operations.Matrix.RegressionTest4" time="0.0"/>
  <testcase name="test2056" classname="com.operations.Matrix.RegressionTest4" time="0.0">
    <system-out><![CDATA[[0.0, 0.0]
[0.0, 10.0]
]]></system-out>
  </testcase>
  <testcase name="test2057" classname="com.operations.Matrix.RegressionTest4" time="0.0"/>
  <testcase name="test2058" classname="com.operations.Matrix.RegressionTest4" time="0.0">
    <system-out><![CDATA[[365.8209944768069, 0.0]
[0.0, 146.4308710620817]
]]></system-out>
  </testcase>
  <testcase name="test2059" classname="com.operations.Matrix.RegressionTest4" time="0.001"/>
  <testcase name="test2060" classname="com.operations.Matrix.RegressionTest4" time="0.0"/>
  <testcase name="test2061" classname="com.operations.Matrix.RegressionTest4" time="0.0"/>
  <testcase name="test2062" classname="com.operations.Matrix.RegressionTest4" time="0.0"/>
  <testcase name="test2063" classname="com.operations.Matrix.RegressionTest4" time="0.0"/>
  <testcase name="test2064" classname="com.operations.Matrix.RegressionTest4" time="0.0"/>
  <testcase name="test2065" classname="com.operations.Matrix.RegressionTest4" time="0.0"/>
  <testcase name="test2066" classname="com.operations.Matrix.RegressionTest4" time="0.0"/>
  <testcase name="test2067" classname="com.operations.Matrix.RegressionTest4" time="0.001">
    <system-out><![CDATA[[10.0, 97.0]
[10.0, 97.0]
[0.9998476951563913, -0.01745240643728351]
[0.01745240643728351, 0.9998476951563913]
[0.0, 0.0]
[0.0, 10.0]
]]></system-out>
  </testcase>
  <testcase name="test2068" classname="com.operations.Matrix.RegressionTest4" time="0.0"/>
  <testcase name="test2069" classname="com.operations.Matrix.RegressionTest4" time="0.0"/>
  <testcase name="test2070" classname="com.operations.Matrix.RegressionTest4" time="0.001">
    <system-out><![CDATA[[0.0, 0.0]
[0.0, 13790.576492663386]
]]></system-out>
  </testcase>
  <testcase name="test2071" classname="com.operations.Matrix.RegressionTest4" time="0.0"/>
  <testcase name="test2072" classname="com.operations.Matrix.RegressionTest4" time="0.0"/>
  <testcase name="test2073" classname="com.operations.Matrix.RegressionTest4" time="0.0"/>
  <testcase name="test2074" classname="com.operations.Matrix.RegressionTest4" time="0.0">
    <system-out><![CDATA[[10.0, 97.0]
[10.0, 97.0]
]]></system-out>
  </testcase>
  <testcase name="test2075" classname="com.operations.Matrix.RegressionTest4" time="0.0"/>
  <testcase name="test2076" classname="com.operations.Matrix.RegressionTest4" time="0.0"/>
  <testcase name="test2077" classname="com.operations.Matrix.RegressionTest4" time="0.0">
    <system-out><![CDATA[[10.0, 97.0]
[10.0, 97.0]
]]></system-out>
  </testcase>
  <testcase name="test2078" classname="com.operations.Matrix.RegressionTest4" time="0.0"/>
  <testcase name="test2079" classname="com.operations.Matrix.RegressionTest4" time="0.0"/>
  <testcase name="test2080" classname="com.operations.Matrix.RegressionTest4" time="0.0"/>
  <testcase name="test2081" classname="com.operations.Matrix.RegressionTest4" time="0.0">
    <system-out><![CDATA[[-0.1736481776669303, -0.984807753012208]
[0.984807753012208, -0.1736481776669303]
]]></system-out>
  </testcase>
  <testcase name="test2082" classname="com.operations.Matrix.RegressionTest4" time="0.0"/>
  <testcase name="test2083" classname="com.operations.Matrix.RegressionTest4" time="0.0"/>
  <testcase name="test2084" classname="com.operations.Matrix.RegressionTest4" time="0.001">
    <system-out><![CDATA[[-0.1736481776669303, -0.984807753012208]
[0.984807753012208, -0.1736481776669303]
]]></system-out>
  </testcase>
  <testcase name="test2085" classname="com.operations.Matrix.RegressionTest4" time="0.0">
    <system-out><![CDATA[[10.0, 10.0]
[97.0, 97.0]
]]></system-out>
  </testcase>
  <testcase name="test2086" classname="com.operations.Matrix.RegressionTest4" time="0.0"/>
  <testcase name="test2087" classname="com.operations.Matrix.RegressionTest4" time="0.0">
    <system-out><![CDATA[[0.0, 0.0]
[0.0, 20.0]
]]></system-out>
  </testcase>
  <testcase name="test2088" classname="com.operations.Matrix.RegressionTest4" time="0.0"/>
  <testcase name="test2089" classname="com.operations.Matrix.RegressionTest4" time="0.0">
    <system-out><![CDATA[[10.0, 97.0]
[10.0, 97.0]
]]></system-out>
  </testcase>
  <testcase name="test2090" classname="com.operations.Matrix.RegressionTest4" time="0.0"/>
  <testcase name="test2091" classname="com.operations.Matrix.RegressionTest4" time="0.001"/>
  <testcase name="test2092" classname="com.operations.Matrix.RegressionTest4" time="0.0"/>
  <testcase name="test2093" classname="com.operations.Matrix.RegressionTest4" time="0.0"/>
  <testcase name="test2094" classname="com.operations.Matrix.RegressionTest4" time="0.001"/>
  <testcase name="test2095" classname="com.operations.Matrix.RegressionTest4" time="0.0"/>
  <testcase name="test2096" classname="com.operations.Matrix.RegressionTest4" time="0.0"/>
  <testcase name="test2097" classname="com.operations.Matrix.RegressionTest4" time="0.0"/>
  <testcase name="test2098" classname="com.operations.Matrix.RegressionTest4" time="0.0"/>
  <testcase name="test2099" classname="com.operations.Matrix.RegressionTest4" time="0.0"/>
  <testcase name="test2100" classname="com.operations.Matrix.RegressionTest4" time="0.0"/>
  <testcase name="test2101" classname="com.operations.Matrix.RegressionTest4" time="0.0"/>
  <testcase name="test2102" classname="com.operations.Matrix.RegressionTest4" time="0.0"/>
  <testcase name="test2103" classname="com.operations.Matrix.RegressionTest4" time="0.0"/>
  <testcase name="test2104" classname="com.operations.Matrix.RegressionTest4" time="0.001">
    <system-out><![CDATA[[1379.0576492663388, 13376.859197883487]
[1379.0576492663388, 13376.859197883487]
[10.0, 97.0]
[10.0, 97.0]
]]></system-out>
  </testcase>
  <testcase name="test2105" classname="com.operations.Matrix.RegressionTest4" time="0.001">
    <system-out><![CDATA[[10.0, 97.0]
[10.0, 97.0]
]]></system-out>
  </testcase>
  <testcase name="test2106" classname="com.operations.Matrix.RegressionTest4" time="0.0"/>
  <testcase name="test2107" classname="com.operations.Matrix.RegressionTest4" time="0.0"/>
  <testcase name="test2108" classname="com.operations.Matrix.RegressionTest4" time="0.0"/>
  <testcase name="test2109" classname="com.operations.Matrix.RegressionTest4" time="0.001"/>
  <testcase name="test2110" classname="com.operations.Matrix.RegressionTest4" time="0.0"/>
  <testcase name="test2111" classname="com.operations.Matrix.RegressionTest4" time="0.0"/>
  <testcase name="test2112" classname="com.operations.Matrix.RegressionTest4" time="0.0"/>
  <testcase name="test2113" classname="com.operations.Matrix.RegressionTest4" time="0.0"/>
  <testcase name="test2114" classname="com.operations.Matrix.RegressionTest4" time="0.001">
    <system-out><![CDATA[[-0.1736481776669303, -0.984807753012208]
[0.984807753012208, -0.1736481776669303]
]]></system-out>
  </testcase>
  <testcase name="test2115" classname="com.operations.Matrix.RegressionTest4" time="0.0"/>
  <testcase name="test2116" classname="com.operations.Matrix.RegressionTest4" time="0.0"/>
  <testcase name="test2117" classname="com.operations.Matrix.RegressionTest4" time="0.0">
    <system-out><![CDATA[[10.0, 97.0]
[10.0, 97.0]
]]></system-out>
  </testcase>
  <testcase name="test2118" classname="com.operations.Matrix.RegressionTest4" time="0.0"/>
  <testcase name="test2119" classname="com.operations.Matrix.RegressionTest4" time="0.001">
    <system-out><![CDATA[[10.0, 97.0]
[10.0, 97.0]
]]></system-out>
  </testcase>
  <testcase name="test2120" classname="com.operations.Matrix.RegressionTest4" time="0.0">
    <system-out><![CDATA[[0.0, 0.0]
[0.0, 10.0]
]]></system-out>
  </testcase>
  <testcase name="test2121" classname="com.operations.Matrix.RegressionTest4" time="0.0"/>
  <testcase name="test2122" classname="com.operations.Matrix.RegressionTest4" time="0.0"/>
  <testcase name="test2123" classname="com.operations.Matrix.RegressionTest4" time="0.0"/>
  <testcase name="test2124" classname="com.operations.Matrix.RegressionTest4" time="0.0"/>
  <testcase name="test2125" classname="com.operations.Matrix.RegressionTest4" time="0.0"/>
  <testcase name="test2126" classname="com.operations.Matrix.RegressionTest4" time="0.0">
    <system-out><![CDATA[[0.9998476951563913, -0.01745240643728351]
[0.01745240643728351, 0.9998476951563913]
[0.0, 0.0]
[0.0, 10.0]
[0.0, 0.0]
[0.0, -1.0]
]]></system-out>
  </testcase>
  <testcase name="test2127" classname="com.operations.Matrix.RegressionTest4" time="0.001"/>
  <testcase name="test2128" classname="com.operations.Matrix.RegressionTest4" time="0.0"/>
  <testcase name="test2129" classname="com.operations.Matrix.RegressionTest4" time="0.0"/>
  <testcase name="test2130" classname="com.operations.Matrix.RegressionTest4" time="0.002"/>
  <testcase name="test2131" classname="com.operations.Matrix.RegressionTest4" time="0.0"/>
  <testcase name="test2132" classname="com.operations.Matrix.RegressionTest4" time="0.0"/>
  <testcase name="test2133" classname="com.operations.Matrix.RegressionTest4" time="0.0"/>
  <testcase name="test2134" classname="com.operations.Matrix.RegressionTest4" time="0.0">
    <system-out><![CDATA[[10.0, 97.0]
[10.0, 97.0]
]]></system-out>
  </testcase>
  <testcase name="test2135" classname="com.operations.Matrix.RegressionTest4" time="0.0">
    <system-out><![CDATA[[0.0, 0.0]
[0.0, 10.0]
]]></system-out>
  </testcase>
  <testcase name="test2136" classname="com.operations.Matrix.RegressionTest4" time="0.001"/>
  <testcase name="test2137" classname="com.operations.Matrix.RegressionTest4" time="0.0"/>
  <testcase name="test2138" classname="com.operations.Matrix.RegressionTest4" time="0.0"/>
  <testcase name="test2139" classname="com.operations.Matrix.RegressionTest4" time="0.0"/>
  <testcase name="test2140" classname="com.operations.Matrix.RegressionTest4" time="0.0"/>
  <testcase name="test2141" classname="com.operations.Matrix.RegressionTest4" time="0.0"/>
  <testcase name="test2142" classname="com.operations.Matrix.RegressionTest4" time="0.0"/>
  <testcase name="test2143" classname="com.operations.Matrix.RegressionTest4" time="0.0"/>
  <testcase name="test2144" classname="com.operations.Matrix.RegressionTest4" time="0.001"/>
  <testcase name="test2145" classname="com.operations.Matrix.RegressionTest4" time="0.0"/>
  <testcase name="test2146" classname="com.operations.Matrix.RegressionTest4" time="0.0"/>
  <testcase name="test2147" classname="com.operations.Matrix.RegressionTest4" time="0.0"/>
  <testcase name="test2148" classname="com.operations.Matrix.RegressionTest4" time="0.0">
    <system-out><![CDATA[[100.0, 0.0]
[0.0, 3532.0]
]]></system-out>
  </testcase>
  <testcase name="test2149" classname="com.operations.Matrix.RegressionTest4" time="0.0">
    <system-out><![CDATA[[10.0, 97.0]
[10.0, 97.0]
]]></system-out>
  </testcase>
  <testcase name="test2150" classname="com.operations.Matrix.RegressionTest4" time="0.0"/>
  <testcase name="test2151" classname="com.operations.Matrix.RegressionTest4" time="0.0"/>
  <testcase name="test2152" classname="com.operations.Matrix.RegressionTest4" time="0.0"/>
  <testcase name="test2153" classname="com.operations.Matrix.RegressionTest4" time="0.0"/>
  <testcase name="test2154" classname="com.operations.Matrix.RegressionTest4" time="0.0"/>
  <testcase name="test2155" classname="com.operations.Matrix.RegressionTest4" time="0.001"/>
  <testcase name="test2156" classname="com.operations.Matrix.RegressionTest4" time="0.0"/>
  <testcase name="test2157" classname="com.operations.Matrix.RegressionTest4" time="0.0"/>
  <testcase name="test2158" classname="com.operations.Matrix.RegressionTest4" time="0.001"/>
  <testcase name="test2159" classname="com.operations.Matrix.RegressionTest4" time="0.002">
    <system-out><![CDATA[[10.0, 97.0]
[10.0, 97.0]
]]></system-out>
  </testcase>
  <testcase name="test2160" classname="com.operations.Matrix.RegressionTest4" time="0.0">
    <system-out><![CDATA[[0.0, 0.0]
[0.0, 10.0]
[0.0, 0.0]
[0.0, 10.0]
]]></system-out>
  </testcase>
  <testcase name="test2161" classname="com.operations.Matrix.RegressionTest4" time="0.001"/>
  <testcase name="test2162" classname="com.operations.Matrix.RegressionTest4" time="0.0"/>
  <testcase name="test2163" classname="com.operations.Matrix.RegressionTest4" time="0.0">
    <system-out><![CDATA[[10.0, 97.0]
[10.0, 97.0]
]]></system-out>
  </testcase>
  <testcase name="test2164" classname="com.operations.Matrix.RegressionTest4" time="0.001"/>
  <testcase name="test2165" classname="com.operations.Matrix.RegressionTest4" time="0.0"/>
  <testcase name="test2166" classname="com.operations.Matrix.RegressionTest4" time="0.0"/>
  <testcase name="test2167" classname="com.operations.Matrix.RegressionTest4" time="0.001"/>
  <testcase name="test2168" classname="com.operations.Matrix.RegressionTest4" time="0.0"/>
  <testcase name="test2169" classname="com.operations.Matrix.RegressionTest4" time="0.0"/>
  <testcase name="test2170" classname="com.operations.Matrix.RegressionTest4" time="0.0"/>
  <testcase name="test2171" classname="com.operations.Matrix.RegressionTest4" time="0.001">
    <system-out><![CDATA[[0.0, 0.0]
[0.0, 0.0]
]]></system-out>
  </testcase>
  <testcase name="test2172" classname="com.operations.Matrix.RegressionTest4" time="0.0"/>
  <testcase name="test2173" classname="com.operations.Matrix.RegressionTest4" time="0.0">
    <system-out><![CDATA[[32.0, 0.0]
[0.0, 0.0]
]]></system-out>
  </testcase>
  <testcase name="test2174" classname="com.operations.Matrix.RegressionTest4" time="0.0">
    <system-out><![CDATA[[10.0, 97.0]
[10.0, 97.0]
]]></system-out>
  </testcase>
  <testcase name="test2175" classname="com.operations.Matrix.RegressionTest4" time="0.001"/>
  <testcase name="test2176" classname="com.operations.Matrix.RegressionTest4" time="0.0">
    <system-out><![CDATA[[0.9998476951563913, -0.01745240643728351]
[0.01745240643728351, 0.9998476951563913]
[0.0, 0.0]
[0.0, 10.0]
]]></system-out>
  </testcase>
  <testcase name="test2177" classname="com.operations.Matrix.RegressionTest4" time="0.0">
    <system-out><![CDATA[[10.0, 97.0]
[10.0, 97.0]
]]></system-out>
  </testcase>
  <testcase name="test2178" classname="com.operations.Matrix.RegressionTest4" time="0.0">
    <system-out><![CDATA[[-0.1736481776669303, -0.984807753012208]
[0.984807753012208, -0.1736481776669303]
]]></system-out>
  </testcase>
  <testcase name="test2179" classname="com.operations.Matrix.RegressionTest4" time="0.0"/>
  <testcase name="test2180" classname="com.operations.Matrix.RegressionTest4" time="0.0"/>
  <testcase name="test2181" classname="com.operations.Matrix.RegressionTest4" time="0.0">
    <system-out><![CDATA[[0.0, 0.0]
[0.0, 10.0]
]]></system-out>
  </testcase>
  <testcase name="test2182" classname="com.operations.Matrix.RegressionTest4" time="0.0"/>
  <testcase name="test2183" classname="com.operations.Matrix.RegressionTest4" time="0.0"/>
  <testcase name="test2184" classname="com.operations.Matrix.RegressionTest4" time="0.001"/>
  <testcase name="test2185" classname="com.operations.Matrix.RegressionTest4" time="0.0"/>
  <testcase name="test2186" classname="com.operations.Matrix.RegressionTest4" time="0.0"/>
  <testcase name="test2187" classname="com.operations.Matrix.RegressionTest4" time="0.0"/>
  <testcase name="test2188" classname="com.operations.Matrix.RegressionTest4" time="0.0">
    <system-out><![CDATA[[35.0]
[35.0]
[35.0]
[35.0]
[35.0]
[35.0]
[35.0]
[35.0]
[35.0]
[35.0]
[35.0]
[35.0]
[35.0]
[35.0]
[35.0]
[35.0]
[35.0]
[35.0]
[35.0]
[35.0]
[35.0]
[35.0]
[35.0]
[35.0]
[35.0]
[35.0]
[35.0]
[35.0]
[35.0]
[35.0]
[35.0]
[35.0]
[35.0]
[35.0]
[35.0]
[35.0]
[35.0]
[35.0]
[35.0]
[35.0]
[35.0]
[35.0]
[35.0]
[35.0]
[35.0]
[35.0]
[35.0]
[35.0]
[35.0]
[35.0]
[35.0]
[35.0]
[35.0]
[35.0]
[35.0]
[35.0]
[35.0]
[35.0]
[35.0]
[35.0]
[35.0]
[35.0]
[35.0]
[35.0]
[35.0]
[35.0]
[35.0]
[35.0]
[35.0]
[35.0]
[35.0]
[35.0]
[35.0]
[35.0]
[35.0]
[35.0]
[35.0]
[35.0]
[35.0]
[35.0]
[35.0]
[35.0]
[35.0]
[35.0]
[35.0]
[35.0]
[35.0]
[35.0]
[35.0]
[35.0]
[35.0]
[35.0]
[35.0]
[35.0]
[35.0]
[35.0]
[35.0]
[35.0]
[35.0]
[35.0]
]]></system-out>
  </testcase>
  <testcase name="test2189" classname="com.operations.Matrix.RegressionTest4" time="0.0"/>
  <testcase name="test2190" classname="com.operations.Matrix.RegressionTest4" time="0.0">
    <system-out><![CDATA[[1379.0576492663388, 13376.859197883487]
[1379.0576492663388, 13376.859197883487]
[10.0, 97.0]
[10.0, 97.0]
]]></system-out>
  </testcase>
  <testcase name="test2191" classname="com.operations.Matrix.RegressionTest4" time="0.0"/>
  <testcase name="test2192" classname="com.operations.Matrix.RegressionTest4" time="0.0"/>
  <testcase name="test2193" classname="com.operations.Matrix.RegressionTest4" time="0.001">
    <system-out><![CDATA[[10.0, 97.0]
[10.0, 97.0]
]]></system-out>
  </testcase>
  <testcase name="test2194" classname="com.operations.Matrix.RegressionTest4" time="0.0"/>
  <testcase name="test2195" classname="com.operations.Matrix.RegressionTest4" time="0.0"/>
  <testcase name="test2196" classname="com.operations.Matrix.RegressionTest4" time="0.0"/>
  <testcase name="test2197" classname="com.operations.Matrix.RegressionTest4" time="0.001">
    <system-out><![CDATA[[10.0, 97.0]
[10.0, 97.0]
]]></system-out>
  </testcase>
  <testcase name="test2198" classname="com.operations.Matrix.RegressionTest4" time="0.0"/>
  <testcase name="test2199" classname="com.operations.Matrix.RegressionTest4" time="0.0"/>
  <testcase name="test2200" classname="com.operations.Matrix.RegressionTest4" time="0.0">
    <system-out><![CDATA[[10.0, 97.0]
[10.0, 97.0]
[0.9998476951563913, -0.01745240643728351]
[0.01745240643728351, 0.9998476951563913]
[0.0, 0.0]
[0.0, 10.0]
]]></system-out>
  </testcase>
  <testcase name="test2201" classname="com.operations.Matrix.RegressionTest4" time="0.0"/>
  <testcase name="test2202" classname="com.operations.Matrix.RegressionTest4" time="0.001"/>
  <testcase name="test2203" classname="com.operations.Matrix.RegressionTest4" time="0.0">
    <system-out><![CDATA[[0.0, 0.0]
[0.0, 10.0]
]]></system-out>
  </testcase>
  <testcase name="test2204" classname="com.operations.Matrix.RegressionTest4" time="0.0"/>
  <testcase name="test2205" classname="com.operations.Matrix.RegressionTest4" time="0.0"/>
  <testcase name="test2206" classname="com.operations.Matrix.RegressionTest4" time="0.0">
    <system-out><![CDATA[[0.0, 0.0]
[0.0, 10.0]
]]></system-out>
  </testcase>
  <testcase name="test2207" classname="com.operations.Matrix.RegressionTest4" time="0.001"/>
  <testcase name="test2208" classname="com.operations.Matrix.RegressionTest4" time="0.0"/>
  <testcase name="test2209" classname="com.operations.Matrix.RegressionTest4" time="0.0">
    <system-out><![CDATA[[10.0, 97.0]
[10.0, 97.0]
[1.189207115002721, 0.0]
[0.0, 1.0]
[1.189207115002721, 0.0]
[0.0, 1.0]
]]></system-out>
  </testcase>
  <testcase name="test2210" classname="com.operations.Matrix.RegressionTest4" time="0.0"/>
  <testcase name="test2211" classname="com.operations.Matrix.RegressionTest4" time="0.001">
    <system-out><![CDATA[[35.0]
[35.0]
[35.0]
[35.0]
[35.0]
[35.0]
[35.0]
[35.0]
[35.0]
[35.0]
[35.0]
[35.0]
[35.0]
[35.0]
[35.0]
[35.0]
[35.0]
[35.0]
[35.0]
[35.0]
[35.0]
[35.0]
[35.0]
[35.0]
[35.0]
[35.0]
[35.0]
[35.0]
[35.0]
[35.0]
[35.0]
[35.0]
[35.0]
[35.0]
[35.0]
[35.0]
[35.0]
[35.0]
[35.0]
[35.0]
[35.0]
[35.0]
[35.0]
[35.0]
[35.0]
[35.0]
[35.0]
[35.0]
[35.0]
[35.0]
[35.0]
[35.0]
[35.0]
[35.0]
[35.0]
[35.0]
[35.0]
[35.0]
[35.0]
[35.0]
[35.0]
[35.0]
[35.0]
[35.0]
[35.0]
[35.0]
[35.0]
[35.0]
[35.0]
[35.0]
[35.0]
[35.0]
[35.0]
[35.0]
[35.0]
[35.0]
[35.0]
[35.0]
[35.0]
[35.0]
[35.0]
[35.0]
[35.0]
[35.0]
[35.0]
[35.0]
[35.0]
[35.0]
[35.0]
[35.0]
[35.0]
[35.0]
[35.0]
[35.0]
[35.0]
[35.0]
[35.0]
[35.0]
[35.0]
[35.0]
]]></system-out>
  </testcase>
  <testcase name="test2212" classname="com.operations.Matrix.RegressionTest4" time="0.0"/>
  <testcase name="test2213" classname="com.operations.Matrix.RegressionTest4" time="0.0">
    <system-out><![CDATA[[0.0, 0.0]
[0.0, 10.0]
]]></system-out>
  </testcase>
  <testcase name="test2214" classname="com.operations.Matrix.RegressionTest4" time="0.001"/>
  <testcase name="test2215" classname="com.operations.Matrix.RegressionTest4" time="0.0"/>
  <testcase name="test2216" classname="com.operations.Matrix.RegressionTest4" time="0.0">
    <system-out><![CDATA[[-0.2695697032565728, -0.7421972094042196, -0.9407980341887554, -0.7558827494357468, -0.1811909771447684, -0.6293888739863586, -0.14371706705854026, -0.28501532360410253, -0.7127431131855595, -0.08375304873823752]
[-0.9917238515749963, -0.5593775195455774, -0.9686660515048868, -0.07728892296784273, -0.03789624289522042, -0.19921897820570067, -0.5630971641931769, -0.18525056331568623, -0.784768780034783, -0.04298532914983355]
]]></system-out>
  </testcase>
  <testcase name="test2217" classname="com.operations.Matrix.RegressionTest4" time="0.0"/>
  <testcase name="test2218" classname="com.operations.Matrix.RegressionTest4" time="0.001"/>
  <testcase name="test2219" classname="com.operations.Matrix.RegressionTest4" time="0.0">
    <system-out><![CDATA[[10.0, 97.0]
[10.0, 97.0]
]]></system-out>
  </testcase>
  <testcase name="test2220" classname="com.operations.Matrix.RegressionTest4" time="0.0">
    <system-out><![CDATA[[1379.0576492663388, 13376.859197883487]
[1379.0576492663388, 13376.859197883487]
[10.0, 97.0]
[10.0, 97.0]
]]></system-out>
  </testcase>
  <testcase name="test2221" classname="com.operations.Matrix.RegressionTest4" time="0.001"/>
  <testcase name="test2222" classname="com.operations.Matrix.RegressionTest4" time="0.0"/>
  <testcase name="test2223" classname="com.operations.Matrix.RegressionTest4" time="0.0">
    <system-out><![CDATA[[0.0, 0.0]
[0.0, 10.0]
[10.0, 97.0]
[10.0, 97.0]
]]></system-out>
  </testcase>
  <testcase name="test2224" classname="com.operations.Matrix.RegressionTest4" time="0.0"/>
  <testcase name="test2225" classname="com.operations.Matrix.RegressionTest4" time="0.0">
    <system-out><![CDATA[[10.0, 97.0]
[10.0, 97.0]
[0.0, 0.0]
[0.0, 10.0]
]]></system-out>
  </testcase>
  <testcase name="test2226" classname="com.operations.Matrix.RegressionTest4" time="0.001">
    <system-out><![CDATA[[10.0, 97.0]
[10.0, 97.0]
]]></system-out>
  </testcase>
  <testcase name="test2227" classname="com.operations.Matrix.RegressionTest4" time="0.0"/>
  <testcase name="test2228" classname="com.operations.Matrix.RegressionTest4" time="0.0"/>
  <testcase name="test2229" classname="com.operations.Matrix.RegressionTest4" time="0.0"/>
  <testcase name="test2230" classname="com.operations.Matrix.RegressionTest4" time="0.0">
    <system-out><![CDATA[[-0.1736481776669303, -0.984807753012208]
[0.984807753012208, -0.1736481776669303]
[0.9998476951563913, -0.01745240643728351]
[0.01745240643728351, 0.9998476951563913]
[0.0, 0.0]
[0.0, 10.0]
]]></system-out>
  </testcase>
  <testcase name="test2231" classname="com.operations.Matrix.RegressionTest4" time="0.001">
    <system-out><![CDATA[[0.0, 0.0]
[0.0, 10.0]
]]></system-out>
  </testcase>
  <testcase name="test2232" classname="com.operations.Matrix.RegressionTest4" time="0.002"/>
  <testcase name="test2233" classname="com.operations.Matrix.RegressionTest4" time="0.0"/>
  <testcase name="test2234" classname="com.operations.Matrix.RegressionTest4" time="0.001">
    <system-out><![CDATA[[0.0, 0.0]
[0.0, 3500.0]
[0.0, 0.0]
[0.0, 3500.0]
[0.0, 0.0]
[0.0, 3500.0]
]]></system-out>
  </testcase>
  <testcase name="test2235" classname="com.operations.Matrix.RegressionTest4" time="0.0"/>
  <testcase name="test2236" classname="com.operations.Matrix.RegressionTest4" time="0.0">
    <system-out><![CDATA[[10.0, 97.0]
[10.0, 97.0]
]]></system-out>
  </testcase>
  <testcase name="test2237" classname="com.operations.Matrix.RegressionTest4" time="0.0"/>
  <testcase name="test2238" classname="com.operations.Matrix.RegressionTest4" time="0.001"/>
  <testcase name="test2239" classname="com.operations.Matrix.RegressionTest4" time="0.0"/>
  <testcase name="test2240" classname="com.operations.Matrix.RegressionTest4" time="0.0"/>
  <testcase name="test2241" classname="com.operations.Matrix.RegressionTest4" time="0.0"/>
  <testcase name="test2242" classname="com.operations.Matrix.RegressionTest4" time="0.001">
    <system-out><![CDATA[[-0.1736481776669303, -0.984807753012208]
[0.984807753012208, -0.1736481776669303]
]]></system-out>
  </testcase>
  <testcase name="test2243" classname="com.operations.Matrix.RegressionTest4" time="0.0"/>
  <testcase name="test2244" classname="com.operations.Matrix.RegressionTest4" time="0.0"/>
  <testcase name="test2245" classname="com.operations.Matrix.RegressionTest4" time="0.0"/>
  <testcase name="test2246" classname="com.operations.Matrix.RegressionTest4" time="0.001">
    <system-out><![CDATA[[0.0, 0.0]
[0.0, 10.0]
]]></system-out>
  </testcase>
  <testcase name="test2247" classname="com.operations.Matrix.RegressionTest4" time="0.0"/>
  <testcase name="test2248" classname="com.operations.Matrix.RegressionTest4" time="0.0"/>
  <testcase name="test2249" classname="com.operations.Matrix.RegressionTest4" time="0.0"/>
  <testcase name="test2250" classname="com.operations.Matrix.RegressionTest4" time="0.001">
    <system-out><![CDATA[[1379.0576492663388, 13376.859197883487]
[1379.0576492663388, 13376.859197883487]
[10.0, 97.0]
[10.0, 97.0]
]]></system-out>
  </testcase>
  <testcase name="test2251" classname="com.operations.Matrix.RegressionTest4" time="0.0">
    <system-out><![CDATA[[10.0, 97.0]
[10.0, -3.0]
]]></system-out>
  </testcase>
  <testcase name="test2252" classname="com.operations.Matrix.RegressionTest4" time="0.0"/>
  <testcase name="test2253" classname="com.operations.Matrix.RegressionTest4" time="0.0">
    <system-out><![CDATA[[0.0]
[0.0]
[0.0]
[0.0]
[0.0]
[0.0]
[0.0]
[0.0]
[0.0]
[0.0]
[0.0]
[0.0]
[0.0]
[0.0]
[0.0]
[0.0]
[0.0]
[0.0]
[0.0]
[0.0]
[0.0]
[0.0]
[0.0]
[0.0]
[0.0]
[0.0]
[0.0]
[0.0]
[0.0]
[0.0]
[0.0]
[0.0]
[0.0]
[0.0]
[0.0]
[0.0]
[0.0]
[0.0]
[0.0]
[0.0]
[0.0]
[0.0]
[0.0]
[0.0]
[0.0]
[0.0]
[0.0]
[0.0]
[0.0]
[0.0]
[0.0]
[0.0]
[0.0]
[0.0]
[0.0]
[0.0]
[0.0]
[0.0]
[0.0]
[0.0]
[0.0]
[0.0]
[0.0]
[0.0]
[0.0]
[0.0]
[0.0]
[0.0]
[0.0]
[0.0]
[0.0]
[0.0]
[0.0]
[0.0]
[0.0]
[0.0]
[0.0]
[0.0]
[0.0]
[0.0]
[0.0]
[0.0]
[0.0]
[0.0]
[0.0]
[0.0]
[0.0]
[0.0]
[0.0]
[0.0]
[0.0]
[0.0]
[0.0]
[0.0]
[0.0]
[0.0]
[0.0]
[0.0]
[0.0]
[0.0]
]]></system-out>
  </testcase>
  <testcase name="test2254" classname="com.operations.Matrix.RegressionTest4" time="0.001"/>
  <testcase name="test2255" classname="com.operations.Matrix.RegressionTest4" time="0.0"/>
  <testcase name="test2256" classname="com.operations.Matrix.RegressionTest4" time="0.0"/>
  <testcase name="test2257" classname="com.operations.Matrix.RegressionTest4" time="0.0"/>
  <testcase name="test2258" classname="com.operations.Matrix.RegressionTest4" time="0.0"/>
  <testcase name="test2259" classname="com.operations.Matrix.RegressionTest4" time="0.0"/>
  <testcase name="test2260" classname="com.operations.Matrix.RegressionTest4" time="0.0"/>
  <testcase name="test2261" classname="com.operations.Matrix.RegressionTest4" time="0.0"/>
  <testcase name="test2262" classname="com.operations.Matrix.RegressionTest4" time="0.0"/>
  <testcase name="test2263" classname="com.operations.Matrix.RegressionTest4" time="0.0"/>
  <testcase name="test2264" classname="com.operations.Matrix.RegressionTest4" time="0.001">
    <system-out><![CDATA[[10.0, 97.0]
[10.0, 97.0]
]]></system-out>
  </testcase>
  <testcase name="test2265" classname="com.operations.Matrix.RegressionTest4" time="0.0"/>
  <testcase name="test2266" classname="com.operations.Matrix.RegressionTest4" time="0.0"/>
  <testcase name="test2267" classname="com.operations.Matrix.RegressionTest4" time="0.0">
    <system-out><![CDATA[[1070.0, 10379.0]
[1070.0, 10379.0]
]]></system-out>
  </testcase>
  <testcase name="test2268" classname="com.operations.Matrix.RegressionTest4" time="0.001">
    <system-out><![CDATA[[10.0, 97.0]
[10.0, 97.0]
]]></system-out>
  </testcase>
  <testcase name="test2269" classname="com.operations.Matrix.RegressionTest4" time="0.0"/>
  <testcase name="test2270" classname="com.operations.Matrix.RegressionTest4" time="0.0">
    <system-out><![CDATA[[10.0, 97.0]
[10.0, 97.0]
]]></system-out>
  </testcase>
  <testcase name="test2271" classname="com.operations.Matrix.RegressionTest4" time="0.0"/>
  <testcase name="test2272" classname="com.operations.Matrix.RegressionTest4" time="0.0"/>
  <testcase name="test2273" classname="com.operations.Matrix.RegressionTest4" time="0.0"/>
  <testcase name="test2274" classname="com.operations.Matrix.RegressionTest4" time="0.0">
    <system-out><![CDATA[[10.0, 97.0]
[10.0, 97.0]
]]></system-out>
  </testcase>
  <testcase name="test2275" classname="com.operations.Matrix.RegressionTest4" time="0.0"/>
  <testcase name="test2276" classname="com.operations.Matrix.RegressionTest4" time="0.0">
    <system-out><![CDATA[[-0.1736481776669303, -0.984807753012208]
[0.984807753012208, -0.1736481776669303]
]]></system-out>
  </testcase>
  <testcase name="test2277" classname="com.operations.Matrix.RegressionTest4" time="0.001"/>
  <testcase name="test2278" classname="com.operations.Matrix.RegressionTest4" time="0.0">
    <system-out><![CDATA[[0.9998476951563913, -0.01745240643728351]
[0.01745240643728351, 0.9998476951563913]
[0.0, 0.0]
[0.0, 10.0]
]]></system-out>
  </testcase>
  <testcase name="test2279" classname="com.operations.Matrix.RegressionTest4" time="0.0"/>
  <testcase name="test2280" classname="com.operations.Matrix.RegressionTest4" time="0.0"/>
  <testcase name="test2281" classname="com.operations.Matrix.RegressionTest4" time="0.0"/>
  <testcase name="test2282" classname="com.operations.Matrix.RegressionTest4" time="0.0"/>
  <testcase name="test2283" classname="com.operations.Matrix.RegressionTest4" time="0.001">
    <system-out><![CDATA[[10.0, 97.0]
[10.0, 97.0]
[1379.0576492663388, 13376.859197883487]
[1379.0576492663388, 13376.859197883487]
]]></system-out>
  </testcase>
  <testcase name="test2284" classname="com.operations.Matrix.RegressionTest4" time="0.0"/>
  <testcase name="test2285" classname="com.operations.Matrix.RegressionTest4" time="0.0">
    <system-out><![CDATA[[10.0, 97.0]
[10.0, 97.0]
]]></system-out>
  </testcase>
  <testcase name="test2286" classname="com.operations.Matrix.RegressionTest4" time="0.0"/>
  <testcase name="test2287" classname="com.operations.Matrix.RegressionTest4" time="0.001"/>
  <testcase name="test2288" classname="com.operations.Matrix.RegressionTest4" time="0.0">
    <system-out><![CDATA[[0.0, 0.0]
[0.0, 3500.0]
]]></system-out>
  </testcase>
  <testcase name="test2289" classname="com.operations.Matrix.RegressionTest4" time="0.0"/>
  <testcase name="test2290" classname="com.operations.Matrix.RegressionTest4" time="0.001"/>
  <testcase name="test2291" classname="com.operations.Matrix.RegressionTest4" time="0.0"/>
  <testcase name="test2292" classname="com.operations.Matrix.RegressionTest4" time="0.0"/>
  <testcase name="test2293" classname="com.operations.Matrix.RegressionTest4" time="0.0">
    <system-out><![CDATA[[0.0, 0.0]
[0.0, 0.0]
]]></system-out>
  </testcase>
  <testcase name="test2294" classname="com.operations.Matrix.RegressionTest4" time="0.001">
    <system-out><![CDATA[[10.0, 97.0]
[10.0, 97.0]
]]></system-out>
  </testcase>
  <testcase name="test2295" classname="com.operations.Matrix.RegressionTest4" time="0.0"/>
  <testcase name="test2296" classname="com.operations.Matrix.RegressionTest4" time="0.0">
    <system-out><![CDATA[[0.0, 0.0]
[0.0, 10.0]
]]></system-out>
  </testcase>
  <testcase name="test2297" classname="com.operations.Matrix.RegressionTest4" time="0.001"/>
  <testcase name="test2298" classname="com.operations.Matrix.RegressionTest4" time="0.0"/>
  <testcase name="test2299" classname="com.operations.Matrix.RegressionTest4" time="0.0"/>
  <testcase name="test2300" classname="com.operations.Matrix.RegressionTest4" time="0.0"/>
  <testcase name="test2301" classname="com.operations.Matrix.RegressionTest4" time="0.0"/>
  <testcase name="test2302" classname="com.operations.Matrix.RegressionTest4" time="0.0"/>
  <testcase name="test2303" classname="com.operations.Matrix.RegressionTest4" time="0.0">
    <system-out><![CDATA[[10.0, 97.0]
[10.0, 97.0]
[10.0, 97.0]
[10.0, 97.0]
]]></system-out>
  </testcase>
  <testcase name="test2304" classname="com.operations.Matrix.RegressionTest4" time="0.0"/>
  <testcase name="test2305" classname="com.operations.Matrix.RegressionTest4" time="0.0">
    <system-out><![CDATA[[10.0, 97.0]
[10.0, 97.0]
]]></system-out>
  </testcase>
  <testcase name="test2306" classname="com.operations.Matrix.RegressionTest4" time="0.001">
    <system-out><![CDATA[[0.0, 0.0]
[0.0, 10.0]
[0.0, 0.0]
[0.0, 10.0]
]]></system-out>
  </testcase>
  <testcase name="test2307" classname="com.operations.Matrix.RegressionTest4" time="0.0">
    <system-out><![CDATA[[-0.1736481776669303, -0.984807753012208]
[0.984807753012208, -0.1736481776669303]
[10.0, 97.0]
[10.0, 97.0]
]]></system-out>
  </testcase>
  <testcase name="test2308" classname="com.operations.Matrix.RegressionTest4" time="0.0"/>
  <testcase name="test2309" classname="com.operations.Matrix.RegressionTest4" time="0.001"/>
  <testcase name="test2310" classname="com.operations.Matrix.RegressionTest4" time="0.0"/>
  <testcase name="test2311" classname="com.operations.Matrix.RegressionTest4" time="0.0"/>
  <testcase name="test2312" classname="com.operations.Matrix.RegressionTest4" time="0.0">
    <system-out><![CDATA[[0.0, 0.0]
[0.0, 10.0]
[0.0, 0.0]
[0.0, 10.0]
]]></system-out>
  </testcase>
  <testcase name="test2313" classname="com.operations.Matrix.RegressionTest4" time="0.0"/>
  <testcase name="test2314" classname="com.operations.Matrix.RegressionTest4" time="0.0">
    <system-out><![CDATA[[10.0, 97.0]
[10.0, 97.0]
]]></system-out>
  </testcase>
  <testcase name="test2315" classname="com.operations.Matrix.RegressionTest4" time="0.0">
    <system-out><![CDATA[[10.0, 97.0]
[10.0, 97.0]
[10.0, 0.0]
[0.0, 10.0]
]]></system-out>
  </testcase>
  <testcase name="test2316" classname="com.operations.Matrix.RegressionTest4" time="0.0"/>
  <testcase name="test2317" classname="com.operations.Matrix.RegressionTest4" time="0.0"/>
  <testcase name="test2318" classname="com.operations.Matrix.RegressionTest4" time="0.002">
    <system-out><![CDATA[[10.0, 97.0]
[10.0, 97.0]
]]></system-out>
  </testcase>
  <testcase name="test2319" classname="com.operations.Matrix.RegressionTest4" time="0.0"/>
  <testcase name="test2320" classname="com.operations.Matrix.RegressionTest4" time="0.0"/>
  <testcase name="test2321" classname="com.operations.Matrix.RegressionTest4" time="0.0"/>
  <testcase name="test2322" classname="com.operations.Matrix.RegressionTest4" time="0.001">
    <system-out><![CDATA[[0.6156614753256583, -0.788010753606722]
[0.788010753606722, 0.6156614753256583]
]]></system-out>
  </testcase>
  <testcase name="test2323" classname="com.operations.Matrix.RegressionTest4" time="0.0">
    <system-out><![CDATA[[-0.1736481776669303, -0.984807753012208]
[0.984807753012208, -0.1736481776669303]
[0.0, 0.0]
[0.0, 10.0]
]]></system-out>
  </testcase>
  <testcase name="test2324" classname="com.operations.Matrix.RegressionTest4" time="0.0">
    <system-out><![CDATA[[32.0, 0.0]
[0.0, 0.0]
]]></system-out>
  </testcase>
  <testcase name="test2325" classname="com.operations.Matrix.RegressionTest4" time="0.0">
    <system-out><![CDATA[[10.0, 97.0]
[10.0, 97.0]
]]></system-out>
  </testcase>
  <testcase name="test2326" classname="com.operations.Matrix.RegressionTest4" time="0.001">
    <system-out><![CDATA[[0.0, 0.0]
[0.0, 10.0]
[0.0, 0.0]
[0.0, 10.0]
[0.0, 860.151922469878]
[0.0, -1.7364817766692795]
]]></system-out>
  </testcase>
  <testcase name="test2327" classname="com.operations.Matrix.RegressionTest4" time="0.0"/>
  <testcase name="test2328" classname="com.operations.Matrix.RegressionTest4" time="0.0"/>
  <testcase name="test2329" classname="com.operations.Matrix.RegressionTest4" time="0.0"/>
  <testcase name="test2330" classname="com.operations.Matrix.RegressionTest4" time="0.001"/>
  <testcase name="test2331" classname="com.operations.Matrix.RegressionTest4" time="0.0"/>
  <testcase name="test2332" classname="com.operations.Matrix.RegressionTest4" time="0.0"/>
  <testcase name="test2333" classname="com.operations.Matrix.RegressionTest4" time="0.0"/>
  <testcase name="test2334" classname="com.operations.Matrix.RegressionTest4" time="0.0"/>
  <testcase name="test2335" classname="com.operations.Matrix.RegressionTest4" time="0.0"/>
  <testcase name="test2336" classname="com.operations.Matrix.RegressionTest4" time="0.0"/>
  <testcase name="test2337" classname="com.operations.Matrix.RegressionTest4" time="0.0">
    <system-out><![CDATA[[35.0]
[35.0]
[35.0]
[35.0]
[35.0]
[35.0]
[35.0]
[35.0]
[35.0]
[35.0]
[35.0]
[35.0]
[35.0]
[35.0]
[35.0]
[35.0]
[35.0]
[35.0]
[35.0]
[35.0]
[35.0]
[35.0]
[35.0]
[35.0]
[35.0]
[35.0]
[35.0]
[35.0]
[35.0]
[35.0]
[35.0]
[35.0]
[35.0]
[35.0]
[35.0]
[35.0]
[35.0]
[35.0]
[35.0]
[35.0]
[35.0]
[35.0]
[35.0]
[35.0]
[35.0]
[35.0]
[35.0]
[35.0]
[35.0]
[35.0]
[35.0]
[35.0]
[35.0]
[35.0]
[35.0]
[35.0]
[35.0]
[35.0]
[35.0]
[35.0]
[35.0]
[35.0]
[35.0]
[35.0]
[35.0]
[35.0]
[35.0]
[35.0]
[35.0]
[35.0]
[35.0]
[35.0]
[35.0]
[35.0]
[35.0]
[35.0]
[35.0]
[35.0]
[35.0]
[35.0]
[35.0]
[35.0]
[35.0]
[35.0]
[35.0]
[35.0]
[35.0]
[35.0]
[35.0]
[35.0]
[35.0]
[35.0]
[35.0]
[35.0]
[35.0]
[35.0]
[35.0]
[35.0]
[35.0]
[35.0]
]]></system-out>
  </testcase>
  <testcase name="test2338" classname="com.operations.Matrix.RegressionTest4" time="0.001"/>
  <testcase name="test2339" classname="com.operations.Matrix.RegressionTest4" time="0.0"/>
  <testcase name="test2340" classname="com.operations.Matrix.RegressionTest4" time="0.0"/>
  <testcase name="test2341" classname="com.operations.Matrix.RegressionTest4" time="0.0">
    <system-out><![CDATA[[10.0, 97.0]
[10.0, 97.0]
]]></system-out>
  </testcase>
  <testcase name="test2342" classname="com.operations.Matrix.RegressionTest4" time="0.001"/>
  <testcase name="test2343" classname="com.operations.Matrix.RegressionTest4" time="0.0"/>
  <testcase name="test2344" classname="com.operations.Matrix.RegressionTest4" time="0.0"/>
  <testcase name="test2345" classname="com.operations.Matrix.RegressionTest4" time="0.0"/>
  <testcase name="test2346" classname="com.operations.Matrix.RegressionTest4" time="0.001">
    <system-out><![CDATA[[0.9998476951563913, -0.01745240643728351]
[0.01745240643728351, 0.9998476951563913]
[0.0, 0.0]
[0.0, 10.0]
]]></system-out>
  </testcase>
  <testcase name="test2347" classname="com.operations.Matrix.RegressionTest4" time="0.0"/>
  <testcase name="test2348" classname="com.operations.Matrix.RegressionTest4" time="0.0"/>
  <testcase name="test2349" classname="com.operations.Matrix.RegressionTest4" time="0.0"/>
  <testcase name="test2350" classname="com.operations.Matrix.RegressionTest4" time="0.0"/>
  <testcase name="test2351" classname="com.operations.Matrix.RegressionTest4" time="0.001"/>
  <testcase name="test2352" classname="com.operations.Matrix.RegressionTest4" time="0.0">
    <system-out><![CDATA[[10.0, 0.0]
[0.0, 35.0]
]]></system-out>
  </testcase>
  <testcase name="test2353" classname="com.operations.Matrix.RegressionTest4" time="0.0"/>
  <testcase name="test2354" classname="com.operations.Matrix.RegressionTest4" time="0.0"/>
  <testcase name="test2355" classname="com.operations.Matrix.RegressionTest4" time="0.0">
    <system-out><![CDATA[[10.0, 97.0]
[10.0, 97.0]
]]></system-out>
  </testcase>
  <testcase name="test2356" classname="com.operations.Matrix.RegressionTest4" time="0.001"/>
  <testcase name="test2357" classname="com.operations.Matrix.RegressionTest4" time="0.0">
    <system-out><![CDATA[[0.6156614753256583, -0.788010753606722]
[0.788010753606722, 0.6156614753256583]
[-0.1736481776669303, -0.984807753012208]
[0.984807753012208, -0.1736481776669303]
]]></system-out>
  </testcase>
  <testcase name="test2358" classname="com.operations.Matrix.RegressionTest4" time="0.0">
    <system-out><![CDATA[[0.9998476951563913, -0.01745240643728351]
[0.01745240643728351, 0.9998476951563913]
[0.0, 0.0]
[0.0, 10.0]
]]></system-out>
  </testcase>
  <testcase name="test2359" classname="com.operations.Matrix.RegressionTest4" time="0.001">
    <system-out><![CDATA[[-0.1736481776669303, 0.984807753012208]
[-0.984807753012208, -0.1736481776669303]
]]></system-out>
  </testcase>
  <testcase name="test2360" classname="com.operations.Matrix.RegressionTest4" time="0.001"/>
  <testcase name="test2361" classname="com.operations.Matrix.RegressionTest4" time="0.0"/>
  <testcase name="test2362" classname="com.operations.Matrix.RegressionTest4" time="0.0"/>
  <testcase name="test2363" classname="com.operations.Matrix.RegressionTest4" time="0.0">
    <system-out><![CDATA[[0.0, 0.0]
[0.0, 10.0]
[0.0, 0.0]
[0.0, 10.0]
]]></system-out>
  </testcase>
  <testcase name="test2364" classname="com.operations.Matrix.RegressionTest4" time="0.0">
    <system-out><![CDATA[[10.0, 97.0]
[10.0, 97.0]
]]></system-out>
  </testcase>
  <testcase name="test2365" classname="com.operations.Matrix.RegressionTest4" time="0.001">
    <system-out><![CDATA[[10.0, 97.0]
[10.0, 97.0]
]]></system-out>
  </testcase>
  <testcase name="test2366" classname="com.operations.Matrix.RegressionTest4" time="0.0"/>
  <testcase name="test2367" classname="com.operations.Matrix.RegressionTest4" time="0.0">
    <system-out><![CDATA[[10.0, 97.0]
[10.0, 97.0]
]]></system-out>
  </testcase>
  <testcase name="test2368" classname="com.operations.Matrix.RegressionTest4" time="0.001"/>
  <testcase name="test2369" classname="com.operations.Matrix.RegressionTest4" time="0.0">
    <system-out><![CDATA[[0.0, 0.0]
[0.0, 10.0]
]]></system-out>
  </testcase>
  <testcase name="test2370" classname="com.operations.Matrix.RegressionTest4" time="0.0"/>
  <testcase name="test2371" classname="com.operations.Matrix.RegressionTest4" time="0.0"/>
  <testcase name="test2372" classname="com.operations.Matrix.RegressionTest4" time="0.0">
    <system-out><![CDATA[[10.0, 97.0]
[10.0, 97.0]
]]></system-out>
  </testcase>
  <testcase name="test2373" classname="com.operations.Matrix.RegressionTest4" time="0.0">
    <system-out><![CDATA[[1.0, -0.0]
[0.0, 1.0]
]]></system-out>
  </testcase>
  <testcase name="test2374" classname="com.operations.Matrix.RegressionTest4" time="0.0"/>
  <testcase name="test2375" classname="com.operations.Matrix.RegressionTest4" time="0.0"/>
  <testcase name="test2376" classname="com.operations.Matrix.RegressionTest4" time="0.001"/>
  <testcase name="test2377" classname="com.operations.Matrix.RegressionTest4" time="0.0">
    <system-out><![CDATA[[10.0, 97.0]
[10.0, 97.0]
]]></system-out>
  </testcase>
  <testcase name="test2378" classname="com.operations.Matrix.RegressionTest4" time="0.0"/>
  <testcase name="test2379" classname="com.operations.Matrix.RegressionTest4" time="0.0"/>
  <testcase name="test2380" classname="com.operations.Matrix.RegressionTest4" time="0.001"/>
  <testcase name="test2381" classname="com.operations.Matrix.RegressionTest4" time="0.0"/>
  <testcase name="test2382" classname="com.operations.Matrix.RegressionTest4" time="0.0"/>
  <testcase name="test2383" classname="com.operations.Matrix.RegressionTest4" time="0.001">
    <system-out><![CDATA[[10.0, 97.0]
[10.0, 97.0]
]]></system-out>
  </testcase>
  <testcase name="test2384" classname="com.operations.Matrix.RegressionTest4" time="0.0">
    <system-out><![CDATA[[10.984807753012207, 97.17364817766693]
[9.82635182233307, 97.9848077530122]
]]></system-out>
  </testcase>
  <testcase name="test2385" classname="com.operations.Matrix.RegressionTest4" time="0.0">
    <system-out><![CDATA[[10.0, 97.0]
[10.0, 97.0]
]]></system-out>
  </testcase>
  <testcase name="test2386" classname="com.operations.Matrix.RegressionTest4" time="0.0"/>
  <testcase name="test2387" classname="com.operations.Matrix.RegressionTest4" time="0.0">
    <system-out><![CDATA[[10.0, 97.0]
[10.0, 97.0]
]]></system-out>
  </testcase>
  <testcase name="test2388" classname="com.operations.Matrix.RegressionTest4" time="0.001"/>
  <testcase name="test2389" classname="com.operations.Matrix.RegressionTest4" time="0.0"/>
  <testcase name="test2390" classname="com.operations.Matrix.RegressionTest4" time="0.0">
    <system-out><![CDATA[[10.0, 97.0]
[10.0, 97.0]
[35.0, 0.0]
[0.0, 364.0054944640259]
]]></system-out>
  </testcase>
  <testcase name="test2391" classname="com.operations.Matrix.RegressionTest4" time="0.001">
    <system-out><![CDATA[[-0.1736481776669303, -0.984807753012208]
[0.984807753012208, -0.1736481776669303]
]]></system-out>
  </testcase>
  <testcase name="test2392" classname="com.operations.Matrix.RegressionTest4" time="0.0"/>
  <testcase name="test2393" classname="com.operations.Matrix.RegressionTest4" time="0.001"/>
  <testcase name="test2394" classname="com.operations.Matrix.RegressionTest4" time="0.0"/>
  <testcase name="test2395" classname="com.operations.Matrix.RegressionTest4" time="0.001"/>
  <testcase name="test2396" classname="com.operations.Matrix.RegressionTest4" time="0.0"/>
  <testcase name="test2397" classname="com.operations.Matrix.RegressionTest4" time="0.001"/>
  <testcase name="test2398" classname="com.operations.Matrix.RegressionTest4" time="0.0"/>
  <testcase name="test2399" classname="com.operations.Matrix.RegressionTest4" time="0.0"/>
  <testcase name="test2400" classname="com.operations.Matrix.RegressionTest4" time="0.0"/>
  <testcase name="test2401" classname="com.operations.Matrix.RegressionTest4" time="0.002">
    <system-out><![CDATA[[-0.1736481776669303, -0.984807753012208]
[0.984807753012208, -0.1736481776669303]
]]></system-out>
  </testcase>
  <testcase name="test2402" classname="com.operations.Matrix.RegressionTest4" time="0.0"/>
  <testcase name="test2403" classname="com.operations.Matrix.RegressionTest4" time="0.0">
    <system-out><![CDATA[[1379.0576492663388, 13376.859197883487]
[1379.0576492663388, 13376.859197883487]
]]></system-out>
  </testcase>
  <testcase name="test2404" classname="com.operations.Matrix.RegressionTest4" time="0.0"/>
  <testcase name="test2405" classname="com.operations.Matrix.RegressionTest4" time="0.001">
    <system-out><![CDATA[[10.0, 97.0]
[10.0, 97.0]
[0.9998476951563913, -0.01745240643728351]
[0.01745240643728351, 0.9998476951563913]
[0.0, 0.0]
[0.0, 10.0]
]]></system-out>
  </testcase>
  <testcase name="test2406" classname="com.operations.Matrix.RegressionTest4" time="0.0"/>
  <testcase name="test2407" classname="com.operations.Matrix.RegressionTest4" time="0.001"/>
  <testcase name="test2408" classname="com.operations.Matrix.RegressionTest4" time="0.0">
    <system-out><![CDATA[[0.0, 0.0]
[0.0, 0.0]
]]></system-out>
  </testcase>
  <testcase name="test2409" classname="com.operations.Matrix.RegressionTest4" time="0.001"/>
  <testcase name="test2410" classname="com.operations.Matrix.RegressionTest4" time="0.0"/>
  <testcase name="test2411" classname="com.operations.Matrix.RegressionTest4" time="0.0">
    <system-out><![CDATA[[10.0, 97.0]
[10.0, 97.0]
]]></system-out>
  </testcase>
  <testcase name="test2412" classname="com.operations.Matrix.RegressionTest4" time="0.0"/>
  <testcase name="test2413" classname="com.operations.Matrix.RegressionTest4" time="0.0"/>
  <testcase name="test2414" classname="com.operations.Matrix.RegressionTest4" time="0.0">
    <system-out><![CDATA[[0.0, 0.0]
[0.0, 10.0]
]]></system-out>
  </testcase>
  <testcase name="test2415" classname="com.operations.Matrix.RegressionTest4" time="0.0"/>
  <testcase name="test2416" classname="com.operations.Matrix.RegressionTest4" time="0.0">
    <system-out><![CDATA[[10.0, 97.0]
[10.0, 97.0]
]]></system-out>
  </testcase>
  <testcase name="test2417" classname="com.operations.Matrix.RegressionTest4" time="0.0"/>
  <testcase name="test2418" classname="com.operations.Matrix.RegressionTest4" time="0.0"/>
  <testcase name="test2419" classname="com.operations.Matrix.RegressionTest4" time="0.0"/>
  <testcase name="test2420" classname="com.operations.Matrix.RegressionTest4" time="0.0"/>
  <testcase name="test2421" classname="com.operations.Matrix.RegressionTest4" time="0.001"/>
  <testcase name="test2422" classname="com.operations.Matrix.RegressionTest4" time="0.0">
    <system-out><![CDATA[[10.0, 97.0]
[10.0, 97.0]
[10.0, 97.0]
[10.0, 97.0]
]]></system-out>
  </testcase>
  <testcase name="test2423" classname="com.operations.Matrix.RegressionTest4" time="0.0">
    <system-out><![CDATA[[0.9998476951563913, -0.01745240643728351]
[0.01745240643728351, 0.9998476951563913]
[0.0, 0.0]
[0.0, 10.0]
]]></system-out>
  </testcase>
  <testcase name="test2424" classname="com.operations.Matrix.RegressionTest4" time="0.0">
    <system-out><![CDATA[[-0.1736481776669303, -0.984807753012208]
[0.984807753012208, -0.1736481776669303]
]]></system-out>
  </testcase>
  <testcase name="test2425" classname="com.operations.Matrix.RegressionTest4" time="0.0"/>
  <testcase name="test2426" classname="com.operations.Matrix.RegressionTest4" time="0.0">
    <system-out><![CDATA[[100.0, 0.0]
[0.0, 250.0]
]]></system-out>
  </testcase>
  <testcase name="test2427" classname="com.operations.Matrix.RegressionTest4" time="0.001"/>
  <testcase name="test2428" classname="com.operations.Matrix.RegressionTest4" time="0.0">
    <system-out><![CDATA[[10.0, 97.0]
[10.0, 97.0]
]]></system-out>
  </testcase>
  <testcase name="test2429" classname="com.operations.Matrix.RegressionTest4" time="0.0"/>
  <testcase name="test2430" classname="com.operations.Matrix.RegressionTest4" time="0.0"/>
  <testcase name="test2431" classname="com.operations.Matrix.RegressionTest4" time="0.0">
    <system-out><![CDATA[[0.0, 0.0]
[0.0, 10.0]
[0.0, 100.0]
[0.0, 970.0]
[365.8209944768069, 0.0]
[0.0, 146.4308710620817]
[0.0, 100.0]
[0.0, 970.0]
]]></system-out>
  </testcase>
  <testcase name="test2432" classname="com.operations.Matrix.RegressionTest4" time="0.0"/>
  <testcase name="test2433" classname="com.operations.Matrix.RegressionTest4" time="0.001">
    <system-out><![CDATA[[10.0, 97.0]
[10.0, 97.0]
]]></system-out>
  </testcase>
  <testcase name="test2434" classname="com.operations.Matrix.RegressionTest4" time="0.0"/>
  <testcase name="test2435" classname="com.operations.Matrix.RegressionTest4" time="0.0"/>
  <testcase name="test2436" classname="com.operations.Matrix.RegressionTest4" time="0.0"/>
  <testcase name="test2437" classname="com.operations.Matrix.RegressionTest4" time="0.0"/>
  <testcase name="test2438" classname="com.operations.Matrix.RegressionTest4" time="0.0">
    <system-out><![CDATA[[10.0, 97.0]
[10.0, 97.0]
]]></system-out>
  </testcase>
  <testcase name="test2439" classname="com.operations.Matrix.RegressionTest4" time="0.0"/>
  <testcase name="test2440" classname="com.operations.Matrix.RegressionTest4" time="0.0"/>
  <testcase name="test2441" classname="com.operations.Matrix.RegressionTest4" time="0.001"/>
  <testcase name="test2442" classname="com.operations.Matrix.RegressionTest4" time="0.0"/>
  <testcase name="test2443" classname="com.operations.Matrix.RegressionTest4" time="0.0"/>
  <testcase name="test2444" classname="com.operations.Matrix.RegressionTest4" time="0.0">
    <system-out><![CDATA[[100.0, 0.0]
[0.0, -1.0]
]]></system-out>
  </testcase>
  <testcase name="test2445" classname="com.operations.Matrix.RegressionTest4" time="0.0"/>
  <testcase name="test2446" classname="com.operations.Matrix.RegressionTest4" time="0.0">
    <system-out><![CDATA[[32.0, 0.0]
[0.0, 0.0]
]]></system-out>
  </testcase>
  <testcase name="test2447" classname="com.operations.Matrix.RegressionTest4" time="0.0"/>
  <testcase name="test2448" classname="com.operations.Matrix.RegressionTest4" time="0.0"/>
  <testcase name="test2449" classname="com.operations.Matrix.RegressionTest4" time="0.001"/>
  <testcase name="test2450" classname="com.operations.Matrix.RegressionTest4" time="0.001"/>
  <testcase name="test2451" classname="com.operations.Matrix.RegressionTest4" time="0.0"/>
  <testcase name="test2452" classname="com.operations.Matrix.RegressionTest4" time="0.0">
    <system-out><![CDATA[[10.0, 97.0]
[10.0, 97.0]
]]></system-out>
  </testcase>
  <testcase name="test2453" classname="com.operations.Matrix.RegressionTest4" time="0.0"/>
  <testcase name="test2454" classname="com.operations.Matrix.RegressionTest4" time="0.0">
    <system-out><![CDATA[[-0.1736481776669303, -0.984807753012208]
[0.984807753012208, -0.1736481776669303]
[-0.1736481776669303, -0.984807753012208]
[0.984807753012208, -0.1736481776669303]
]]></system-out>
  </testcase>
  <testcase name="test2455" classname="com.operations.Matrix.RegressionTest4" time="0.0"/>
  <testcase name="test2456" classname="com.operations.Matrix.RegressionTest4" time="0.001"/>
  <testcase name="test2457" classname="com.operations.Matrix.RegressionTest4" time="0.0"/>
  <testcase name="test2458" classname="com.operations.Matrix.RegressionTest4" time="0.0">
    <system-out><![CDATA[[-0.1736481776669303, -0.984807753012208]
[0.984807753012208, -0.1736481776669303]
]]></system-out>
  </testcase>
  <testcase name="test2459" classname="com.operations.Matrix.RegressionTest4" time="0.001"/>
  <testcase name="test2460" classname="com.operations.Matrix.RegressionTest4" time="0.0"/>
  <testcase name="test2461" classname="com.operations.Matrix.RegressionTest4" time="0.001"/>
  <testcase name="test2462" classname="com.operations.Matrix.RegressionTest4" time="0.0"/>
  <testcase name="test2463" classname="com.operations.Matrix.RegressionTest4" time="0.0"/>
  <testcase name="test2464" classname="com.operations.Matrix.RegressionTest4" time="0.0"/>
  <testcase name="test2465" classname="com.operations.Matrix.RegressionTest4" time="0.001"/>
  <testcase name="test2466" classname="com.operations.Matrix.RegressionTest4" time="0.0"/>
  <testcase name="test2467" classname="com.operations.Matrix.RegressionTest4" time="0.001"/>
  <testcase name="test2468" classname="com.operations.Matrix.RegressionTest4" time="0.0"/>
  <testcase name="test2469" classname="com.operations.Matrix.RegressionTest4" time="0.0"/>
  <testcase name="test2470" classname="com.operations.Matrix.RegressionTest4" time="0.001">
    <system-out><![CDATA[[10.0, 97.0]
[10.0, 97.0]
]]></system-out>
  </testcase>
  <testcase name="test2471" classname="com.operations.Matrix.RegressionTest4" time="0.0"/>
  <testcase name="test2472" classname="com.operations.Matrix.RegressionTest4" time="0.001">
    <system-out><![CDATA[[-0.1736481776669303, -0.984807753012208]
[0.984807753012208, -0.1736481776669303]
]]></system-out>
  </testcase>
  <testcase name="test2473" classname="com.operations.Matrix.RegressionTest4" time="0.0"/>
  <testcase name="test2474" classname="com.operations.Matrix.RegressionTest4" time="0.0">
    <system-out><![CDATA[[10.0, 97.0]
[10.0, 97.0]
]]></system-out>
  </testcase>
  <testcase name="test2475" classname="com.operations.Matrix.RegressionTest4" time="0.0"/>
  <testcase name="test2476" classname="com.operations.Matrix.RegressionTest4" time="0.0"/>
  <testcase name="test2477" classname="com.operations.Matrix.RegressionTest4" time="0.001">
    <system-out><![CDATA[[0.9998476951563913, -0.01745240643728351]
[0.01745240643728351, 0.9998476951563913]
[0.0, 0.0]
[0.0, 10.0]
]]></system-out>
  </testcase>
  <testcase name="test2478" classname="com.operations.Matrix.RegressionTest4" time="0.0"/>
  <testcase name="test2479" classname="com.operations.Matrix.RegressionTest4" time="0.001"/>
  <testcase name="test2480" classname="com.operations.Matrix.RegressionTest4" time="0.0"/>
  <testcase name="test2481" classname="com.operations.Matrix.RegressionTest4" time="0.0"/>
  <testcase name="test2482" classname="com.operations.Matrix.RegressionTest4" time="0.001"/>
  <testcase name="test2483" classname="com.operations.Matrix.RegressionTest4" time="0.0"/>
  <testcase name="test2484" classname="com.operations.Matrix.RegressionTest4" time="0.0"/>
  <testcase name="test2485" classname="com.operations.Matrix.RegressionTest4" time="0.001"/>
  <testcase name="test2486" classname="com.operations.Matrix.RegressionTest4" time="0.0"/>
  <testcase name="test2487" classname="com.operations.Matrix.RegressionTest4" time="0.0"/>
  <testcase name="test2488" classname="com.operations.Matrix.RegressionTest4" time="0.0"/>
  <testcase name="test2489" classname="com.operations.Matrix.RegressionTest4" time="0.0"/>
  <testcase name="test2490" classname="com.operations.Matrix.RegressionTest4" time="0.0">
    <system-out><![CDATA[[0.0, 0.0]
[0.0, 10.0]
[0.0, 0.0]
[0.0, 10.0]
]]></system-out>
  </testcase>
  <testcase name="test2491" classname="com.operations.Matrix.RegressionTest4" time="0.001">
    <system-out><![CDATA[[10.0, 97.0]
[10.0, 97.0]
]]></system-out>
  </testcase>
  <testcase name="test2492" classname="com.operations.Matrix.RegressionTest4" time="0.0"/>
  <testcase name="test2493" classname="com.operations.Matrix.RegressionTest4" time="0.0">
    <system-out><![CDATA[[10.984807753012207, 97.17364817766693]
[9.82635182233307, 97.9848077530122]
]]></system-out>
  </testcase>
  <testcase name="test2494" classname="com.operations.Matrix.RegressionTest4" time="0.001"/>
  <testcase name="test2495" classname="com.operations.Matrix.RegressionTest4" time="0.0"/>
  <testcase name="test2496" classname="com.operations.Matrix.RegressionTest4" time="0.0"/>
  <testcase name="test2497" classname="com.operations.Matrix.RegressionTest4" time="0.001"/>
  <testcase name="test2498" classname="com.operations.Matrix.RegressionTest4" time="0.0"/>
  <testcase name="test2499" classname="com.operations.Matrix.RegressionTest4" time="0.0"/>
  <testcase name="test2500" classname="com.operations.Matrix.RegressionTest4" time="0.0"/>
</testsuite>